    {
        "alert_id": "CSA-00006",
        "time": "2026-05-04T14:02:44.978+0800",
        "host": "windows10",
        "user": "unknown",
        "source_ip": "unknown",
        "destination_ip": "unknown",
        "event_id": "1",
        "rule_id": "92032",
        "rule_description": "Suspicious Windows cmd shell execution",
        "process": "C:\\\\Windows\\\\System32\\\\conhost.exe",
        "parent_process": "C:\\\\Windows\\\\System32\\\\cmd.exe",
        "command_line": "\\\\??\\\\C:\\\\Windows\\\\system32\\\\conhost.exe 0xffffffff -ForceV1",
        "pack": "suspicious_execution",
        "rule_name": "Suspicious Process Execution",
        "title": "\u26a1 Suspicious Process Execution",
        "summary": "Suspicious Windows cmd shell execution | Host: windows10 | Process: c:\\\\windows\\\\system32\\\\conhost.exe",
        "severity": "MEDIUM",
        "mitre": [
            "T1059.003"
        ],
        "kill_chain_phase": "Execution",
        "recommended_actions": [
            "Check parent process context",
            "Verify if activity was authorized",
            "Correlate with login events on same host",
            "Check for file drops or network connections after execution"
        ],
        "fp_notes": "Verify parent process \u2014 could be legitimate admin activity",
        "status": "OPEN",
        "raw": {
            "id": "1777874564.2458600",
            "timestamp": "2026-05-04T14:02:44.978+0800",
            "host": "windows10",
            "user": "",
            "event_id": "1",
            "rule_id": "92032",
            "rule_level": 3,
            "rule_description": "Suspicious Windows cmd shell execution",
            "source_ip": "",
            "process": "C:\\\\Windows\\\\System32\\\\conhost.exe",
            "parent_process": "C:\\\\Windows\\\\System32\\\\cmd.exe",
            "command_line": "\\\\??\\\\C:\\\\Windows\\\\system32\\\\conhost.exe 0xffffffff -ForceV1",
            "provider": "Microsoft-Windows-Sysmon",
            "raw_json": "{\"timestamp\": \"2026-05-04T14:02:44.978+0800\", \"rule\": {\"level\": 3, \"description\": \"Suspicious Windows cmd shell execution\", \"id\": \"92032\", \"mitre\": {\"id\": [\"T1087\", \"T1059.003\"], \"tactic\": [\"Discovery\", \"Execution\"], \"technique\": [\"Account Discovery\", \"Windows Command Shell\"]}, \"firedtimes\": 1, \"mail\": false, \"groups\": [\"sysmon\", \"sysmon_eid1_detections\", \"windows\"]}, \"agent\": {\"id\": \"003\", \"name\": \"windows10\", \"ip\": \"192.168.10.120\"}, \"manager\": {\"name\": \"alwin\"}, \"id\": \"1777874564.2458600\", \"decoder\": {\"name\": \"windows_eventchannel\"}, \"data\": {\"win\": {\"system\": {\"providerName\": \"Microsoft-Windows-Sysmon\", \"providerGuid\": \"{5770385f-c22a-43e0-bf4c-06f5698ffbd9}\", \"eventID\": \"1\", \"version\": \"5\", \"level\": \"4\", \"task\": \"1\", \"opcode\": \"0\", \"keywords\": \"0x8000000000000000\", \"systemTime\": \"2026-05-04T06:02:31.7044799Z\", \"eventRecordID\": \"7323\", \"processID\": \"2248\", \"threadID\": \"3508\", \"channel\": \"Microsoft-Windows-Sysmon/Operational\", \"computer\": \"DESKTOP-G0LLA16\", \"severityValue\": \"INFORMATION\", \"message\": \"\\\"Process Create:\\r\\nRuleName: -\\r\\nUtcTime: 2026-05-04 06:02:31.693\\r\\nProcessGuid: {32e96954-3677-69f8-6f02-000000000800}\\r\\nProcessId: 652\\r\\nImage: C:\\\\Windows\\\\System32\\\\conhost.exe\\r\\nFileVersion: 10.0.19041.5198 (WinBuild.160101.0800)\\r\\nDescription: Console Window Host\\r\\nProduct: Microsoft\\u00ae Windows\\u00ae Operating System\\r\\nCompany: Microsoft Corporation\\r\\nOriginalFileName: CONHOST.EXE\\r\\nCommandLine: \\\\??\\\\C:\\\\Windows\\\\system32\\\\conhost.exe 0xffffffff -ForceV1\\r\\nCurrentDirectory: C:\\\\Windows\\r\\nUser: NT AUTHORITY\\\\SYSTEM\\r\\nLogonGuid: {32e96954-a7d2-69f1-e703-000000000000}\\r\\nLogonId: 0x3E7\\r\\nTerminalSessionId: 0\\r\\nIntegrityLevel: System\\r\\nHashes: SHA256=B02EE54FB2EC69673386D41119EE8ED083A6EAB3BFCA6AA2155D20CE68EF8963\\r\\nParentProcessGuid: {32e96954-3677-69f8-6d02-000000000800}\\r\\nParentProcessId: 1316\\r\\nParentImage: C:\\\\Windows\\\\System32\\\\cmd.exe\\r\\nParentCommandLine: C:\\\\Windows\\\\system32\\\\cmd.exe /c \\\"\\\"C:\\\\Program Files\\\\VMware\\\\VMware Tools\\\\resume-vm-default.bat\\\"\\\"\\r\\nParentUser: NT AUTHORITY\\\\SYSTEM\\\"\"}, \"eventdata\": {\"utcTime\": \"2026-05-04 06:02:31.693\", \"processGuid\": \"{32e96954-3677-69f8-6f02-000000000800}\", \"processId\": \"652\", \"image\": \"C:\\\\\\\\Windows\\\\\\\\System32\\\\\\\\conhost.exe\", \"fileVersion\": \"10.0.19041.5198 (WinBuild.160101.0800)\", \"description\": \"Console Window Host\", \"product\": \"Microsoft\\u00ae Windows\\u00ae Operating System\", \"company\": \"Microsoft Corporation\", \"originalFileName\": \"CONHOST.EXE\", \"commandLine\": \"\\\\\\\\??\\\\\\\\C:\\\\\\\\Windows\\\\\\\\system32\\\\\\\\conhost.exe 0xffffffff -ForceV1\", \"currentDirectory\": \"C:\\\\\\\\Windows\", \"user\": \"NT AUTHORITY\\\\\\\\SYSTEM\", \"logonGuid\": \"{32e96954-a7d2-69f1-e703-000000000000}\", \"logonId\": \"0x3e7\", \"terminalSessionId\": \"0\", \"integrityLevel\": \"System\", \"hashes\": \"SHA256=B02EE54FB2EC69673386D41119EE8ED083A6EAB3BFCA6AA2155D20CE68EF8963\", \"parentProcessGuid\": \"{32e96954-3677-69f8-6d02-000000000800}\", \"parentProcessId\": \"1316\", \"parentImage\": \"C:\\\\\\\\Windows\\\\\\\\System32\\\\\\\\cmd.exe\", \"parentCommandLine\": \"C:\\\\\\\\Windows\\\\\\\\system32\\\\\\\\cmd.exe /c \\\\\\\"\\\\\\\"C:\\\\\\\\Program Files\\\\\\\\VMware\\\\\\\\VMware Tools\\\\\\\\resume-vm-default.bat\\\\\\\"\\\\\\\"\", \"parentUser\": \"NT AUTHORITY\\\\\\\\SYSTEM\"}}}, \"location\": \"EventChannel\"}",
            "inserted_at": "2026-06-07T19:24:38.921594",
            "raw": {
                "timestamp": "2026-05-04T14:02:44.978+0800",
                "rule": {
                    "level": 3,
                    "description": "Suspicious Windows cmd shell execution",
                    "id": "92032",
                    "mitre": {
                        "id": [
                            "T1087",
                            "T1059.003"
                        ],
                        "tactic": [
                            "Discovery",
                            "Execution"
                        ],
                        "technique": [
                            "Account Discovery",
                            "Windows Command Shell"
                        ]
                    },
                    "firedtimes": 1,
                    "mail": false,
                    "groups": [
                        "sysmon",
                        "sysmon_eid1_detections",
                        "windows"
                    ]
                },
                "agent": {
                    "id": "003",
                    "name": "windows10",
                    "ip": "192.168.10.120"
                },
                "manager": {
                    "name": "alwin"
                },
                "id": "1777874564.2458600",
                "decoder": {
                    "name": "windows_eventchannel"
                },
                "data": {
                    "win": {
                        "system": {
                            "providerName": "Microsoft-Windows-Sysmon",
                            "providerGuid": "{5770385f-c22a-43e0-bf4c-06f5698ffbd9}",
                            "eventID": "1",
                            "version": "5",
                            "level": "4",
                            "task": "1",
                            "opcode": "0",
                            "keywords": "0x8000000000000000",
                            "systemTime": "2026-05-04T06:02:31.7044799Z",
                            "eventRecordID": "7323",
                            "processID": "2248",
                            "threadID": "3508",
                            "channel": "Microsoft-Windows-Sysmon/Operational",
                            "computer": "DESKTOP-G0LLA16",
                            "severityValue": "INFORMATION",
                            "message": "\"Process Create:\r\nRuleName: -\r\nUtcTime: 2026-05-04 06:02:31.693\r\nProcessGuid: {32e96954-3677-69f8-6f02-000000000800}\r\nProcessId: 652\r\nImage: C:\\Windows\\System32\\conhost.exe\r\nFileVersion: 10.0.19041.5198 (WinBuild.160101.0800)\r\nDescription: Console Window Host\r\nProduct: Microsoft\u00ae Windows\u00ae Operating System\r\nCompany: Microsoft Corporation\r\nOriginalFileName: CONHOST.EXE\r\nCommandLine: \\??\\C:\\Windows\\system32\\conhost.exe 0xffffffff -ForceV1\r\nCurrentDirectory: C:\\Windows\r\nUser: NT AUTHORITY\\SYSTEM\r\nLogonGuid: {32e96954-a7d2-69f1-e703-000000000000}\r\nLogonId: 0x3E7\r\nTerminalSessionId: 0\r\nIntegrityLevel: System\r\nHashes: SHA256=B02EE54FB2EC69673386D41119EE8ED083A6EAB3BFCA6AA2155D20CE68EF8963\r\nParentProcessGuid: {32e96954-3677-69f8-6d02-000000000800}\r\nParentProcessId: 1316\r\nParentImage: C:\\Windows\\System32\\cmd.exe\r\nParentCommandLine: C:\\Windows\\system32\\cmd.exe /c \"\"C:\\Program Files\\VMware\\VMware Tools\\resume-vm-default.bat\"\"\r\nParentUser: NT AUTHORITY\\SYSTEM\""
                        },
                        "eventdata": {
                            "utcTime": "2026-05-04 06:02:31.693",
                            "processGuid": "{32e96954-3677-69f8-6f02-000000000800}",
                            "processId": "652",
                            "image": "C:\\\\Windows\\\\System32\\\\conhost.exe",
                            "fileVersion": "10.0.19041.5198 (WinBuild.160101.0800)",
                            "description": "Console Window Host",
                            "product": "Microsoft\u00ae Windows\u00ae Operating System",
                            "company": "Microsoft Corporation",
                            "originalFileName": "CONHOST.EXE",
                            "commandLine": "\\\\??\\\\C:\\\\Windows\\\\system32\\\\conhost.exe 0xffffffff -ForceV1",
                            "currentDirectory": "C:\\\\Windows",
                            "user": "NT AUTHORITY\\\\SYSTEM",
                            "logonGuid": "{32e96954-a7d2-69f1-e703-000000000000}",
                            "logonId": "0x3e7",
                            "terminalSessionId": "0",
                            "integrityLevel": "System",
                            "hashes": "SHA256=B02EE54FB2EC69673386D41119EE8ED083A6EAB3BFCA6AA2155D20CE68EF8963",
                            "parentProcessGuid": "{32e96954-3677-69f8-6d02-000000000800}",
                            "parentProcessId": "1316",
                            "parentImage": "C:\\\\Windows\\\\System32\\\\cmd.exe",
                            "parentCommandLine": "C:\\\\Windows\\\\system32\\\\cmd.exe /c \\\"\\\"C:\\\\Program Files\\\\VMware\\\\VMware Tools\\\\resume-vm-default.bat\\\"\\\"",
                            "parentUser": "NT AUTHORITY\\\\SYSTEM"
                        }
                    }
                },
                "location": "EventChannel"
            }
        }
    },
    {
        "alert_id": "CSA-00007",
        "time": "2026-05-04T14:02:45.370+0800",
        "host": "windows10",
        "user": "unknown",
        "source_ip": "unknown",
        "destination_ip": "unknown",
        "event_id": "1",
        "rule_id": "92066",
        "rule_description": "C:\\\\Windows\\\\SysWOW64\\\\SecEdit.exe binary in a suspicious location launched by C:\\\\Windows\\\\SysWOW64\\\\WindowsPowerShell\\\\v1.0\\\\powershell.exe",
        "process": "C:\\\\Windows\\\\SysWOW64\\\\SecEdit.exe",
        "parent_process": "C:\\\\Windows\\\\SysWOW64\\\\WindowsPowerShell\\\\v1.0\\\\powershell.exe",
        "command_line": "\\\"C:\\\\Windows\\\\system32\\\\SecEdit.exe\\\" /export /cfg C:\\\\Windows\\\\TEMP\\\\secpol.cfg",
        "pack": "suspicious_execution",
        "rule_name": "Suspicious Process Execution",
        "title": "\u26a1 Suspicious Process Execution",
        "summary": "C:\\\\Windows\\\\SysWOW64\\\\SecEdit.exe binary in a suspicious location launched by C:\\\\Windows\\\\SysWOW64\\\\WindowsPowerShell\\\\v1.0\\\\powershell.exe | Host: windows10 | Process: c:\\\\windows\\\\syswow64\\\\secedit.exe",
        "severity": "MEDIUM",
        "mitre": [
            "T1059.003"
        ],
        "kill_chain_phase": "Execution",
        "recommended_actions": [
            "Check parent process context",
            "Verify if activity was authorized",
            "Correlate with login events on same host",
            "Check for file drops or network connections after execution"
        ],
        "fp_notes": "Verify parent process \u2014 could be legitimate admin activity",
        "status": "OPEN",
        "raw": {
            "id": "1777874565.2469560",
            "timestamp": "2026-05-04T14:02:45.370+0800",
            "host": "windows10",
            "user": "",
            "event_id": "1",
            "rule_id": "92066",
            "rule_level": 4,
            "rule_description": "C:\\\\Windows\\\\SysWOW64\\\\SecEdit.exe binary in a suspicious location launched by C:\\\\Windows\\\\SysWOW64\\\\WindowsPowerShell\\\\v1.0\\\\powershell.exe",
            "source_ip": "",
            "process": "C:\\\\Windows\\\\SysWOW64\\\\SecEdit.exe",
            "parent_process": "C:\\\\Windows\\\\SysWOW64\\\\WindowsPowerShell\\\\v1.0\\\\powershell.exe",
            "command_line": "\\\"C:\\\\Windows\\\\system32\\\\SecEdit.exe\\\" /export /cfg C:\\\\Windows\\\\TEMP\\\\secpol.cfg",
            "provider": "Microsoft-Windows-Sysmon",
            "raw_json": "{\"timestamp\": \"2026-05-04T14:02:45.370+0800\", \"rule\": {\"level\": 4, \"description\": \"C:\\\\\\\\Windows\\\\\\\\SysWOW64\\\\\\\\SecEdit.exe binary in a suspicious location launched by C:\\\\\\\\Windows\\\\\\\\SysWOW64\\\\\\\\WindowsPowerShell\\\\\\\\v1.0\\\\\\\\powershell.exe\", \"id\": \"92066\", \"mitre\": {\"id\": [\"T1059.001\"], \"tactic\": [\"Execution\"], \"technique\": [\"PowerShell\"]}, \"firedtimes\": 1, \"mail\": false, \"groups\": [\"sysmon\", \"sysmon_eid1_detections\", \"windows\"]}, \"agent\": {\"id\": \"003\", \"name\": \"windows10\", \"ip\": \"192.168.10.120\"}, \"manager\": {\"name\": \"alwin\"}, \"id\": \"1777874565.2469560\", \"decoder\": {\"name\": \"windows_eventchannel\"}, \"data\": {\"win\": {\"system\": {\"providerName\": \"Microsoft-Windows-Sysmon\", \"providerGuid\": \"{5770385f-c22a-43e0-bf4c-06f5698ffbd9}\", \"eventID\": \"1\", \"version\": \"5\", \"level\": \"4\", \"task\": \"1\", \"opcode\": \"0\", \"keywords\": \"0x8000000000000000\", \"systemTime\": \"2026-05-04T06:02:38.8782108Z\", \"eventRecordID\": \"7347\", \"processID\": \"2248\", \"threadID\": \"3508\", \"channel\": \"Microsoft-Windows-Sysmon/Operational\", \"computer\": \"DESKTOP-G0LLA16\", \"severityValue\": \"INFORMATION\", \"message\": \"\\\"Process Create:\\r\\nRuleName: -\\r\\nUtcTime: 2026-05-04 06:02:38.874\\r\\nProcessGuid: {32e96954-367e-69f8-7c02-000000000800}\\r\\nProcessId: 4884\\r\\nImage: C:\\\\Windows\\\\SysWOW64\\\\SecEdit.exe\\r\\nFileVersion: 10.0.19041.1 (WinBuild.160101.0800)\\r\\nDescription: Windows Security Configuration Editor Command Tool\\r\\nProduct: Microsoft\\u00ae Windows\\u00ae Operating System\\r\\nCompany: Microsoft Corporation\\r\\nOriginalFileName: SeCEdit\\r\\nCommandLine: \\\"C:\\\\Windows\\\\system32\\\\SecEdit.exe\\\" /export /cfg C:\\\\Windows\\\\TEMP\\\\secpol.cfg\\r\\nCurrentDirectory: C:\\\\Program Files (x86)\\\\ossec-agent\\\\\\r\\nUser: NT AUTHORITY\\\\SYSTEM\\r\\nLogonGuid: {32e96954-a7d2-69f1-e703-000000000000}\\r\\nLogonId: 0x3E7\\r\\nTerminalSessionId: 0\\r\\nIntegrityLevel: System\\r\\nHashes: SHA256=56CB815F0FDA92C4658296692E4F70DEE557137528482FE7A834296BFDB710C0\\r\\nParentProcessGuid: {32e96954-3676-69f8-6b02-000000000800}\\r\\nParentProcessId: 3804\\r\\nParentImage: C:\\\\Windows\\\\SysWOW64\\\\WindowsPowerShell\\\\v1.0\\\\powershell.exe\\r\\nParentCommandLine: powershell secedit /export /cfg $env:TEMP\\\\secpol.cfg; Get-Content $env:TEMP\\\\secpol.cfg | Select-String \\\"PasswordHistorySize\\\"; Remove-Item $env:TEMP\\\\secpol.cfg\\r\\nParentUser: NT AUTHORITY\\\\SYSTEM\\\"\"}, \"eventdata\": {\"utcTime\": \"2026-05-04 06:02:38.874\", \"processGuid\": \"{32e96954-367e-69f8-7c02-000000000800}\", \"processId\": \"4884\", \"image\": \"C:\\\\\\\\Windows\\\\\\\\SysWOW64\\\\\\\\SecEdit.exe\", \"fileVersion\": \"10.0.19041.1 (WinBuild.160101.0800)\", \"description\": \"Windows Security Configuration Editor Command Tool\", \"product\": \"Microsoft\\u00ae Windows\\u00ae Operating System\", \"company\": \"Microsoft Corporation\", \"originalFileName\": \"SeCEdit\", \"commandLine\": \"\\\\\\\"C:\\\\\\\\Windows\\\\\\\\system32\\\\\\\\SecEdit.exe\\\\\\\" /export /cfg C:\\\\\\\\Windows\\\\\\\\TEMP\\\\\\\\secpol.cfg\", \"currentDirectory\": \"C:\\\\\\\\Program Files (x86)\\\\\\\\ossec-agent\\\\\\\\\", \"user\": \"NT AUTHORITY\\\\\\\\SYSTEM\", \"logonGuid\": \"{32e96954-a7d2-69f1-e703-000000000000}\", \"logonId\": \"0x3e7\", \"terminalSessionId\": \"0\", \"integrityLevel\": \"System\", \"hashes\": \"SHA256=56CB815F0FDA92C4658296692E4F70DEE557137528482FE7A834296BFDB710C0\", \"parentProcessGuid\": \"{32e96954-3676-69f8-6b02-000000000800}\", \"parentProcessId\": \"3804\", \"parentImage\": \"C:\\\\\\\\Windows\\\\\\\\SysWOW64\\\\\\\\WindowsPowerShell\\\\\\\\v1.0\\\\\\\\powershell.exe\", \"parentCommandLine\": \"powershell secedit /export /cfg $env:TEMP\\\\\\\\secpol.cfg; Get-Content $env:TEMP\\\\\\\\secpol.cfg | Select-String \\\\\\\"PasswordHistorySize\\\\\\\"; Remove-Item $env:TEMP\\\\\\\\secpol.cfg\", \"parentUser\": \"NT AUTHORITY\\\\\\\\SYSTEM\"}}}, \"location\": \"EventChannel\"}",
            "inserted_at": "2026-06-07T19:24:38.921594",
            "raw": {
                "timestamp": "2026-05-04T14:02:45.370+0800",
                "rule": {
                    "level": 4,
                    "description": "C:\\\\Windows\\\\SysWOW64\\\\SecEdit.exe binary in a suspicious location launched by C:\\\\Windows\\\\SysWOW64\\\\WindowsPowerShell\\\\v1.0\\\\powershell.exe",
                    "id": "92066",
                    "mitre": {
                        "id": [
                            "T1059.001"
                        ],
                        "tactic": [
                            "Execution"
                        ],
                        "technique": [
                            "PowerShell"
                        ]
                    },
                    "firedtimes": 1,
                    "mail": false,
                    "groups": [
                        "sysmon",
                        "sysmon_eid1_detections",
                        "windows"
                    ]
                },
                "agent": {
                    "id": "003",
                    "name": "windows10",
                    "ip": "192.168.10.120"
                },
                "manager": {
                    "name": "alwin"
                },
                "id": "1777874565.2469560",
                "decoder": {
                    "name": "windows_eventchannel"
                },
                "data": {
                    "win": {
                        "system": {
                            "providerName": "Microsoft-Windows-Sysmon",
                            "providerGuid": "{5770385f-c22a-43e0-bf4c-06f5698ffbd9}",
                            "eventID": "1",
                            "version": "5",
                            "level": "4",
                            "task": "1",
                            "opcode": "0",
                            "keywords": "0x8000000000000000",
                            "systemTime": "2026-05-04T06:02:38.8782108Z",
                            "eventRecordID": "7347",
                            "processID": "2248",
                            "threadID": "3508",
                            "channel": "Microsoft-Windows-Sysmon/Operational",
                            "computer": "DESKTOP-G0LLA16",
                            "severityValue": "INFORMATION",
                            "message": "\"Process Create:\r\nRuleName: -\r\nUtcTime: 2026-05-04 06:02:38.874\r\nProcessGuid: {32e96954-367e-69f8-7c02-000000000800}\r\nProcessId: 4884\r\nImage: C:\\Windows\\SysWOW64\\SecEdit.exe\r\nFileVersion: 10.0.19041.1 (WinBuild.160101.0800)\r\nDescription: Windows Security Configuration Editor Command Tool\r\nProduct: Microsoft\u00ae Windows\u00ae Operating System\r\nCompany: Microsoft Corporation\r\nOriginalFileName: SeCEdit\r\nCommandLine: \"C:\\Windows\\system32\\SecEdit.exe\" /export /cfg C:\\Windows\\TEMP\\secpol.cfg\r\nCurrentDirectory: C:\\Program Files (x86)\\ossec-agent\\\r\nUser: NT AUTHORITY\\SYSTEM\r\nLogonGuid: {32e96954-a7d2-69f1-e703-000000000000}\r\nLogonId: 0x3E7\r\nTerminalSessionId: 0\r\nIntegrityLevel: System\r\nHashes: SHA256=56CB815F0FDA92C4658296692E4F70DEE557137528482FE7A834296BFDB710C0\r\nParentProcessGuid: {32e96954-3676-69f8-6b02-000000000800}\r\nParentProcessId: 3804\r\nParentImage: C:\\Windows\\SysWOW64\\WindowsPowerShell\\v1.0\\powershell.exe\r\nParentCommandLine: powershell secedit /export /cfg $env:TEMP\\secpol.cfg; Get-Content $env:TEMP\\secpol.cfg | Select-String \"PasswordHistorySize\"; Remove-Item $env:TEMP\\secpol.cfg\r\nParentUser: NT AUTHORITY\\SYSTEM\""
                        },
                        "eventdata": {
                            "utcTime": "2026-05-04 06:02:38.874",
                            "processGuid": "{32e96954-367e-69f8-7c02-000000000800}",
                            "processId": "4884",
                            "image": "C:\\\\Windows\\\\SysWOW64\\\\SecEdit.exe",
                            "fileVersion": "10.0.19041.1 (WinBuild.160101.0800)",
                            "description": "Windows Security Configuration Editor Command Tool",
                            "product": "Microsoft\u00ae Windows\u00ae Operating System",
                            "company": "Microsoft Corporation",
                            "originalFileName": "SeCEdit",
                            "commandLine": "\\\"C:\\\\Windows\\\\system32\\\\SecEdit.exe\\\" /export /cfg C:\\\\Windows\\\\TEMP\\\\secpol.cfg",
                            "currentDirectory": "C:\\\\Program Files (x86)\\\\ossec-agent\\\\",
                            "user": "NT AUTHORITY\\\\SYSTEM",
                            "logonGuid": "{32e96954-a7d2-69f1-e703-000000000000}",
                            "logonId": "0x3e7",
                            "terminalSessionId": "0",
                            "integrityLevel": "System",
                            "hashes": "SHA256=56CB815F0FDA92C4658296692E4F70DEE557137528482FE7A834296BFDB710C0",
                            "parentProcessGuid": "{32e96954-3676-69f8-6b02-000000000800}",
                            "parentProcessId": "3804",
                            "parentImage": "C:\\\\Windows\\\\SysWOW64\\\\WindowsPowerShell\\\\v1.0\\\\powershell.exe",
                            "parentCommandLine": "powershell secedit /export /cfg $env:TEMP\\\\secpol.cfg; Get-Content $env:TEMP\\\\secpol.cfg | Select-String \\\"PasswordHistorySize\\\"; Remove-Item $env:TEMP\\\\secpol.cfg",
                            "parentUser": "NT AUTHORITY\\\\SYSTEM"
                        }
                    }
                },
                "location": "EventChannel"
            }
        }
    },
    {
        "alert_id": "CSA-00008",
        "time": "2026-05-04T14:02:59.996+0800",
        "host": "windows10",
        "user": "leo",
        "source_ip": "unknown",
        "destination_ip": "unknown",
        "event_id": "4672",
        "rule_id": "67028",
        "rule_description": "Special privileges assigned to new logon.",
        "process": "",
        "parent_process": "",
        "command_line": "",
        "pack": "privilege_escalation",
        "rule_name": "Privilege Escalation",
        "title": "\ud83d\udc51 Unexpected Admin Privileges",
        "summary": "User 'leo' received special privileges on windows10",
        "severity": "HIGH",
        "mitre": [
            "T1078.002"
        ],
        "kill_chain_phase": "Privilege Escalation",
        "recommended_actions": [
            "Verify if user normally has admin rights",
            "Check what was executed after privilege assignment",
            "Correlate with brute force or lateral movement alerts",
            "Review Event ID 4720/4732 for account creation"
        ],
        "fp_notes": "Verify if scheduled IT maintenance \u2014 check change management",
        "status": "OPEN",
        "raw": {
            "id": "1777874579.2532250",
            "timestamp": "2026-05-04T14:02:59.996+0800",
            "host": "windows10",
            "user": "leo",
            "event_id": "4672",
            "rule_id": "67028",
            "rule_level": 3,
            "rule_description": "Special privileges assigned to new logon.",
            "source_ip": "",
            "process": "",
            "parent_process": "",
            "command_line": "",
            "provider": "Microsoft-Windows-Security-Auditing",
            "raw_json": "{\"timestamp\": \"2026-05-04T14:02:59.996+0800\", \"rule\": {\"level\": 3, \"description\": \"Special privileges assigned to new logon.\", \"id\": \"67028\", \"mitre\": {\"id\": [\"T1484\"], \"tactic\": [\"Defense Evasion\", \"Privilege Escalation\"], \"technique\": [\"Domain Policy Modification\"]}, \"firedtimes\": 1, \"mail\": false, \"groups\": [\"windows\", \" WEF\"]}, \"agent\": {\"id\": \"003\", \"name\": \"windows10\", \"ip\": \"192.168.10.120\"}, \"manager\": {\"name\": \"alwin\"}, \"id\": \"1777874579.2532250\", \"decoder\": {\"name\": \"windows_eventchannel\"}, \"data\": {\"win\": {\"system\": {\"providerName\": \"Microsoft-Windows-Security-Auditing\", \"providerGuid\": \"{54849625-5478-4994-a5ba-3e3b0328c30d}\", \"eventID\": \"4672\", \"version\": \"0\", \"level\": \"0\", \"task\": \"12548\", \"opcode\": \"0\", \"keywords\": \"0x8020000000000000\", \"systemTime\": \"2026-05-04T06:02:58.6342336Z\", \"eventRecordID\": \"19164\", \"processID\": \"668\", \"threadID\": \"792\", \"channel\": \"Security\", \"computer\": \"DESKTOP-G0LLA16\", \"severityValue\": \"AUDIT_SUCCESS\", \"message\": \"\\\"Special privileges assigned to new logon.\\r\\n\\r\\nSubject:\\r\\n\\tSecurity ID:\\t\\tS-1-5-21-4138275471-3107049867-993298588-1001\\r\\n\\tAccount Name:\\t\\tleo\\r\\n\\tAccount Domain:\\t\\tDESKTOP-G0LLA16\\r\\n\\tLogon ID:\\t\\t0x33F1A9\\r\\n\\r\\nPrivileges:\\t\\tSeSecurityPrivilege\\r\\n\\t\\t\\tSeTakeOwnershipPrivilege\\r\\n\\t\\t\\tSeLoadDriverPrivilege\\r\\n\\t\\t\\tSeBackupPrivilege\\r\\n\\t\\t\\tSeRestorePrivilege\\r\\n\\t\\t\\tSeDebugPrivilege\\r\\n\\t\\t\\tSeSystemEnvironmentPrivilege\\r\\n\\t\\t\\tSeImpersonatePrivilege\\r\\n\\t\\t\\tSeDelegateSessionUserImpersonatePrivilege\\\"\"}, \"eventdata\": {\"subjectUserSid\": \"S-1-5-21-4138275471-3107049867-993298588-1001\", \"subjectUserName\": \"leo\", \"subjectDomainName\": \"DESKTOP-G0LLA16\", \"subjectLogonId\": \"0x33f1a9\", \"privilegeList\": \"SeSecurityPrivilege     SeTakeOwnershipPrivilege     SeLoadDriverPrivilege     SeBackupPrivilege     SeRestorePrivilege     SeDebugPrivilege     SeSystemEnvironmentPrivilege     SeImpersonatePrivilege     SeDelegateSessionUserImpersonatePrivilege\"}}}, \"location\": \"EventChannel\"}",
            "inserted_at": "2026-06-07T19:24:38.921594",
            "raw": {
                "timestamp": "2026-05-04T14:02:59.996+0800",
                "rule": {
                    "level": 3,
                    "description": "Special privileges assigned to new logon.",
                    "id": "67028",
                    "mitre": {
                        "id": [
                            "T1484"
                        ],
                        "tactic": [
                            "Defense Evasion",
                            "Privilege Escalation"
                        ],
                        "technique": [
                            "Domain Policy Modification"
                        ]
                    },
                    "firedtimes": 1,
                    "mail": false,
                    "groups": [
                        "windows",
                        " WEF"
                    ]
                },
                "agent": {
                    "id": "003",
                    "name": "windows10",
                    "ip": "192.168.10.120"
                },
                "manager": {
                    "name": "alwin"
                },
                "id": "1777874579.2532250",
                "decoder": {
                    "name": "windows_eventchannel"
                },
                "data": {
                    "win": {
                        "system": {
                            "providerName": "Microsoft-Windows-Security-Auditing",
                            "providerGuid": "{54849625-5478-4994-a5ba-3e3b0328c30d}",
                            "eventID": "4672",
                            "version": "0",
                            "level": "0",
                            "task": "12548",
                            "opcode": "0",
                            "keywords": "0x8020000000000000",
                            "systemTime": "2026-05-04T06:02:58.6342336Z",
                            "eventRecordID": "19164",
                            "processID": "668",
                            "threadID": "792",
                            "channel": "Security",
                            "computer": "DESKTOP-G0LLA16",
                            "severityValue": "AUDIT_SUCCESS",
                            "message": "\"Special privileges assigned to new logon.\r\n\r\nSubject:\r\n\tSecurity ID:\t\tS-1-5-21-4138275471-3107049867-993298588-1001\r\n\tAccount Name:\t\tleo\r\n\tAccount Domain:\t\tDESKTOP-G0LLA16\r\n\tLogon ID:\t\t0x33F1A9\r\n\r\nPrivileges:\t\tSeSecurityPrivilege\r\n\t\t\tSeTakeOwnershipPrivilege\r\n\t\t\tSeLoadDriverPrivilege\r\n\t\t\tSeBackupPrivilege\r\n\t\t\tSeRestorePrivilege\r\n\t\t\tSeDebugPrivilege\r\n\t\t\tSeSystemEnvironmentPrivilege\r\n\t\t\tSeImpersonatePrivilege\r\n\t\t\tSeDelegateSessionUserImpersonatePrivilege\""
                        },
                        "eventdata": {
                            "subjectUserSid": "S-1-5-21-4138275471-3107049867-993298588-1001",
                            "subjectUserName": "leo",
                            "subjectDomainName": "DESKTOP-G0LLA16",
                            "subjectLogonId": "0x33f1a9",
                            "privilegeList": "SeSecurityPrivilege     SeTakeOwnershipPrivilege     SeLoadDriverPrivilege     SeBackupPrivilege     SeRestorePrivilege     SeDebugPrivilege     SeSystemEnvironmentPrivilege     SeImpersonatePrivilege     SeDelegateSessionUserImpersonatePrivilege"
                        }
                    }
                },
                "location": "EventChannel"
            }
        }
    },
    {
        "alert_id": "CSA-00009",
        "time": "2026-05-04T14:04:47.550+0800",
        "host": "windows10",
        "user": "unknown",
        "source_ip": "unknown",
        "destination_ip": "unknown",
        "event_id": "1",
        "rule_id": "92031",
        "rule_description": "Discovery activity executed",
        "process": "C:\\\\Windows\\\\SysWOW64\\\\net1.exe",
        "parent_process": "C:\\\\Windows\\\\SysWOW64\\\\net.exe",
        "command_line": "C:\\\\Windows\\\\system32\\\\net1 user",
        "pack": "suspicious_execution",
        "rule_name": "Suspicious Process Execution",
        "title": "\ud83d\udd0d Discovery Activity Detected",
        "summary": "Discovery activity executed | Host: windows10 | Process: c:\\\\windows\\\\syswow64\\\\net1.exe",
        "severity": "MEDIUM",
        "mitre": [
            "T1082",
            "T1087"
        ],
        "kill_chain_phase": "Discovery",
        "recommended_actions": [
            "Check parent process context",
            "Verify if activity was authorized",
            "Correlate with login events on same host",
            "Check for file drops or network connections after execution"
        ],
        "fp_notes": "Verify parent process \u2014 could be legitimate admin activity",
        "status": "OPEN",
        "raw": {
            "id": "1777874687.3058846",
            "timestamp": "2026-05-04T14:04:47.550+0800",
            "host": "windows10",
            "user": "",
            "event_id": "1",
            "rule_id": "92031",
            "rule_level": 3,
            "rule_description": "Discovery activity executed",
            "source_ip": "",
            "process": "C:\\\\Windows\\\\SysWOW64\\\\net1.exe",
            "parent_process": "C:\\\\Windows\\\\SysWOW64\\\\net.exe",
            "command_line": "C:\\\\Windows\\\\system32\\\\net1 user",
            "provider": "Microsoft-Windows-Sysmon",
            "raw_json": "{\"timestamp\": \"2026-05-04T14:04:47.550+0800\", \"rule\": {\"level\": 3, \"description\": \"Discovery activity executed\", \"id\": \"92031\", \"mitre\": {\"id\": [\"T1087\"], \"tactic\": [\"Discovery\"], \"technique\": [\"Account Discovery\"]}, \"firedtimes\": 2, \"mail\": false, \"groups\": [\"sysmon\", \"sysmon_eid1_detections\", \"windows\"]}, \"agent\": {\"id\": \"003\", \"name\": \"windows10\", \"ip\": \"192.168.10.120\"}, \"manager\": {\"name\": \"alwin\"}, \"id\": \"1777874687.3058846\", \"decoder\": {\"name\": \"windows_eventchannel\"}, \"data\": {\"win\": {\"system\": {\"providerName\": \"Microsoft-Windows-Sysmon\", \"providerGuid\": \"{5770385f-c22a-43e0-bf4c-06f5698ffbd9}\", \"eventID\": \"1\", \"version\": \"5\", \"level\": \"4\", \"task\": \"1\", \"opcode\": \"0\", \"keywords\": \"0x8000000000000000\", \"systemTime\": \"2026-05-04T06:04:46.7598299Z\", \"eventRecordID\": \"7549\", \"processID\": \"2248\", \"threadID\": \"3508\", \"channel\": \"Microsoft-Windows-Sysmon/Operational\", \"computer\": \"DESKTOP-G0LLA16\", \"severityValue\": \"INFORMATION\", \"message\": \"\\\"Process Create:\\r\\nRuleName: -\\r\\nUtcTime: 2026-05-04 06:04:46.754\\r\\nProcessGuid: {32e96954-36fe-69f8-f302-000000000800}\\r\\nProcessId: 4464\\r\\nImage: C:\\\\Windows\\\\SysWOW64\\\\net1.exe\\r\\nFileVersion: 10.0.19041.3636 (WinBuild.160101.0800)\\r\\nDescription: Net Command\\r\\nProduct: Microsoft\\u00ae Windows\\u00ae Operating System\\r\\nCompany: Microsoft Corporation\\r\\nOriginalFileName: net1.exe\\r\\nCommandLine: C:\\\\Windows\\\\system32\\\\net1 user\\r\\nCurrentDirectory: C:\\\\Program Files (x86)\\\\ossec-agent\\\\\\r\\nUser: NT AUTHORITY\\\\SYSTEM\\r\\nLogonGuid: {32e96954-a7d2-69f1-e703-000000000000}\\r\\nLogonId: 0x3E7\\r\\nTerminalSessionId: 0\\r\\nIntegrityLevel: System\\r\\nHashes: SHA256=B25CF32B7BB76D5A5121919C63E6AE77262347F4AD7B29EE3C43CBAA61F43957\\r\\nParentProcessGuid: {32e96954-36fe-69f8-f102-000000000800}\\r\\nParentProcessId: 1196\\r\\nParentImage: C:\\\\Windows\\\\SysWOW64\\\\net.exe\\r\\nParentCommandLine: net user\\r\\nParentUser: NT AUTHORITY\\\\SYSTEM\\\"\"}, \"eventdata\": {\"utcTime\": \"2026-05-04 06:04:46.754\", \"processGuid\": \"{32e96954-36fe-69f8-f302-000000000800}\", \"processId\": \"4464\", \"image\": \"C:\\\\\\\\Windows\\\\\\\\SysWOW64\\\\\\\\net1.exe\", \"fileVersion\": \"10.0.19041.3636 (WinBuild.160101.0800)\", \"description\": \"Net Command\", \"product\": \"Microsoft\\u00ae Windows\\u00ae Operating System\", \"company\": \"Microsoft Corporation\", \"originalFileName\": \"net1.exe\", \"commandLine\": \"C:\\\\\\\\Windows\\\\\\\\system32\\\\\\\\net1 user\", \"currentDirectory\": \"C:\\\\\\\\Program Files (x86)\\\\\\\\ossec-agent\\\\\\\\\", \"user\": \"NT AUTHORITY\\\\\\\\SYSTEM\", \"logonGuid\": \"{32e96954-a7d2-69f1-e703-000000000000}\", \"logonId\": \"0x3e7\", \"terminalSessionId\": \"0\", \"integrityLevel\": \"System\", \"hashes\": \"SHA256=B25CF32B7BB76D5A5121919C63E6AE77262347F4AD7B29EE3C43CBAA61F43957\", \"parentProcessGuid\": \"{32e96954-36fe-69f8-f102-000000000800}\", \"parentProcessId\": \"1196\", \"parentImage\": \"C:\\\\\\\\Windows\\\\\\\\SysWOW64\\\\\\\\net.exe\", \"parentCommandLine\": \"net user\", \"parentUser\": \"NT AUTHORITY\\\\\\\\SYSTEM\"}}}, \"location\": \"EventChannel\"}",
            "inserted_at": "2026-06-07T19:24:38.921594",
            "raw": {
                "timestamp": "2026-05-04T14:04:47.550+0800",
                "rule": {
                    "level": 3,
                    "description": "Discovery activity executed",
                    "id": "92031",
                    "mitre": {
                        "id": [
                            "T1087"
                        ],
                        "tactic": [
                            "Discovery"
                        ],
                        "technique": [
                            "Account Discovery"
                        ]
                    },
                    "firedtimes": 2,
                    "mail": false,
                    "groups": [
                        "sysmon",
                        "sysmon_eid1_detections",
                        "windows"
                    ]
                },
                "agent": {
                    "id": "003",
                    "name": "windows10",
                    "ip": "192.168.10.120"
                },
                "manager": {
                    "name": "alwin"
                },
                "id": "1777874687.3058846",
                "decoder": {
                    "name": "windows_eventchannel"
                },
                "data": {
                    "win": {
                        "system": {
                            "providerName": "Microsoft-Windows-Sysmon",
                            "providerGuid": "{5770385f-c22a-43e0-bf4c-06f5698ffbd9}",
                            "eventID": "1",
                            "version": "5",
                            "level": "4",
                            "task": "1",
                            "opcode": "0",
                            "keywords": "0x8000000000000000",
                            "systemTime": "2026-05-04T06:04:46.7598299Z",
                            "eventRecordID": "7549",
                            "processID": "2248",
                            "threadID": "3508",
                            "channel": "Microsoft-Windows-Sysmon/Operational",
                            "computer": "DESKTOP-G0LLA16",
                            "severityValue": "INFORMATION",
                            "message": "\"Process Create:\r\nRuleName: -\r\nUtcTime: 2026-05-04 06:04:46.754\r\nProcessGuid: {32e96954-36fe-69f8-f302-000000000800}\r\nProcessId: 4464\r\nImage: C:\\Windows\\SysWOW64\\net1.exe\r\nFileVersion: 10.0.19041.3636 (WinBuild.160101.0800)\r\nDescription: Net Command\r\nProduct: Microsoft\u00ae Windows\u00ae Operating System\r\nCompany: Microsoft Corporation\r\nOriginalFileName: net1.exe\r\nCommandLine: C:\\Windows\\system32\\net1 user\r\nCurrentDirectory: C:\\Program Files (x86)\\ossec-agent\\\r\nUser: NT AUTHORITY\\SYSTEM\r\nLogonGuid: {32e96954-a7d2-69f1-e703-000000000000}\r\nLogonId: 0x3E7\r\nTerminalSessionId: 0\r\nIntegrityLevel: System\r\nHashes: SHA256=B25CF32B7BB76D5A5121919C63E6AE77262347F4AD7B29EE3C43CBAA61F43957\r\nParentProcessGuid: {32e96954-36fe-69f8-f102-000000000800}\r\nParentProcessId: 1196\r\nParentImage: C:\\Windows\\SysWOW64\\net.exe\r\nParentCommandLine: net user\r\nParentUser: NT AUTHORITY\\SYSTEM\""
                        },
                        "eventdata": {
                            "utcTime": "2026-05-04 06:04:46.754",
                            "processGuid": "{32e96954-36fe-69f8-f302-000000000800}",
                            "processId": "4464",
                            "image": "C:\\\\Windows\\\\SysWOW64\\\\net1.exe",
                            "fileVersion": "10.0.19041.3636 (WinBuild.160101.0800)",
                            "description": "Net Command",
                            "product": "Microsoft\u00ae Windows\u00ae Operating System",
                            "company": "Microsoft Corporation",
                            "originalFileName": "net1.exe",
                            "commandLine": "C:\\\\Windows\\\\system32\\\\net1 user",
                            "currentDirectory": "C:\\\\Program Files (x86)\\\\ossec-agent\\\\",
                            "user": "NT AUTHORITY\\\\SYSTEM",
                            "logonGuid": "{32e96954-a7d2-69f1-e703-000000000000}",
                            "logonId": "0x3e7",
                            "terminalSessionId": "0",
                            "integrityLevel": "System",
                            "hashes": "SHA256=B25CF32B7BB76D5A5121919C63E6AE77262347F4AD7B29EE3C43CBAA61F43957",
                            "parentProcessGuid": "{32e96954-36fe-69f8-f102-000000000800}",
                            "parentProcessId": "1196",
                            "parentImage": "C:\\\\Windows\\\\SysWOW64\\\\net.exe",
                            "parentCommandLine": "net user",
                            "parentUser": "NT AUTHORITY\\\\SYSTEM"
                        }
                    }
                },
                "location": "EventChannel"
            }
        }
    },
    {
        "alert_id": "CSA-00010",
        "time": "2026-05-04T16:09:56.185+0800",
        "host": "win-server",
        "user": "unknown",
        "source_ip": "unknown",
        "destination_ip": "unknown",
        "event_id": "7040",
        "rule_id": "61104",
        "rule_description": "Service startup type was changed",
        "process": "",
        "parent_process": "",
        "command_line": "",
        "pack": "persistence",
        "rule_name": "Service Startup Type Changed",
        "title": "\u2699\ufe0f Service Configuration Modified",
        "summary": "Service startup type changed on win-server \u2014 possible persistence mechanism",
        "severity": "MEDIUM",
        "mitre": [
            "T1543.003"
        ],
        "kill_chain_phase": "Persistence",
        "recommended_actions": [
            "Identify which service was modified",
            "Verify if change was authorized",
            "Check service binary path for malicious executables",
            "Correlate with other suspicious activity on same host"
        ],
        "fp_notes": "Could be legitimate software installation \u2014 check change management",
        "status": "OPEN",
        "raw": {
            "id": "1777882196.5694768",
            "timestamp": "2026-05-04T16:09:56.185+0800",
            "host": "win-server",
            "user": "",
            "event_id": "7040",
            "rule_id": "61104",
            "rule_level": 3,
            "rule_description": "Service startup type was changed",
            "source_ip": "",
            "process": "",
            "parent_process": "",
            "command_line": "",
            "provider": "Service Control Manager",
            "raw_json": "{\"timestamp\": \"2026-05-04T16:09:56.185+0800\", \"rule\": {\"level\": 3, \"description\": \"Service startup type was changed\", \"id\": \"61104\", \"info\": \"This does not appear to be logged on Windows 2000\", \"firedtimes\": 2, \"mail\": false, \"groups\": [\"windows\", \"windows_system\", \"policy_changed\"], \"pci_dss\": [\"10.6\"], \"gdpr\": [\"IV_35.7.d\"], \"hipaa\": [\"164.312.b\"], \"nist_800_53\": [\"AU.6\"], \"tsc\": [\"CC6.1\", \"CC6.8\", \"CC7.2\", \"CC7.3\"]}, \"agent\": {\"id\": \"004\", \"name\": \"win-server\", \"ip\": \"192.168.10.145\"}, \"manager\": {\"name\": \"alwin\"}, \"id\": \"1777882196.5694768\", \"decoder\": {\"name\": \"windows_eventchannel\"}, \"data\": {\"win\": {\"system\": {\"providerName\": \"Service Control Manager\", \"providerGuid\": \"{555908d1-a6d7-4695-8e1e-26931d2012f4}\", \"eventSourceName\": \"Service Control Manager\", \"eventID\": \"7040\", \"version\": \"0\", \"level\": \"4\", \"task\": \"0\", \"opcode\": \"0\", \"keywords\": \"0x8080000000000000\", \"systemTime\": \"2026-05-04T08:09:55.177579800Z\", \"eventRecordID\": \"705\", \"processID\": \"624\", \"threadID\": \"4992\", \"channel\": \"System\", \"computer\": \"WIN-KMSGSH5FS1F\", \"severityValue\": \"INFORMATION\", \"message\": \"\\\"The start type of the Background Intelligent Transfer Service service was changed from demand start to auto start.\\\"\"}, \"eventdata\": {\"param1\": \"Background Intelligent Transfer Service\", \"param2\": \"demand start\", \"param3\": \"auto start\", \"param4\": \"BITS\"}}}, \"location\": \"EventChannel\"}",
            "inserted_at": "2026-06-07T19:24:38.921594",
            "raw": {
                "timestamp": "2026-05-04T16:09:56.185+0800",
                "rule": {
                    "level": 3,
                    "description": "Service startup type was changed",
                    "id": "61104",
                    "info": "This does not appear to be logged on Windows 2000",
                    "firedtimes": 2,
                    "mail": false,
                    "groups": [
                        "windows",
                        "windows_system",
                        "policy_changed"
                    ],
                    "pci_dss": [
                        "10.6"
                    ],
                    "gdpr": [
                        "IV_35.7.d"
                    ],
                    "hipaa": [
                        "164.312.b"
                    ],
                    "nist_800_53": [
                        "AU.6"
                    ],
                    "tsc": [
                        "CC6.1",
                        "CC6.8",
                        "CC7.2",
                        "CC7.3"
                    ]
                },
                "agent": {
                    "id": "004",
                    "name": "win-server",
                    "ip": "192.168.10.145"
                },
                "manager": {
                    "name": "alwin"
                },
                "id": "1777882196.5694768",
                "decoder": {
                    "name": "windows_eventchannel"
                },
                "data": {
                    "win": {
                        "system": {
                            "providerName": "Service Control Manager",
                            "providerGuid": "{555908d1-a6d7-4695-8e1e-26931d2012f4}",
                            "eventSourceName": "Service Control Manager",
                            "eventID": "7040",
                            "version": "0",
                            "level": "4",
                            "task": "0",
                            "opcode": "0",
                            "keywords": "0x8080000000000000",
                            "systemTime": "2026-05-04T08:09:55.177579800Z",
                            "eventRecordID": "705",
                            "processID": "624",
                            "threadID": "4992",
                            "channel": "System",
                            "computer": "WIN-KMSGSH5FS1F",
                            "severityValue": "INFORMATION",
                            "message": "\"The start type of the Background Intelligent Transfer Service service was changed from demand start to auto start.\""
                        },
                        "eventdata": {
                            "param1": "Background Intelligent Transfer Service",
                            "param2": "demand start",
                            "param3": "auto start",
                            "param4": "BITS"
                        }
                    }
                },
                "location": "EventChannel"
            }
        }
    },
