                            "eventID": "4624",
                            "version": "2",
                            "level": "0",
                            "task": "12544",
                            "opcode": "0",
                            "keywords": "0x8020000000000000",
                            "systemTime": "2026-05-04T09:54:58.416779400Z",
                            "eventRecordID": "1402",
                            "processID": "632",
                            "threadID": "3320",
                            "channel": "Security",
                            "computer": "WIN-KMSGSH5FS1F",
                            "severityValue": "AUDIT_SUCCESS",
                            "message": "\"An account was successfully logged on.\r\n\r\nSubject:\r\n\tSecurity ID:\t\tS-1-0-0\r\n\tAccount Name:\t\t-\r\n\tAccount Domain:\t\t-\r\n\tLogon ID:\t\t0x0\r\n\r\nLogon Information:\r\n\tLogon Type:\t\t3\r\n\tRestricted Admin Mode:\t-\r\n\tVirtual Account:\t\tNo\r\n\tElevated Token:\t\tNo\r\n\r\nImpersonation Level:\t\tImpersonation\r\n\r\nNew Logon:\r\n\tSecurity ID:\t\tS-1-5-7\r\n\tAccount Name:\t\tANONYMOUS LOGON\r\n\tAccount Domain:\t\tNT AUTHORITY\r\n\tLogon ID:\t\t0x4A0C19\r\n\tLinked Logon ID:\t\t0x0\r\n\tNetwork Account Name:\t-\r\n\tNetwork Account Domain:\t-\r\n\tLogon GUID:\t\t{00000000-0000-0000-0000-000000000000}\r\n\r\nProcess Information:\r\n\tProcess ID:\t\t0x0\r\n\tProcess Name:\t\t-\r\n\r\nNetwork Information:\r\n\tWorkstation Name:\t-\r\n\tSource Network Address:\t192.168.10.144\r\n\tSource Port:\t\t50420\r\n\r\nDetailed Authentication Information:\r\n\tLogon Process:\t\tNtLmSsp \r\n\tAuthentication Package:\tNTLM\r\n\tTransited Services:\t-\r\n\tPackage Name (NTLM only):\tNTLM V1\r\n\tKey Length:\t\t0\r\n\r\nThis event is generated when a logon session is created. It is generated on the computer that was accessed.\r\n\r\nThe subject fields indicate the account on the local system which requested the logon. This is most commonly a service such as the Server service, or a local process such as Winlogon.exe or Services.exe.\r\n\r\nThe logon type field indicates the kind of logon that occurred. The most common types are 2 (interactive) and 3 (network).\r\n\r\nThe New Logon fields indicate the account for whom the new logon was created, i.e. the account that was logged on.\r\n\r\nThe network fields indicate where a remote logon request originated. Workstation name is not always available and may be left blank in some cases.\r\n\r\nThe impersonation level field indicates the extent to which a process in the logon session can impersonate.\r\n\r\nThe authentication information fields provide detailed information about this specific logon request.\r\n\t- Logon GUID is a unique identifier that can be used to correlate this event with a KDC event.\r\n\t- Transited services indicate which intermediate services have participated in this logon request.\r\n\t- Package name indicates which sub-protocol was used among the NTLM protocols.\r\n\t- Key length indicates the length of the generated session key. This will be 0 if no session key was requested.\""
                        },
                        "eventdata": {
                            "subjectUserSid": "S-1-0-0",
                            "subjectLogonId": "0x0",
                            "targetUserSid": "S-1-5-7",
                            "targetUserName": "ANONYMOUS LOGON",
                            "targetDomainName": "NT AUTHORITY",
                            "targetLogonId": "0x4a0c19",
                            "logonType": "3",
                            "logonProcessName": "NtLmSsp",
                            "authenticationPackageName": "NTLM",
                            "logonGuid": "{00000000-0000-0000-0000-000000000000}",
                            "lmPackageName": "NTLM V1",
                            "keyLength": "0",
                            "processId": "0x0",
                            "ipAddress": "192.168.10.144",
                            "ipPort": "50420",
                            "impersonationLevel": "%%1833",
                            "virtualAccount": "%%1843",
                            "targetLinkedLogonId": "0x0",
                            "elevatedToken": "%%1843"
                        }
                    }
                },
                "location": "EventChannel"
            }
        }
    },
    {
        "alert_id": "CSA-00015",
        "time": "2026-05-04T17:55:01.394+0800",
        "host": "win-server",
        "user": "admin",
        "source_ip": "192.168.10.144",
        "destination_ip": "unknown",
        "event_id": "4625",
        "rule_id": "60122",
        "rule_description": "Logon Failure - Unknown user or bad password",
        "process": "",
        "parent_process": "",
        "command_line": "",
        "pack": "authentication_failure",
        "rule_name": "Repeated Authentication Failures",
        "title": "Authentication Failure Spike",
        "summary": "3 failed logins in 5 min | User: admin | Host: win-server",
        "severity": "MEDIUM",
        "mitre": [
            "T1110"
        ],
        "kill_chain_phase": "Initial Access",
        "recommended_actions": [
            "Verify if the user mistyped password",
            "Check source IP and logon type",
            "Monitor for successful login after failures"
        ],
        "fp_notes": "3-9 failures may be user error. Do not call it brute force unless volume increases.",
        "status": "OPEN",
        "raw": {
            "id": "1777888501.6338351",
            "timestamp": "2026-05-04T17:55:01.394+0800",
            "host": "win-server",
            "user": "admin",
            "event_id": "4625",
            "rule_id": "60122",
            "rule_level": 5,
            "rule_description": "Logon Failure - Unknown user or bad password",
            "source_ip": "192.168.10.144",
            "process": "",
            "parent_process": "",
            "command_line": "",
            "provider": "Microsoft-Windows-Security-Auditing",
            "raw_json": "{\"timestamp\": \"2026-05-04T17:55:01.394+0800\", \"rule\": {\"level\": 5, \"description\": \"Logon Failure - Unknown user or bad password\", \"id\": \"60122\", \"mitre\": {\"id\": [\"T1531\"], \"tactic\": [\"Impact\"], \"technique\": [\"Account Access Removal\"]}, \"firedtimes\": 7, \"mail\": false, \"groups\": [\"windows\", \"windows_security\", \"authentication_failed\"], \"pci_dss\": [\"10.2.4\", \"10.2.5\"], \"gpg13\": [\"7.1\"], \"gdpr\": [\"IV_35.7.d\", \"IV_32.2\"], \"hipaa\": [\"164.312.b\"], \"nist_800_53\": [\"AU.14\", \"AC.7\"], \"tsc\": [\"CC6.1\", \"CC6.8\", \"CC7.2\", \"CC7.3\"]}, \"agent\": {\"id\": \"004\", \"name\": \"win-server\", \"ip\": \"192.168.10.145\"}, \"manager\": {\"name\": \"alwin\"}, \"id\": \"1777888501.6338351\", \"decoder\": {\"name\": \"windows_eventchannel\"}, \"data\": {\"win\": {\"system\": {\"providerName\": \"Microsoft-Windows-Security-Auditing\", \"providerGuid\": \"{54849625-5478-4994-a5ba-3e3b0328c30d}\", \"eventID\": \"4625\", \"version\": \"0\", \"level\": \"0\", \"task\": \"12544\", \"opcode\": \"0\", \"keywords\": \"0x8010000000000000\", \"systemTime\": \"2026-05-04T09:55:00.341166800Z\", \"eventRecordID\": \"1413\", \"processID\": \"632\", \"threadID\": \"3320\", \"channel\": \"Security\", \"computer\": \"WIN-KMSGSH5FS1F\", \"severityValue\": \"AUDIT_FAILURE\", \"message\": \"\\\"An account failed to log on.\\r\\n\\r\\nSubject:\\r\\n\\tSecurity ID:\\t\\tS-1-0-0\\r\\n\\tAccount Name:\\t\\t-\\r\\n\\tAccount Domain:\\t\\t-\\r\\n\\tLogon ID:\\t\\t0x0\\r\\n\\r\\nLogon Type:\\t\\t\\t3\\r\\n\\r\\nAccount For Which Logon Failed:\\r\\n\\tSecurity ID:\\t\\tS-1-0-0\\r\\n\\tAccount Name:\\t\\tadmin\\r\\n\\tAccount Domain:\\t\\tWIN-KMSGSH5FS1F\\r\\n\\r\\nFailure Information:\\r\\n\\tFailure Reason:\\t\\tUnknown user name or bad password.\\r\\n\\tStatus:\\t\\t\\t0xC000006D\\r\\n\\tSub Status:\\t\\t0xC0000064\\r\\n\\r\\nProcess Information:\\r\\n\\tCaller Process ID:\\t0x0\\r\\n\\tCaller Process Name:\\t-\\r\\n\\r\\nNetwork Information:\\r\\n\\tWorkstation Name:\\t-\\r\\n\\tSource Network Address:\\t192.168.10.144\\r\\n\\tSource Port:\\t\\t50520\\r\\n\\r\\nDetailed Authentication Information:\\r\\n\\tLogon Process:\\t\\tNtLmSsp \\r\\n\\tAuthentication Package:\\tNTLM\\r\\n\\tTransited Services:\\t-\\r\\n\\tPackage Name (NTLM only):\\t-\\r\\n\\tKey Length:\\t\\t0\\r\\n\\r\\nThis event is generated when a logon request fails. It is generated on the computer where access was attempted.\\r\\n\\r\\nThe Subject fields indicate the account on the local system which requested the logon. This is most commonly a service such as the Server service, or a local process such as Winlogon.exe or Services.exe.\\r\\n\\r\\nThe Logon Type field indicates the kind of logon that was requested. The most common types are 2 (interactive) and 3 (network).\\r\\n\\r\\nThe Process Information fields indicate which account and process on the system requested the logon.\\r\\n\\r\\nThe Network Information fields indicate where a remote logon request originated. Workstation name is not always available and may be left blank in some cases.\\r\\n\\r\\nThe authentication information fields provide detailed information about this specific logon request.\\r\\n\\t- Transited services indicate which intermediate services have participated in this logon request.\\r\\n\\t- Package name indicates which sub-protocol was used among the NTLM protocols.\\r\\n\\t- Key length indicates the length of the generated session key. This will be 0 if no session key was requested.\\\"\"}, \"eventdata\": {\"subjectUserSid\": \"S-1-0-0\", \"subjectLogonId\": \"0x0\", \"targetUserSid\": \"S-1-0-0\", \"targetUserName\": \"admin\", \"targetDomainName\": \"WIN-KMSGSH5FS1F\", \"status\": \"0xc000006d\", \"failureReason\": \"%%2313\", \"subStatus\": \"0xc0000064\", \"logonType\": \"3\", \"logonProcessName\": \"NtLmSsp\", \"authenticationPackageName\": \"NTLM\", \"keyLength\": \"0\", \"processId\": \"0x0\", \"ipAddress\": \"192.168.10.144\", \"ipPort\": \"50520\"}}}, \"location\": \"EventChannel\"}",
            "inserted_at": "2026-06-07T19:24:38.921594",
            "raw": {
                "timestamp": "2026-05-04T17:55:01.394+0800",
                "rule": {
                    "level": 5,
                    "description": "Logon Failure - Unknown user or bad password",
                    "id": "60122",
                    "mitre": {
                        "id": [
                            "T1531"
                        ],
                        "tactic": [
                            "Impact"
                        ],
                        "technique": [
                            "Account Access Removal"
                        ]
                    },
                    "firedtimes": 7,
                    "mail": false,
                    "groups": [
                        "windows",
                        "windows_security",
                        "authentication_failed"
                    ],
                    "pci_dss": [
                        "10.2.4",
                        "10.2.5"
                    ],
                    "gpg13": [
                        "7.1"
                    ],
                    "gdpr": [
                        "IV_35.7.d",
                        "IV_32.2"
                    ],
                    "hipaa": [
                        "164.312.b"
                    ],
                    "nist_800_53": [
                        "AU.14",
                        "AC.7"
                    ],
                    "tsc": [
                        "CC6.1",
                        "CC6.8",
                        "CC7.2",
                        "CC7.3"
                    ]
                },
                "agent": {
                    "id": "004",
                    "name": "win-server",
                    "ip": "192.168.10.145"
                },
                "manager": {
                    "name": "alwin"
                },
                "id": "1777888501.6338351",
                "decoder": {
                    "name": "windows_eventchannel"
                },
                "data": {
                    "win": {
                        "system": {
                            "providerName": "Microsoft-Windows-Security-Auditing",
                            "providerGuid": "{54849625-5478-4994-a5ba-3e3b0328c30d}",
                            "eventID": "4625",
                            "version": "0",
                            "level": "0",
                            "task": "12544",
                            "opcode": "0",
                            "keywords": "0x8010000000000000",
                            "systemTime": "2026-05-04T09:55:00.341166800Z",
                            "eventRecordID": "1413",
                            "processID": "632",
                            "threadID": "3320",
                            "channel": "Security",
                            "computer": "WIN-KMSGSH5FS1F",
                            "severityValue": "AUDIT_FAILURE",
                            "message": "\"An account failed to log on.\r\n\r\nSubject:\r\n\tSecurity ID:\t\tS-1-0-0\r\n\tAccount Name:\t\t-\r\n\tAccount Domain:\t\t-\r\n\tLogon ID:\t\t0x0\r\n\r\nLogon Type:\t\t\t3\r\n\r\nAccount For Which Logon Failed:\r\n\tSecurity ID:\t\tS-1-0-0\r\n\tAccount Name:\t\tadmin\r\n\tAccount Domain:\t\tWIN-KMSGSH5FS1F\r\n\r\nFailure Information:\r\n\tFailure Reason:\t\tUnknown user name or bad password.\r\n\tStatus:\t\t\t0xC000006D\r\n\tSub Status:\t\t0xC0000064\r\n\r\nProcess Information:\r\n\tCaller Process ID:\t0x0\r\n\tCaller Process Name:\t-\r\n\r\nNetwork Information:\r\n\tWorkstation Name:\t-\r\n\tSource Network Address:\t192.168.10.144\r\n\tSource Port:\t\t50520\r\n\r\nDetailed Authentication Information:\r\n\tLogon Process:\t\tNtLmSsp \r\n\tAuthentication Package:\tNTLM\r\n\tTransited Services:\t-\r\n\tPackage Name (NTLM only):\t-\r\n\tKey Length:\t\t0\r\n\r\nThis event is generated when a logon request fails. It is generated on the computer where access was attempted.\r\n\r\nThe Subject fields indicate the account on the local system which requested the logon. This is most commonly a service such as the Server service, or a local process such as Winlogon.exe or Services.exe.\r\n\r\nThe Logon Type field indicates the kind of logon that was requested. The most common types are 2 (interactive) and 3 (network).\r\n\r\nThe Process Information fields indicate which account and process on the system requested the logon.\r\n\r\nThe Network Information fields indicate where a remote logon request originated. Workstation name is not always available and may be left blank in some cases.\r\n\r\nThe authentication information fields provide detailed information about this specific logon request.\r\n\t- Transited services indicate which intermediate services have participated in this logon request.\r\n\t- Package name indicates which sub-protocol was used among the NTLM protocols.\r\n\t- Key length indicates the length of the generated session key. This will be 0 if no session key was requested.\""
                        },
                        "eventdata": {
                            "subjectUserSid": "S-1-0-0",
                            "subjectLogonId": "0x0",
                            "targetUserSid": "S-1-0-0",
                            "targetUserName": "admin",
                            "targetDomainName": "WIN-KMSGSH5FS1F",
                            "status": "0xc000006d",
                            "failureReason": "%%2313",
                            "subStatus": "0xc0000064",
                            "logonType": "3",
                            "logonProcessName": "NtLmSsp",
                            "authenticationPackageName": "NTLM",
                            "keyLength": "0",
                            "processId": "0x0",
                            "ipAddress": "192.168.10.144",
                            "ipPort": "50520"
                        }
                    }
                },
                "location": "EventChannel"
            }
        }
    },
    {
        "alert_id": "CSA-00016",
        "time": "2026-05-04T18:12:18.955+0800",
        "host": "win-server",
        "user": "unknown",
        "source_ip": "unknown",
        "destination_ip": "unknown",
        "event_id": "1",
        "rule_id": "61618",
        "rule_description": "Sysmon - Suspicious Process - svchost.exe",
        "process": "C:\\\\Windows\\\\System32\\\\svchost.exe",
        "parent_process": "C:\\\\Program Files\\\\Windows Defender\\\\MsMpEng.exe",
        "command_line": "\\\"c:\\\\windows\\\\system32\\\\\\\\svchost.exe\\\"",
        "pack": "suspicious_execution",
        "rule_name": "Suspicious Process Execution",
        "title": "\u26a1 Suspicious Process Execution",
        "summary": "Sysmon - Suspicious Process - svchost.exe | Host: win-server | Process: c:\\\\windows\\\\system32\\\\svchost.exe",
        "severity": "MEDIUM",
        "mitre": [
            "T1059.003"
        ],
        "kill_chain_phase": "Execution",
        "recommended_actions": [
            "Check parent process context",
            "Verify if activity was authorized",
            "Correlate with login events on same host",
            "Check for file drops or network connections after execution"
        ],
        "fp_notes": "Verify parent process \u2014 could be legitimate admin activity",
        "status": "OPEN",
        "raw": {
            "id": "1777889538.6479595",
            "timestamp": "2026-05-04T18:12:18.955+0800",
            "host": "win-server",
            "user": "",
            "event_id": "1",
            "rule_id": "61618",
            "rule_level": 12,
            "rule_description": "Sysmon - Suspicious Process - svchost.exe",
            "source_ip": "",
            "process": "C:\\\\Windows\\\\System32\\\\svchost.exe",
            "parent_process": "C:\\\\Program Files\\\\Windows Defender\\\\MsMpEng.exe",
            "command_line": "\\\"c:\\\\windows\\\\system32\\\\\\\\svchost.exe\\\"",
            "provider": "Microsoft-Windows-Sysmon",
            "raw_json": "{\"timestamp\": \"2026-05-04T18:12:18.955+0800\", \"rule\": {\"level\": 12, \"description\": \"Sysmon - Suspicious Process - svchost.exe\", \"id\": \"61618\", \"mitre\": {\"id\": [\"T1055\"], \"tactic\": [\"Defense Evasion\", \"Privilege Escalation\"], \"technique\": [\"Process Injection\"]}, \"firedtimes\": 1, \"mail\": true, \"groups\": [\"windows\", \"sysmon\", \"sysmon_process-anomalies\"], \"pci_dss\": [\"10.6.1\", \"11.4\"], \"gdpr\": [\"IV_35.7.d\"], \"hipaa\": [\"164.312.b\"], \"nist_800_53\": [\"AU.6\", \"SI.4\"], \"tsc\": [\"CC7.2\", \"CC7.3\", \"CC6.1\", \"CC6.8\"]}, \"agent\": {\"id\": \"004\", \"name\": \"win-server\", \"ip\": \"192.168.10.145\"}, \"manager\": {\"name\": \"alwin\"}, \"id\": \"1777889538.6479595\", \"full_log\": \"{\\\"win\\\":{\\\"system\\\":{\\\"providerName\\\":\\\"Microsoft-Windows-Sysmon\\\",\\\"providerGuid\\\":\\\"{5770385f-c22a-43e0-bf4c-06f5698ffbd9}\\\",\\\"eventID\\\":\\\"1\\\",\\\"version\\\":\\\"5\\\",\\\"level\\\":\\\"4\\\",\\\"task\\\":\\\"1\\\",\\\"opcode\\\":\\\"0\\\",\\\"keywords\\\":\\\"0x8000000000000000\\\",\\\"systemTime\\\":\\\"2026-05-04T10:12:14.188349700Z\\\",\\\"eventRecordID\\\":\\\"296\\\",\\\"processID\\\":\\\"3048\\\",\\\"threadID\\\":\\\"4872\\\",\\\"channel\\\":\\\"Microsoft-Windows-Sysmon/Operational\\\",\\\"computer\\\":\\\"WIN-KMSGSH5FS1F\\\",\\\"severityValue\\\":\\\"INFORMATION\\\",\\\"message\\\":\\\"\\\\\\\"Process Create:\\\\r\\\\nRuleName: -\\\\r\\\\nUtcTime: 2026-05-04 10:12:14.181\\\\r\\\\nProcessGuid: {a6e2d9b7-70fe-69f8-2703-000000000200}\\\\r\\\\nProcessId: 2280\\\\r\\\\nImage: C:\\\\\\\\Windows\\\\\\\\System32\\\\\\\\svchost.exe\\\\r\\\\nFileVersion: 10.0.17763.3346 (WinBuild.160101.0800)\\\\r\\\\nDescription: Host Process for Windows Services\\\\r\\\\nProduct: Microsoft\\u00ae Windows\\u00ae Operating System\\\\r\\\\nCompany: Microsoft Corporation\\\\r\\\\nOriginalFileName: svchost.exe\\\\r\\\\nCommandLine: \\\\\\\"c:\\\\\\\\windows\\\\\\\\system32\\\\\\\\\\\\\\\\svchost.exe\\\\\\\"\\\\r\\\\nCurrentDirectory: C:\\\\\\\\Windows\\\\\\\\system32\\\\\\\\\\\\r\\\\nUser: NT AUTHORITY\\\\\\\\SYSTEM\\\\r\\\\nLogonGuid: {a6e2d9b7-417f-69f8-e703-000000000000}\\\\r\\\\nLogonId: 0x3E7\\\\r\\\\nTerminalSessionId: 0\\\\r\\\\nIntegrityLevel: System\\\\r\\\\nHashes: MD5=4DD18F001AC31D5F48F50F99E4AA1761,SHA256=2B105FB153B1BCD619B95028612B3A93C60B953EEF6837D3BB0099E4207AAF6B,IMPHASH=247B9220E5D9B720A82B2C8B5069AD69\\\\r\\\\nParentProcessGuid: {a6e2d9b7-4180-69f8-2a00-000000000200}\\\\r\\\\nParentProcessId: 2248\\\\r\\\\nParentImage: C:\\\\\\\\Program Files\\\\\\\\Windows Defender\\\\\\\\MsMpEng.exe\\\\r\\\\nParentCommandLine: \\\\\\\"C:\\\\\\\\Program Files\\\\\\\\Windows Defender\\\\\\\\MsMpEng.exe\\\\\\\"\\\\r\\\\nParentUser: NT AUTHORITY\\\\\\\\SYSTEM\\\\\\\"\\\"},\\\"eventdata\\\":{\\\"utcTime\\\":\\\"2026-05-04 10:12:14.181\\\",\\\"processGuid\\\":\\\"{a6e2d9b7-70fe-69f8-2703-000000000200}\\\",\\\"processId\\\":\\\"2280\\\",\\\"image\\\":\\\"C:\\\\\\\\\\\\\\\\Windows\\\\\\\\\\\\\\\\System32\\\\\\\\\\\\\\\\svchost.exe\\\",\\\"fileVersion\\\":\\\"10.0.17763.3346 (WinBuild.160101.0800)\\\",\\\"description\\\":\\\"Host Process for Windows Services\\\",\\\"product\\\":\\\"Microsoft\\u00ae Windows\\u00ae Operating System\\\",\\\"company\\\":\\\"Microsoft Corporation\\\",\\\"originalFileName\\\":\\\"svchost.exe\\\",\\\"commandLine\\\":\\\"\\\\\\\\\\\\\\\"c:\\\\\\\\\\\\\\\\windows\\\\\\\\\\\\\\\\system32\\\\\\\\\\\\\\\\\\\\\\\\\\\\\\\\svchost.exe\\\\\\\\\\\\\\\"\\\",\\\"currentDirectory\\\":\\\"C:\\\\\\\\\\\\\\\\Windows\\\\\\\\\\\\\\\\system32\\\\\\\\\\\\\\\\\\\",\\\"user\\\":\\\"NT AUTHORITY\\\\\\\\\\\\\\\\SYSTEM\\\",\\\"logonGuid\\\":\\\"{a6e2d9b7-417f-69f8-e703-000000000000}\\\",\\\"logonId\\\":\\\"0x3e7\\\",\\\"terminalSessionId\\\":\\\"0\\\",\\\"integrityLevel\\\":\\\"System\\\",\\\"hashes\\\":\\\"MD5=4DD18F001AC31D5F48F50F99E4AA1761,SHA256=2B105FB153B1BCD619B95028612B3A93C60B953EEF6837D3BB0099E4207AAF6B,IMPHASH=247B9220E5D9B720A82B2C8B5069AD69\\\",\\\"parentProcessGuid\\\":\\\"{a6e2d9b7-4180-69f8-2a00-000000000200}\\\",\\\"parentProcessId\\\":\\\"2248\\\",\\\"parentImage\\\":\\\"C:\\\\\\\\\\\\\\\\Program Files\\\\\\\\\\\\\\\\Windows Defender\\\\\\\\\\\\\\\\MsMpEng.exe\\\",\\\"parentCommandLine\\\":\\\"\\\\\\\\\\\\\\\"C:\\\\\\\\\\\\\\\\Program Files\\\\\\\\\\\\\\\\Windows Defender\\\\\\\\\\\\\\\\MsMpEng.exe\\\\\\\\\\\\\\\"\\\",\\\"parentUser\\\":\\\"NT AUTHORITY\\\\\\\\\\\\\\\\SYSTEM\\\"}}}\", \"decoder\": {\"name\": \"windows_eventchannel\"}, \"data\": {\"win\": {\"system\": {\"providerName\": \"Microsoft-Windows-Sysmon\", \"providerGuid\": \"{5770385f-c22a-43e0-bf4c-06f5698ffbd9}\", \"eventID\": \"1\", \"version\": \"5\", \"level\": \"4\", \"task\": \"1\", \"opcode\": \"0\", \"keywords\": \"0x8000000000000000\", \"systemTime\": \"2026-05-04T10:12:14.188349700Z\", \"eventRecordID\": \"296\", \"processID\": \"3048\", \"threadID\": \"4872\", \"channel\": \"Microsoft-Windows-Sysmon/Operational\", \"computer\": \"WIN-KMSGSH5FS1F\", \"severityValue\": \"INFORMATION\", \"message\": \"\\\"Process Create:\\r\\nRuleName: -\\r\\nUtcTime: 2026-05-04 10:12:14.181\\r\\nProcessGuid: {a6e2d9b7-70fe-69f8-2703-000000000200}\\r\\nProcessId: 2280\\r\\nImage: C:\\\\Windows\\\\System32\\\\svchost.exe\\r\\nFileVersion: 10.0.17763.3346 (WinBuild.160101.0800)\\r\\nDescription: Host Process for Windows Services\\r\\nProduct: Microsoft\\u00ae Windows\\u00ae Operating System\\r\\nCompany: Microsoft Corporation\\r\\nOriginalFileName: svchost.exe\\r\\nCommandLine: \\\"c:\\\\windows\\\\system32\\\\\\\\svchost.exe\\\"\\r\\nCurrentDirectory: C:\\\\Windows\\\\system32\\\\\\r\\nUser: NT AUTHORITY\\\\SYSTEM\\r\\nLogonGuid: {a6e2d9b7-417f-69f8-e703-000000000000}\\r\\nLogonId: 0x3E7\\r\\nTerminalSessionId: 0\\r\\nIntegrityLevel: System\\r\\nHashes: MD5=4DD18F001AC31D5F48F50F99E4AA1761,SHA256=2B105FB153B1BCD619B95028612B3A93C60B953EEF6837D3BB0099E4207AAF6B,IMPHASH=247B9220E5D9B720A82B2C8B5069AD69\\r\\nParentProcessGuid: {a6e2d9b7-4180-69f8-2a00-000000000200}\\r\\nParentProcessId: 2248\\r\\nParentImage: C:\\\\Program Files\\\\Windows Defender\\\\MsMpEng.exe\\r\\nParentCommandLine: \\\"C:\\\\Program Files\\\\Windows Defender\\\\MsMpEng.exe\\\"\\r\\nParentUser: NT AUTHORITY\\\\SYSTEM\\\"\"}, \"eventdata\": {\"utcTime\": \"2026-05-04 10:12:14.181\", \"processGuid\": \"{a6e2d9b7-70fe-69f8-2703-000000000200}\", \"processId\": \"2280\", \"image\": \"C:\\\\\\\\Windows\\\\\\\\System32\\\\\\\\svchost.exe\", \"fileVersion\": \"10.0.17763.3346 (WinBuild.160101.0800)\", \"description\": \"Host Process for Windows Services\", \"product\": \"Microsoft\\u00ae Windows\\u00ae Operating System\", \"company\": \"Microsoft Corporation\", \"originalFileName\": \"svchost.exe\", \"commandLine\": \"\\\\\\\"c:\\\\\\\\windows\\\\\\\\system32\\\\\\\\\\\\\\\\svchost.exe\\\\\\\"\", \"currentDirectory\": \"C:\\\\\\\\Windows\\\\\\\\system32\\\\\\\\\", \"user\": \"NT AUTHORITY\\\\\\\\SYSTEM\", \"logonGuid\": \"{a6e2d9b7-417f-69f8-e703-000000000000}\", \"logonId\": \"0x3e7\", \"terminalSessionId\": \"0\", \"integrityLevel\": \"System\", \"hashes\": \"MD5=4DD18F001AC31D5F48F50F99E4AA1761,SHA256=2B105FB153B1BCD619B95028612B3A93C60B953EEF6837D3BB0099E4207AAF6B,IMPHASH=247B9220E5D9B720A82B2C8B5069AD69\", \"parentProcessGuid\": \"{a6e2d9b7-4180-69f8-2a00-000000000200}\", \"parentProcessId\": \"2248\", \"parentImage\": \"C:\\\\\\\\Program Files\\\\\\\\Windows Defender\\\\\\\\MsMpEng.exe\", \"parentCommandLine\": \"\\\\\\\"C:\\\\\\\\Program Files\\\\\\\\Windows Defender\\\\\\\\MsMpEng.exe\\\\\\\"\", \"parentUser\": \"NT AUTHORITY\\\\\\\\SYSTEM\"}}}, \"location\": \"EventChannel\"}",
            "inserted_at": "2026-06-07T19:24:38.921594",
            "raw": {
                "timestamp": "2026-05-04T18:12:18.955+0800",
                "rule": {
                    "level": 12,
                    "description": "Sysmon - Suspicious Process - svchost.exe",
                    "id": "61618",
                    "mitre": {
                        "id": [
                            "T1055"
                        ],
                        "tactic": [
                            "Defense Evasion",
                            "Privilege Escalation"
                        ],
                        "technique": [
                            "Process Injection"
                        ]
                    },
                    "firedtimes": 1,
                    "mail": true,
                    "groups": [
                        "windows",
                        "sysmon",
                        "sysmon_process-anomalies"
                    ],
                    "pci_dss": [
                        "10.6.1",
                        "11.4"
                    ],
                    "gdpr": [
                        "IV_35.7.d"
                    ],
                    "hipaa": [
                        "164.312.b"
                    ],
                    "nist_800_53": [
                        "AU.6",
                        "SI.4"
                    ],
                    "tsc": [
                        "CC7.2",
                        "CC7.3",
                        "CC6.1",
                        "CC6.8"
                    ]
                },
                "agent": {
                    "id": "004",
                    "name": "win-server",
                    "ip": "192.168.10.145"
                },
                "manager": {
                    "name": "alwin"
                },
                "id": "1777889538.6479595",
                "full_log": "{\"win\":{\"system\":{\"providerName\":\"Microsoft-Windows-Sysmon\",\"providerGuid\":\"{5770385f-c22a-43e0-bf4c-06f5698ffbd9}\",\"eventID\":\"1\",\"version\":\"5\",\"level\":\"4\",\"task\":\"1\",\"opcode\":\"0\",\"keywords\":\"0x8000000000000000\",\"systemTime\":\"2026-05-04T10:12:14.188349700Z\",\"eventRecordID\":\"296\",\"processID\":\"3048\",\"threadID\":\"4872\",\"channel\":\"Microsoft-Windows-Sysmon/Operational\",\"computer\":\"WIN-KMSGSH5FS1F\",\"severityValue\":\"INFORMATION\",\"message\":\"\\\"Process Create:\\r\\nRuleName: -\\r\\nUtcTime: 2026-05-04 10:12:14.181\\r\\nProcessGuid: {a6e2d9b7-70fe-69f8-2703-000000000200}\\r\\nProcessId: 2280\\r\\nImage: C:\\\\Windows\\\\System32\\\\svchost.exe\\r\\nFileVersion: 10.0.17763.3346 (WinBuild.160101.0800)\\r\\nDescription: Host Process for Windows Services\\r\\nProduct: Microsoft\u00ae Windows\u00ae Operating System\\r\\nCompany: Microsoft Corporation\\r\\nOriginalFileName: svchost.exe\\r\\nCommandLine: \\\"c:\\\\windows\\\\system32\\\\\\\\svchost.exe\\\"\\r\\nCurrentDirectory: C:\\\\Windows\\\\system32\\\\\\r\\nUser: NT AUTHORITY\\\\SYSTEM\\r\\nLogonGuid: {a6e2d9b7-417f-69f8-e703-000000000000}\\r\\nLogonId: 0x3E7\\r\\nTerminalSessionId: 0\\r\\nIntegrityLevel: System\\r\\nHashes: MD5=4DD18F001AC31D5F48F50F99E4AA1761,SHA256=2B105FB153B1BCD619B95028612B3A93C60B953EEF6837D3BB0099E4207AAF6B,IMPHASH=247B9220E5D9B720A82B2C8B5069AD69\\r\\nParentProcessGuid: {a6e2d9b7-4180-69f8-2a00-000000000200}\\r\\nParentProcessId: 2248\\r\\nParentImage: C:\\\\Program Files\\\\Windows Defender\\\\MsMpEng.exe\\r\\nParentCommandLine: \\\"C:\\\\Program Files\\\\Windows Defender\\\\MsMpEng.exe\\\"\\r\\nParentUser: NT AUTHORITY\\\\SYSTEM\\\"\"},\"eventdata\":{\"utcTime\":\"2026-05-04 10:12:14.181\",\"processGuid\":\"{a6e2d9b7-70fe-69f8-2703-000000000200}\",\"processId\":\"2280\",\"image\":\"C:\\\\\\\\Windows\\\\\\\\System32\\\\\\\\svchost.exe\",\"fileVersion\":\"10.0.17763.3346 (WinBuild.160101.0800)\",\"description\":\"Host Process for Windows Services\",\"product\":\"Microsoft\u00ae Windows\u00ae Operating System\",\"company\":\"Microsoft Corporation\",\"originalFileName\":\"svchost.exe\",\"commandLine\":\"\\\\\\\"c:\\\\\\\\windows\\\\\\\\system32\\\\\\\\\\\\\\\\svchost.exe\\\\\\\"\",\"currentDirectory\":\"C:\\\\\\\\Windows\\\\\\\\system32\\\\\\\\\",\"user\":\"NT AUTHORITY\\\\\\\\SYSTEM\",\"logonGuid\":\"{a6e2d9b7-417f-69f8-e703-000000000000}\",\"logonId\":\"0x3e7\",\"terminalSessionId\":\"0\",\"integrityLevel\":\"System\",\"hashes\":\"MD5=4DD18F001AC31D5F48F50F99E4AA1761,SHA256=2B105FB153B1BCD619B95028612B3A93C60B953EEF6837D3BB0099E4207AAF6B,IMPHASH=247B9220E5D9B720A82B2C8B5069AD69\",\"parentProcessGuid\":\"{a6e2d9b7-4180-69f8-2a00-000000000200}\",\"parentProcessId\":\"2248\",\"parentImage\":\"C:\\\\\\\\Program Files\\\\\\\\Windows Defender\\\\\\\\MsMpEng.exe\",\"parentCommandLine\":\"\\\\\\\"C:\\\\\\\\Program Files\\\\\\\\Windows Defender\\\\\\\\MsMpEng.exe\\\\\\\"\",\"parentUser\":\"NT AUTHORITY\\\\\\\\SYSTEM\"}}}",
                "decoder": {
                    "name": "windows_eventchannel"
                },
                "data": {
                    "win": {
                        "system": {
                            "providerName": "Microsoft-Windows-Sysmon",
                            "providerGuid": "{5770385f-c22a-43e0-bf4c-06f5698ffbd9}",
                            "eventID": "1",
                            "version": "5",
                            "level": "4",
                            "task": "1",
                            "opcode": "0",
                            "keywords": "0x8000000000000000",
                            "systemTime": "2026-05-04T10:12:14.188349700Z",
                            "eventRecordID": "296",
                            "processID": "3048",
                            "threadID": "4872",
                            "channel": "Microsoft-Windows-Sysmon/Operational",
                            "computer": "WIN-KMSGSH5FS1F",
                            "severityValue": "INFORMATION",
                            "message": "\"Process Create:\r\nRuleName: -\r\nUtcTime: 2026-05-04 10:12:14.181\r\nProcessGuid: {a6e2d9b7-70fe-69f8-2703-000000000200}\r\nProcessId: 2280\r\nImage: C:\\Windows\\System32\\svchost.exe\r\nFileVersion: 10.0.17763.3346 (WinBuild.160101.0800)\r\nDescription: Host Process for Windows Services\r\nProduct: Microsoft\u00ae Windows\u00ae Operating System\r\nCompany: Microsoft Corporation\r\nOriginalFileName: svchost.exe\r\nCommandLine: \"c:\\windows\\system32\\\\svchost.exe\"\r\nCurrentDirectory: C:\\Windows\\system32\\\r\nUser: NT AUTHORITY\\SYSTEM\r\nLogonGuid: {a6e2d9b7-417f-69f8-e703-000000000000}\r\nLogonId: 0x3E7\r\nTerminalSessionId: 0\r\nIntegrityLevel: System\r\nHashes: MD5=4DD18F001AC31D5F48F50F99E4AA1761,SHA256=2B105FB153B1BCD619B95028612B3A93C60B953EEF6837D3BB0099E4207AAF6B,IMPHASH=247B9220E5D9B720A82B2C8B5069AD69\r\nParentProcessGuid: {a6e2d9b7-4180-69f8-2a00-000000000200}\r\nParentProcessId: 2248\r\nParentImage: C:\\Program Files\\Windows Defender\\MsMpEng.exe\r\nParentCommandLine: \"C:\\Program Files\\Windows Defender\\MsMpEng.exe\"\r\nParentUser: NT AUTHORITY\\SYSTEM\""
                        },
                        "eventdata": {
                            "utcTime": "2026-05-04 10:12:14.181",
                            "processGuid": "{a6e2d9b7-70fe-69f8-2703-000000000200}",
                            "processId": "2280",
                            "image": "C:\\\\Windows\\\\System32\\\\svchost.exe",
                            "fileVersion": "10.0.17763.3346 (WinBuild.160101.0800)",
                            "description": "Host Process for Windows Services",
                            "product": "Microsoft\u00ae Windows\u00ae Operating System",
                            "company": "Microsoft Corporation",
                            "originalFileName": "svchost.exe",
                            "commandLine": "\\\"c:\\\\windows\\\\system32\\\\\\\\svchost.exe\\\"",
                            "currentDirectory": "C:\\\\Windows\\\\system32\\\\",
                            "user": "NT AUTHORITY\\\\SYSTEM",
                            "logonGuid": "{a6e2d9b7-417f-69f8-e703-000000000000}",
                            "logonId": "0x3e7",
                            "terminalSessionId": "0",
                            "integrityLevel": "System",
                            "hashes": "MD5=4DD18F001AC31D5F48F50F99E4AA1761,SHA256=2B105FB153B1BCD619B95028612B3A93C60B953EEF6837D3BB0099E4207AAF6B,IMPHASH=247B9220E5D9B720A82B2C8B5069AD69",
                            "parentProcessGuid": "{a6e2d9b7-4180-69f8-2a00-000000000200}",
                            "parentProcessId": "2248",
                            "parentImage": "C:\\\\Program Files\\\\Windows Defender\\\\MsMpEng.exe",
                            "parentCommandLine": "\\\"C:\\\\Program Files\\\\Windows Defender\\\\MsMpEng.exe\\\"",
                            "parentUser": "NT AUTHORITY\\\\SYSTEM"
                        }
                    }
                },
                "location": "EventChannel"
            }
        }
    },
    {
        "alert_id": "CSA-00017",
        "time": "2026-05-04T18:13:20.003+0800",
        "host": "win-server",
        "user": "admin",
        "source_ip": "192.168.10.144",
        "destination_ip": "unknown",
        "event_id": "4625",
        "rule_id": "60122",
        "rule_description": "Logon Failure - Unknown user or bad password",
        "process": "",
        "parent_process": "",
        "command_line": "",
        "pack": "brute_force",
        "rule_name": "Brute Force Detected",
        "title": "\ud83d\udd28 Brute Force Login Attempt",
        "summary": "10 failed logins in 5 min | User: admin | Host: win-server",
        "severity": "MEDIUM",
        "mitre": [
            "T1110"
        ],
        "kill_chain_phase": "Initial Access",
        "recommended_actions": [
            "Check if account is now locked",
            "Verify source IP",
            "Monitor for successful login (4624) following this"
        ],
        "fp_notes": "Could be password expiry or account lockout \u2014 no confirmed success yet",
        "status": "OPEN",
        "raw": {
            "id": "1777889600.6698965",
            "timestamp": "2026-05-04T18:13:20.003+0800",
            "host": "win-server",
            "user": "admin",
            "event_id": "4625",
            "rule_id": "60122",
            "rule_level": 5,
            "rule_description": "Logon Failure - Unknown user or bad password",
            "source_ip": "192.168.10.144",
            "process": "",
            "parent_process": "",
            "command_line": "",
            "provider": "Microsoft-Windows-Security-Auditing",
            "raw_json": "{\"timestamp\": \"2026-05-04T18:13:20.003+0800\", \"rule\": {\"level\": 5, \"description\": \"Logon Failure - Unknown user or bad password\", \"id\": \"60122\", \"mitre\": {\"id\": [\"T1531\"], \"tactic\": [\"Impact\"], \"technique\": [\"Account Access Removal\"]}, \"firedtimes\": 10, \"mail\": false, \"groups\": [\"windows\", \"windows_security\", \"authentication_failed\"], \"pci_dss\": [\"10.2.4\", \"10.2.5\"], \"gpg13\": [\"7.1\"], \"gdpr\": [\"IV_35.7.d\", \"IV_32.2\"], \"hipaa\": [\"164.312.b\"], \"nist_800_53\": [\"AU.14\", \"AC.7\"], \"tsc\": [\"CC6.1\", \"CC6.8\", \"CC7.2\", \"CC7.3\"]}, \"agent\": {\"id\": \"004\", \"name\": \"win-server\", \"ip\": \"192.168.10.145\"}, \"manager\": {\"name\": \"alwin\"}, \"id\": \"1777889600.6698965\", \"decoder\": {\"name\": \"windows_eventchannel\"}, \"data\": {\"win\": {\"system\": {\"providerName\": \"Microsoft-Windows-Security-Auditing\", \"providerGuid\": \"{54849625-5478-4994-a5ba-3e3b0328c30d}\", \"eventID\": \"4625\", \"version\": \"0\", \"level\": \"0\", \"task\": \"12544\", \"opcode\": \"0\", \"keywords\": \"0x8010000000000000\", \"systemTime\": \"2026-05-04T10:13:18.752591600Z\", \"eventRecordID\": \"1478\", \"processID\": \"632\", \"threadID\": \"3528\", \"channel\": \"Security\", \"computer\": \"WIN-KMSGSH5FS1F\", \"severityValue\": \"AUDIT_FAILURE\", \"message\": \"\\\"An account failed to log on.\\r\\n\\r\\nSubject:\\r\\n\\tSecurity ID:\\t\\tS-1-0-0\\r\\n\\tAccount Name:\\t\\t-\\r\\n\\tAccount Domain:\\t\\t-\\r\\n\\tLogon ID:\\t\\t0x0\\r\\n\\r\\nLogon Type:\\t\\t\\t3\\r\\n\\r\\nAccount For Which Logon Failed:\\r\\n\\tSecurity ID:\\t\\tS-1-0-0\\r\\n\\tAccount Name:\\t\\tadmin\\r\\n\\tAccount Domain:\\t\\tWIN-KMSGSH5FS1F\\r\\n\\r\\nFailure Information:\\r\\n\\tFailure Reason:\\t\\tUnknown user name or bad password.\\r\\n\\tStatus:\\t\\t\\t0xC000006D\\r\\n\\tSub Status:\\t\\t0xC0000064\\r\\n\\r\\nProcess Information:\\r\\n\\tCaller Process ID:\\t0x0\\r\\n\\tCaller Process Name:\\t-\\r\\n\\r\\nNetwork Information:\\r\\n\\tWorkstation Name:\\t-\\r\\n\\tSource Network Address:\\t192.168.10.144\\r\\n\\tSource Port:\\t\\t56566\\r\\n\\r\\nDetailed Authentication Information:\\r\\n\\tLogon Process:\\t\\tNtLmSsp \\r\\n\\tAuthentication Package:\\tNTLM\\r\\n\\tTransited Services:\\t-\\r\\n\\tPackage Name (NTLM only):\\t-\\r\\n\\tKey Length:\\t\\t0\\r\\n\\r\\nThis event is generated when a logon request fails. It is generated on the computer where access was attempted.\\r\\n\\r\\nThe Subject fields indicate the account on the local system which requested the logon. This is most commonly a service such as the Server service, or a local process such as Winlogon.exe or Services.exe.\\r\\n\\r\\nThe Logon Type field indicates the kind of logon that was requested. The most common types are 2 (interactive) and 3 (network).\\r\\n\\r\\nThe Process Information fields indicate which account and process on the system requested the logon.\\r\\n\\r\\nThe Network Information fields indicate where a remote logon request originated. Workstation name is not always available and may be left blank in some cases.\\r\\n\\r\\nThe authentication information fields provide detailed information about this specific logon request.\\r\\n\\t- Transited services indicate which intermediate services have participated in this logon request.\\r\\n\\t- Package name indicates which sub-protocol was used among the NTLM protocols.\\r\\n\\t- Key length indicates the length of the generated session key. This will be 0 if no session key was requested.\\\"\"}, \"eventdata\": {\"subjectUserSid\": \"S-1-0-0\", \"subjectLogonId\": \"0x0\", \"targetUserSid\": \"S-1-0-0\", \"targetUserName\": \"admin\", \"targetDomainName\": \"WIN-KMSGSH5FS1F\", \"status\": \"0xc000006d\", \"failureReason\": \"%%2313\", \"subStatus\": \"0xc0000064\", \"logonType\": \"3\", \"logonProcessName\": \"NtLmSsp\", \"authenticationPackageName\": \"NTLM\", \"keyLength\": \"0\", \"processId\": \"0x0\", \"ipAddress\": \"192.168.10.144\", \"ipPort\": \"56566\"}}}, \"location\": \"EventChannel\"}",
            "inserted_at": "2026-06-07T19:24:38.921594",
            "raw": {
                "timestamp": "2026-05-04T18:13:20.003+0800",
                "rule": {
                    "level": 5,
                    "description": "Logon Failure - Unknown user or bad password",
                    "id": "60122",
                    "mitre": {
                        "id": [
                            "T1531"
                        ],
                        "tactic": [
                            "Impact"
                        ],
                        "technique": [
                            "Account Access Removal"
                        ]
                    },
                    "firedtimes": 10,
                    "mail": false,
                    "groups": [
                        "windows",
                        "windows_security",
                        "authentication_failed"
                    ],
                    "pci_dss": [
                        "10.2.4",
                        "10.2.5"
                    ],
                    "gpg13": [
                        "7.1"
                    ],
                    "gdpr": [
                        "IV_35.7.d",
                        "IV_32.2"
                    ],
                    "hipaa": [
                        "164.312.b"
                    ],
                    "nist_800_53": [
                        "AU.14",
                        "AC.7"
                    ],
                    "tsc": [
                        "CC6.1",
                        "CC6.8",
                        "CC7.2",
                        "CC7.3"
                    ]
                },
                "agent": {
                    "id": "004",
                    "name": "win-server",
                    "ip": "192.168.10.145"
                },
                "manager": {
                    "name": "alwin"
                },
                "id": "1777889600.6698965",
                "decoder": {
                    "name": "windows_eventchannel"
                },
                "data": {
                    "win": {
                        "system": {
                            "providerName": "Microsoft-Windows-Security-Auditing",
                            "providerGuid": "{54849625-5478-4994-a5ba-3e3b0328c30d}",
                            "eventID": "4625",
                            "version": "0",
                            "level": "0",
                            "task": "12544",
                            "opcode": "0",
                            "keywords": "0x8010000000000000",
                            "systemTime": "2026-05-04T10:13:18.752591600Z",
                            "eventRecordID": "1478",
                            "processID": "632",
                            "threadID": "3528",
                            "channel": "Security",
                            "computer": "WIN-KMSGSH5FS1F",
                            "severityValue": "AUDIT_FAILURE",
                            "message": "\"An account failed to log on.\r\n\r\nSubject:\r\n\tSecurity ID:\t\tS-1-0-0\r\n\tAccount Name:\t\t-\r\n\tAccount Domain:\t\t-\r\n\tLogon ID:\t\t0x0\r\n\r\nLogon Type:\t\t\t3\r\n\r\nAccount For Which Logon Failed:\r\n\tSecurity ID:\t\tS-1-0-0\r\n\tAccount Name:\t\tadmin\r\n\tAccount Domain:\t\tWIN-KMSGSH5FS1F\r\n\r\nFailure Information:\r\n\tFailure Reason:\t\tUnknown user name or bad password.\r\n\tStatus:\t\t\t0xC000006D\r\n\tSub Status:\t\t0xC0000064\r\n\r\nProcess Information:\r\n\tCaller Process ID:\t0x0\r\n\tCaller Process Name:\t-\r\n\r\nNetwork Information:\r\n\tWorkstation Name:\t-\r\n\tSource Network Address:\t192.168.10.144\r\n\tSource Port:\t\t56566\r\n\r\nDetailed Authentication Information:\r\n\tLogon Process:\t\tNtLmSsp \r\n\tAuthentication Package:\tNTLM\r\n\tTransited Services:\t-\r\n\tPackage Name (NTLM only):\t-\r\n\tKey Length:\t\t0\r\n\r\nThis event is generated when a logon request fails. It is generated on the computer where access was attempted.\r\n\r\nThe Subject fields indicate the account on the local system which requested the logon. This is most commonly a service such as the Server service, or a local process such as Winlogon.exe or Services.exe.\r\n\r\nThe Logon Type field indicates the kind of logon that was requested. The most common types are 2 (interactive) and 3 (network).\r\n\r\nThe Process Information fields indicate which account and process on the system requested the logon.\r\n\r\nThe Network Information fields indicate where a remote logon request originated. Workstation name is not always available and may be left blank in some cases.\r\n\r\nThe authentication information fields provide detailed information about this specific logon request.\r\n\t- Transited services indicate which intermediate services have participated in this logon request.\r\n\t- Package name indicates which sub-protocol was used among the NTLM protocols.\r\n\t- Key length indicates the length of the generated session key. This will be 0 if no session key was requested.\""
                        },
                        "eventdata": {
                            "subjectUserSid": "S-1-0-0",
                            "subjectLogonId": "0x0",
                            "targetUserSid": "S-1-0-0",
                            "targetUserName": "admin",
                            "targetDomainName": "WIN-KMSGSH5FS1F",
                            "status": "0xc000006d",
                            "failureReason": "%%2313",
                            "subStatus": "0xc0000064",
                            "logonType": "3",
                            "logonProcessName": "NtLmSsp",
                            "authenticationPackageName": "NTLM",
                            "keyLength": "0",
                            "processId": "0x0",
                            "ipAddress": "192.168.10.144",
                            "ipPort": "56566"
                        }
                    }
                },
                "location": "EventChannel"
            }
        }
    },
