[
    {
        "alert_id": "CSA-00001",
        "time": "2026-05-02T14:51:07.859+0800",
        "host": "WIN-LI00JJSH3VR",
        "user": "unknown",
        "source_ip": "unknown",
        "destination_ip": "unknown",
        "event_id": "7040",
        "rule_id": "61104",
        "rule_description": "Service startup type was changed",
        "process": "",
        "parent_process": "",
        "command_line": "",
        "pack": "persistence",
        "rule_name": "Service Startup Type Changed",
        "title": "\u2699\ufe0f Service Configuration Modified",
        "summary": "Service startup type changed on WIN-LI00JJSH3VR \u2014 possible persistence mechanism",
        "severity": "MEDIUM",
        "mitre": [
            "T1543.003"
        ],
        "kill_chain_phase": "Persistence",
        "recommended_actions": [
            "Identify which service was modified",
            "Verify if change was authorized",
            "Check service binary path for malicious executables",
            "Correlate with other suspicious activity on same host"
        ],
        "fp_notes": "Could be legitimate software installation \u2014 check change management",
        "status": "OPEN",
        "raw": {
            "id": "1777704667.116660",
            "timestamp": "2026-05-02T14:51:07.859+0800",
            "host": "WIN-LI00JJSH3VR",
            "user": "",
            "event_id": "7040",
            "rule_id": "61104",
            "rule_level": 3,
            "rule_description": "Service startup type was changed",
            "source_ip": "",
            "process": "",
            "parent_process": "",
            "command_line": "",
            "provider": "Service Control Manager",
            "raw_json": "{\"timestamp\": \"2026-05-02T14:51:07.859+0800\", \"rule\": {\"level\": 3, \"description\": \"Service startup type was changed\", \"id\": \"61104\", \"info\": \"This does not appear to be logged on Windows 2000\", \"firedtimes\": 1, \"mail\": false, \"groups\": [\"windows\", \"windows_system\", \"policy_changed\"], \"pci_dss\": [\"10.6\"], \"gdpr\": [\"IV_35.7.d\"], \"hipaa\": [\"164.312.b\"], \"nist_800_53\": [\"AU.6\"], \"tsc\": [\"CC6.1\", \"CC6.8\", \"CC7.2\", \"CC7.3\"]}, \"agent\": {\"id\": \"001\", \"name\": \"WIN-LI00JJSH3VR\", \"ip\": \"192.168.10.145\"}, \"manager\": {\"name\": \"alwin\"}, \"id\": \"1777704667.116660\", \"decoder\": {\"name\": \"windows_eventchannel\"}, \"data\": {\"win\": {\"system\": {\"providerName\": \"Service Control Manager\", \"providerGuid\": \"{555908d1-a6d7-4695-8e1e-26931d2012f4}\", \"eventSourceName\": \"Service Control Manager\", \"eventID\": \"7040\", \"version\": \"0\", \"level\": \"4\", \"task\": \"0\", \"opcode\": \"0\", \"keywords\": \"0x8080000000000000\", \"systemTime\": \"2026-05-02T06:51:01.327535100Z\", \"eventRecordID\": \"9553\", \"processID\": \"636\", \"threadID\": \"720\", \"channel\": \"System\", \"computer\": \"WIN-LI00JJSH3VR.TERMAX.local\", \"severityValue\": \"INFORMATION\", \"message\": \"\\\"The start type of the Background Intelligent Transfer Service service was changed from demand start to auto start.\\\"\"}, \"eventdata\": {\"param1\": \"Background Intelligent Transfer Service\", \"param2\": \"demand start\", \"param3\": \"auto start\", \"param4\": \"BITS\"}}}, \"location\": \"EventChannel\"}",
            "inserted_at": "2026-06-07T19:24:38.921594",
            "raw": {
                "timestamp": "2026-05-02T14:51:07.859+0800",
                "rule": {
                    "level": 3,
                    "description": "Service startup type was changed",
                    "id": "61104",
                    "info": "This does not appear to be logged on Windows 2000",
                    "firedtimes": 1,
                    "mail": false,
                    "groups": [
                        "windows",
                        "windows_system",
                        "policy_changed"
                    ],
                    "pci_dss": [
                        "10.6"
                    ],
                    "gdpr": [
                        "IV_35.7.d"
                    ],
                    "hipaa": [
                        "164.312.b"
                    ],
                    "nist_800_53": [
                        "AU.6"
                    ],
                    "tsc": [
                        "CC6.1",
                        "CC6.8",
                        "CC7.2",
                        "CC7.3"
                    ]
                },
                "agent": {
                    "id": "001",
                    "name": "WIN-LI00JJSH3VR",
                    "ip": "192.168.10.145"
                },
                "manager": {
                    "name": "alwin"
                },
                "id": "1777704667.116660",
                "decoder": {
                    "name": "windows_eventchannel"
                },
                "data": {
                    "win": {
                        "system": {
                            "providerName": "Service Control Manager",
                            "providerGuid": "{555908d1-a6d7-4695-8e1e-26931d2012f4}",
                            "eventSourceName": "Service Control Manager",
                            "eventID": "7040",
                            "version": "0",
                            "level": "4",
                            "task": "0",
                            "opcode": "0",
                            "keywords": "0x8080000000000000",
                            "systemTime": "2026-05-02T06:51:01.327535100Z",
                            "eventRecordID": "9553",
                            "processID": "636",
                            "threadID": "720",
                            "channel": "System",
                            "computer": "WIN-LI00JJSH3VR.TERMAX.local",
                            "severityValue": "INFORMATION",
                            "message": "\"The start type of the Background Intelligent Transfer Service service was changed from demand start to auto start.\""
                        },
                        "eventdata": {
                            "param1": "Background Intelligent Transfer Service",
                            "param2": "demand start",
                            "param3": "auto start",
                            "param4": "BITS"
                        }
                    }
                },
                "location": "EventChannel"
            }
        }
    },
    {
        "alert_id": "CSA-00002",
        "time": "2026-05-02T17:55:44.328+0800",
        "host": "WIN-LI00JJSH3VR",
        "user": "administrator",
        "source_ip": "unknown",
        "destination_ip": "unknown",
        "event_id": "4719",
        "rule_id": "60112",
        "rule_description": "Windows Audit Policy changed",
        "process": "",
        "parent_process": "",
        "command_line": "",
        "pack": "defense_evasion",
        "rule_name": "Audit Policy Changed",
        "title": "\ud83d\udee1\ufe0f Audit Policy Modified",
        "summary": "Windows audit policy changed on WIN-LI00JJSH3VR \u2014 attacker may be disabling logging",
        "severity": "HIGH",
        "mitre": [
            "T1562.002"
        ],
        "kill_chain_phase": "Defense Evasion",
        "recommended_actions": [
            "Verify if audit policy change was authorized",
            "Check what specific policies were changed",
            "Re-enable audit logging if disabled",
            "Investigate who made the change and why"
        ],
        "fp_notes": "Could be legitimate IT policy change \u2014 verify with change management",
        "status": "OPEN",
        "raw": {
            "id": "1777715744.7934607",
            "timestamp": "2026-05-02T17:55:44.328+0800",
            "host": "WIN-LI00JJSH3VR",
            "user": "administrator",
            "event_id": "4719",
            "rule_id": "60112",
            "rule_level": 8,
            "rule_description": "Windows Audit Policy changed",
            "source_ip": "",
            "process": "",
            "parent_process": "",
            "command_line": "",
            "provider": "Microsoft-Windows-Security-Auditing",
            "raw_json": "{\"timestamp\": \"2026-05-02T17:55:44.328+0800\", \"rule\": {\"level\": 8, \"description\": \"Windows Audit Policy changed\", \"id\": \"60112\", \"firedtimes\": 1, \"mail\": false, \"groups\": [\"windows\", \"windows_security\", \"policy_changed\"], \"pci_dss\": [\"10.6.1\"], \"gpg13\": [\"10.1\"], \"gdpr\": [\"IV_35.7.d\"], \"hipaa\": [\"164.312.b\"], \"nist_800_53\": [\"AU.6\"], \"tsc\": [\"CC7.2\", \"CC7.3\"]}, \"agent\": {\"id\": \"001\", \"name\": \"WIN-LI00JJSH3VR\", \"ip\": \"192.168.10.145\"}, \"manager\": {\"name\": \"alwin\"}, \"id\": \"1777715744.7934607\", \"decoder\": {\"name\": \"windows_eventchannel\"}, \"data\": {\"win\": {\"system\": {\"providerName\": \"Microsoft-Windows-Security-Auditing\", \"providerGuid\": \"{54849625-5478-4994-a5ba-3e3b0328c30d}\", \"eventID\": \"4719\", \"version\": \"0\", \"level\": \"0\", \"task\": \"13568\", \"opcode\": \"0\", \"keywords\": \"0x8020000000000000\", \"systemTime\": \"2026-05-02T09:55:43.151614300Z\", \"eventRecordID\": \"299490\", \"processID\": \"648\", \"threadID\": \"4036\", \"channel\": \"Security\", \"computer\": \"WIN-LI00JJSH3VR.TERMAX.local\", \"severityValue\": \"AUDIT_SUCCESS\", \"message\": \"\\\"System audit policy was changed.\\r\\n\\r\\nSubject:\\r\\n\\tSecurity ID:\\t\\tS-1-5-21-2182707558-2931450176-3843295060-500\\r\\n\\tAccount Name:\\t\\tAdministrator\\r\\n\\tAccount Domain:\\t\\tTERMAX\\r\\n\\tLogon ID:\\t\\t0xD83D0\\r\\n\\r\\nAudit Policy Change:\\r\\n\\tCategory:\\t\\tLogon/Logoff\\r\\n\\tSubcategory:\\t\\tLogon\\r\\n\\tSubcategory GUID:\\t{0cce9215-69ae-11d9-bed3-505054503030}\\r\\n\\tChanges:\\t\\tSuccess Added, Failure added\\\"\"}, \"eventdata\": {\"subjectUserSid\": \"S-1-5-21-2182707558-2931450176-3843295060-500\", \"subjectUserName\": \"Administrator\", \"subjectDomainName\": \"TERMAX\", \"subjectLogonId\": \"0xd83d0\", \"categoryId\": \"%%8273\", \"subcategoryId\": \"%%12544\", \"subcategoryGuid\": \"{0cce9215-69ae-11d9-bed3-505054503030}\", \"auditPolicyChangesId\": \"%%8449, %%8451\", \"category\": \"Logon/Logoff\", \"subcategory\": \"Logon\", \"auditPolicyChanges\": \"Success added, Failure added\"}}}, \"location\": \"EventChannel\"}",
            "inserted_at": "2026-06-07T19:24:38.921594",
            "raw": {
                "timestamp": "2026-05-02T17:55:44.328+0800",
                "rule": {
                    "level": 8,
                    "description": "Windows Audit Policy changed",
                    "id": "60112",
                    "firedtimes": 1,
                    "mail": false,
                    "groups": [
                        "windows",
                        "windows_security",
                        "policy_changed"
                    ],
                    "pci_dss": [
                        "10.6.1"
                    ],
                    "gpg13": [
                        "10.1"
                    ],
                    "gdpr": [
                        "IV_35.7.d"
                    ],
                    "hipaa": [
                        "164.312.b"
                    ],
                    "nist_800_53": [
                        "AU.6"
                    ],
                    "tsc": [
                        "CC7.2",
                        "CC7.3"
                    ]
                },
                "agent": {
                    "id": "001",
                    "name": "WIN-LI00JJSH3VR",
                    "ip": "192.168.10.145"
                },
                "manager": {
                    "name": "alwin"
                },
                "id": "1777715744.7934607",
                "decoder": {
                    "name": "windows_eventchannel"
                },
                "data": {
                    "win": {
                        "system": {
                            "providerName": "Microsoft-Windows-Security-Auditing",
                            "providerGuid": "{54849625-5478-4994-a5ba-3e3b0328c30d}",
                            "eventID": "4719",
                            "version": "0",
                            "level": "0",
                            "task": "13568",
                            "opcode": "0",
                            "keywords": "0x8020000000000000",
                            "systemTime": "2026-05-02T09:55:43.151614300Z",
                            "eventRecordID": "299490",
                            "processID": "648",
                            "threadID": "4036",
                            "channel": "Security",
                            "computer": "WIN-LI00JJSH3VR.TERMAX.local",
                            "severityValue": "AUDIT_SUCCESS",
                            "message": "\"System audit policy was changed.\r\n\r\nSubject:\r\n\tSecurity ID:\t\tS-1-5-21-2182707558-2931450176-3843295060-500\r\n\tAccount Name:\t\tAdministrator\r\n\tAccount Domain:\t\tTERMAX\r\n\tLogon ID:\t\t0xD83D0\r\n\r\nAudit Policy Change:\r\n\tCategory:\t\tLogon/Logoff\r\n\tSubcategory:\t\tLogon\r\n\tSubcategory GUID:\t{0cce9215-69ae-11d9-bed3-505054503030}\r\n\tChanges:\t\tSuccess Added, Failure added\""
                        },
                        "eventdata": {
                            "subjectUserSid": "S-1-5-21-2182707558-2931450176-3843295060-500",
                            "subjectUserName": "Administrator",
                            "subjectDomainName": "TERMAX",
                            "subjectLogonId": "0xd83d0",
                            "categoryId": "%%8273",
                            "subcategoryId": "%%12544",
                            "subcategoryGuid": "{0cce9215-69ae-11d9-bed3-505054503030}",
                            "auditPolicyChangesId": "%%8449, %%8451",
                            "category": "Logon/Logoff",
                            "subcategory": "Logon",
                            "auditPolicyChanges": "Success added, Failure added"
                        }
                    }
                },
                "location": "EventChannel"
            }
        }
    },
    {
        "alert_id": "CSA-00003",
        "time": "2026-05-02T17:55:45.485+0800",
        "host": "WIN-LI00JJSH3VR",
        "user": "administrator",
        "source_ip": "192.168.10.144",
        "destination_ip": "unknown",
        "event_id": "4625",
        "rule_id": "60122",
        "rule_description": "Logon Failure - Unknown user or bad password",
        "process": "",
        "parent_process": "",
        "command_line": "",
        "pack": "authentication_failure",
        "rule_name": "Repeated Authentication Failures",
        "title": "Authentication Failure Spike",
        "summary": "3 failed logins in 5 min | User: administrator | Host: WIN-LI00JJSH3VR",
        "severity": "MEDIUM",
        "mitre": [
            "T1110"
        ],
        "kill_chain_phase": "Initial Access",
        "recommended_actions": [
            "Verify if the user mistyped password",
            "Check source IP and logon type",
            "Monitor for successful login after failures"
        ],
        "fp_notes": "3-9 failures may be user error. Do not call it brute force unless volume increases.",
        "status": "OPEN",
        "raw": {
            "id": "1777715745.7949862",
            "timestamp": "2026-05-02T17:55:45.485+0800",
            "host": "WIN-LI00JJSH3VR",
            "user": "administrator",
            "event_id": "4625",
            "rule_id": "60122",
            "rule_level": 5,
            "rule_description": "Logon Failure - Unknown user or bad password",
            "source_ip": "192.168.10.144",
            "process": "",
            "parent_process": "",
            "command_line": "",
            "provider": "Microsoft-Windows-Security-Auditing",
            "raw_json": "{\"timestamp\": \"2026-05-02T17:55:45.485+0800\", \"rule\": {\"level\": 5, \"description\": \"Logon Failure - Unknown user or bad password\", \"id\": \"60122\", \"mitre\": {\"id\": [\"T1531\"], \"tactic\": [\"Impact\"], \"technique\": [\"Account Access Removal\"]}, \"firedtimes\": 3, \"mail\": false, \"groups\": [\"windows\", \"windows_security\", \"authentication_failed\"], \"pci_dss\": [\"10.2.4\", \"10.2.5\"], \"gpg13\": [\"7.1\"], \"gdpr\": [\"IV_35.7.d\", \"IV_32.2\"], \"hipaa\": [\"164.312.b\"], \"nist_800_53\": [\"AU.14\", \"AC.7\"], \"tsc\": [\"CC6.1\", \"CC6.8\", \"CC7.2\", \"CC7.3\"]}, \"agent\": {\"id\": \"001\", \"name\": \"WIN-LI00JJSH3VR\", \"ip\": \"192.168.10.145\"}, \"manager\": {\"name\": \"alwin\"}, \"id\": \"1777715745.7949862\", \"decoder\": {\"name\": \"windows_eventchannel\"}, \"data\": {\"win\": {\"system\": {\"providerName\": \"Microsoft-Windows-Security-Auditing\", \"providerGuid\": \"{54849625-5478-4994-a5ba-3e3b0328c30d}\", \"eventID\": \"4625\", \"version\": \"0\", \"level\": \"0\", \"task\": \"12544\", \"opcode\": \"0\", \"keywords\": \"0x8010000000000000\", \"systemTime\": \"2026-05-02T09:55:44.757995100Z\", \"eventRecordID\": \"299493\", \"processID\": \"648\", \"threadID\": \"4036\", \"channel\": \"Security\", \"computer\": \"WIN-LI00JJSH3VR.TERMAX.local\", \"severityValue\": \"AUDIT_FAILURE\", \"message\": \"\\\"An account failed to log on.\\r\\n\\r\\nSubject:\\r\\n\\tSecurity ID:\\t\\tS-1-0-0\\r\\n\\tAccount Name:\\t\\t-\\r\\n\\tAccount Domain:\\t\\t-\\r\\n\\tLogon ID:\\t\\t0x0\\r\\n\\r\\nLogon Type:\\t\\t\\t3\\r\\n\\r\\nAccount For Which Logon Failed:\\r\\n\\tSecurity ID:\\t\\tS-1-0-0\\r\\n\\tAccount Name:\\t\\tadministrator\\r\\n\\tAccount Domain:\\t\\t\\r\\n\\r\\nFailure Information:\\r\\n\\tFailure Reason:\\t\\tUnknown user name or bad password.\\r\\n\\tStatus:\\t\\t\\t0xC000006D\\r\\n\\tSub Status:\\t\\t0xC000006A\\r\\n\\r\\nProcess Information:\\r\\n\\tCaller Process ID:\\t0x0\\r\\n\\tCaller Process Name:\\t-\\r\\n\\r\\nNetwork Information:\\r\\n\\tWorkstation Name:\\tkali\\r\\n\\tSource Network Address:\\t192.168.10.144\\r\\n\\tSource Port:\\t\\t0\\r\\n\\r\\nDetailed Authentication Information:\\r\\n\\tLogon Process:\\t\\tNtLmSsp \\r\\n\\tAuthentication Package:\\tNTLM\\r\\n\\tTransited Services:\\t-\\r\\n\\tPackage Name (NTLM only):\\t-\\r\\n\\tKey Length:\\t\\t0\\r\\n\\r\\nThis event is generated when a logon request fails. It is generated on the computer where access was attempted.\\r\\n\\r\\nThe Subject fields indicate the account on the local system which requested the logon. This is most commonly a service such as the Server service, or a local process such as Winlogon.exe or Services.exe.\\r\\n\\r\\nThe Logon Type field indicates the kind of logon that was requested. The most common types are 2 (interactive) and 3 (network).\\r\\n\\r\\nThe Process Information fields indicate which account and process on the system requested the logon.\\r\\n\\r\\nThe Network Information fields indicate where a remote logon request originated. Workstation name is not always available and may be left blank in some cases.\\r\\n\\r\\nThe authentication information fields provide detailed information about this specific logon request.\\r\\n\\t- Transited services indicate which intermediate services have participated in this logon request.\\r\\n\\t- Package name indicates which sub-protocol was used among the NTLM protocols.\\r\\n\\t- Key length indicates the length of the generated session key. This will be 0 if no session key was requested.\\\"\"}, \"eventdata\": {\"subjectUserSid\": \"S-1-0-0\", \"subjectLogonId\": \"0x0\", \"targetUserSid\": \"S-1-0-0\", \"targetUserName\": \"administrator\", \"status\": \"0xc000006d\", \"failureReason\": \"%%2313\", \"subStatus\": \"0xc000006a\", \"logonType\": \"3\", \"logonProcessName\": \"NtLmSsp\", \"authenticationPackageName\": \"NTLM\", \"workstationName\": \"kali\", \"keyLength\": \"0\", \"processId\": \"0x0\", \"ipAddress\": \"192.168.10.144\", \"ipPort\": \"0\"}}}, \"location\": \"EventChannel\"}",
            "inserted_at": "2026-06-07T19:24:38.921594",
            "raw": {
                "timestamp": "2026-05-02T17:55:45.485+0800",
                "rule": {
                    "level": 5,
                    "description": "Logon Failure - Unknown user or bad password",
                    "id": "60122",
                    "mitre": {
                        "id": [
                            "T1531"
                        ],
                        "tactic": [
                            "Impact"
                        ],
                        "technique": [
                            "Account Access Removal"
                        ]
                    },
                    "firedtimes": 3,
                    "mail": false,
                    "groups": [
                        "windows",
                        "windows_security",
                        "authentication_failed"
                    ],
                    "pci_dss": [
                        "10.2.4",
                        "10.2.5"
                    ],
                    "gpg13": [
                        "7.1"
                    ],
                    "gdpr": [
                        "IV_35.7.d",
                        "IV_32.2"
                    ],
                    "hipaa": [
                        "164.312.b"
                    ],
                    "nist_800_53": [
                        "AU.14",
                        "AC.7"
                    ],
                    "tsc": [
                        "CC6.1",
                        "CC6.8",
                        "CC7.2",
                        "CC7.3"
                    ]
                },
                "agent": {
                    "id": "001",
                    "name": "WIN-LI00JJSH3VR",
                    "ip": "192.168.10.145"
                },
                "manager": {
                    "name": "alwin"
                },
                "id": "1777715745.7949862",
                "decoder": {
                    "name": "windows_eventchannel"
                },
                "data": {
                    "win": {
                        "system": {
                            "providerName": "Microsoft-Windows-Security-Auditing",
                            "providerGuid": "{54849625-5478-4994-a5ba-3e3b0328c30d}",
                            "eventID": "4625",
                            "version": "0",
                            "level": "0",
                            "task": "12544",
                            "opcode": "0",
                            "keywords": "0x8010000000000000",
                            "systemTime": "2026-05-02T09:55:44.757995100Z",
                            "eventRecordID": "299493",
                            "processID": "648",
                            "threadID": "4036",
                            "channel": "Security",
                            "computer": "WIN-LI00JJSH3VR.TERMAX.local",
                            "severityValue": "AUDIT_FAILURE",
                            "message": "\"An account failed to log on.\r\n\r\nSubject:\r\n\tSecurity ID:\t\tS-1-0-0\r\n\tAccount Name:\t\t-\r\n\tAccount Domain:\t\t-\r\n\tLogon ID:\t\t0x0\r\n\r\nLogon Type:\t\t\t3\r\n\r\nAccount For Which Logon Failed:\r\n\tSecurity ID:\t\tS-1-0-0\r\n\tAccount Name:\t\tadministrator\r\n\tAccount Domain:\t\t\r\n\r\nFailure Information:\r\n\tFailure Reason:\t\tUnknown user name or bad password.\r\n\tStatus:\t\t\t0xC000006D\r\n\tSub Status:\t\t0xC000006A\r\n\r\nProcess Information:\r\n\tCaller Process ID:\t0x0\r\n\tCaller Process Name:\t-\r\n\r\nNetwork Information:\r\n\tWorkstation Name:\tkali\r\n\tSource Network Address:\t192.168.10.144\r\n\tSource Port:\t\t0\r\n\r\nDetailed Authentication Information:\r\n\tLogon Process:\t\tNtLmSsp \r\n\tAuthentication Package:\tNTLM\r\n\tTransited Services:\t-\r\n\tPackage Name (NTLM only):\t-\r\n\tKey Length:\t\t0\r\n\r\nThis event is generated when a logon request fails. It is generated on the computer where access was attempted.\r\n\r\nThe Subject fields indicate the account on the local system which requested the logon. This is most commonly a service such as the Server service, or a local process such as Winlogon.exe or Services.exe.\r\n\r\nThe Logon Type field indicates the kind of logon that was requested. The most common types are 2 (interactive) and 3 (network).\r\n\r\nThe Process Information fields indicate which account and process on the system requested the logon.\r\n\r\nThe Network Information fields indicate where a remote logon request originated. Workstation name is not always available and may be left blank in some cases.\r\n\r\nThe authentication information fields provide detailed information about this specific logon request.\r\n\t- Transited services indicate which intermediate services have participated in this logon request.\r\n\t- Package name indicates which sub-protocol was used among the NTLM protocols.\r\n\t- Key length indicates the length of the generated session key. This will be 0 if no session key was requested.\""
                        },
                        "eventdata": {
                            "subjectUserSid": "S-1-0-0",
                            "subjectLogonId": "0x0",
                            "targetUserSid": "S-1-0-0",
                            "targetUserName": "administrator",
                            "status": "0xc000006d",
                            "failureReason": "%%2313",
                            "subStatus": "0xc000006a",
                            "logonType": "3",
                            "logonProcessName": "NtLmSsp",
                            "authenticationPackageName": "NTLM",
                            "workstationName": "kali",
                            "keyLength": "0",
                            "processId": "0x0",
                            "ipAddress": "192.168.10.144",
                            "ipPort": "0"
                        }
                    }
                },
                "location": "EventChannel"
            }
        }
    },
    {
        "alert_id": "CSA-00004",
        "time": "2026-05-02T17:55:49.529+0800",
        "host": "WIN-LI00JJSH3VR",
        "user": "administrator",
        "source_ip": "192.168.10.144",
        "destination_ip": "unknown",
        "event_id": "4625",
        "rule_id": "60122",
        "rule_description": "Logon Failure - Unknown user or bad password",
        "process": "",
        "parent_process": "",
        "command_line": "",
        "pack": "brute_force",
        "rule_name": "Brute Force Detected",
        "title": "\ud83d\udd28 Brute Force Login Attempt",
        "summary": "10 failed logins in 5 min | User: administrator | Host: WIN-LI00JJSH3VR",
        "severity": "MEDIUM",
        "mitre": [
            "T1110"
        ],
        "kill_chain_phase": "Initial Access",
        "recommended_actions": [
            "Check if account is now locked",
            "Verify source IP",
            "Monitor for successful login (4624) following this"
        ],
        "fp_notes": "Could be password expiry or account lockout \u2014 no confirmed success yet",
        "status": "OPEN",
        "raw": {
            "id": "1777715749.8012648",
            "timestamp": "2026-05-02T17:55:49.529+0800",
            "host": "WIN-LI00JJSH3VR",
            "user": "administrator",
            "event_id": "4625",
            "rule_id": "60122",
            "rule_level": 5,
            "rule_description": "Logon Failure - Unknown user or bad password",
            "source_ip": "192.168.10.144",
            "process": "",
            "parent_process": "",
            "command_line": "",
            "provider": "Microsoft-Windows-Security-Auditing",
            "raw_json": "{\"timestamp\": \"2026-05-02T17:55:49.529+0800\", \"rule\": {\"level\": 5, \"description\": \"Logon Failure - Unknown user or bad password\", \"id\": \"60122\", \"mitre\": {\"id\": [\"T1531\"], \"tactic\": [\"Impact\"], \"technique\": [\"Account Access Removal\"]}, \"firedtimes\": 9, \"mail\": false, \"groups\": [\"windows\", \"windows_security\", \"authentication_failed\"], \"pci_dss\": [\"10.2.4\", \"10.2.5\"], \"gpg13\": [\"7.1\"], \"gdpr\": [\"IV_35.7.d\", \"IV_32.2\"], \"hipaa\": [\"164.312.b\"], \"nist_800_53\": [\"AU.14\", \"AC.7\"], \"tsc\": [\"CC6.1\", \"CC6.8\", \"CC7.2\", \"CC7.3\"]}, \"agent\": {\"id\": \"001\", \"name\": \"WIN-LI00JJSH3VR\", \"ip\": \"192.168.10.145\"}, \"manager\": {\"name\": \"alwin\"}, \"id\": \"1777715749.8012648\", \"decoder\": {\"name\": \"windows_eventchannel\"}, \"data\": {\"win\": {\"system\": {\"providerName\": \"Microsoft-Windows-Security-Auditing\", \"providerGuid\": \"{54849625-5478-4994-a5ba-3e3b0328c30d}\", \"eventID\": \"4625\", \"version\": \"0\", \"level\": \"0\", \"task\": \"12544\", \"opcode\": \"0\", \"keywords\": \"0x8010000000000000\", \"systemTime\": \"2026-05-02T09:55:48.301101800Z\", \"eventRecordID\": \"299500\", \"processID\": \"648\", \"threadID\": \"5132\", \"channel\": \"Security\", \"computer\": \"WIN-LI00JJSH3VR.TERMAX.local\", \"severityValue\": \"AUDIT_FAILURE\", \"message\": \"\\\"An account failed to log on.\\r\\n\\r\\nSubject:\\r\\n\\tSecurity ID:\\t\\tS-1-0-0\\r\\n\\tAccount Name:\\t\\t-\\r\\n\\tAccount Domain:\\t\\t-\\r\\n\\tLogon ID:\\t\\t0x0\\r\\n\\r\\nLogon Type:\\t\\t\\t3\\r\\n\\r\\nAccount For Which Logon Failed:\\r\\n\\tSecurity ID:\\t\\tS-1-0-0\\r\\n\\tAccount Name:\\t\\tadministrator\\r\\n\\tAccount Domain:\\t\\t\\r\\n\\r\\nFailure Information:\\r\\n\\tFailure Reason:\\t\\tUnknown user name or bad password.\\r\\n\\tStatus:\\t\\t\\t0xC000006D\\r\\n\\tSub Status:\\t\\t0xC000006A\\r\\n\\r\\nProcess Information:\\r\\n\\tCaller Process ID:\\t0x0\\r\\n\\tCaller Process Name:\\t-\\r\\n\\r\\nNetwork Information:\\r\\n\\tWorkstation Name:\\tkali\\r\\n\\tSource Network Address:\\t192.168.10.144\\r\\n\\tSource Port:\\t\\t0\\r\\n\\r\\nDetailed Authentication Information:\\r\\n\\tLogon Process:\\t\\tNtLmSsp \\r\\n\\tAuthentication Package:\\tNTLM\\r\\n\\tTransited Services:\\t-\\r\\n\\tPackage Name (NTLM only):\\t-\\r\\n\\tKey Length:\\t\\t0\\r\\n\\r\\nThis event is generated when a logon request fails. It is generated on the computer where access was attempted.\\r\\n\\r\\nThe Subject fields indicate the account on the local system which requested the logon. This is most commonly a service such as the Server service, or a local process such as Winlogon.exe or Services.exe.\\r\\n\\r\\nThe Logon Type field indicates the kind of logon that was requested. The most common types are 2 (interactive) and 3 (network).\\r\\n\\r\\nThe Process Information fields indicate which account and process on the system requested the logon.\\r\\n\\r\\nThe Network Information fields indicate where a remote logon request originated. Workstation name is not always available and may be left blank in some cases.\\r\\n\\r\\nThe authentication information fields provide detailed information about this specific logon request.\\r\\n\\t- Transited services indicate which intermediate services have participated in this logon request.\\r\\n\\t- Package name indicates which sub-protocol was used among the NTLM protocols.\\r\\n\\t- Key length indicates the length of the generated session key. This will be 0 if no session key was requested.\\\"\"}, \"eventdata\": {\"subjectUserSid\": \"S-1-0-0\", \"subjectLogonId\": \"0x0\", \"targetUserSid\": \"S-1-0-0\", \"targetUserName\": \"administrator\", \"status\": \"0xc000006d\", \"failureReason\": \"%%2313\", \"subStatus\": \"0xc000006a\", \"logonType\": \"3\", \"logonProcessName\": \"NtLmSsp\", \"authenticationPackageName\": \"NTLM\", \"workstationName\": \"kali\", \"keyLength\": \"0\", \"processId\": \"0x0\", \"ipAddress\": \"192.168.10.144\", \"ipPort\": \"0\"}}}, \"location\": \"EventChannel\"}",
            "inserted_at": "2026-06-07T19:24:38.921594",
            "raw": {
                "timestamp": "2026-05-02T17:55:49.529+0800",
                "rule": {
                    "level": 5,
                    "description": "Logon Failure - Unknown user or bad password",
                    "id": "60122",
                    "mitre": {
                        "id": [
                            "T1531"
                        ],
                        "tactic": [
                            "Impact"
                        ],
                        "technique": [
                            "Account Access Removal"
                        ]
                    },
                    "firedtimes": 9,
                    "mail": false,
                    "groups": [
                        "windows",
                        "windows_security",
                        "authentication_failed"
                    ],
                    "pci_dss": [
                        "10.2.4",
                        "10.2.5"
                    ],
                    "gpg13": [
                        "7.1"
                    ],
                    "gdpr": [
                        "IV_35.7.d",
                        "IV_32.2"
                    ],
                    "hipaa": [
                        "164.312.b"
                    ],
                    "nist_800_53": [
                        "AU.14",
                        "AC.7"
                    ],
                    "tsc": [
                        "CC6.1",
                        "CC6.8",
                        "CC7.2",
                        "CC7.3"
                    ]
                },
                "agent": {
                    "id": "001",
                    "name": "WIN-LI00JJSH3VR",
                    "ip": "192.168.10.145"
                },
                "manager": {
                    "name": "alwin"
                },
                "id": "1777715749.8012648",
                "decoder": {
                    "name": "windows_eventchannel"
                },
                "data": {
                    "win": {
                        "system": {
                            "providerName": "Microsoft-Windows-Security-Auditing",
                            "providerGuid": "{54849625-5478-4994-a5ba-3e3b0328c30d}",
                            "eventID": "4625",
                            "version": "0",
                            "level": "0",
                            "task": "12544",
                            "opcode": "0",
                            "keywords": "0x8010000000000000",
                            "systemTime": "2026-05-02T09:55:48.301101800Z",
                            "eventRecordID": "299500",
                            "processID": "648",
                            "threadID": "5132",
                            "channel": "Security",
                            "computer": "WIN-LI00JJSH3VR.TERMAX.local",
                            "severityValue": "AUDIT_FAILURE",
                            "message": "\"An account failed to log on.\r\n\r\nSubject:\r\n\tSecurity ID:\t\tS-1-0-0\r\n\tAccount Name:\t\t-\r\n\tAccount Domain:\t\t-\r\n\tLogon ID:\t\t0x0\r\n\r\nLogon Type:\t\t\t3\r\n\r\nAccount For Which Logon Failed:\r\n\tSecurity ID:\t\tS-1-0-0\r\n\tAccount Name:\t\tadministrator\r\n\tAccount Domain:\t\t\r\n\r\nFailure Information:\r\n\tFailure Reason:\t\tUnknown user name or bad password.\r\n\tStatus:\t\t\t0xC000006D\r\n\tSub Status:\t\t0xC000006A\r\n\r\nProcess Information:\r\n\tCaller Process ID:\t0x0\r\n\tCaller Process Name:\t-\r\n\r\nNetwork Information:\r\n\tWorkstation Name:\tkali\r\n\tSource Network Address:\t192.168.10.144\r\n\tSource Port:\t\t0\r\n\r\nDetailed Authentication Information:\r\n\tLogon Process:\t\tNtLmSsp \r\n\tAuthentication Package:\tNTLM\r\n\tTransited Services:\t-\r\n\tPackage Name (NTLM only):\t-\r\n\tKey Length:\t\t0\r\n\r\nThis event is generated when a logon request fails. It is generated on the computer where access was attempted.\r\n\r\nThe Subject fields indicate the account on the local system which requested the logon. This is most commonly a service such as the Server service, or a local process such as Winlogon.exe or Services.exe.\r\n\r\nThe Logon Type field indicates the kind of logon that was requested. The most common types are 2 (interactive) and 3 (network).\r\n\r\nThe Process Information fields indicate which account and process on the system requested the logon.\r\n\r\nThe Network Information fields indicate where a remote logon request originated. Workstation name is not always available and may be left blank in some cases.\r\n\r\nThe authentication information fields provide detailed information about this specific logon request.\r\n\t- Transited services indicate which intermediate services have participated in this logon request.\r\n\t- Package name indicates which sub-protocol was used among the NTLM protocols.\r\n\t- Key length indicates the length of the generated session key. This will be 0 if no session key was requested.\""
                        },
                        "eventdata": {
                            "subjectUserSid": "S-1-0-0",
                            "subjectLogonId": "0x0",
                            "targetUserSid": "S-1-0-0",
                            "targetUserName": "administrator",
                            "status": "0xc000006d",
                            "failureReason": "%%2313",
                            "subStatus": "0xc000006a",
                            "logonType": "3",
                            "logonProcessName": "NtLmSsp",
                            "authenticationPackageName": "NTLM",
                            "workstationName": "kali",
                            "keyLength": "0",
                            "processId": "0x0",
                            "ipAddress": "192.168.10.144",
                            "ipPort": "0"
                        }
                    }
                },
                "location": "EventChannel"
            }
        }
    },
    {
        "alert_id": "CSA-00005",
        "time": "2026-05-04T14:02:44.790+0800",
        "host": "windows10",
        "user": "unknown",
        "source_ip": "unknown",
        "destination_ip": "unknown",
        "event_id": "7040",
        "rule_id": "61104",
        "rule_description": "Service startup type was changed",
        "process": "",
        "parent_process": "",
        "command_line": "",
        "pack": "persistence",
        "rule_name": "Service Startup Type Changed",
        "title": "\u2699\ufe0f Service Configuration Modified",
        "summary": "Service startup type changed on windows10 \u2014 possible persistence mechanism",
        "severity": "MEDIUM",
        "mitre": [
            "T1543.003"
        ],
        "kill_chain_phase": "Persistence",
        "recommended_actions": [
            "Identify which service was modified",
            "Verify if change was authorized",
            "Check service binary path for malicious executables",
            "Correlate with other suspicious activity on same host"
        ],
        "fp_notes": "Could be legitimate software installation \u2014 check change management",
        "status": "OPEN",
        "raw": {
            "id": "1777874564.2445097",
            "timestamp": "2026-05-04T14:02:44.790+0800",
            "host": "windows10",
            "user": "",
            "event_id": "7040",
            "rule_id": "61104",
            "rule_level": 3,
            "rule_description": "Service startup type was changed",
            "source_ip": "",
            "process": "",
            "parent_process": "",
            "command_line": "",
            "provider": "Service Control Manager",
            "raw_json": "{\"timestamp\": \"2026-05-04T14:02:44.790+0800\", \"rule\": {\"level\": 3, \"description\": \"Service startup type was changed\", \"id\": \"61104\", \"info\": \"This does not appear to be logged on Windows 2000\", \"firedtimes\": 1, \"mail\": false, \"groups\": [\"windows\", \"windows_system\", \"policy_changed\"], \"pci_dss\": [\"10.6\"], \"gdpr\": [\"IV_35.7.d\"], \"hipaa\": [\"164.312.b\"], \"nist_800_53\": [\"AU.6\"], \"tsc\": [\"CC6.1\", \"CC6.8\", \"CC7.2\", \"CC7.3\"]}, \"agent\": {\"id\": \"003\", \"name\": \"windows10\", \"ip\": \"192.168.10.120\"}, \"manager\": {\"name\": \"alwin\"}, \"id\": \"1777874564.2445097\", \"decoder\": {\"name\": \"windows_eventchannel\"}, \"data\": {\"win\": {\"system\": {\"providerName\": \"Service Control Manager\", \"providerGuid\": \"{555908d1-a6d7-4695-8e1e-26931d2012f4}\", \"eventSourceName\": \"Service Control Manager\", \"eventID\": \"7040\", \"version\": \"0\", \"level\": \"4\", \"task\": \"0\", \"opcode\": \"0\", \"keywords\": \"0x8080000000000000\", \"systemTime\": \"2026-05-04T06:02:31.8280204Z\", \"eventRecordID\": \"1192\", \"processID\": \"644\", \"threadID\": \"3084\", \"channel\": \"System\", \"computer\": \"DESKTOP-G0LLA16\", \"severityValue\": \"INFORMATION\", \"message\": \"\\\"The start type of the Background Intelligent Transfer Service service was changed from demand start to auto start.\\\"\"}, \"eventdata\": {\"param1\": \"Background Intelligent Transfer Service\", \"param2\": \"demand start\", \"param3\": \"auto start\", \"param4\": \"BITS\"}}}, \"location\": \"EventChannel\"}",
            "inserted_at": "2026-06-07T19:24:38.921594",
            "raw": {
                "timestamp": "2026-05-04T14:02:44.790+0800",
                "rule": {
                    "level": 3,
                    "description": "Service startup type was changed",
                    "id": "61104",
                    "info": "This does not appear to be logged on Windows 2000",
                    "firedtimes": 1,
                    "mail": false,
                    "groups": [
                        "windows",
                        "windows_system",
                        "policy_changed"
                    ],
                    "pci_dss": [
                        "10.6"
                    ],
                    "gdpr": [
                        "IV_35.7.d"
                    ],
                    "hipaa": [
                        "164.312.b"
                    ],
                    "nist_800_53": [
                        "AU.6"
                    ],
                    "tsc": [
                        "CC6.1",
                        "CC6.8",
                        "CC7.2",
                        "CC7.3"
                    ]
                },
                "agent": {
                    "id": "003",
                    "name": "windows10",
                    "ip": "192.168.10.120"
                },
                "manager": {
                    "name": "alwin"
                },
                "id": "1777874564.2445097",
                "decoder": {
                    "name": "windows_eventchannel"
                },
                "data": {
                    "win": {
                        "system": {
                            "providerName": "Service Control Manager",
                            "providerGuid": "{555908d1-a6d7-4695-8e1e-26931d2012f4}",
                            "eventSourceName": "Service Control Manager",
                            "eventID": "7040",
                            "version": "0",
                            "level": "4",
                            "task": "0",
                            "opcode": "0",
                            "keywords": "0x8080000000000000",
                            "systemTime": "2026-05-04T06:02:31.8280204Z",
                            "eventRecordID": "1192",
                            "processID": "644",
                            "threadID": "3084",
                            "channel": "System",
                            "computer": "DESKTOP-G0LLA16",
                            "severityValue": "INFORMATION",
                            "message": "\"The start type of the Background Intelligent Transfer Service service was changed from demand start to auto start.\""
                        },
                        "eventdata": {
                            "param1": "Background Intelligent Transfer Service",
                            "param2": "demand start",
                            "param3": "auto start",
                            "param4": "BITS"
                        }
                    }
                },
                "location": "EventChannel"
            }
        }
    },
