    {
        "alert_id": "CSA-00028",
        "time": "2026-05-23T13:57:04.864+0800",
        "host": "windows10",
        "user": "unknown",
        "source_ip": "unknown",
        "destination_ip": "unknown",
        "event_id": "11",
        "rule_id": "92200",
        "rule_description": "Scripting file created under Windows Temp or User folder",
        "process": "C:\\\\Windows\\\\system32\\\\taskhostw.exe",
        "parent_process": "",
        "command_line": "",
        "pack": "malware_drop",
        "rule_name": "Executable Dropped in Suspicious Location",
        "title": "\ud83e\udda0 Suspicious Executable Dropped",
        "summary": "Executable file created in suspicious location | Host: windows10 | Rule: Scripting file created under Windows Temp or User folder",
        "severity": "MEDIUM",
        "mitre": [
            "T1105"
        ],
        "kill_chain_phase": "Persistence",
        "recommended_actions": [
            "Identify the process that dropped the file",
            "Check file hash against VirusTotal",
            "Verify if software installation was authorized",
            "Check for follow-up execution of the dropped file"
        ],
        "fp_notes": "Check if software installation was planned \u2014 verify with change management",
        "status": "OPEN",
        "raw": {
            "id": "1779515824.255269",
            "timestamp": "2026-05-23T13:57:04.864+0800",
            "host": "windows10",
            "user": "",
            "event_id": "11",
            "rule_id": "92200",
            "rule_level": 6,
            "rule_description": "Scripting file created under Windows Temp or User folder",
            "source_ip": "",
            "process": "C:\\\\Windows\\\\system32\\\\taskhostw.exe",
            "parent_process": "",
            "command_line": "",
            "provider": "Microsoft-Windows-Sysmon",
            "raw_json": "{\"timestamp\": \"2026-05-23T13:57:04.864+0800\", \"rule\": {\"level\": 6, \"description\": \"Scripting file created under Windows Temp or User folder\", \"id\": \"92200\", \"mitre\": {\"id\": [\"T1059\", \"T1105\"], \"tactic\": [\"Execution\", \"Command and Control\"], \"technique\": [\"Command and Scripting Interpreter\", \"Ingress Tool Transfer\"]}, \"firedtimes\": 1, \"mail\": false, \"groups\": [\"sysmon\", \"sysmon_eid11_detections\", \"windows\"]}, \"agent\": {\"id\": \"003\", \"name\": \"windows10\", \"ip\": \"192.168.10.120\"}, \"manager\": {\"name\": \"alwin\"}, \"id\": \"1779515824.255269\", \"decoder\": {\"name\": \"windows_eventchannel\"}, \"data\": {\"win\": {\"system\": {\"providerName\": \"Microsoft-Windows-Sysmon\", \"providerGuid\": \"{5770385f-c22a-43e0-bf4c-06f5698ffbd9}\", \"eventID\": \"11\", \"version\": \"2\", \"level\": \"4\", \"task\": \"11\", \"opcode\": \"0\", \"keywords\": \"0x8000000000000000\", \"systemTime\": \"2026-05-23T05:57:03.2645369Z\", \"eventRecordID\": \"19170\", \"processID\": \"2320\", \"threadID\": \"4520\", \"channel\": \"Microsoft-Windows-Sysmon/Operational\", \"computer\": \"DESKTOP-G0LLA16\", \"severityValue\": \"INFORMATION\", \"message\": \"\\\"File created:\\r\\nRuleName: -\\r\\nUtcTime: 2026-05-23 05:57:03.237\\r\\nProcessGuid: {32e96954-41ae-6a11-8907-000000000d00}\\r\\nProcessId: 5760\\r\\nImage: C:\\\\Windows\\\\system32\\\\taskhostw.exe\\r\\nTargetFilename: C:\\\\Windows\\\\Temp\\\\SDIAG_f86a8172-2e80-48e5-913f-bd5e5e7a0dff\\\\CL_Utility.ps1\\r\\nCreationUtcTime: 2026-05-23 05:57:03.237\\r\\nUser: DESKTOP-G0LLA16\\\\leo\\\"\"}, \"eventdata\": {\"utcTime\": \"2026-05-23 05:57:03.237\", \"processGuid\": \"{32e96954-41ae-6a11-8907-000000000d00}\", \"processId\": \"5760\", \"image\": \"C:\\\\\\\\Windows\\\\\\\\system32\\\\\\\\taskhostw.exe\", \"targetFilename\": \"C:\\\\\\\\Windows\\\\\\\\Temp\\\\\\\\SDIAG_f86a8172-2e80-48e5-913f-bd5e5e7a0dff\\\\\\\\CL_Utility.ps1\", \"creationUtcTime\": \"2026-05-23 05:57:03.237\", \"user\": \"DESKTOP-G0LLA16\\\\\\\\leo\"}}}, \"location\": \"EventChannel\"}",
            "inserted_at": "2026-06-07T19:24:38.921594",
            "raw": {
                "timestamp": "2026-05-23T13:57:04.864+0800",
                "rule": {
                    "level": 6,
                    "description": "Scripting file created under Windows Temp or User folder",
                    "id": "92200",
                    "mitre": {
                        "id": [
                            "T1059",
                            "T1105"
                        ],
                        "tactic": [
                            "Execution",
                            "Command and Control"
                        ],
                        "technique": [
                            "Command and Scripting Interpreter",
                            "Ingress Tool Transfer"
                        ]
                    },
                    "firedtimes": 1,
                    "mail": false,
                    "groups": [
                        "sysmon",
                        "sysmon_eid11_detections",
                        "windows"
                    ]
                },
                "agent": {
                    "id": "003",
                    "name": "windows10",
                    "ip": "192.168.10.120"
                },
                "manager": {
                    "name": "alwin"
                },
                "id": "1779515824.255269",
                "decoder": {
                    "name": "windows_eventchannel"
                },
                "data": {
                    "win": {
                        "system": {
                            "providerName": "Microsoft-Windows-Sysmon",
                            "providerGuid": "{5770385f-c22a-43e0-bf4c-06f5698ffbd9}",
                            "eventID": "11",
                            "version": "2",
                            "level": "4",
                            "task": "11",
                            "opcode": "0",
                            "keywords": "0x8000000000000000",
                            "systemTime": "2026-05-23T05:57:03.2645369Z",
                            "eventRecordID": "19170",
                            "processID": "2320",
                            "threadID": "4520",
                            "channel": "Microsoft-Windows-Sysmon/Operational",
                            "computer": "DESKTOP-G0LLA16",
                            "severityValue": "INFORMATION",
                            "message": "\"File created:\r\nRuleName: -\r\nUtcTime: 2026-05-23 05:57:03.237\r\nProcessGuid: {32e96954-41ae-6a11-8907-000000000d00}\r\nProcessId: 5760\r\nImage: C:\\Windows\\system32\\taskhostw.exe\r\nTargetFilename: C:\\Windows\\Temp\\SDIAG_f86a8172-2e80-48e5-913f-bd5e5e7a0dff\\CL_Utility.ps1\r\nCreationUtcTime: 2026-05-23 05:57:03.237\r\nUser: DESKTOP-G0LLA16\\leo\""
                        },
                        "eventdata": {
                            "utcTime": "2026-05-23 05:57:03.237",
                            "processGuid": "{32e96954-41ae-6a11-8907-000000000d00}",
                            "processId": "5760",
                            "image": "C:\\\\Windows\\\\system32\\\\taskhostw.exe",
                            "targetFilename": "C:\\\\Windows\\\\Temp\\\\SDIAG_f86a8172-2e80-48e5-913f-bd5e5e7a0dff\\\\CL_Utility.ps1",
                            "creationUtcTime": "2026-05-23 05:57:03.237",
                            "user": "DESKTOP-G0LLA16\\\\leo"
                        }
                    }
                },
                "location": "EventChannel"
            }
        }
    },
    {
        "alert_id": "CSA-00029",
        "time": "2026-06-06T12:26:28.749+0800",
        "host": "win-server",
        "user": "unknown",
        "source_ip": "unknown",
        "destination_ip": "unknown",
        "event_id": "1",
        "rule_id": "92052",
        "rule_description": "Windows command prompt started by an abnormal process",
        "process": "C:\\\\Windows\\\\SysWOW64\\\\cmd.exe",
        "parent_process": "C:\\\\Program Files (x86)\\\\ossec-agent\\\\active-response\\\\bin\\\\restart-wazuh.exe",
        "command_line": "C:\\\\Windows\\\\system32\\\\cmd.exe /c %%WINDIR%%\\\\system32\\\\net.exe stop Wazuh",
        "pack": "suspicious_execution",
        "rule_name": "Suspicious Process Execution",
        "title": "\u26a1 Suspicious Process Execution",
        "summary": "Windows command prompt started by an abnormal process | Host: win-server | Process: c:\\\\windows\\\\syswow64\\\\cmd.exe",
        "severity": "MEDIUM",
        "mitre": [
            "T1059.003"
        ],
        "kill_chain_phase": "Execution",
        "recommended_actions": [
            "Check parent process context",
            "Verify if activity was authorized",
            "Correlate with login events on same host",
            "Check for file drops or network connections after execution"
        ],
        "fp_notes": "Verify parent process \u2014 could be legitimate admin activity",
        "status": "OPEN",
        "raw": {
            "id": "1780719988.24659",
            "timestamp": "2026-06-06T12:26:28.749+0800",
            "host": "win-server",
            "user": "",
            "event_id": "1",
            "rule_id": "92052",
            "rule_level": 4,
            "rule_description": "Windows command prompt started by an abnormal process",
            "source_ip": "",
            "process": "C:\\\\Windows\\\\SysWOW64\\\\cmd.exe",
            "parent_process": "C:\\\\Program Files (x86)\\\\ossec-agent\\\\active-response\\\\bin\\\\restart-wazuh.exe",
            "command_line": "C:\\\\Windows\\\\system32\\\\cmd.exe /c %%WINDIR%%\\\\system32\\\\net.exe stop Wazuh",
            "provider": "Microsoft-Windows-Sysmon",
            "raw_json": "{\"timestamp\": \"2026-06-06T12:26:28.749+0800\", \"rule\": {\"level\": 4, \"description\": \"Windows command prompt started by an abnormal process\", \"id\": \"92052\", \"mitre\": {\"id\": [\"T1059.003\"], \"tactic\": [\"Execution\"], \"technique\": [\"Windows Command Shell\"]}, \"firedtimes\": 2, \"mail\": false, \"groups\": [\"sysmon\", \"sysmon_eid1_detections\", \"windows\"]}, \"agent\": {\"id\": \"004\", \"name\": \"win-server\", \"ip\": \"192.168.10.145\"}, \"manager\": {\"name\": \"alwin\"}, \"id\": \"1780719988.24659\", \"decoder\": {\"name\": \"windows_eventchannel\"}, \"data\": {\"win\": {\"system\": {\"providerName\": \"Microsoft-Windows-Sysmon\", \"providerGuid\": \"{5770385f-c22a-43e0-bf4c-06f5698ffbd9}\", \"eventID\": \"1\", \"version\": \"5\", \"level\": \"4\", \"task\": \"1\", \"opcode\": \"0\", \"keywords\": \"0x8000000000000000\", \"systemTime\": \"2026-06-06T04:26:27.788029100Z\", \"eventRecordID\": \"3891\", \"processID\": \"2252\", \"threadID\": \"3540\", \"channel\": \"Microsoft-Windows-Sysmon/Operational\", \"computer\": \"WIN-KMSGSH5FS1F\", \"severityValue\": \"INFORMATION\", \"message\": \"\\\"Process Create:\\r\\nRuleName: -\\r\\nUtcTime: 2026-06-06 04:26:27.250\\r\\nProcessGuid: {a6e2d9b7-a173-6a23-4900-000000000700}\\r\\nProcessId: 1596\\r\\nImage: C:\\\\Windows\\\\SysWOW64\\\\cmd.exe\\r\\nFileVersion: 10.0.17763.1697 (WinBuild.160101.0800)\\r\\nDescription: Windows Command Processor\\r\\nProduct: Microsoft\\u00ae Windows\\u00ae Operating System\\r\\nCompany: Microsoft Corporation\\r\\nOriginalFileName: Cmd.Exe\\r\\nCommandLine: C:\\\\Windows\\\\system32\\\\cmd.exe /c %%WINDIR%%\\\\system32\\\\net.exe stop Wazuh\\r\\nCurrentDirectory: C:\\\\Program Files (x86)\\\\ossec-agent\\\\\\r\\nUser: NT AUTHORITY\\\\SYSTEM\\r\\nLogonGuid: {a6e2d9b7-a16b-6a23-e703-000000000000}\\r\\nLogonId: 0x3E7\\r\\nTerminalSessionId: 0\\r\\nIntegrityLevel: System\\r\\nHashes: MD5=DB126FF10E71753C0C29210C090927A3,SHA256=B94D1C553C7EF81DF040D6BE59120EB0A8F67AEC1A787A2B6B537309CBAF8CC4,IMPHASH=392B4D61B1D1DADC1F06444DF258188A\\r\\nParentProcessGuid: {a6e2d9b7-a172-6a23-4000-000000000700}\\r\\nParentProcessId: 3716\\r\\nParentImage: C:\\\\Program Files (x86)\\\\ossec-agent\\\\active-response\\\\bin\\\\restart-wazuh.exe\\r\\nParentCommandLine: \\\"active-response/bin/restart-wazuh.exe\\\"\\r\\nParentUser: NT AUTHORITY\\\\SYSTEM\\\"\"}, \"eventdata\": {\"utcTime\": \"2026-06-06 04:26:27.250\", \"processGuid\": \"{a6e2d9b7-a173-6a23-4900-000000000700}\", \"processId\": \"1596\", \"image\": \"C:\\\\\\\\Windows\\\\\\\\SysWOW64\\\\\\\\cmd.exe\", \"fileVersion\": \"10.0.17763.1697 (WinBuild.160101.0800)\", \"description\": \"Windows Command Processor\", \"product\": \"Microsoft\\u00ae Windows\\u00ae Operating System\", \"company\": \"Microsoft Corporation\", \"originalFileName\": \"Cmd.Exe\", \"commandLine\": \"C:\\\\\\\\Windows\\\\\\\\system32\\\\\\\\cmd.exe /c %%WINDIR%%\\\\\\\\system32\\\\\\\\net.exe stop Wazuh\", \"currentDirectory\": \"C:\\\\\\\\Program Files (x86)\\\\\\\\ossec-agent\\\\\\\\\", \"user\": \"NT AUTHORITY\\\\\\\\SYSTEM\", \"logonGuid\": \"{a6e2d9b7-a16b-6a23-e703-000000000000}\", \"logonId\": \"0x3e7\", \"terminalSessionId\": \"0\", \"integrityLevel\": \"System\", \"hashes\": \"MD5=DB126FF10E71753C0C29210C090927A3,SHA256=B94D1C553C7EF81DF040D6BE59120EB0A8F67AEC1A787A2B6B537309CBAF8CC4,IMPHASH=392B4D61B1D1DADC1F06444DF258188A\", \"parentProcessGuid\": \"{a6e2d9b7-a172-6a23-4000-000000000700}\", \"parentProcessId\": \"3716\", \"parentImage\": \"C:\\\\\\\\Program Files (x86)\\\\\\\\ossec-agent\\\\\\\\active-response\\\\\\\\bin\\\\\\\\restart-wazuh.exe\", \"parentCommandLine\": \"\\\\\\\"active-response/bin/restart-wazuh.exe\\\\\\\"\", \"parentUser\": \"NT AUTHORITY\\\\\\\\SYSTEM\"}}}, \"location\": \"EventChannel\"}",
            "inserted_at": "2026-06-07T19:24:38.921594",
            "raw": {
                "timestamp": "2026-06-06T12:26:28.749+0800",
                "rule": {
                    "level": 4,
                    "description": "Windows command prompt started by an abnormal process",
                    "id": "92052",
                    "mitre": {
                        "id": [
                            "T1059.003"
                        ],
                        "tactic": [
                            "Execution"
                        ],
                        "technique": [
                            "Windows Command Shell"
                        ]
                    },
                    "firedtimes": 2,
                    "mail": false,
                    "groups": [
                        "sysmon",
                        "sysmon_eid1_detections",
                        "windows"
                    ]
                },
                "agent": {
                    "id": "004",
                    "name": "win-server",
                    "ip": "192.168.10.145"
                },
                "manager": {
                    "name": "alwin"
                },
                "id": "1780719988.24659",
                "decoder": {
                    "name": "windows_eventchannel"
                },
                "data": {
                    "win": {
                        "system": {
                            "providerName": "Microsoft-Windows-Sysmon",
                            "providerGuid": "{5770385f-c22a-43e0-bf4c-06f5698ffbd9}",
                            "eventID": "1",
                            "version": "5",
                            "level": "4",
                            "task": "1",
                            "opcode": "0",
                            "keywords": "0x8000000000000000",
                            "systemTime": "2026-06-06T04:26:27.788029100Z",
                            "eventRecordID": "3891",
                            "processID": "2252",
                            "threadID": "3540",
                            "channel": "Microsoft-Windows-Sysmon/Operational",
                            "computer": "WIN-KMSGSH5FS1F",
                            "severityValue": "INFORMATION",
                            "message": "\"Process Create:\r\nRuleName: -\r\nUtcTime: 2026-06-06 04:26:27.250\r\nProcessGuid: {a6e2d9b7-a173-6a23-4900-000000000700}\r\nProcessId: 1596\r\nImage: C:\\Windows\\SysWOW64\\cmd.exe\r\nFileVersion: 10.0.17763.1697 (WinBuild.160101.0800)\r\nDescription: Windows Command Processor\r\nProduct: Microsoft\u00ae Windows\u00ae Operating System\r\nCompany: Microsoft Corporation\r\nOriginalFileName: Cmd.Exe\r\nCommandLine: C:\\Windows\\system32\\cmd.exe /c %%WINDIR%%\\system32\\net.exe stop Wazuh\r\nCurrentDirectory: C:\\Program Files (x86)\\ossec-agent\\\r\nUser: NT AUTHORITY\\SYSTEM\r\nLogonGuid: {a6e2d9b7-a16b-6a23-e703-000000000000}\r\nLogonId: 0x3E7\r\nTerminalSessionId: 0\r\nIntegrityLevel: System\r\nHashes: MD5=DB126FF10E71753C0C29210C090927A3,SHA256=B94D1C553C7EF81DF040D6BE59120EB0A8F67AEC1A787A2B6B537309CBAF8CC4,IMPHASH=392B4D61B1D1DADC1F06444DF258188A\r\nParentProcessGuid: {a6e2d9b7-a172-6a23-4000-000000000700}\r\nParentProcessId: 3716\r\nParentImage: C:\\Program Files (x86)\\ossec-agent\\active-response\\bin\\restart-wazuh.exe\r\nParentCommandLine: \"active-response/bin/restart-wazuh.exe\"\r\nParentUser: NT AUTHORITY\\SYSTEM\""
                        },
                        "eventdata": {
                            "utcTime": "2026-06-06 04:26:27.250",
                            "processGuid": "{a6e2d9b7-a173-6a23-4900-000000000700}",
                            "processId": "1596",
                            "image": "C:\\\\Windows\\\\SysWOW64\\\\cmd.exe",
                            "fileVersion": "10.0.17763.1697 (WinBuild.160101.0800)",
                            "description": "Windows Command Processor",
                            "product": "Microsoft\u00ae Windows\u00ae Operating System",
                            "company": "Microsoft Corporation",
                            "originalFileName": "Cmd.Exe",
                            "commandLine": "C:\\\\Windows\\\\system32\\\\cmd.exe /c %%WINDIR%%\\\\system32\\\\net.exe stop Wazuh",
                            "currentDirectory": "C:\\\\Program Files (x86)\\\\ossec-agent\\\\",
                            "user": "NT AUTHORITY\\\\SYSTEM",
                            "logonGuid": "{a6e2d9b7-a16b-6a23-e703-000000000000}",
                            "logonId": "0x3e7",
                            "terminalSessionId": "0",
                            "integrityLevel": "System",
                            "hashes": "MD5=DB126FF10E71753C0C29210C090927A3,SHA256=B94D1C553C7EF81DF040D6BE59120EB0A8F67AEC1A787A2B6B537309CBAF8CC4,IMPHASH=392B4D61B1D1DADC1F06444DF258188A",
                            "parentProcessGuid": "{a6e2d9b7-a172-6a23-4000-000000000700}",
                            "parentProcessId": "3716",
                            "parentImage": "C:\\\\Program Files (x86)\\\\ossec-agent\\\\active-response\\\\bin\\\\restart-wazuh.exe",
                            "parentCommandLine": "\\\"active-response/bin/restart-wazuh.exe\\\"",
                            "parentUser": "NT AUTHORITY\\\\SYSTEM"
                        }
                    }
                },
                "location": "EventChannel"
            }
        }
    },
    {
        "alert_id": "CSA-00030",
        "time": "2026-06-06T12:26:28.764+0800",
        "host": "win-server",
        "user": "unknown",
        "source_ip": "unknown",
        "destination_ip": "unknown",
        "event_id": "1",
        "rule_id": "92036",
        "rule_description": "A C:\\\\Windows\\\\SysWOW64\\\\net.exe binary was started by a Windows cmd shell",
        "process": "C:\\\\Windows\\\\SysWOW64\\\\net.exe",
        "parent_process": "C:\\\\Windows\\\\SysWOW64\\\\cmd.exe",
        "command_line": "C:\\\\Windows\\\\system32\\\\net.exe  stop Wazuh",
        "pack": "suspicious_execution",
        "rule_name": "Suspicious Process Execution",
        "title": "\u26a1 Suspicious Process Execution",
        "summary": "A C:\\\\Windows\\\\SysWOW64\\\\net.exe binary was started by a Windows cmd shell | Host: win-server | Process: c:\\\\windows\\\\syswow64\\\\net.exe",
        "severity": "MEDIUM",
        "mitre": [
            "T1059.003"
        ],
        "kill_chain_phase": "Execution",
        "recommended_actions": [
            "Check parent process context",
            "Verify if activity was authorized",
            "Correlate with login events on same host",
            "Check for file drops or network connections after execution"
        ],
        "fp_notes": "Verify parent process \u2014 could be legitimate admin activity",
        "status": "OPEN",
        "raw": {
            "id": "1780719988.30568",
            "timestamp": "2026-06-06T12:26:28.764+0800",
            "host": "win-server",
            "user": "",
            "event_id": "1",
            "rule_id": "92036",
            "rule_level": 3,
            "rule_description": "A C:\\\\Windows\\\\SysWOW64\\\\net.exe binary was started by a Windows cmd shell",
            "source_ip": "",
            "process": "C:\\\\Windows\\\\SysWOW64\\\\net.exe",
            "parent_process": "C:\\\\Windows\\\\SysWOW64\\\\cmd.exe",
            "command_line": "C:\\\\Windows\\\\system32\\\\net.exe  stop Wazuh",
            "provider": "Microsoft-Windows-Sysmon",
            "raw_json": "{\"timestamp\": \"2026-06-06T12:26:28.764+0800\", \"rule\": {\"level\": 3, \"description\": \"A C:\\\\\\\\Windows\\\\\\\\SysWOW64\\\\\\\\net.exe binary was started by a Windows cmd shell\", \"id\": \"92036\", \"mitre\": {\"id\": [\"T1059.003\", \"T1574.001\"], \"tactic\": [\"Execution\", \"Persistence\", \"Privilege Escalation\", \"Defense Evasion\"], \"technique\": [\"Windows Command Shell\", \"DLL Search Order Hijacking\"]}, \"firedtimes\": 1, \"mail\": false, \"groups\": [\"sysmon\", \"sysmon_eid1_detections\", \"windows\"]}, \"agent\": {\"id\": \"004\", \"name\": \"win-server\", \"ip\": \"192.168.10.145\"}, \"manager\": {\"name\": \"alwin\"}, \"id\": \"1780719988.30568\", \"decoder\": {\"name\": \"windows_eventchannel\"}, \"data\": {\"win\": {\"system\": {\"providerName\": \"Microsoft-Windows-Sysmon\", \"providerGuid\": \"{5770385f-c22a-43e0-bf4c-06f5698ffbd9}\", \"eventID\": \"1\", \"version\": \"5\", \"level\": \"4\", \"task\": \"1\", \"opcode\": \"0\", \"keywords\": \"0x8000000000000000\", \"systemTime\": \"2026-06-06T04:26:27.792829900Z\", \"eventRecordID\": \"3892\", \"processID\": \"2252\", \"threadID\": \"3540\", \"channel\": \"Microsoft-Windows-Sysmon/Operational\", \"computer\": \"WIN-KMSGSH5FS1F\", \"severityValue\": \"INFORMATION\", \"message\": \"\\\"Process Create:\\r\\nRuleName: -\\r\\nUtcTime: 2026-06-06 04:26:27.332\\r\\nProcessGuid: {a6e2d9b7-a173-6a23-4a00-000000000700}\\r\\nProcessId: 3352\\r\\nImage: C:\\\\Windows\\\\SysWOW64\\\\net.exe\\r\\nFileVersion: 10.0.17763.1 (WinBuild.160101.0800)\\r\\nDescription: Net Command\\r\\nProduct: Microsoft\\u00ae Windows\\u00ae Operating System\\r\\nCompany: Microsoft Corporation\\r\\nOriginalFileName: net.exe\\r\\nCommandLine: C:\\\\Windows\\\\system32\\\\net.exe  stop Wazuh\\r\\nCurrentDirectory: C:\\\\Program Files (x86)\\\\ossec-agent\\\\\\r\\nUser: NT AUTHORITY\\\\SYSTEM\\r\\nLogonGuid: {a6e2d9b7-a16b-6a23-e703-000000000000}\\r\\nLogonId: 0x3E7\\r\\nTerminalSessionId: 0\\r\\nIntegrityLevel: System\\r\\nHashes: MD5=CB0744AA7ACB8B8A960FCCE3259739EC,SHA256=1FB73D95BD75DCC9734C2586E8D9C5EEA74706786D6AD71523FFC8799817348F,IMPHASH=AC592B83B5CAEB41A6F6DF7DB53F9076\\r\\nParentProcessGuid: {a6e2d9b7-a173-6a23-4900-000000000700}\\r\\nParentProcessId: 1596\\r\\nParentImage: C:\\\\Windows\\\\SysWOW64\\\\cmd.exe\\r\\nParentCommandLine: C:\\\\Windows\\\\system32\\\\cmd.exe /c %WINDIR%\\\\system32\\\\net.exe stop Wazuh\\r\\nParentUser: NT AUTHORITY\\\\SYSTEM\\\"\"}, \"eventdata\": {\"utcTime\": \"2026-06-06 04:26:27.332\", \"processGuid\": \"{a6e2d9b7-a173-6a23-4a00-000000000700}\", \"processId\": \"3352\", \"image\": \"C:\\\\\\\\Windows\\\\\\\\SysWOW64\\\\\\\\net.exe\", \"fileVersion\": \"10.0.17763.1 (WinBuild.160101.0800)\", \"description\": \"Net Command\", \"product\": \"Microsoft\\u00ae Windows\\u00ae Operating System\", \"company\": \"Microsoft Corporation\", \"originalFileName\": \"net.exe\", \"commandLine\": \"C:\\\\\\\\Windows\\\\\\\\system32\\\\\\\\net.exe  stop Wazuh\", \"currentDirectory\": \"C:\\\\\\\\Program Files (x86)\\\\\\\\ossec-agent\\\\\\\\\", \"user\": \"NT AUTHORITY\\\\\\\\SYSTEM\", \"logonGuid\": \"{a6e2d9b7-a16b-6a23-e703-000000000000}\", \"logonId\": \"0x3e7\", \"terminalSessionId\": \"0\", \"integrityLevel\": \"System\", \"hashes\": \"MD5=CB0744AA7ACB8B8A960FCCE3259739EC,SHA256=1FB73D95BD75DCC9734C2586E8D9C5EEA74706786D6AD71523FFC8799817348F,IMPHASH=AC592B83B5CAEB41A6F6DF7DB53F9076\", \"parentProcessGuid\": \"{a6e2d9b7-a173-6a23-4900-000000000700}\", \"parentProcessId\": \"1596\", \"parentImage\": \"C:\\\\\\\\Windows\\\\\\\\SysWOW64\\\\\\\\cmd.exe\", \"parentCommandLine\": \"C:\\\\\\\\Windows\\\\\\\\system32\\\\\\\\cmd.exe /c %WINDIR%\\\\\\\\system32\\\\\\\\net.exe stop Wazuh\", \"parentUser\": \"NT AUTHORITY\\\\\\\\SYSTEM\"}}}, \"location\": \"EventChannel\"}",
            "inserted_at": "2026-06-07T19:24:38.921594",
            "raw": {
                "timestamp": "2026-06-06T12:26:28.764+0800",
                "rule": {
                    "level": 3,
                    "description": "A C:\\\\Windows\\\\SysWOW64\\\\net.exe binary was started by a Windows cmd shell",
                    "id": "92036",
                    "mitre": {
                        "id": [
                            "T1059.003",
                            "T1574.001"
                        ],
                        "tactic": [
                            "Execution",
                            "Persistence",
                            "Privilege Escalation",
                            "Defense Evasion"
                        ],
                        "technique": [
                            "Windows Command Shell",
                            "DLL Search Order Hijacking"
                        ]
                    },
                    "firedtimes": 1,
                    "mail": false,
                    "groups": [
                        "sysmon",
                        "sysmon_eid1_detections",
                        "windows"
                    ]
                },
                "agent": {
                    "id": "004",
                    "name": "win-server",
                    "ip": "192.168.10.145"
                },
                "manager": {
                    "name": "alwin"
                },
                "id": "1780719988.30568",
                "decoder": {
                    "name": "windows_eventchannel"
                },
                "data": {
                    "win": {
                        "system": {
                            "providerName": "Microsoft-Windows-Sysmon",
                            "providerGuid": "{5770385f-c22a-43e0-bf4c-06f5698ffbd9}",
                            "eventID": "1",
                            "version": "5",
                            "level": "4",
                            "task": "1",
                            "opcode": "0",
                            "keywords": "0x8000000000000000",
                            "systemTime": "2026-06-06T04:26:27.792829900Z",
                            "eventRecordID": "3892",
                            "processID": "2252",
                            "threadID": "3540",
                            "channel": "Microsoft-Windows-Sysmon/Operational",
                            "computer": "WIN-KMSGSH5FS1F",
                            "severityValue": "INFORMATION",
                            "message": "\"Process Create:\r\nRuleName: -\r\nUtcTime: 2026-06-06 04:26:27.332\r\nProcessGuid: {a6e2d9b7-a173-6a23-4a00-000000000700}\r\nProcessId: 3352\r\nImage: C:\\Windows\\SysWOW64\\net.exe\r\nFileVersion: 10.0.17763.1 (WinBuild.160101.0800)\r\nDescription: Net Command\r\nProduct: Microsoft\u00ae Windows\u00ae Operating System\r\nCompany: Microsoft Corporation\r\nOriginalFileName: net.exe\r\nCommandLine: C:\\Windows\\system32\\net.exe  stop Wazuh\r\nCurrentDirectory: C:\\Program Files (x86)\\ossec-agent\\\r\nUser: NT AUTHORITY\\SYSTEM\r\nLogonGuid: {a6e2d9b7-a16b-6a23-e703-000000000000}\r\nLogonId: 0x3E7\r\nTerminalSessionId: 0\r\nIntegrityLevel: System\r\nHashes: MD5=CB0744AA7ACB8B8A960FCCE3259739EC,SHA256=1FB73D95BD75DCC9734C2586E8D9C5EEA74706786D6AD71523FFC8799817348F,IMPHASH=AC592B83B5CAEB41A6F6DF7DB53F9076\r\nParentProcessGuid: {a6e2d9b7-a173-6a23-4900-000000000700}\r\nParentProcessId: 1596\r\nParentImage: C:\\Windows\\SysWOW64\\cmd.exe\r\nParentCommandLine: C:\\Windows\\system32\\cmd.exe /c %WINDIR%\\system32\\net.exe stop Wazuh\r\nParentUser: NT AUTHORITY\\SYSTEM\""
                        },
                        "eventdata": {
                            "utcTime": "2026-06-06 04:26:27.332",
                            "processGuid": "{a6e2d9b7-a173-6a23-4a00-000000000700}",
                            "processId": "3352",
                            "image": "C:\\\\Windows\\\\SysWOW64\\\\net.exe",
                            "fileVersion": "10.0.17763.1 (WinBuild.160101.0800)",
                            "description": "Net Command",
                            "product": "Microsoft\u00ae Windows\u00ae Operating System",
                            "company": "Microsoft Corporation",
                            "originalFileName": "net.exe",
                            "commandLine": "C:\\\\Windows\\\\system32\\\\net.exe  stop Wazuh",
                            "currentDirectory": "C:\\\\Program Files (x86)\\\\ossec-agent\\\\",
                            "user": "NT AUTHORITY\\\\SYSTEM",
                            "logonGuid": "{a6e2d9b7-a16b-6a23-e703-000000000000}",
                            "logonId": "0x3e7",
                            "terminalSessionId": "0",
                            "integrityLevel": "System",
                            "hashes": "MD5=CB0744AA7ACB8B8A960FCCE3259739EC,SHA256=1FB73D95BD75DCC9734C2586E8D9C5EEA74706786D6AD71523FFC8799817348F,IMPHASH=AC592B83B5CAEB41A6F6DF7DB53F9076",
                            "parentProcessGuid": "{a6e2d9b7-a173-6a23-4900-000000000700}",
                            "parentProcessId": "1596",
                            "parentImage": "C:\\\\Windows\\\\SysWOW64\\\\cmd.exe",
                            "parentCommandLine": "C:\\\\Windows\\\\system32\\\\cmd.exe /c %WINDIR%\\\\system32\\\\net.exe stop Wazuh",
                            "parentUser": "NT AUTHORITY\\\\SYSTEM"
                        }
                    }
                },
                "location": "EventChannel"
            }
        }
    },
    {
        "alert_id": "CSA-00031",
        "time": "2026-06-26T17:18:16.613+0800",
        "host": "win-server",
        "user": "administrator",
        "source_ip": "192.168.10.144",
        "destination_ip": "unknown",
        "event_id": "4625",
        "rule_id": "60122",
        "rule_description": "Logon Failure - Unknown user or bad password",
        "process": "",
        "parent_process": "",
        "command_line": "",
        "pack": "brute_force",
        "rule_name": "Brute Force Detected",
        "title": "\ud83d\udd28 Brute Force Login Attempt",
        "summary": "10 failed logins in 5 min | User: administrator | Host: win-server",
        "severity": "MEDIUM",
        "mitre": [
            "T1110"
        ],
        "kill_chain_phase": "Initial Access",
        "recommended_actions": [
            "Check if account is now locked",
            "Verify source IP",
            "Monitor for successful login (4624) following this"
        ],
        "fp_notes": "Could be password expiry or account lockout \u2014 no confirmed success yet",
        "status": "OPEN",
        "raw": {
            "id": "1782465496.802210",
            "timestamp": "2026-06-26T17:18:16.613+0800",
            "host": "win-server",
            "user": "administrator",
            "event_id": "4625",
            "rule_id": "60122",
            "rule_level": 5,
            "rule_description": "Logon Failure - Unknown user or bad password",
            "source_ip": "192.168.10.144",
            "process": "",
            "parent_process": "",
            "command_line": "",
            "provider": "Microsoft-Windows-Security-Auditing",
            "raw_json": "{\"timestamp\": \"2026-06-26T17:18:16.613+0800\", \"rule\": {\"level\": 5, \"description\": \"Logon Failure - Unknown user or bad password\", \"id\": \"60122\", \"mitre\": {\"id\": [\"T1531\"], \"tactic\": [\"Impact\"], \"technique\": [\"Account Access Removal\"]}, \"firedtimes\": 9, \"mail\": false, \"groups\": [\"windows\", \"windows_security\", \"authentication_failed\"], \"pci_dss\": [\"10.2.4\", \"10.2.5\"], \"gpg13\": [\"7.1\"], \"gdpr\": [\"IV_35.7.d\", \"IV_32.2\"], \"hipaa\": [\"164.312.b\"], \"nist_800_53\": [\"AU.14\", \"AC.7\"], \"tsc\": [\"CC6.1\", \"CC6.8\", \"CC7.2\", \"CC7.3\"]}, \"agent\": {\"id\": \"004\", \"name\": \"win-server\", \"ip\": \"192.168.10.145\"}, \"manager\": {\"name\": \"alwin\"}, \"id\": \"1782465496.802210\", \"decoder\": {\"name\": \"windows_eventchannel\"}, \"data\": {\"win\": {\"system\": {\"providerName\": \"Microsoft-Windows-Security-Auditing\", \"providerGuid\": \"{54849625-5478-4994-a5ba-3e3b0328c30d}\", \"eventID\": \"4625\", \"version\": \"0\", \"level\": \"0\", \"task\": \"12544\", \"opcode\": \"0\", \"keywords\": \"0x8010000000000000\", \"systemTime\": \"2026-06-26T09:18:15.613973900Z\", \"eventRecordID\": \"3386\", \"processID\": \"656\", \"threadID\": \"3188\", \"channel\": \"Security\", \"computer\": \"WIN-KMSGSH5FS1F\", \"severityValue\": \"AUDIT_FAILURE\", \"message\": \"\\\"An account failed to log on.\\r\\n\\r\\nSubject:\\r\\n\\tSecurity ID:\\t\\tS-1-0-0\\r\\n\\tAccount Name:\\t\\t-\\r\\n\\tAccount Domain:\\t\\t-\\r\\n\\tLogon ID:\\t\\t0x0\\r\\n\\r\\nLogon Type:\\t\\t\\t3\\r\\n\\r\\nAccount For Which Logon Failed:\\r\\n\\tSecurity ID:\\t\\tS-1-0-0\\r\\n\\tAccount Name:\\t\\tadministrator\\r\\n\\tAccount Domain:\\t\\tWORKGROUP\\r\\n\\r\\nFailure Information:\\r\\n\\tFailure Reason:\\t\\tUnknown user name or bad password.\\r\\n\\tStatus:\\t\\t\\t0xC000006D\\r\\n\\tSub Status:\\t\\t0xC000006A\\r\\n\\r\\nProcess Information:\\r\\n\\tCaller Process ID:\\t0x0\\r\\n\\tCaller Process Name:\\t-\\r\\n\\r\\nNetwork Information:\\r\\n\\tWorkstation Name:\\tKALI\\r\\n\\tSource Network Address:\\t192.168.10.144\\r\\n\\tSource Port:\\t\\t38762\\r\\n\\r\\nDetailed Authentication Information:\\r\\n\\tLogon Process:\\t\\tNtLmSsp \\r\\n\\tAuthentication Package:\\tNTLM\\r\\n\\tTransited Services:\\t-\\r\\n\\tPackage Name (NTLM only):\\t-\\r\\n\\tKey Length:\\t\\t0\\r\\n\\r\\nThis event is generated when a logon request fails. It is generated on the computer where access was attempted.\\r\\n\\r\\nThe Subject fields indicate the account on the local system which requested the logon. This is most commonly a service such as the Server service, or a local process such as Winlogon.exe or Services.exe.\\r\\n\\r\\nThe Logon Type field indicates the kind of logon that was requested. The most common types are 2 (interactive) and 3 (network).\\r\\n\\r\\nThe Process Information fields indicate which account and process on the system requested the logon.\\r\\n\\r\\nThe Network Information fields indicate where a remote logon request originated. Workstation name is not always available and may be left blank in some cases.\\r\\n\\r\\nThe authentication information fields provide detailed information about this specific logon request.\\r\\n\\t- Transited services indicate which intermediate services have participated in this logon request.\\r\\n\\t- Package name indicates which sub-protocol was used among the NTLM protocols.\\r\\n\\t- Key length indicates the length of the generated session key. This will be 0 if no session key was requested.\\\"\"}, \"eventdata\": {\"subjectUserSid\": \"S-1-0-0\", \"subjectLogonId\": \"0x0\", \"targetUserSid\": \"S-1-0-0\", \"targetUserName\": \"administrator\", \"targetDomainName\": \"WORKGROUP\", \"status\": \"0xc000006d\", \"failureReason\": \"%%2313\", \"subStatus\": \"0xc000006a\", \"logonType\": \"3\", \"logonProcessName\": \"NtLmSsp\", \"authenticationPackageName\": \"NTLM\", \"workstationName\": \"KALI\", \"keyLength\": \"0\", \"processId\": \"0x0\", \"ipAddress\": \"192.168.10.144\", \"ipPort\": \"38762\"}}}, \"location\": \"EventChannel\"}",
            "inserted_at": "2026-06-26T09:22:44.125359",
            "raw": {
                "timestamp": "2026-06-26T17:18:16.613+0800",
                "rule": {
                    "level": 5,
                    "description": "Logon Failure - Unknown user or bad password",
                    "id": "60122",
                    "mitre": {
                        "id": [
                            "T1531"
                        ],
                        "tactic": [
                            "Impact"
                        ],
                        "technique": [
                            "Account Access Removal"
                        ]
                    },
                    "firedtimes": 9,
                    "mail": false,
                    "groups": [
                        "windows",
                        "windows_security",
                        "authentication_failed"
                    ],
                    "pci_dss": [
                        "10.2.4",
                        "10.2.5"
                    ],
                    "gpg13": [
                        "7.1"
                    ],
                    "gdpr": [
                        "IV_35.7.d",
                        "IV_32.2"
                    ],
                    "hipaa": [
                        "164.312.b"
                    ],
                    "nist_800_53": [
                        "AU.14",
                        "AC.7"
                    ],
                    "tsc": [
                        "CC6.1",
                        "CC6.8",
                        "CC7.2",
                        "CC7.3"
                    ]
                },
                "agent": {
                    "id": "004",
                    "name": "win-server",
                    "ip": "192.168.10.145"
                },
                "manager": {
                    "name": "alwin"
                },
                "id": "1782465496.802210",
                "decoder": {
                    "name": "windows_eventchannel"
                },
                "data": {
                    "win": {
                        "system": {
                            "providerName": "Microsoft-Windows-Security-Auditing",
                            "providerGuid": "{54849625-5478-4994-a5ba-3e3b0328c30d}",
                            "eventID": "4625",
                            "version": "0",
                            "level": "0",
                            "task": "12544",
                            "opcode": "0",
                            "keywords": "0x8010000000000000",
                            "systemTime": "2026-06-26T09:18:15.613973900Z",
                            "eventRecordID": "3386",
                            "processID": "656",
                            "threadID": "3188",
                            "channel": "Security",
                            "computer": "WIN-KMSGSH5FS1F",
                            "severityValue": "AUDIT_FAILURE",
                            "message": "\"An account failed to log on.\r\n\r\nSubject:\r\n\tSecurity ID:\t\tS-1-0-0\r\n\tAccount Name:\t\t-\r\n\tAccount Domain:\t\t-\r\n\tLogon ID:\t\t0x0\r\n\r\nLogon Type:\t\t\t3\r\n\r\nAccount For Which Logon Failed:\r\n\tSecurity ID:\t\tS-1-0-0\r\n\tAccount Name:\t\tadministrator\r\n\tAccount Domain:\t\tWORKGROUP\r\n\r\nFailure Information:\r\n\tFailure Reason:\t\tUnknown user name or bad password.\r\n\tStatus:\t\t\t0xC000006D\r\n\tSub Status:\t\t0xC000006A\r\n\r\nProcess Information:\r\n\tCaller Process ID:\t0x0\r\n\tCaller Process Name:\t-\r\n\r\nNetwork Information:\r\n\tWorkstation Name:\tKALI\r\n\tSource Network Address:\t192.168.10.144\r\n\tSource Port:\t\t38762\r\n\r\nDetailed Authentication Information:\r\n\tLogon Process:\t\tNtLmSsp \r\n\tAuthentication Package:\tNTLM\r\n\tTransited Services:\t-\r\n\tPackage Name (NTLM only):\t-\r\n\tKey Length:\t\t0\r\n\r\nThis event is generated when a logon request fails. It is generated on the computer where access was attempted.\r\n\r\nThe Subject fields indicate the account on the local system which requested the logon. This is most commonly a service such as the Server service, or a local process such as Winlogon.exe or Services.exe.\r\n\r\nThe Logon Type field indicates the kind of logon that was requested. The most common types are 2 (interactive) and 3 (network).\r\n\r\nThe Process Information fields indicate which account and process on the system requested the logon.\r\n\r\nThe Network Information fields indicate where a remote logon request originated. Workstation name is not always available and may be left blank in some cases.\r\n\r\nThe authentication information fields provide detailed information about this specific logon request.\r\n\t- Transited services indicate which intermediate services have participated in this logon request.\r\n\t- Package name indicates which sub-protocol was used among the NTLM protocols.\r\n\t- Key length indicates the length of the generated session key. This will be 0 if no session key was requested.\""
                        },
                        "eventdata": {
                            "subjectUserSid": "S-1-0-0",
                            "subjectLogonId": "0x0",
                            "targetUserSid": "S-1-0-0",
                            "targetUserName": "administrator",
                            "targetDomainName": "WORKGROUP",
                            "status": "0xc000006d",
                            "failureReason": "%%2313",
                            "subStatus": "0xc000006a",
                            "logonType": "3",
                            "logonProcessName": "NtLmSsp",
                            "authenticationPackageName": "NTLM",
                            "workstationName": "KALI",
                            "keyLength": "0",
                            "processId": "0x0",
                            "ipAddress": "192.168.10.144",
                            "ipPort": "38762"
                        }
                    }
                },
                "location": "EventChannel"
            }
        }
    },
