    {
        "alert_id": "CSA-00032",
        "time": "2026-06-26T17:20:12.431+0800",
        "host": "win-server",
        "user": "administrator",
        "source_ip": "192.168.10.145",
        "destination_ip": "unknown",
        "event_id": "1",
        "rule_id": "92033",
        "rule_description": "Discovery activity spawned via powershell execution",
        "process": "C:\\\\Windows\\\\System32\\\\net.exe",
        "parent_process": "C:\\\\Windows\\\\System32\\\\WindowsPowerShell\\\\v1.0\\\\powershell.exe",
        "command_line": "\\\"C:\\\\Windows\\\\system32\\\\net.exe\\\" user administrator /active:yes",
        "pack": "suspicious_execution",
        "rule_name": "Suspicious Process Execution",
        "title": "\ud83d\udd0d Discovery Activity Detected",
        "summary": "Discovery activity spawned via powershell execution | Host: win-server | Process: c:\\\\windows\\\\system32\\\\net.exe",
        "severity": "MEDIUM",
        "mitre": [
            "T1082",
            "T1087"
        ],
        "kill_chain_phase": "Discovery",
        "recommended_actions": [
            "Check parent process context",
            "Verify if activity was authorized",
            "Correlate with login events on same host",
            "Check for file drops or network connections after execution"
        ],
        "fp_notes": "Verify parent process \u2014 could be legitimate admin activity",
        "status": "OPEN",
        "raw": {
            "id": "1782465612.14401109",
            "timestamp": "2026-06-26T17:20:12.431+0800",
            "host": "win-server",
            "user": "administrator",
            "event_id": "1",
            "rule_id": "92033",
            "rule_level": 3,
            "rule_description": "Discovery activity spawned via powershell execution",
            "source_ip": "192.168.10.145",
            "process": "C:\\\\Windows\\\\System32\\\\net.exe",
            "parent_process": "C:\\\\Windows\\\\System32\\\\WindowsPowerShell\\\\v1.0\\\\powershell.exe",
            "command_line": "\\\"C:\\\\Windows\\\\system32\\\\net.exe\\\" user administrator /active:yes",
            "provider": "Microsoft-Windows-Sysmon",
            "raw_json": "{\"timestamp\": \"2026-06-26T17:20:12.431+0800\", \"rule\": {\"level\": 3, \"description\": \"Discovery activity spawned via powershell execution\", \"id\": \"92033\", \"mitre\": {\"id\": [\"T1087\", \"T1059.001\"], \"tactic\": [\"Discovery\", \"Execution\"], \"technique\": [\"Account Discovery\", \"PowerShell\"]}, \"firedtimes\": 1, \"mail\": false, \"groups\": [\"sysmon\", \"sysmon_eid1_detections\", \"windows\"]}, \"agent\": {\"id\": \"004\", \"name\": \"win-server\", \"ip\": \"192.168.10.145\"}, \"manager\": {\"name\": \"alwin\"}, \"id\": \"1782465612.14401109\", \"decoder\": {\"name\": \"windows_eventchannel\"}, \"data\": {\"win\": {\"system\": {\"providerName\": \"Microsoft-Windows-Sysmon\", \"providerGuid\": \"{5770385f-c22a-43e0-bf4c-06f5698ffbd9}\", \"eventID\": \"1\", \"version\": \"5\", \"level\": \"4\", \"task\": \"1\", \"opcode\": \"0\", \"keywords\": \"0x8000000000000000\", \"systemTime\": \"2026-06-26T09:20:07.832157700Z\", \"eventRecordID\": \"6804\", \"processID\": \"2184\", \"threadID\": \"2260\", \"channel\": \"Microsoft-Windows-Sysmon/Operational\", \"computer\": \"WIN-KMSGSH5FS1F\", \"severityValue\": \"INFORMATION\", \"message\": \"\\\"Process Create:\\r\\nRuleName: -\\r\\nUtcTime: 2026-06-26 09:20:07.817\\r\\nProcessGuid: {a6e2d9b7-4447-6a3e-9a01-000000000a00}\\r\\nProcessId: 724\\r\\nImage: C:\\\\Windows\\\\System32\\\\net.exe\\r\\nFileVersion: 10.0.17763.1 (WinBuild.160101.0800)\\r\\nDescription: Net Command\\r\\nProduct: Microsoft\\u00ae Windows\\u00ae Operating System\\r\\nCompany: Microsoft Corporation\\r\\nOriginalFileName: net.exe\\r\\nCommandLine: \\\"C:\\\\Windows\\\\system32\\\\net.exe\\\" user administrator /active:yes\\r\\nCurrentDirectory: C:\\\\Users\\\\Administrator\\\\\\r\\nUser: WIN-KMSGSH5FS1F\\\\Administrator\\r\\nLogonGuid: {a6e2d9b7-441e-6a3e-e8bb-270000000000}\\r\\nLogonId: 0x27BBE8\\r\\nTerminalSessionId: 1\\r\\nIntegrityLevel: High\\r\\nHashes: MD5=AE61D8F04BCDE8158304067913160B31,SHA256=25C8266D2BC1D5626DCDF72419838B397D28D44D00AC09F02FF4E421B43EC369,IMPHASH=57F0C47AE2A1A2C06C8B987372AB0B07\\r\\nParentProcessGuid: {a6e2d9b7-4439-6a3e-9401-000000000a00}\\r\\nParentProcessId: 5256\\r\\nParentImage: C:\\\\Windows\\\\System32\\\\WindowsPowerShell\\\\v1.0\\\\powershell.exe\\r\\nParentCommandLine: \\\"C:\\\\Windows\\\\System32\\\\WindowsPowerShell\\\\v1.0\\\\powershell.exe\\\" \\r\\nParentUser: WIN-KMSGSH5FS1F\\\\Administrator\\\"\"}, \"eventdata\": {\"utcTime\": \"2026-06-26 09:20:07.817\", \"processGuid\": \"{a6e2d9b7-4447-6a3e-9a01-000000000a00}\", \"processId\": \"724\", \"image\": \"C:\\\\\\\\Windows\\\\\\\\System32\\\\\\\\net.exe\", \"fileVersion\": \"10.0.17763.1 (WinBuild.160101.0800)\", \"description\": \"Net Command\", \"product\": \"Microsoft\\u00ae Windows\\u00ae Operating System\", \"company\": \"Microsoft Corporation\", \"originalFileName\": \"net.exe\", \"commandLine\": \"\\\\\\\"C:\\\\\\\\Windows\\\\\\\\system32\\\\\\\\net.exe\\\\\\\" user administrator /active:yes\", \"currentDirectory\": \"C:\\\\\\\\Users\\\\\\\\Administrator\\\\\\\\\", \"user\": \"WIN-KMSGSH5FS1F\\\\\\\\Administrator\", \"logonGuid\": \"{a6e2d9b7-441e-6a3e-e8bb-270000000000}\", \"logonId\": \"0x27bbe8\", \"terminalSessionId\": \"1\", \"integrityLevel\": \"High\", \"hashes\": \"MD5=AE61D8F04BCDE8158304067913160B31,SHA256=25C8266D2BC1D5626DCDF72419838B397D28D44D00AC09F02FF4E421B43EC369,IMPHASH=57F0C47AE2A1A2C06C8B987372AB0B07\", \"parentProcessGuid\": \"{a6e2d9b7-4439-6a3e-9401-000000000a00}\", \"parentProcessId\": \"5256\", \"parentImage\": \"C:\\\\\\\\Windows\\\\\\\\System32\\\\\\\\WindowsPowerShell\\\\\\\\v1.0\\\\\\\\powershell.exe\", \"parentCommandLine\": \"\\\\\\\"C:\\\\\\\\Windows\\\\\\\\System32\\\\\\\\WindowsPowerShell\\\\\\\\v1.0\\\\\\\\powershell.exe\\\\\\\"\", \"parentUser\": \"WIN-KMSGSH5FS1F\\\\\\\\Administrator\"}}}, \"location\": \"EventChannel\"}",
            "inserted_at": "2026-06-26T09:22:44.125359",
            "raw": {
                "timestamp": "2026-06-26T17:20:12.431+0800",
                "rule": {
                    "level": 3,
                    "description": "Discovery activity spawned via powershell execution",
                    "id": "92033",
                    "mitre": {
                        "id": [
                            "T1087",
                            "T1059.001"
                        ],
                        "tactic": [
                            "Discovery",
                            "Execution"
                        ],
                        "technique": [
                            "Account Discovery",
                            "PowerShell"
                        ]
                    },
                    "firedtimes": 1,
                    "mail": false,
                    "groups": [
                        "sysmon",
                        "sysmon_eid1_detections",
                        "windows"
                    ]
                },
                "agent": {
                    "id": "004",
                    "name": "win-server",
                    "ip": "192.168.10.145"
                },
                "manager": {
                    "name": "alwin"
                },
                "id": "1782465612.14401109",
                "decoder": {
                    "name": "windows_eventchannel"
                },
                "data": {
                    "win": {
                        "system": {
                            "providerName": "Microsoft-Windows-Sysmon",
                            "providerGuid": "{5770385f-c22a-43e0-bf4c-06f5698ffbd9}",
                            "eventID": "1",
                            "version": "5",
                            "level": "4",
                            "task": "1",
                            "opcode": "0",
                            "keywords": "0x8000000000000000",
                            "systemTime": "2026-06-26T09:20:07.832157700Z",
                            "eventRecordID": "6804",
                            "processID": "2184",
                            "threadID": "2260",
                            "channel": "Microsoft-Windows-Sysmon/Operational",
                            "computer": "WIN-KMSGSH5FS1F",
                            "severityValue": "INFORMATION",
                            "message": "\"Process Create:\r\nRuleName: -\r\nUtcTime: 2026-06-26 09:20:07.817\r\nProcessGuid: {a6e2d9b7-4447-6a3e-9a01-000000000a00}\r\nProcessId: 724\r\nImage: C:\\Windows\\System32\\net.exe\r\nFileVersion: 10.0.17763.1 (WinBuild.160101.0800)\r\nDescription: Net Command\r\nProduct: Microsoft\u00ae Windows\u00ae Operating System\r\nCompany: Microsoft Corporation\r\nOriginalFileName: net.exe\r\nCommandLine: \"C:\\Windows\\system32\\net.exe\" user administrator /active:yes\r\nCurrentDirectory: C:\\Users\\Administrator\\\r\nUser: WIN-KMSGSH5FS1F\\Administrator\r\nLogonGuid: {a6e2d9b7-441e-6a3e-e8bb-270000000000}\r\nLogonId: 0x27BBE8\r\nTerminalSessionId: 1\r\nIntegrityLevel: High\r\nHashes: MD5=AE61D8F04BCDE8158304067913160B31,SHA256=25C8266D2BC1D5626DCDF72419838B397D28D44D00AC09F02FF4E421B43EC369,IMPHASH=57F0C47AE2A1A2C06C8B987372AB0B07\r\nParentProcessGuid: {a6e2d9b7-4439-6a3e-9401-000000000a00}\r\nParentProcessId: 5256\r\nParentImage: C:\\Windows\\System32\\WindowsPowerShell\\v1.0\\powershell.exe\r\nParentCommandLine: \"C:\\Windows\\System32\\WindowsPowerShell\\v1.0\\powershell.exe\" \r\nParentUser: WIN-KMSGSH5FS1F\\Administrator\""
                        },
                        "eventdata": {
                            "utcTime": "2026-06-26 09:20:07.817",
                            "processGuid": "{a6e2d9b7-4447-6a3e-9a01-000000000a00}",
                            "processId": "724",
                            "image": "C:\\\\Windows\\\\System32\\\\net.exe",
                            "fileVersion": "10.0.17763.1 (WinBuild.160101.0800)",
                            "description": "Net Command",
                            "product": "Microsoft\u00ae Windows\u00ae Operating System",
                            "company": "Microsoft Corporation",
                            "originalFileName": "net.exe",
                            "commandLine": "\\\"C:\\\\Windows\\\\system32\\\\net.exe\\\" user administrator /active:yes",
                            "currentDirectory": "C:\\\\Users\\\\Administrator\\\\",
                            "user": "WIN-KMSGSH5FS1F\\\\Administrator",
                            "logonGuid": "{a6e2d9b7-441e-6a3e-e8bb-270000000000}",
                            "logonId": "0x27bbe8",
                            "terminalSessionId": "1",
                            "integrityLevel": "High",
                            "hashes": "MD5=AE61D8F04BCDE8158304067913160B31,SHA256=25C8266D2BC1D5626DCDF72419838B397D28D44D00AC09F02FF4E421B43EC369,IMPHASH=57F0C47AE2A1A2C06C8B987372AB0B07",
                            "parentProcessGuid": "{a6e2d9b7-4439-6a3e-9401-000000000a00}",
                            "parentProcessId": "5256",
                            "parentImage": "C:\\\\Windows\\\\System32\\\\WindowsPowerShell\\\\v1.0\\\\powershell.exe",
                            "parentCommandLine": "\\\"C:\\\\Windows\\\\System32\\\\WindowsPowerShell\\\\v1.0\\\\powershell.exe\\\"",
                            "parentUser": "WIN-KMSGSH5FS1F\\\\Administrator"
                        }
                    }
                },
                "location": "EventChannel"
            }
        }
    },
    {
        "alert_id": "CSA-00033",
        "time": "2026-06-26T17:20:12.463+0800",
        "host": "win-server",
        "user": "administrator",
        "source_ip": "192.168.10.145",
        "destination_ip": "unknown",
        "event_id": "1",
        "rule_id": "92039",
        "rule_description": "A net.exe account discovery command was initiated",
        "process": "C:\\\\Windows\\\\System32\\\\net1.exe",
        "parent_process": "C:\\\\Windows\\\\System32\\\\net.exe",
        "command_line": "C:\\\\Windows\\\\system32\\\\net1 user administrator /active:yes",
        "pack": "suspicious_execution",
        "rule_name": "Suspicious Process Execution",
        "title": "\ud83d\udd0d Discovery Activity Detected",
        "summary": "A net.exe account discovery command was initiated | Host: win-server | Process: c:\\\\windows\\\\system32\\\\net1.exe",
        "severity": "MEDIUM",
        "mitre": [
            "T1082",
            "T1087"
        ],
        "kill_chain_phase": "Discovery",
        "recommended_actions": [
            "Check parent process context",
            "Verify if activity was authorized",
            "Correlate with login events on same host",
            "Check for file drops or network connections after execution"
        ],
        "fp_notes": "Verify parent process \u2014 could be legitimate admin activity",
        "status": "OPEN",
        "raw": {
            "id": "1782465612.14407280",
            "timestamp": "2026-06-26T17:20:12.463+0800",
            "host": "win-server",
            "user": "administrator",
            "event_id": "1",
            "rule_id": "92039",
            "rule_level": 3,
            "rule_description": "A net.exe account discovery command was initiated",
            "source_ip": "192.168.10.145",
            "process": "C:\\\\Windows\\\\System32\\\\net1.exe",
            "parent_process": "C:\\\\Windows\\\\System32\\\\net.exe",
            "command_line": "C:\\\\Windows\\\\system32\\\\net1 user administrator /active:yes",
            "provider": "Microsoft-Windows-Sysmon",
            "raw_json": "{\"timestamp\": \"2026-06-26T17:20:12.463+0800\", \"rule\": {\"level\": 3, \"description\": \"A net.exe account discovery command was initiated\", \"id\": \"92039\", \"mitre\": {\"id\": [\"T1087\"], \"tactic\": [\"Discovery\"], \"technique\": [\"Account Discovery\"]}, \"firedtimes\": 1, \"mail\": false, \"groups\": [\"sysmon\", \"sysmon_eid1_detections\", \"windows\"]}, \"agent\": {\"id\": \"004\", \"name\": \"win-server\", \"ip\": \"192.168.10.145\"}, \"manager\": {\"name\": \"alwin\"}, \"id\": \"1782465612.14407280\", \"decoder\": {\"name\": \"windows_eventchannel\"}, \"data\": {\"win\": {\"system\": {\"providerName\": \"Microsoft-Windows-Sysmon\", \"providerGuid\": \"{5770385f-c22a-43e0-bf4c-06f5698ffbd9}\", \"eventID\": \"1\", \"version\": \"5\", \"level\": \"4\", \"task\": \"1\", \"opcode\": \"0\", \"keywords\": \"0x8000000000000000\", \"systemTime\": \"2026-06-26T09:20:07.857611300Z\", \"eventRecordID\": \"6805\", \"processID\": \"2184\", \"threadID\": \"2260\", \"channel\": \"Microsoft-Windows-Sysmon/Operational\", \"computer\": \"WIN-KMSGSH5FS1F\", \"severityValue\": \"INFORMATION\", \"message\": \"\\\"Process Create:\\r\\nRuleName: -\\r\\nUtcTime: 2026-06-26 09:20:07.842\\r\\nProcessGuid: {a6e2d9b7-4447-6a3e-9b01-000000000a00}\\r\\nProcessId: 5716\\r\\nImage: C:\\\\Windows\\\\System32\\\\net1.exe\\r\\nFileVersion: 10.0.17763.1 (WinBuild.160101.0800)\\r\\nDescription: Net Command\\r\\nProduct: Microsoft\\u00ae Windows\\u00ae Operating System\\r\\nCompany: Microsoft Corporation\\r\\nOriginalFileName: net1.exe\\r\\nCommandLine: C:\\\\Windows\\\\system32\\\\net1 user administrator /active:yes\\r\\nCurrentDirectory: C:\\\\Users\\\\Administrator\\\\\\r\\nUser: WIN-KMSGSH5FS1F\\\\Administrator\\r\\nLogonGuid: {a6e2d9b7-441e-6a3e-e8bb-270000000000}\\r\\nLogonId: 0x27BBE8\\r\\nTerminalSessionId: 1\\r\\nIntegrityLevel: High\\r\\nHashes: MD5=63DD4523677E62A73A8A7494DB321EA2,SHA256=C687157FD58EAA51757CDA87D06C30953A31F03F5356B9F5A9C004FA4BAD4BF5,IMPHASH=41DBA1AF77E1A2260F0CE46D59ADCB5E\\r\\nParentProcessGuid: {a6e2d9b7-4447-6a3e-9a01-000000000a00}\\r\\nParentProcessId: 724\\r\\nParentImage: C:\\\\Windows\\\\System32\\\\net.exe\\r\\nParentCommandLine: \\\"C:\\\\Windows\\\\system32\\\\net.exe\\\" user administrator /active:yes\\r\\nParentUser: WIN-KMSGSH5FS1F\\\\Administrator\\\"\"}, \"eventdata\": {\"utcTime\": \"2026-06-26 09:20:07.842\", \"processGuid\": \"{a6e2d9b7-4447-6a3e-9b01-000000000a00}\", \"processId\": \"5716\", \"image\": \"C:\\\\\\\\Windows\\\\\\\\System32\\\\\\\\net1.exe\", \"fileVersion\": \"10.0.17763.1 (WinBuild.160101.0800)\", \"description\": \"Net Command\", \"product\": \"Microsoft\\u00ae Windows\\u00ae Operating System\", \"company\": \"Microsoft Corporation\", \"originalFileName\": \"net1.exe\", \"commandLine\": \"C:\\\\\\\\Windows\\\\\\\\system32\\\\\\\\net1 user administrator /active:yes\", \"currentDirectory\": \"C:\\\\\\\\Users\\\\\\\\Administrator\\\\\\\\\", \"user\": \"WIN-KMSGSH5FS1F\\\\\\\\Administrator\", \"logonGuid\": \"{a6e2d9b7-441e-6a3e-e8bb-270000000000}\", \"logonId\": \"0x27bbe8\", \"terminalSessionId\": \"1\", \"integrityLevel\": \"High\", \"hashes\": \"MD5=63DD4523677E62A73A8A7494DB321EA2,SHA256=C687157FD58EAA51757CDA87D06C30953A31F03F5356B9F5A9C004FA4BAD4BF5,IMPHASH=41DBA1AF77E1A2260F0CE46D59ADCB5E\", \"parentProcessGuid\": \"{a6e2d9b7-4447-6a3e-9a01-000000000a00}\", \"parentProcessId\": \"724\", \"parentImage\": \"C:\\\\\\\\Windows\\\\\\\\System32\\\\\\\\net.exe\", \"parentCommandLine\": \"\\\\\\\"C:\\\\\\\\Windows\\\\\\\\system32\\\\\\\\net.exe\\\\\\\" user administrator /active:yes\", \"parentUser\": \"WIN-KMSGSH5FS1F\\\\\\\\Administrator\"}}}, \"location\": \"EventChannel\"}",
            "inserted_at": "2026-06-26T09:22:44.125359",
            "raw": {
                "timestamp": "2026-06-26T17:20:12.463+0800",
                "rule": {
                    "level": 3,
                    "description": "A net.exe account discovery command was initiated",
                    "id": "92039",
                    "mitre": {
                        "id": [
                            "T1087"
                        ],
                        "tactic": [
                            "Discovery"
                        ],
                        "technique": [
                            "Account Discovery"
                        ]
                    },
                    "firedtimes": 1,
                    "mail": false,
                    "groups": [
                        "sysmon",
                        "sysmon_eid1_detections",
                        "windows"
                    ]
                },
                "agent": {
                    "id": "004",
                    "name": "win-server",
                    "ip": "192.168.10.145"
                },
                "manager": {
                    "name": "alwin"
                },
                "id": "1782465612.14407280",
                "decoder": {
                    "name": "windows_eventchannel"
                },
                "data": {
                    "win": {
                        "system": {
                            "providerName": "Microsoft-Windows-Sysmon",
                            "providerGuid": "{5770385f-c22a-43e0-bf4c-06f5698ffbd9}",
                            "eventID": "1",
                            "version": "5",
                            "level": "4",
                            "task": "1",
                            "opcode": "0",
                            "keywords": "0x8000000000000000",
                            "systemTime": "2026-06-26T09:20:07.857611300Z",
                            "eventRecordID": "6805",
                            "processID": "2184",
                            "threadID": "2260",
                            "channel": "Microsoft-Windows-Sysmon/Operational",
                            "computer": "WIN-KMSGSH5FS1F",
                            "severityValue": "INFORMATION",
                            "message": "\"Process Create:\r\nRuleName: -\r\nUtcTime: 2026-06-26 09:20:07.842\r\nProcessGuid: {a6e2d9b7-4447-6a3e-9b01-000000000a00}\r\nProcessId: 5716\r\nImage: C:\\Windows\\System32\\net1.exe\r\nFileVersion: 10.0.17763.1 (WinBuild.160101.0800)\r\nDescription: Net Command\r\nProduct: Microsoft\u00ae Windows\u00ae Operating System\r\nCompany: Microsoft Corporation\r\nOriginalFileName: net1.exe\r\nCommandLine: C:\\Windows\\system32\\net1 user administrator /active:yes\r\nCurrentDirectory: C:\\Users\\Administrator\\\r\nUser: WIN-KMSGSH5FS1F\\Administrator\r\nLogonGuid: {a6e2d9b7-441e-6a3e-e8bb-270000000000}\r\nLogonId: 0x27BBE8\r\nTerminalSessionId: 1\r\nIntegrityLevel: High\r\nHashes: MD5=63DD4523677E62A73A8A7494DB321EA2,SHA256=C687157FD58EAA51757CDA87D06C30953A31F03F5356B9F5A9C004FA4BAD4BF5,IMPHASH=41DBA1AF77E1A2260F0CE46D59ADCB5E\r\nParentProcessGuid: {a6e2d9b7-4447-6a3e-9a01-000000000a00}\r\nParentProcessId: 724\r\nParentImage: C:\\Windows\\System32\\net.exe\r\nParentCommandLine: \"C:\\Windows\\system32\\net.exe\" user administrator /active:yes\r\nParentUser: WIN-KMSGSH5FS1F\\Administrator\""
                        },
                        "eventdata": {
                            "utcTime": "2026-06-26 09:20:07.842",
                            "processGuid": "{a6e2d9b7-4447-6a3e-9b01-000000000a00}",
                            "processId": "5716",
                            "image": "C:\\\\Windows\\\\System32\\\\net1.exe",
                            "fileVersion": "10.0.17763.1 (WinBuild.160101.0800)",
                            "description": "Net Command",
                            "product": "Microsoft\u00ae Windows\u00ae Operating System",
                            "company": "Microsoft Corporation",
                            "originalFileName": "net1.exe",
                            "commandLine": "C:\\\\Windows\\\\system32\\\\net1 user administrator /active:yes",
                            "currentDirectory": "C:\\\\Users\\\\Administrator\\\\",
                            "user": "WIN-KMSGSH5FS1F\\\\Administrator",
                            "logonGuid": "{a6e2d9b7-441e-6a3e-e8bb-270000000000}",
                            "logonId": "0x27bbe8",
                            "terminalSessionId": "1",
                            "integrityLevel": "High",
                            "hashes": "MD5=63DD4523677E62A73A8A7494DB321EA2,SHA256=C687157FD58EAA51757CDA87D06C30953A31F03F5356B9F5A9C004FA4BAD4BF5,IMPHASH=41DBA1AF77E1A2260F0CE46D59ADCB5E",
                            "parentProcessGuid": "{a6e2d9b7-4447-6a3e-9a01-000000000a00}",
                            "parentProcessId": "724",
                            "parentImage": "C:\\\\Windows\\\\System32\\\\net.exe",
                            "parentCommandLine": "\\\"C:\\\\Windows\\\\system32\\\\net.exe\\\" user administrator /active:yes",
                            "parentUser": "WIN-KMSGSH5FS1F\\\\Administrator"
                        }
                    }
                },
                "location": "EventChannel"
            }
        }
    }
]