    {
        "alert_id": "CSA-00018",
        "time": "2026-05-09T14:42:30.836+0800",
        "host": "win-server",
        "user": "unknown",
        "source_ip": "unknown",
        "destination_ip": "unknown",
        "event_id": "11",
        "rule_id": "92217",
        "rule_description": "Executable dropped in Windows root folder",
        "process": "C:\\\\Program Files\\\\Windows Defender\\\\MsMpEng.exe",
        "parent_process": "",
        "command_line": "",
        "pack": "malware_drop",
        "rule_name": "Executable Dropped in Suspicious Location",
        "title": "\ud83e\udda0 Suspicious Executable Dropped",
        "summary": "Executable file created in suspicious location | Host: win-server | Rule: Executable dropped in Windows root folder",
        "severity": "HIGH",
        "mitre": [
            "T1105"
        ],
        "kill_chain_phase": "Persistence",
        "recommended_actions": [
            "Identify the process that dropped the file",
            "Check file hash against VirusTotal",
            "Verify if software installation was authorized",
            "Check for follow-up execution of the dropped file"
        ],
        "fp_notes": "Check if software installation was planned \u2014 verify with change management",
        "status": "OPEN",
        "raw": {
            "id": "1778308950.114973",
            "timestamp": "2026-05-09T14:42:30.836+0800",
            "host": "win-server",
            "user": "",
            "event_id": "11",
            "rule_id": "92217",
            "rule_level": 6,
            "rule_description": "Executable dropped in Windows root folder",
            "source_ip": "",
            "process": "C:\\\\Program Files\\\\Windows Defender\\\\MsMpEng.exe",
            "parent_process": "",
            "command_line": "",
            "provider": "Microsoft-Windows-Sysmon",
            "raw_json": "{\"timestamp\": \"2026-05-09T14:42:30.836+0800\", \"rule\": {\"level\": 6, \"description\": \"Executable dropped in Windows root folder\", \"id\": \"92217\", \"mitre\": {\"id\": [\"T1570\"], \"tactic\": [\"Lateral Movement\"], \"technique\": [\"Lateral Tool Transfer\"]}, \"firedtimes\": 1, \"mail\": false, \"groups\": [\"sysmon\", \"sysmon_eid11_detections\", \"windows\"]}, \"agent\": {\"id\": \"004\", \"name\": \"win-server\", \"ip\": \"192.168.10.145\"}, \"manager\": {\"name\": \"alwin\"}, \"id\": \"1778308950.114973\", \"decoder\": {\"name\": \"windows_eventchannel\"}, \"data\": {\"win\": {\"system\": {\"providerName\": \"Microsoft-Windows-Sysmon\", \"providerGuid\": \"{5770385f-c22a-43e0-bf4c-06f5698ffbd9}\", \"eventID\": \"11\", \"version\": \"2\", \"level\": \"4\", \"task\": \"11\", \"opcode\": \"0\", \"keywords\": \"0x8000000000000000\", \"systemTime\": \"2026-05-09T06:42:14.482748000Z\", \"eventRecordID\": \"388\", \"processID\": \"2184\", \"threadID\": \"3476\", \"channel\": \"Microsoft-Windows-Sysmon/Operational\", \"computer\": \"WIN-KMSGSH5FS1F\", \"severityValue\": \"INFORMATION\", \"message\": \"\\\"File created:\\r\\nRuleName: DLL\\r\\nUtcTime: 2026-05-09 06:42:14.477\\r\\nProcessGuid: {a6e2d9b7-d73b-69fe-2800-000000000300}\\r\\nProcessId: 2228\\r\\nImage: C:\\\\Program Files\\\\Windows Defender\\\\MsMpEng.exe\\r\\nTargetFilename: C:\\\\Windows\\\\Temp\\\\CD46C7D8-A848-4DE3-8739-DF258392AB5D\\\\AppxProvider.dll\\r\\nCreationUtcTime: 2026-05-09 06:42:14.477\\r\\nUser: NT AUTHORITY\\\\SYSTEM\\\"\"}, \"eventdata\": {\"ruleName\": \"DLL\", \"utcTime\": \"2026-05-09 06:42:14.477\", \"processGuid\": \"{a6e2d9b7-d73b-69fe-2800-000000000300}\", \"processId\": \"2228\", \"image\": \"C:\\\\\\\\Program Files\\\\\\\\Windows Defender\\\\\\\\MsMpEng.exe\", \"targetFilename\": \"C:\\\\\\\\Windows\\\\\\\\Temp\\\\\\\\CD46C7D8-A848-4DE3-8739-DF258392AB5D\\\\\\\\AppxProvider.dll\", \"creationUtcTime\": \"2026-05-09 06:42:14.477\", \"user\": \"NT AUTHORITY\\\\\\\\SYSTEM\"}}}, \"location\": \"EventChannel\"}",
            "inserted_at": "2026-06-07T19:24:38.921594",
            "raw": {
                "timestamp": "2026-05-09T14:42:30.836+0800",
                "rule": {
                    "level": 6,
                    "description": "Executable dropped in Windows root folder",
                    "id": "92217",
                    "mitre": {
                        "id": [
                            "T1570"
                        ],
                        "tactic": [
                            "Lateral Movement"
                        ],
                        "technique": [
                            "Lateral Tool Transfer"
                        ]
                    },
                    "firedtimes": 1,
                    "mail": false,
                    "groups": [
                        "sysmon",
                        "sysmon_eid11_detections",
                        "windows"
                    ]
                },
                "agent": {
                    "id": "004",
                    "name": "win-server",
                    "ip": "192.168.10.145"
                },
                "manager": {
                    "name": "alwin"
                },
                "id": "1778308950.114973",
                "decoder": {
                    "name": "windows_eventchannel"
                },
                "data": {
                    "win": {
                        "system": {
                            "providerName": "Microsoft-Windows-Sysmon",
                            "providerGuid": "{5770385f-c22a-43e0-bf4c-06f5698ffbd9}",
                            "eventID": "11",
                            "version": "2",
                            "level": "4",
                            "task": "11",
                            "opcode": "0",
                            "keywords": "0x8000000000000000",
                            "systemTime": "2026-05-09T06:42:14.482748000Z",
                            "eventRecordID": "388",
                            "processID": "2184",
                            "threadID": "3476",
                            "channel": "Microsoft-Windows-Sysmon/Operational",
                            "computer": "WIN-KMSGSH5FS1F",
                            "severityValue": "INFORMATION",
                            "message": "\"File created:\r\nRuleName: DLL\r\nUtcTime: 2026-05-09 06:42:14.477\r\nProcessGuid: {a6e2d9b7-d73b-69fe-2800-000000000300}\r\nProcessId: 2228\r\nImage: C:\\Program Files\\Windows Defender\\MsMpEng.exe\r\nTargetFilename: C:\\Windows\\Temp\\CD46C7D8-A848-4DE3-8739-DF258392AB5D\\AppxProvider.dll\r\nCreationUtcTime: 2026-05-09 06:42:14.477\r\nUser: NT AUTHORITY\\SYSTEM\""
                        },
                        "eventdata": {
                            "ruleName": "DLL",
                            "utcTime": "2026-05-09 06:42:14.477",
                            "processGuid": "{a6e2d9b7-d73b-69fe-2800-000000000300}",
                            "processId": "2228",
                            "image": "C:\\\\Program Files\\\\Windows Defender\\\\MsMpEng.exe",
                            "targetFilename": "C:\\\\Windows\\\\Temp\\\\CD46C7D8-A848-4DE3-8739-DF258392AB5D\\\\AppxProvider.dll",
                            "creationUtcTime": "2026-05-09 06:42:14.477",
                            "user": "NT AUTHORITY\\\\SYSTEM"
                        }
                    }
                },
                "location": "EventChannel"
            }
        }
    },
    {
        "alert_id": "CSA-00019",
        "time": "2026-05-09T14:43:02.749+0800",
        "host": "win-server",
        "user": "unknown",
        "source_ip": "unknown",
        "destination_ip": "unknown",
        "event_id": "1",
        "rule_id": "92032",
        "rule_description": "Suspicious Windows cmd shell execution",
        "process": "C:\\\\Windows\\\\System32\\\\cmd.exe",
        "parent_process": "C:\\\\Windows\\\\System32\\\\cmd.exe",
        "command_line": "C:\\\\Windows\\\\system32\\\\cmd.exe /c C:\\\\Windows\\\\system32\\\\reg.exe query hklm\\\\software\\\\microsoft\\\\windows\\\\softwareinventorylogging /v collectionstate /reg:64",
        "pack": "suspicious_execution",
        "rule_name": "Suspicious Process Execution",
        "title": "\u26a1 Suspicious Process Execution",
        "summary": "Suspicious Windows cmd shell execution | Host: win-server | Process: c:\\\\windows\\\\system32\\\\cmd.exe",
        "severity": "MEDIUM",
        "mitre": [
            "T1059.003"
        ],
        "kill_chain_phase": "Execution",
        "recommended_actions": [
            "Check parent process context",
            "Verify if activity was authorized",
            "Correlate with login events on same host",
            "Check for file drops or network connections after execution"
        ],
        "fp_notes": "Verify parent process \u2014 could be legitimate admin activity",
        "status": "OPEN",
        "raw": {
            "id": "1778308982.551253",
            "timestamp": "2026-05-09T14:43:02.749+0800",
            "host": "win-server",
            "user": "",
            "event_id": "1",
            "rule_id": "92032",
            "rule_level": 3,
            "rule_description": "Suspicious Windows cmd shell execution",
            "source_ip": "",
            "process": "C:\\\\Windows\\\\System32\\\\cmd.exe",
            "parent_process": "C:\\\\Windows\\\\System32\\\\cmd.exe",
            "command_line": "C:\\\\Windows\\\\system32\\\\cmd.exe /c C:\\\\Windows\\\\system32\\\\reg.exe query hklm\\\\software\\\\microsoft\\\\windows\\\\softwareinventorylogging /v collectionstate /reg:64",
            "provider": "Microsoft-Windows-Sysmon",
            "raw_json": "{\"timestamp\": \"2026-05-09T14:43:02.749+0800\", \"rule\": {\"level\": 3, \"description\": \"Suspicious Windows cmd shell execution\", \"id\": \"92032\", \"mitre\": {\"id\": [\"T1087\", \"T1059.003\"], \"tactic\": [\"Discovery\", \"Execution\"], \"technique\": [\"Account Discovery\", \"Windows Command Shell\"]}, \"firedtimes\": 3, \"mail\": false, \"groups\": [\"sysmon\", \"sysmon_eid1_detections\", \"windows\"]}, \"agent\": {\"id\": \"004\", \"name\": \"win-server\", \"ip\": \"192.168.10.145\"}, \"manager\": {\"name\": \"alwin\"}, \"id\": \"1778308982.551253\", \"decoder\": {\"name\": \"windows_eventchannel\"}, \"data\": {\"win\": {\"system\": {\"providerName\": \"Microsoft-Windows-Sysmon\", \"providerGuid\": \"{5770385f-c22a-43e0-bf4c-06f5698ffbd9}\", \"eventID\": \"1\", \"version\": \"5\", \"level\": \"4\", \"task\": \"1\", \"opcode\": \"0\", \"keywords\": \"0x8000000000000000\", \"systemTime\": \"2026-05-09T06:43:02.635841600Z\", \"eventRecordID\": \"567\", \"processID\": \"2184\", \"threadID\": \"3476\", \"channel\": \"Microsoft-Windows-Sysmon/Operational\", \"computer\": \"WIN-KMSGSH5FS1F\", \"severityValue\": \"INFORMATION\", \"message\": \"\\\"Process Create:\\r\\nRuleName: -\\r\\nUtcTime: 2026-05-09 06:43:02.631\\r\\nProcessGuid: {a6e2d9b7-d776-69fe-d200-000000000300}\\r\\nProcessId: 2068\\r\\nImage: C:\\\\Windows\\\\System32\\\\cmd.exe\\r\\nFileVersion: 10.0.17763.1697 (WinBuild.160101.0800)\\r\\nDescription: Windows Command Processor\\r\\nProduct: Microsoft\\u00ae Windows\\u00ae Operating System\\r\\nCompany: Microsoft Corporation\\r\\nOriginalFileName: Cmd.Exe\\r\\nCommandLine: C:\\\\Windows\\\\system32\\\\cmd.exe /c C:\\\\Windows\\\\system32\\\\reg.exe query hklm\\\\software\\\\microsoft\\\\windows\\\\softwareinventorylogging /v collectionstate /reg:64\\r\\nCurrentDirectory: C:\\\\Windows\\\\system32\\\\\\r\\nUser: NT AUTHORITY\\\\SYSTEM\\r\\nLogonGuid: {a6e2d9b7-d738-69fe-e703-000000000000}\\r\\nLogonId: 0x3E7\\r\\nTerminalSessionId: 0\\r\\nIntegrityLevel: System\\r\\nHashes: MD5=911D039E71583A07320B32BDE22F8E22,SHA256=BC866CFCDDA37E24DC2634DC282C7A0E6F55209DA17A8FA105B07414C0E7C527,IMPHASH=272245E2988E1E430500B852C4FB5E18\\r\\nParentProcessGuid: {a6e2d9b7-d776-69fe-ce00-000000000300}\\r\\nParentProcessId: 6060\\r\\nParentImage: C:\\\\Windows\\\\System32\\\\cmd.exe\\r\\nParentCommandLine: C:\\\\Windows\\\\system32\\\\cmd.exe /d /c C:\\\\Windows\\\\system32\\\\silcollector.cmd configure\\r\\nParentUser: NT AUTHORITY\\\\SYSTEM\\\"\"}, \"eventdata\": {\"utcTime\": \"2026-05-09 06:43:02.631\", \"processGuid\": \"{a6e2d9b7-d776-69fe-d200-000000000300}\", \"processId\": \"2068\", \"image\": \"C:\\\\\\\\Windows\\\\\\\\System32\\\\\\\\cmd.exe\", \"fileVersion\": \"10.0.17763.1697 (WinBuild.160101.0800)\", \"description\": \"Windows Command Processor\", \"product\": \"Microsoft\\u00ae Windows\\u00ae Operating System\", \"company\": \"Microsoft Corporation\", \"originalFileName\": \"Cmd.Exe\", \"commandLine\": \"C:\\\\\\\\Windows\\\\\\\\system32\\\\\\\\cmd.exe /c C:\\\\\\\\Windows\\\\\\\\system32\\\\\\\\reg.exe query hklm\\\\\\\\software\\\\\\\\microsoft\\\\\\\\windows\\\\\\\\softwareinventorylogging /v collectionstate /reg:64\", \"currentDirectory\": \"C:\\\\\\\\Windows\\\\\\\\system32\\\\\\\\\", \"user\": \"NT AUTHORITY\\\\\\\\SYSTEM\", \"logonGuid\": \"{a6e2d9b7-d738-69fe-e703-000000000000}\", \"logonId\": \"0x3e7\", \"terminalSessionId\": \"0\", \"integrityLevel\": \"System\", \"hashes\": \"MD5=911D039E71583A07320B32BDE22F8E22,SHA256=BC866CFCDDA37E24DC2634DC282C7A0E6F55209DA17A8FA105B07414C0E7C527,IMPHASH=272245E2988E1E430500B852C4FB5E18\", \"parentProcessGuid\": \"{a6e2d9b7-d776-69fe-ce00-000000000300}\", \"parentProcessId\": \"6060\", \"parentImage\": \"C:\\\\\\\\Windows\\\\\\\\System32\\\\\\\\cmd.exe\", \"parentCommandLine\": \"C:\\\\\\\\Windows\\\\\\\\system32\\\\\\\\cmd.exe /d /c C:\\\\\\\\Windows\\\\\\\\system32\\\\\\\\silcollector.cmd configure\", \"parentUser\": \"NT AUTHORITY\\\\\\\\SYSTEM\"}}}, \"location\": \"EventChannel\"}",
            "inserted_at": "2026-06-07T19:24:38.921594",
            "raw": {
                "timestamp": "2026-05-09T14:43:02.749+0800",
                "rule": {
                    "level": 3,
                    "description": "Suspicious Windows cmd shell execution",
                    "id": "92032",
                    "mitre": {
                        "id": [
                            "T1087",
                            "T1059.003"
                        ],
                        "tactic": [
                            "Discovery",
                            "Execution"
                        ],
                        "technique": [
                            "Account Discovery",
                            "Windows Command Shell"
                        ]
                    },
                    "firedtimes": 3,
                    "mail": false,
                    "groups": [
                        "sysmon",
                        "sysmon_eid1_detections",
                        "windows"
                    ]
                },
                "agent": {
                    "id": "004",
                    "name": "win-server",
                    "ip": "192.168.10.145"
                },
                "manager": {
                    "name": "alwin"
                },
                "id": "1778308982.551253",
                "decoder": {
                    "name": "windows_eventchannel"
                },
                "data": {
                    "win": {
                        "system": {
                            "providerName": "Microsoft-Windows-Sysmon",
                            "providerGuid": "{5770385f-c22a-43e0-bf4c-06f5698ffbd9}",
                            "eventID": "1",
                            "version": "5",
                            "level": "4",
                            "task": "1",
                            "opcode": "0",
                            "keywords": "0x8000000000000000",
                            "systemTime": "2026-05-09T06:43:02.635841600Z",
                            "eventRecordID": "567",
                            "processID": "2184",
                            "threadID": "3476",
                            "channel": "Microsoft-Windows-Sysmon/Operational",
                            "computer": "WIN-KMSGSH5FS1F",
                            "severityValue": "INFORMATION",
                            "message": "\"Process Create:\r\nRuleName: -\r\nUtcTime: 2026-05-09 06:43:02.631\r\nProcessGuid: {a6e2d9b7-d776-69fe-d200-000000000300}\r\nProcessId: 2068\r\nImage: C:\\Windows\\System32\\cmd.exe\r\nFileVersion: 10.0.17763.1697 (WinBuild.160101.0800)\r\nDescription: Windows Command Processor\r\nProduct: Microsoft\u00ae Windows\u00ae Operating System\r\nCompany: Microsoft Corporation\r\nOriginalFileName: Cmd.Exe\r\nCommandLine: C:\\Windows\\system32\\cmd.exe /c C:\\Windows\\system32\\reg.exe query hklm\\software\\microsoft\\windows\\softwareinventorylogging /v collectionstate /reg:64\r\nCurrentDirectory: C:\\Windows\\system32\\\r\nUser: NT AUTHORITY\\SYSTEM\r\nLogonGuid: {a6e2d9b7-d738-69fe-e703-000000000000}\r\nLogonId: 0x3E7\r\nTerminalSessionId: 0\r\nIntegrityLevel: System\r\nHashes: MD5=911D039E71583A07320B32BDE22F8E22,SHA256=BC866CFCDDA37E24DC2634DC282C7A0E6F55209DA17A8FA105B07414C0E7C527,IMPHASH=272245E2988E1E430500B852C4FB5E18\r\nParentProcessGuid: {a6e2d9b7-d776-69fe-ce00-000000000300}\r\nParentProcessId: 6060\r\nParentImage: C:\\Windows\\System32\\cmd.exe\r\nParentCommandLine: C:\\Windows\\system32\\cmd.exe /d /c C:\\Windows\\system32\\silcollector.cmd configure\r\nParentUser: NT AUTHORITY\\SYSTEM\""
                        },
                        "eventdata": {
                            "utcTime": "2026-05-09 06:43:02.631",
                            "processGuid": "{a6e2d9b7-d776-69fe-d200-000000000300}",
                            "processId": "2068",
                            "image": "C:\\\\Windows\\\\System32\\\\cmd.exe",
                            "fileVersion": "10.0.17763.1697 (WinBuild.160101.0800)",
                            "description": "Windows Command Processor",
                            "product": "Microsoft\u00ae Windows\u00ae Operating System",
                            "company": "Microsoft Corporation",
                            "originalFileName": "Cmd.Exe",
                            "commandLine": "C:\\\\Windows\\\\system32\\\\cmd.exe /c C:\\\\Windows\\\\system32\\\\reg.exe query hklm\\\\software\\\\microsoft\\\\windows\\\\softwareinventorylogging /v collectionstate /reg:64",
                            "currentDirectory": "C:\\\\Windows\\\\system32\\\\",
                            "user": "NT AUTHORITY\\\\SYSTEM",
                            "logonGuid": "{a6e2d9b7-d738-69fe-e703-000000000000}",
                            "logonId": "0x3e7",
                            "terminalSessionId": "0",
                            "integrityLevel": "System",
                            "hashes": "MD5=911D039E71583A07320B32BDE22F8E22,SHA256=BC866CFCDDA37E24DC2634DC282C7A0E6F55209DA17A8FA105B07414C0E7C527,IMPHASH=272245E2988E1E430500B852C4FB5E18",
                            "parentProcessGuid": "{a6e2d9b7-d776-69fe-ce00-000000000300}",
                            "parentProcessId": "6060",
                            "parentImage": "C:\\\\Windows\\\\System32\\\\cmd.exe",
                            "parentCommandLine": "C:\\\\Windows\\\\system32\\\\cmd.exe /d /c C:\\\\Windows\\\\system32\\\\silcollector.cmd configure",
                            "parentUser": "NT AUTHORITY\\\\SYSTEM"
                        }
                    }
                },
                "location": "EventChannel"
            }
        }
    },
    {
        "alert_id": "CSA-00020",
        "time": "2026-05-09T14:45:26.189+0800",
        "host": "win-server",
        "user": "unknown",
        "source_ip": "unknown",
        "destination_ip": "unknown",
        "event_id": "11",
        "rule_id": "92219",
        "rule_description": "Possible DLL search order hijack by C:\\\\Windows\\\\SoftwareDistribution\\\\Download\\\\ff533690b6482093d711deaaaf7adcb8\\\\Metadata\\\\UpdateAgent.dll created in Windows root folder",
        "process": "C:\\\\Windows\\\\system32\\\\svchost.exe",
        "parent_process": "",
        "command_line": "",
        "pack": "malware_drop",
        "rule_name": "Executable Dropped in Suspicious Location",
        "title": "\ud83e\udda0 Suspicious Executable Dropped",
        "summary": "Executable file created in suspicious location | Host: win-server | Rule: Possible DLL search order hijack by C:\\\\Windows\\\\SoftwareDistribution\\\\Download\\\\ff533690b6482093d711deaaaf7adcb8\\\\Metadata\\\\UpdateAgent.dll created in Windows root folder",
        "severity": "MEDIUM",
        "mitre": [
            "T1105"
        ],
        "kill_chain_phase": "Persistence",
        "recommended_actions": [
            "Identify the process that dropped the file",
            "Check file hash against VirusTotal",
            "Verify if software installation was authorized",
            "Check for follow-up execution of the dropped file"
        ],
        "fp_notes": "Check if software installation was planned \u2014 verify with change management",
        "status": "OPEN",
        "raw": {
            "id": "1778309126.947817",
            "timestamp": "2026-05-09T14:45:26.189+0800",
            "host": "win-server",
            "user": "",
            "event_id": "11",
            "rule_id": "92219",
            "rule_level": 6,
            "rule_description": "Possible DLL search order hijack by C:\\\\Windows\\\\SoftwareDistribution\\\\Download\\\\ff533690b6482093d711deaaaf7adcb8\\\\Metadata\\\\UpdateAgent.dll created in Windows root folder",
            "source_ip": "",
            "process": "C:\\\\Windows\\\\system32\\\\svchost.exe",
            "parent_process": "",
            "command_line": "",
            "provider": "Microsoft-Windows-Sysmon",
            "raw_json": "{\"timestamp\": \"2026-05-09T14:45:26.189+0800\", \"rule\": {\"level\": 6, \"description\": \"Possible DLL search order hijack by C:\\\\\\\\Windows\\\\\\\\SoftwareDistribution\\\\\\\\Download\\\\\\\\ff533690b6482093d711deaaaf7adcb8\\\\\\\\Metadata\\\\\\\\UpdateAgent.dll created in Windows root folder\", \"id\": \"92219\", \"mitre\": {\"id\": [\"T1574.001\", \"T1574.002\"], \"tactic\": [\"Persistence\", \"Privilege Escalation\", \"Defense Evasion\"], \"technique\": [\"DLL Search Order Hijacking\", \"DLL Side-Loading\"]}, \"firedtimes\": 1, \"mail\": false, \"groups\": [\"sysmon\", \"sysmon_eid11_detections\", \"windows\"]}, \"agent\": {\"id\": \"004\", \"name\": \"win-server\", \"ip\": \"192.168.10.145\"}, \"manager\": {\"name\": \"alwin\"}, \"id\": \"1778309126.947817\", \"decoder\": {\"name\": \"windows_eventchannel\"}, \"data\": {\"win\": {\"system\": {\"providerName\": \"Microsoft-Windows-Sysmon\", \"providerGuid\": \"{5770385f-c22a-43e0-bf4c-06f5698ffbd9}\", \"eventID\": \"11\", \"version\": \"2\", \"level\": \"4\", \"task\": \"11\", \"opcode\": \"0\", \"keywords\": \"0x8000000000000000\", \"systemTime\": \"2026-05-09T06:45:25.146804400Z\", \"eventRecordID\": \"602\", \"processID\": \"2184\", \"threadID\": \"3476\", \"channel\": \"Microsoft-Windows-Sysmon/Operational\", \"computer\": \"WIN-KMSGSH5FS1F\", \"severityValue\": \"INFORMATION\", \"message\": \"\\\"File created:\\r\\nRuleName: DLL\\r\\nUtcTime: 2026-05-09 06:45:25.130\\r\\nProcessGuid: {a6e2d9b7-d739-69fe-1300-000000000300}\\r\\nProcessId: 340\\r\\nImage: C:\\\\Windows\\\\system32\\\\svchost.exe\\r\\nTargetFilename: C:\\\\Windows\\\\SoftwareDistribution\\\\Download\\\\ff533690b6482093d711deaaaf7adcb8\\\\Metadata\\\\UpdateAgent.dll\\r\\nCreationUtcTime: 2026-05-09 06:45:25.130\\r\\nUser: NT AUTHORITY\\\\SYSTEM\\\"\"}, \"eventdata\": {\"ruleName\": \"DLL\", \"utcTime\": \"2026-05-09 06:45:25.130\", \"processGuid\": \"{a6e2d9b7-d739-69fe-1300-000000000300}\", \"processId\": \"340\", \"image\": \"C:\\\\\\\\Windows\\\\\\\\system32\\\\\\\\svchost.exe\", \"targetFilename\": \"C:\\\\\\\\Windows\\\\\\\\SoftwareDistribution\\\\\\\\Download\\\\\\\\ff533690b6482093d711deaaaf7adcb8\\\\\\\\Metadata\\\\\\\\UpdateAgent.dll\", \"creationUtcTime\": \"2026-05-09 06:45:25.130\", \"user\": \"NT AUTHORITY\\\\\\\\SYSTEM\"}}}, \"location\": \"EventChannel\"}",
            "inserted_at": "2026-06-07T19:24:38.921594",
            "raw": {
                "timestamp": "2026-05-09T14:45:26.189+0800",
                "rule": {
                    "level": 6,
                    "description": "Possible DLL search order hijack by C:\\\\Windows\\\\SoftwareDistribution\\\\Download\\\\ff533690b6482093d711deaaaf7adcb8\\\\Metadata\\\\UpdateAgent.dll created in Windows root folder",
                    "id": "92219",
                    "mitre": {
                        "id": [
                            "T1574.001",
                            "T1574.002"
                        ],
                        "tactic": [
                            "Persistence",
                            "Privilege Escalation",
                            "Defense Evasion"
                        ],
                        "technique": [
                            "DLL Search Order Hijacking",
                            "DLL Side-Loading"
                        ]
                    },
                    "firedtimes": 1,
                    "mail": false,
                    "groups": [
                        "sysmon",
                        "sysmon_eid11_detections",
                        "windows"
                    ]
                },
                "agent": {
                    "id": "004",
                    "name": "win-server",
                    "ip": "192.168.10.145"
                },
                "manager": {
                    "name": "alwin"
                },
                "id": "1778309126.947817",
                "decoder": {
                    "name": "windows_eventchannel"
                },
                "data": {
                    "win": {
                        "system": {
                            "providerName": "Microsoft-Windows-Sysmon",
                            "providerGuid": "{5770385f-c22a-43e0-bf4c-06f5698ffbd9}",
                            "eventID": "11",
                            "version": "2",
                            "level": "4",
                            "task": "11",
                            "opcode": "0",
                            "keywords": "0x8000000000000000",
                            "systemTime": "2026-05-09T06:45:25.146804400Z",
                            "eventRecordID": "602",
                            "processID": "2184",
                            "threadID": "3476",
                            "channel": "Microsoft-Windows-Sysmon/Operational",
                            "computer": "WIN-KMSGSH5FS1F",
                            "severityValue": "INFORMATION",
                            "message": "\"File created:\r\nRuleName: DLL\r\nUtcTime: 2026-05-09 06:45:25.130\r\nProcessGuid: {a6e2d9b7-d739-69fe-1300-000000000300}\r\nProcessId: 340\r\nImage: C:\\Windows\\system32\\svchost.exe\r\nTargetFilename: C:\\Windows\\SoftwareDistribution\\Download\\ff533690b6482093d711deaaaf7adcb8\\Metadata\\UpdateAgent.dll\r\nCreationUtcTime: 2026-05-09 06:45:25.130\r\nUser: NT AUTHORITY\\SYSTEM\""
                        },
                        "eventdata": {
                            "ruleName": "DLL",
                            "utcTime": "2026-05-09 06:45:25.130",
                            "processGuid": "{a6e2d9b7-d739-69fe-1300-000000000300}",
                            "processId": "340",
                            "image": "C:\\\\Windows\\\\system32\\\\svchost.exe",
                            "targetFilename": "C:\\\\Windows\\\\SoftwareDistribution\\\\Download\\\\ff533690b6482093d711deaaaf7adcb8\\\\Metadata\\\\UpdateAgent.dll",
                            "creationUtcTime": "2026-05-09 06:45:25.130",
                            "user": "NT AUTHORITY\\\\SYSTEM"
                        }
                    }
                },
                "location": "EventChannel"
            }
        }
    },
    {
        "alert_id": "CSA-00021",
        "time": "2026-05-09T14:53:22.834+0800",
        "host": "win-server",
        "user": "unknown",
        "source_ip": "unknown",
        "destination_ip": "unknown",
        "event_id": "11",
        "rule_id": "92213",
        "rule_description": "Executable file dropped in folder commonly used by malware",
        "process": "C:\\\\Windows\\\\system32\\\\cleanmgr.exe",
        "parent_process": "",
        "command_line": "",
        "pack": "malware_drop",
        "rule_name": "Executable Dropped in Suspicious Location",
        "title": "\ud83e\udda0 Suspicious Executable Dropped",
        "summary": "Executable file created in suspicious location | Host: win-server | Rule: Executable file dropped in folder commonly used by malware",
        "severity": "HIGH",
        "mitre": [
            "T1105"
        ],
        "kill_chain_phase": "Persistence",
        "recommended_actions": [
            "Identify the process that dropped the file",
            "Check file hash against VirusTotal",
            "Verify if software installation was authorized",
            "Check for follow-up execution of the dropped file"
        ],
        "fp_notes": "Check if software installation was planned \u2014 verify with change management",
        "status": "OPEN",
        "raw": {
            "id": "1778309602.1178850",
            "timestamp": "2026-05-09T14:53:22.834+0800",
            "host": "win-server",
            "user": "",
            "event_id": "11",
            "rule_id": "92213",
            "rule_level": 15,
            "rule_description": "Executable file dropped in folder commonly used by malware",
            "source_ip": "",
            "process": "C:\\\\Windows\\\\system32\\\\cleanmgr.exe",
            "parent_process": "",
            "command_line": "",
            "provider": "Microsoft-Windows-Sysmon",
            "raw_json": "{\"timestamp\": \"2026-05-09T14:53:22.834+0800\", \"rule\": {\"level\": 15, \"description\": \"Executable file dropped in folder commonly used by malware\", \"id\": \"92213\", \"mitre\": {\"id\": [\"T1105\"], \"tactic\": [\"Command and Control\"], \"technique\": [\"Ingress Tool Transfer\"]}, \"firedtimes\": 1, \"mail\": true, \"groups\": [\"sysmon\", \"sysmon_eid11_detections\", \"windows\"]}, \"agent\": {\"id\": \"004\", \"name\": \"win-server\", \"ip\": \"192.168.10.145\"}, \"manager\": {\"name\": \"alwin\"}, \"id\": \"1778309602.1178850\", \"decoder\": {\"name\": \"windows_eventchannel\"}, \"data\": {\"win\": {\"system\": {\"providerName\": \"Microsoft-Windows-Sysmon\", \"providerGuid\": \"{5770385f-c22a-43e0-bf4c-06f5698ffbd9}\", \"eventID\": \"11\", \"version\": \"2\", \"level\": \"4\", \"task\": \"11\", \"opcode\": \"0\", \"keywords\": \"0x8000000000000000\", \"systemTime\": \"2026-05-09T06:53:21.807706100Z\", \"eventRecordID\": \"928\", \"processID\": \"2184\", \"threadID\": \"3476\", \"channel\": \"Microsoft-Windows-Sysmon/Operational\", \"computer\": \"WIN-KMSGSH5FS1F\", \"severityValue\": \"INFORMATION\", \"message\": \"\\\"File created:\\r\\nRuleName: DLL\\r\\nUtcTime: 2026-05-09 06:53:21.792\\r\\nProcessGuid: {a6e2d9b7-d9dc-69fe-6201-000000000300}\\r\\nProcessId: 1572\\r\\nImage: C:\\\\Windows\\\\system32\\\\cleanmgr.exe\\r\\nTargetFilename: C:\\\\Users\\\\ADMINI~1\\\\AppData\\\\Local\\\\Temp\\\\2F177E9B-32CB-43D4-9A66-9F68F138DD85\\\\AppxProvider.dll\\r\\nCreationUtcTime: 2026-05-09 06:53:21.792\\r\\nUser: WIN-KMSGSH5FS1F\\\\Administrator\\\"\"}, \"eventdata\": {\"ruleName\": \"DLL\", \"utcTime\": \"2026-05-09 06:53:21.792\", \"processGuid\": \"{a6e2d9b7-d9dc-69fe-6201-000000000300}\", \"processId\": \"1572\", \"image\": \"C:\\\\\\\\Windows\\\\\\\\system32\\\\\\\\cleanmgr.exe\", \"targetFilename\": \"C:\\\\\\\\Users\\\\\\\\ADMINI~1\\\\\\\\AppData\\\\\\\\Local\\\\\\\\Temp\\\\\\\\2F177E9B-32CB-43D4-9A66-9F68F138DD85\\\\\\\\AppxProvider.dll\", \"creationUtcTime\": \"2026-05-09 06:53:21.792\", \"user\": \"WIN-KMSGSH5FS1F\\\\\\\\Administrator\"}}}, \"location\": \"EventChannel\"}",
            "inserted_at": "2026-06-07T19:24:38.921594",
            "raw": {
                "timestamp": "2026-05-09T14:53:22.834+0800",
                "rule": {
                    "level": 15,
                    "description": "Executable file dropped in folder commonly used by malware",
                    "id": "92213",
                    "mitre": {
                        "id": [
                            "T1105"
                        ],
                        "tactic": [
                            "Command and Control"
                        ],
                        "technique": [
                            "Ingress Tool Transfer"
                        ]
                    },
                    "firedtimes": 1,
                    "mail": true,
                    "groups": [
                        "sysmon",
                        "sysmon_eid11_detections",
                        "windows"
                    ]
                },
                "agent": {
                    "id": "004",
                    "name": "win-server",
                    "ip": "192.168.10.145"
                },
                "manager": {
                    "name": "alwin"
                },
                "id": "1778309602.1178850",
                "decoder": {
                    "name": "windows_eventchannel"
                },
                "data": {
                    "win": {
                        "system": {
                            "providerName": "Microsoft-Windows-Sysmon",
                            "providerGuid": "{5770385f-c22a-43e0-bf4c-06f5698ffbd9}",
                            "eventID": "11",
                            "version": "2",
                            "level": "4",
                            "task": "11",
                            "opcode": "0",
                            "keywords": "0x8000000000000000",
                            "systemTime": "2026-05-09T06:53:21.807706100Z",
                            "eventRecordID": "928",
                            "processID": "2184",
                            "threadID": "3476",
                            "channel": "Microsoft-Windows-Sysmon/Operational",
                            "computer": "WIN-KMSGSH5FS1F",
                            "severityValue": "INFORMATION",
                            "message": "\"File created:\r\nRuleName: DLL\r\nUtcTime: 2026-05-09 06:53:21.792\r\nProcessGuid: {a6e2d9b7-d9dc-69fe-6201-000000000300}\r\nProcessId: 1572\r\nImage: C:\\Windows\\system32\\cleanmgr.exe\r\nTargetFilename: C:\\Users\\ADMINI~1\\AppData\\Local\\Temp\\2F177E9B-32CB-43D4-9A66-9F68F138DD85\\AppxProvider.dll\r\nCreationUtcTime: 2026-05-09 06:53:21.792\r\nUser: WIN-KMSGSH5FS1F\\Administrator\""
                        },
                        "eventdata": {
                            "ruleName": "DLL",
                            "utcTime": "2026-05-09 06:53:21.792",
                            "processGuid": "{a6e2d9b7-d9dc-69fe-6201-000000000300}",
                            "processId": "1572",
                            "image": "C:\\\\Windows\\\\system32\\\\cleanmgr.exe",
                            "targetFilename": "C:\\\\Users\\\\ADMINI~1\\\\AppData\\\\Local\\\\Temp\\\\2F177E9B-32CB-43D4-9A66-9F68F138DD85\\\\AppxProvider.dll",
                            "creationUtcTime": "2026-05-09 06:53:21.792",
                            "user": "WIN-KMSGSH5FS1F\\\\Administrator"
                        }
                    }
                },
                "location": "EventChannel"
            }
        }
    },
    {
        "alert_id": "CSA-00022",
        "time": "2026-05-13T17:01:19.818+0800",
        "host": "win-server",
        "user": "unknown",
        "source_ip": "unknown",
        "destination_ip": "unknown",
        "event_id": "11",
        "rule_id": "92200",
        "rule_description": "Scripting file created under Windows Temp or User folder",
        "process": "C:\\\\Windows\\\\system32\\\\taskhostw.exe",
        "parent_process": "",
        "command_line": "",
        "pack": "malware_drop",
        "rule_name": "Executable Dropped in Suspicious Location",
        "title": "\ud83e\udda0 Suspicious Executable Dropped",
        "summary": "Executable file created in suspicious location | Host: win-server | Rule: Scripting file created under Windows Temp or User folder",
        "severity": "MEDIUM",
        "mitre": [
            "T1105"
        ],
        "kill_chain_phase": "Persistence",
        "recommended_actions": [
            "Identify the process that dropped the file",
            "Check file hash against VirusTotal",
            "Verify if software installation was authorized",
            "Check for follow-up execution of the dropped file"
        ],
        "fp_notes": "Check if software installation was planned \u2014 verify with change management",
        "status": "OPEN",
        "raw": {
            "id": "1778662879.514621",
            "timestamp": "2026-05-13T17:01:19.818+0800",
            "host": "win-server",
            "user": "",
            "event_id": "11",
            "rule_id": "92200",
            "rule_level": 6,
            "rule_description": "Scripting file created under Windows Temp or User folder",
            "source_ip": "",
            "process": "C:\\\\Windows\\\\system32\\\\taskhostw.exe",
            "parent_process": "",
            "command_line": "",
            "provider": "Microsoft-Windows-Sysmon",
            "raw_json": "{\"timestamp\": \"2026-05-13T17:01:19.818+0800\", \"rule\": {\"level\": 6, \"description\": \"Scripting file created under Windows Temp or User folder\", \"id\": \"92200\", \"mitre\": {\"id\": [\"T1059\", \"T1105\"], \"tactic\": [\"Execution\", \"Command and Control\"], \"technique\": [\"Command and Scripting Interpreter\", \"Ingress Tool Transfer\"]}, \"firedtimes\": 1, \"mail\": false, \"groups\": [\"sysmon\", \"sysmon_eid11_detections\", \"windows\"]}, \"agent\": {\"id\": \"004\", \"name\": \"win-server\", \"ip\": \"192.168.10.145\"}, \"manager\": {\"name\": \"alwin\"}, \"id\": \"1778662879.514621\", \"decoder\": {\"name\": \"windows_eventchannel\"}, \"data\": {\"win\": {\"system\": {\"providerName\": \"Microsoft-Windows-Sysmon\", \"providerGuid\": \"{5770385f-c22a-43e0-bf4c-06f5698ffbd9}\", \"eventID\": \"11\", \"version\": \"2\", \"level\": \"4\", \"task\": \"11\", \"opcode\": \"0\", \"keywords\": \"0x8000000000000000\", \"systemTime\": \"2026-05-13T09:01:19.271914800Z\", \"eventRecordID\": \"2561\", \"processID\": \"2252\", \"threadID\": \"4244\", \"channel\": \"Microsoft-Windows-Sysmon/Operational\", \"computer\": \"WIN-KMSGSH5FS1F\", \"severityValue\": \"INFORMATION\", \"message\": \"\\\"File created:\\r\\nRuleName: -\\r\\nUtcTime: 2026-05-13 09:01:19.256\\r\\nProcessGuid: {a6e2d9b7-3ddf-6a04-2a01-000000000500}\\r\\nProcessId: 2452\\r\\nImage: C:\\\\Windows\\\\system32\\\\taskhostw.exe\\r\\nTargetFilename: C:\\\\Windows\\\\Temp\\\\SDIAG_3c3c0fe1-1d77-489f-8ab8-a4867262465f\\\\CL_Utility.ps1\\r\\nCreationUtcTime: 2026-05-13 09:01:19.256\\r\\nUser: WIN-KMSGSH5FS1F\\\\Administrator\\\"\"}, \"eventdata\": {\"utcTime\": \"2026-05-13 09:01:19.256\", \"processGuid\": \"{a6e2d9b7-3ddf-6a04-2a01-000000000500}\", \"processId\": \"2452\", \"image\": \"C:\\\\\\\\Windows\\\\\\\\system32\\\\\\\\taskhostw.exe\", \"targetFilename\": \"C:\\\\\\\\Windows\\\\\\\\Temp\\\\\\\\SDIAG_3c3c0fe1-1d77-489f-8ab8-a4867262465f\\\\\\\\CL_Utility.ps1\", \"creationUtcTime\": \"2026-05-13 09:01:19.256\", \"user\": \"WIN-KMSGSH5FS1F\\\\\\\\Administrator\"}}}, \"location\": \"EventChannel\"}",
            "inserted_at": "2026-06-07T19:24:38.921594",
            "raw": {
                "timestamp": "2026-05-13T17:01:19.818+0800",
                "rule": {
                    "level": 6,
                    "description": "Scripting file created under Windows Temp or User folder",
                    "id": "92200",
                    "mitre": {
                        "id": [
                            "T1059",
                            "T1105"
                        ],
                        "tactic": [
                            "Execution",
                            "Command and Control"
                        ],
                        "technique": [
                            "Command and Scripting Interpreter",
                            "Ingress Tool Transfer"
                        ]
                    },
                    "firedtimes": 1,
                    "mail": false,
                    "groups": [
                        "sysmon",
                        "sysmon_eid11_detections",
                        "windows"
                    ]
                },
                "agent": {
                    "id": "004",
                    "name": "win-server",
                    "ip": "192.168.10.145"
                },
                "manager": {
                    "name": "alwin"
                },
                "id": "1778662879.514621",
                "decoder": {
                    "name": "windows_eventchannel"
                },
                "data": {
                    "win": {
                        "system": {
                            "providerName": "Microsoft-Windows-Sysmon",
                            "providerGuid": "{5770385f-c22a-43e0-bf4c-06f5698ffbd9}",
                            "eventID": "11",
                            "version": "2",
                            "level": "4",
                            "task": "11",
                            "opcode": "0",
                            "keywords": "0x8000000000000000",
                            "systemTime": "2026-05-13T09:01:19.271914800Z",
                            "eventRecordID": "2561",
                            "processID": "2252",
                            "threadID": "4244",
                            "channel": "Microsoft-Windows-Sysmon/Operational",
                            "computer": "WIN-KMSGSH5FS1F",
                            "severityValue": "INFORMATION",
                            "message": "\"File created:\r\nRuleName: -\r\nUtcTime: 2026-05-13 09:01:19.256\r\nProcessGuid: {a6e2d9b7-3ddf-6a04-2a01-000000000500}\r\nProcessId: 2452\r\nImage: C:\\Windows\\system32\\taskhostw.exe\r\nTargetFilename: C:\\Windows\\Temp\\SDIAG_3c3c0fe1-1d77-489f-8ab8-a4867262465f\\CL_Utility.ps1\r\nCreationUtcTime: 2026-05-13 09:01:19.256\r\nUser: WIN-KMSGSH5FS1F\\Administrator\""
                        },
                        "eventdata": {
                            "utcTime": "2026-05-13 09:01:19.256",
                            "processGuid": "{a6e2d9b7-3ddf-6a04-2a01-000000000500}",
                            "processId": "2452",
                            "image": "C:\\\\Windows\\\\system32\\\\taskhostw.exe",
                            "targetFilename": "C:\\\\Windows\\\\Temp\\\\SDIAG_3c3c0fe1-1d77-489f-8ab8-a4867262465f\\\\CL_Utility.ps1",
                            "creationUtcTime": "2026-05-13 09:01:19.256",
                            "user": "WIN-KMSGSH5FS1F\\\\Administrator"
                        }
                    }
                },
                "location": "EventChannel"
            }
        }
    },
