    {
        "alert_id": "CSA-00011",
        "time": "2026-05-04T16:37:19.642+0800",
        "host": "win-server",
        "user": "unknown",
        "source_ip": "unknown",
        "destination_ip": "unknown",
        "event_id": "11",
        "rule_id": "92201",
        "rule_description": "C:\\\\Windows\\\\system32\\\\WindowsPowerShell\\\\v1.0\\\\powershell.exe created a new scripting file under Windows Temp or User data folder",
        "process": "C:\\\\Windows\\\\system32\\\\WindowsPowerShell\\\\v1.0\\\\powershell.exe",
        "parent_process": "",
        "command_line": "",
        "pack": "malware_drop",
        "rule_name": "Executable Dropped in Suspicious Location",
        "title": "\ud83e\udda0 Suspicious Executable Dropped",
        "summary": "Executable file created in suspicious location | Host: win-server | Rule: C:\\\\Windows\\\\system32\\\\WindowsPowerShell\\\\v1.0\\\\powershell.exe created a new scripting file under Windows Temp or User data folder",
        "severity": "MEDIUM",
        "mitre": [
            "T1105"
        ],
        "kill_chain_phase": "Persistence",
        "recommended_actions": [
            "Identify the process that dropped the file",
            "Check file hash against VirusTotal",
            "Verify if software installation was authorized",
            "Check for follow-up execution of the dropped file"
        ],
        "fp_notes": "Check if software installation was planned \u2014 verify with change management",
        "status": "OPEN",
        "raw": {
            "id": "1777883839.5800464",
            "timestamp": "2026-05-04T16:37:19.642+0800",
            "host": "win-server",
            "user": "",
            "event_id": "11",
            "rule_id": "92201",
            "rule_level": 9,
            "rule_description": "C:\\\\Windows\\\\system32\\\\WindowsPowerShell\\\\v1.0\\\\powershell.exe created a new scripting file under Windows Temp or User data folder",
            "source_ip": "",
            "process": "C:\\\\Windows\\\\system32\\\\WindowsPowerShell\\\\v1.0\\\\powershell.exe",
            "parent_process": "",
            "command_line": "",
            "provider": "Microsoft-Windows-Sysmon",
            "raw_json": "{\"timestamp\": \"2026-05-04T16:37:19.642+0800\", \"rule\": {\"level\": 9, \"description\": \"C:\\\\\\\\Windows\\\\\\\\system32\\\\\\\\WindowsPowerShell\\\\\\\\v1.0\\\\\\\\powershell.exe created a new scripting file under Windows Temp or User data folder\", \"id\": \"92201\", \"mitre\": {\"id\": [\"T1105\", \"T1059\"], \"tactic\": [\"Command and Control\", \"Execution\"], \"technique\": [\"Ingress Tool Transfer\", \"Command and Scripting Interpreter\"]}, \"firedtimes\": 1, \"mail\": false, \"groups\": [\"sysmon\", \"sysmon_eid11_detections\", \"windows\"]}, \"agent\": {\"id\": \"004\", \"name\": \"win-server\", \"ip\": \"192.168.10.145\"}, \"manager\": {\"name\": \"alwin\"}, \"id\": \"1777883839.5800464\", \"decoder\": {\"name\": \"windows_eventchannel\"}, \"data\": {\"win\": {\"system\": {\"providerName\": \"Microsoft-Windows-Sysmon\", \"providerGuid\": \"{5770385f-c22a-43e0-bf4c-06f5698ffbd9}\", \"eventID\": \"11\", \"version\": \"2\", \"level\": \"4\", \"task\": \"11\", \"opcode\": \"0\", \"keywords\": \"0x8000000000000000\", \"systemTime\": \"2026-05-04T08:37:18.659121500Z\", \"eventRecordID\": \"23\", \"processID\": \"3048\", \"threadID\": \"4872\", \"channel\": \"Microsoft-Windows-Sysmon/Operational\", \"computer\": \"WIN-KMSGSH5FS1F\", \"severityValue\": \"INFORMATION\", \"message\": \"\\\"File created:\\r\\nRuleName: -\\r\\nUtcTime: 2026-05-04 08:37:18.658\\r\\nProcessGuid: {a6e2d9b7-5abb-69f8-d901-000000000200}\\r\\nProcessId: 3652\\r\\nImage: C:\\\\Windows\\\\system32\\\\WindowsPowerShell\\\\v1.0\\\\powershell.exe\\r\\nTargetFilename: C:\\\\Windows\\\\Temp\\\\__PSScriptPolicyTest_tt03w4nb.5ww.ps1\\r\\nCreationUtcTime: 2026-05-04 08:37:18.658\\r\\nUser: NT AUTHORITY\\\\SYSTEM\\\"\"}, \"eventdata\": {\"utcTime\": \"2026-05-04 08:37:18.658\", \"processGuid\": \"{a6e2d9b7-5abb-69f8-d901-000000000200}\", \"processId\": \"3652\", \"image\": \"C:\\\\\\\\Windows\\\\\\\\system32\\\\\\\\WindowsPowerShell\\\\\\\\v1.0\\\\\\\\powershell.exe\", \"targetFilename\": \"C:\\\\\\\\Windows\\\\\\\\Temp\\\\\\\\__PSScriptPolicyTest_tt03w4nb.5ww.ps1\", \"creationUtcTime\": \"2026-05-04 08:37:18.658\", \"user\": \"NT AUTHORITY\\\\\\\\SYSTEM\"}}}, \"location\": \"EventChannel\"}",
            "inserted_at": "2026-06-07T19:24:38.921594",
            "raw": {
                "timestamp": "2026-05-04T16:37:19.642+0800",
                "rule": {
                    "level": 9,
                    "description": "C:\\\\Windows\\\\system32\\\\WindowsPowerShell\\\\v1.0\\\\powershell.exe created a new scripting file under Windows Temp or User data folder",
                    "id": "92201",
                    "mitre": {
                        "id": [
                            "T1105",
                            "T1059"
                        ],
                        "tactic": [
                            "Command and Control",
                            "Execution"
                        ],
                        "technique": [
                            "Ingress Tool Transfer",
                            "Command and Scripting Interpreter"
                        ]
                    },
                    "firedtimes": 1,
                    "mail": false,
                    "groups": [
                        "sysmon",
                        "sysmon_eid11_detections",
                        "windows"
                    ]
                },
                "agent": {
                    "id": "004",
                    "name": "win-server",
                    "ip": "192.168.10.145"
                },
                "manager": {
                    "name": "alwin"
                },
                "id": "1777883839.5800464",
                "decoder": {
                    "name": "windows_eventchannel"
                },
                "data": {
                    "win": {
                        "system": {
                            "providerName": "Microsoft-Windows-Sysmon",
                            "providerGuid": "{5770385f-c22a-43e0-bf4c-06f5698ffbd9}",
                            "eventID": "11",
                            "version": "2",
                            "level": "4",
                            "task": "11",
                            "opcode": "0",
                            "keywords": "0x8000000000000000",
                            "systemTime": "2026-05-04T08:37:18.659121500Z",
                            "eventRecordID": "23",
                            "processID": "3048",
                            "threadID": "4872",
                            "channel": "Microsoft-Windows-Sysmon/Operational",
                            "computer": "WIN-KMSGSH5FS1F",
                            "severityValue": "INFORMATION",
                            "message": "\"File created:\r\nRuleName: -\r\nUtcTime: 2026-05-04 08:37:18.658\r\nProcessGuid: {a6e2d9b7-5abb-69f8-d901-000000000200}\r\nProcessId: 3652\r\nImage: C:\\Windows\\system32\\WindowsPowerShell\\v1.0\\powershell.exe\r\nTargetFilename: C:\\Windows\\Temp\\__PSScriptPolicyTest_tt03w4nb.5ww.ps1\r\nCreationUtcTime: 2026-05-04 08:37:18.658\r\nUser: NT AUTHORITY\\SYSTEM\""
                        },
                        "eventdata": {
                            "utcTime": "2026-05-04 08:37:18.658",
                            "processGuid": "{a6e2d9b7-5abb-69f8-d901-000000000200}",
                            "processId": "3652",
                            "image": "C:\\\\Windows\\\\system32\\\\WindowsPowerShell\\\\v1.0\\\\powershell.exe",
                            "targetFilename": "C:\\\\Windows\\\\Temp\\\\__PSScriptPolicyTest_tt03w4nb.5ww.ps1",
                            "creationUtcTime": "2026-05-04 08:37:18.658",
                            "user": "NT AUTHORITY\\\\SYSTEM"
                        }
                    }
                },
                "location": "EventChannel"
            }
        }
    },
    {
        "alert_id": "CSA-00012",
        "time": "2026-05-04T16:37:26.096+0800",
        "host": "win-server",
        "user": "unknown",
        "source_ip": "unknown",
        "destination_ip": "unknown",
        "event_id": "1",
        "rule_id": "92031",
        "rule_description": "Discovery activity executed",
        "process": "C:\\\\Windows\\\\SysWOW64\\\\net1.exe",
        "parent_process": "C:\\\\Windows\\\\SysWOW64\\\\net.exe",
        "command_line": "C:\\\\Windows\\\\system32\\\\net1 user",
        "pack": "suspicious_execution",
        "rule_name": "Suspicious Process Execution",
        "title": "\ud83d\udd0d Discovery Activity Detected",
        "summary": "Discovery activity executed | Host: win-server | Process: c:\\\\windows\\\\syswow64\\\\net1.exe",
        "severity": "MEDIUM",
        "mitre": [
            "T1082",
            "T1087"
        ],
        "kill_chain_phase": "Discovery",
        "recommended_actions": [
            "Check parent process context",
            "Verify if activity was authorized",
            "Correlate with login events on same host",
            "Check for file drops or network connections after execution"
        ],
        "fp_notes": "Verify parent process \u2014 could be legitimate admin activity",
        "status": "OPEN",
        "raw": {
            "id": "1777883846.5869976",
            "timestamp": "2026-05-04T16:37:26.096+0800",
            "host": "win-server",
            "user": "",
            "event_id": "1",
            "rule_id": "92031",
            "rule_level": 3,
            "rule_description": "Discovery activity executed",
            "source_ip": "",
            "process": "C:\\\\Windows\\\\SysWOW64\\\\net1.exe",
            "parent_process": "C:\\\\Windows\\\\SysWOW64\\\\net.exe",
            "command_line": "C:\\\\Windows\\\\system32\\\\net1 user",
            "provider": "Microsoft-Windows-Sysmon",
            "raw_json": "{\"timestamp\": \"2026-05-04T16:37:26.096+0800\", \"rule\": {\"level\": 3, \"description\": \"Discovery activity executed\", \"id\": \"92031\", \"mitre\": {\"id\": [\"T1087\"], \"tactic\": [\"Discovery\"], \"technique\": [\"Account Discovery\"]}, \"firedtimes\": 2, \"mail\": false, \"groups\": [\"sysmon\", \"sysmon_eid1_detections\", \"windows\"]}, \"agent\": {\"id\": \"004\", \"name\": \"win-server\", \"ip\": \"192.168.10.145\"}, \"manager\": {\"name\": \"alwin\"}, \"id\": \"1777883846.5869976\", \"decoder\": {\"name\": \"windows_eventchannel\"}, \"data\": {\"win\": {\"system\": {\"providerName\": \"Microsoft-Windows-Sysmon\", \"providerGuid\": \"{5770385f-c22a-43e0-bf4c-06f5698ffbd9}\", \"eventID\": \"1\", \"version\": \"5\", \"level\": \"4\", \"task\": \"1\", \"opcode\": \"0\", \"keywords\": \"0x8000000000000000\", \"systemTime\": \"2026-05-04T08:37:25.657488600Z\", \"eventRecordID\": \"47\", \"processID\": \"3048\", \"threadID\": \"4872\", \"channel\": \"Microsoft-Windows-Sysmon/Operational\", \"computer\": \"WIN-KMSGSH5FS1F\", \"severityValue\": \"INFORMATION\", \"message\": \"\\\"Process Create:\\r\\nRuleName: -\\r\\nUtcTime: 2026-05-04 08:37:25.651\\r\\nProcessGuid: {a6e2d9b7-5ac5-69f8-f401-000000000200}\\r\\nProcessId: 3836\\r\\nImage: C:\\\\Windows\\\\SysWOW64\\\\net1.exe\\r\\nFileVersion: 10.0.17763.1 (WinBuild.160101.0800)\\r\\nDescription: Net Command\\r\\nProduct: Microsoft\\u00ae Windows\\u00ae Operating System\\r\\nCompany: Microsoft Corporation\\r\\nOriginalFileName: net1.exe\\r\\nCommandLine: C:\\\\Windows\\\\system32\\\\net1 user\\r\\nCurrentDirectory: C:\\\\Program Files (x86)\\\\ossec-agent\\\\\\r\\nUser: NT AUTHORITY\\\\SYSTEM\\r\\nLogonGuid: {a6e2d9b7-417f-69f8-e703-000000000000}\\r\\nLogonId: 0x3E7\\r\\nTerminalSessionId: 0\\r\\nIntegrityLevel: System\\r\\nHashes: MD5=E28124DF01CA79FD93F3B7C48DECDAC0,SHA256=383ECC5DBCDD98163C556CA6E4486C5DC6A35C3F1CFF88DCF12DA2CDABA80970,IMPHASH=F44A3CB56AC156111E03B2437FC54F18\\r\\nParentProcessGuid: {a6e2d9b7-5ac5-69f8-f201-000000000200}\\r\\nParentProcessId: 5336\\r\\nParentImage: C:\\\\Windows\\\\SysWOW64\\\\net.exe\\r\\nParentCommandLine: net user\\r\\nParentUser: NT AUTHORITY\\\\SYSTEM\\\"\"}, \"eventdata\": {\"utcTime\": \"2026-05-04 08:37:25.651\", \"processGuid\": \"{a6e2d9b7-5ac5-69f8-f401-000000000200}\", \"processId\": \"3836\", \"image\": \"C:\\\\\\\\Windows\\\\\\\\SysWOW64\\\\\\\\net1.exe\", \"fileVersion\": \"10.0.17763.1 (WinBuild.160101.0800)\", \"description\": \"Net Command\", \"product\": \"Microsoft\\u00ae Windows\\u00ae Operating System\", \"company\": \"Microsoft Corporation\", \"originalFileName\": \"net1.exe\", \"commandLine\": \"C:\\\\\\\\Windows\\\\\\\\system32\\\\\\\\net1 user\", \"currentDirectory\": \"C:\\\\\\\\Program Files (x86)\\\\\\\\ossec-agent\\\\\\\\\", \"user\": \"NT AUTHORITY\\\\\\\\SYSTEM\", \"logonGuid\": \"{a6e2d9b7-417f-69f8-e703-000000000000}\", \"logonId\": \"0x3e7\", \"terminalSessionId\": \"0\", \"integrityLevel\": \"System\", \"hashes\": \"MD5=E28124DF01CA79FD93F3B7C48DECDAC0,SHA256=383ECC5DBCDD98163C556CA6E4486C5DC6A35C3F1CFF88DCF12DA2CDABA80970,IMPHASH=F44A3CB56AC156111E03B2437FC54F18\", \"parentProcessGuid\": \"{a6e2d9b7-5ac5-69f8-f201-000000000200}\", \"parentProcessId\": \"5336\", \"parentImage\": \"C:\\\\\\\\Windows\\\\\\\\SysWOW64\\\\\\\\net.exe\", \"parentCommandLine\": \"net user\", \"parentUser\": \"NT AUTHORITY\\\\\\\\SYSTEM\"}}}, \"location\": \"EventChannel\"}",
            "inserted_at": "2026-06-07T19:24:38.921594",
            "raw": {
                "timestamp": "2026-05-04T16:37:26.096+0800",
                "rule": {
                    "level": 3,
                    "description": "Discovery activity executed",
                    "id": "92031",
                    "mitre": {
                        "id": [
                            "T1087"
                        ],
                        "tactic": [
                            "Discovery"
                        ],
                        "technique": [
                            "Account Discovery"
                        ]
                    },
                    "firedtimes": 2,
                    "mail": false,
                    "groups": [
                        "sysmon",
                        "sysmon_eid1_detections",
                        "windows"
                    ]
                },
                "agent": {
                    "id": "004",
                    "name": "win-server",
                    "ip": "192.168.10.145"
                },
                "manager": {
                    "name": "alwin"
                },
                "id": "1777883846.5869976",
                "decoder": {
                    "name": "windows_eventchannel"
                },
                "data": {
                    "win": {
                        "system": {
                            "providerName": "Microsoft-Windows-Sysmon",
                            "providerGuid": "{5770385f-c22a-43e0-bf4c-06f5698ffbd9}",
                            "eventID": "1",
                            "version": "5",
                            "level": "4",
                            "task": "1",
                            "opcode": "0",
                            "keywords": "0x8000000000000000",
                            "systemTime": "2026-05-04T08:37:25.657488600Z",
                            "eventRecordID": "47",
                            "processID": "3048",
                            "threadID": "4872",
                            "channel": "Microsoft-Windows-Sysmon/Operational",
                            "computer": "WIN-KMSGSH5FS1F",
                            "severityValue": "INFORMATION",
                            "message": "\"Process Create:\r\nRuleName: -\r\nUtcTime: 2026-05-04 08:37:25.651\r\nProcessGuid: {a6e2d9b7-5ac5-69f8-f401-000000000200}\r\nProcessId: 3836\r\nImage: C:\\Windows\\SysWOW64\\net1.exe\r\nFileVersion: 10.0.17763.1 (WinBuild.160101.0800)\r\nDescription: Net Command\r\nProduct: Microsoft\u00ae Windows\u00ae Operating System\r\nCompany: Microsoft Corporation\r\nOriginalFileName: net1.exe\r\nCommandLine: C:\\Windows\\system32\\net1 user\r\nCurrentDirectory: C:\\Program Files (x86)\\ossec-agent\\\r\nUser: NT AUTHORITY\\SYSTEM\r\nLogonGuid: {a6e2d9b7-417f-69f8-e703-000000000000}\r\nLogonId: 0x3E7\r\nTerminalSessionId: 0\r\nIntegrityLevel: System\r\nHashes: MD5=E28124DF01CA79FD93F3B7C48DECDAC0,SHA256=383ECC5DBCDD98163C556CA6E4486C5DC6A35C3F1CFF88DCF12DA2CDABA80970,IMPHASH=F44A3CB56AC156111E03B2437FC54F18\r\nParentProcessGuid: {a6e2d9b7-5ac5-69f8-f201-000000000200}\r\nParentProcessId: 5336\r\nParentImage: C:\\Windows\\SysWOW64\\net.exe\r\nParentCommandLine: net user\r\nParentUser: NT AUTHORITY\\SYSTEM\""
                        },
                        "eventdata": {
                            "utcTime": "2026-05-04 08:37:25.651",
                            "processGuid": "{a6e2d9b7-5ac5-69f8-f401-000000000200}",
                            "processId": "3836",
                            "image": "C:\\\\Windows\\\\SysWOW64\\\\net1.exe",
                            "fileVersion": "10.0.17763.1 (WinBuild.160101.0800)",
                            "description": "Net Command",
                            "product": "Microsoft\u00ae Windows\u00ae Operating System",
                            "company": "Microsoft Corporation",
                            "originalFileName": "net1.exe",
                            "commandLine": "C:\\\\Windows\\\\system32\\\\net1 user",
                            "currentDirectory": "C:\\\\Program Files (x86)\\\\ossec-agent\\\\",
                            "user": "NT AUTHORITY\\\\SYSTEM",
                            "logonGuid": "{a6e2d9b7-417f-69f8-e703-000000000000}",
                            "logonId": "0x3e7",
                            "terminalSessionId": "0",
                            "integrityLevel": "System",
                            "hashes": "MD5=E28124DF01CA79FD93F3B7C48DECDAC0,SHA256=383ECC5DBCDD98163C556CA6E4486C5DC6A35C3F1CFF88DCF12DA2CDABA80970,IMPHASH=F44A3CB56AC156111E03B2437FC54F18",
                            "parentProcessGuid": "{a6e2d9b7-5ac5-69f8-f201-000000000200}",
                            "parentProcessId": "5336",
                            "parentImage": "C:\\\\Windows\\\\SysWOW64\\\\net.exe",
                            "parentCommandLine": "net user",
                            "parentUser": "NT AUTHORITY\\\\SYSTEM"
                        }
                    }
                },
                "location": "EventChannel"
            }
        }
    },
    {
        "alert_id": "CSA-00013",
        "time": "2026-05-04T17:25:29.502+0800",
        "host": "win-server",
        "user": "administrator",
        "source_ip": "127.0.0.1",
        "destination_ip": "unknown",
        "event_id": "4625",
        "rule_id": "60122",
        "rule_description": "Logon Failure - Unknown user or bad password",
        "process": "C:\\\\Windows\\\\System32\\\\svchost.exe",
        "parent_process": "",
        "command_line": "",
        "pack": "authentication_failure",
        "rule_name": "Repeated Authentication Failures",
        "title": "Authentication Failure Spike",
        "summary": "3 failed logins in 5 min | User: administrator | Host: win-server",
        "severity": "MEDIUM",
        "mitre": [
            "T1110"
        ],
        "kill_chain_phase": "Initial Access",
        "recommended_actions": [
            "Verify if the user mistyped password",
            "Check source IP and logon type",
            "Monitor for successful login after failures"
        ],
        "fp_notes": "3-9 failures may be user error. Do not call it brute force unless volume increases.",
        "status": "OPEN",
        "raw": {
            "id": "1777886729.6191288",
            "timestamp": "2026-05-04T17:25:29.502+0800",
            "host": "win-server",
            "user": "administrator",
            "event_id": "4625",
            "rule_id": "60122",
            "rule_level": 5,
            "rule_description": "Logon Failure - Unknown user or bad password",
            "source_ip": "127.0.0.1",
            "process": "C:\\\\Windows\\\\System32\\\\svchost.exe",
            "parent_process": "",
            "command_line": "",
            "provider": "Microsoft-Windows-Security-Auditing",
            "raw_json": "{\"timestamp\": \"2026-05-04T17:25:29.502+0800\", \"rule\": {\"level\": 5, \"description\": \"Logon Failure - Unknown user or bad password\", \"id\": \"60122\", \"mitre\": {\"id\": [\"T1531\"], \"tactic\": [\"Impact\"], \"technique\": [\"Account Access Removal\"]}, \"firedtimes\": 3, \"mail\": false, \"groups\": [\"windows\", \"windows_security\", \"authentication_failed\"], \"pci_dss\": [\"10.2.4\", \"10.2.5\"], \"gpg13\": [\"7.1\"], \"gdpr\": [\"IV_35.7.d\", \"IV_32.2\"], \"hipaa\": [\"164.312.b\"], \"nist_800_53\": [\"AU.14\", \"AC.7\"], \"tsc\": [\"CC6.1\", \"CC6.8\", \"CC7.2\", \"CC7.3\"]}, \"agent\": {\"id\": \"004\", \"name\": \"win-server\", \"ip\": \"192.168.10.145\"}, \"manager\": {\"name\": \"alwin\"}, \"id\": \"1777886729.6191288\", \"decoder\": {\"name\": \"windows_eventchannel\"}, \"data\": {\"win\": {\"system\": {\"providerName\": \"Microsoft-Windows-Security-Auditing\", \"providerGuid\": \"{54849625-5478-4994-a5ba-3e3b0328c30d}\", \"eventID\": \"4625\", \"version\": \"0\", \"level\": \"0\", \"task\": \"12544\", \"opcode\": \"0\", \"keywords\": \"0x8010000000000000\", \"systemTime\": \"2026-05-04T09:25:28.192999300Z\", \"eventRecordID\": \"1367\", \"processID\": \"632\", \"threadID\": \"4392\", \"channel\": \"Security\", \"computer\": \"WIN-KMSGSH5FS1F\", \"severityValue\": \"AUDIT_FAILURE\", \"message\": \"\\\"An account failed to log on.\\r\\n\\r\\nSubject:\\r\\n\\tSecurity ID:\\t\\tS-1-5-18\\r\\n\\tAccount Name:\\t\\tWIN-KMSGSH5FS1F$\\r\\n\\tAccount Domain:\\t\\tWORKGROUP\\r\\n\\tLogon ID:\\t\\t0x3E7\\r\\n\\r\\nLogon Type:\\t\\t\\t7\\r\\n\\r\\nAccount For Which Logon Failed:\\r\\n\\tSecurity ID:\\t\\tS-1-0-0\\r\\n\\tAccount Name:\\t\\tAdministrator\\r\\n\\tAccount Domain:\\t\\tWIN-KMSGSH5FS1F\\r\\n\\r\\nFailure Information:\\r\\n\\tFailure Reason:\\t\\tUnknown user name or bad password.\\r\\n\\tStatus:\\t\\t\\t0xC000006D\\r\\n\\tSub Status:\\t\\t0xC000006A\\r\\n\\r\\nProcess Information:\\r\\n\\tCaller Process ID:\\t0x438\\r\\n\\tCaller Process Name:\\tC:\\\\Windows\\\\System32\\\\svchost.exe\\r\\n\\r\\nNetwork Information:\\r\\n\\tWorkstation Name:\\tWIN-KMSGSH5FS1F\\r\\n\\tSource Network Address:\\t127.0.0.1\\r\\n\\tSource Port:\\t\\t0\\r\\n\\r\\nDetailed Authentication Information:\\r\\n\\tLogon Process:\\t\\tUser32 \\r\\n\\tAuthentication Package:\\tNegotiate\\r\\n\\tTransited Services:\\t-\\r\\n\\tPackage Name (NTLM only):\\t-\\r\\n\\tKey Length:\\t\\t0\\r\\n\\r\\nThis event is generated when a logon request fails. It is generated on the computer where access was attempted.\\r\\n\\r\\nThe Subject fields indicate the account on the local system which requested the logon. This is most commonly a service such as the Server service, or a local process such as Winlogon.exe or Services.exe.\\r\\n\\r\\nThe Logon Type field indicates the kind of logon that was requested. The most common types are 2 (interactive) and 3 (network).\\r\\n\\r\\nThe Process Information fields indicate which account and process on the system requested the logon.\\r\\n\\r\\nThe Network Information fields indicate where a remote logon request originated. Workstation name is not always available and may be left blank in some cases.\\r\\n\\r\\nThe authentication information fields provide detailed information about this specific logon request.\\r\\n\\t- Transited services indicate which intermediate services have participated in this logon request.\\r\\n\\t- Package name indicates which sub-protocol was used among the NTLM protocols.\\r\\n\\t- Key length indicates the length of the generated session key. This will be 0 if no session key was requested.\\\"\"}, \"eventdata\": {\"subjectUserSid\": \"S-1-5-18\", \"subjectUserName\": \"WIN-KMSGSH5FS1F$\", \"subjectDomainName\": \"WORKGROUP\", \"subjectLogonId\": \"0x3e7\", \"targetUserSid\": \"S-1-0-0\", \"targetUserName\": \"Administrator\", \"targetDomainName\": \"WIN-KMSGSH5FS1F\", \"status\": \"0xc000006d\", \"failureReason\": \"%%2313\", \"subStatus\": \"0xc000006a\", \"logonType\": \"7\", \"logonProcessName\": \"User32\", \"authenticationPackageName\": \"Negotiate\", \"workstationName\": \"WIN-KMSGSH5FS1F\", \"keyLength\": \"0\", \"processId\": \"0x438\", \"processName\": \"C:\\\\\\\\Windows\\\\\\\\System32\\\\\\\\svchost.exe\", \"ipAddress\": \"127.0.0.1\", \"ipPort\": \"0\"}}}, \"location\": \"EventChannel\"}",
            "inserted_at": "2026-06-07T19:24:38.921594",
            "raw": {
                "timestamp": "2026-05-04T17:25:29.502+0800",
                "rule": {
                    "level": 5,
                    "description": "Logon Failure - Unknown user or bad password",
                    "id": "60122",
                    "mitre": {
                        "id": [
                            "T1531"
                        ],
                        "tactic": [
                            "Impact"
                        ],
                        "technique": [
                            "Account Access Removal"
                        ]
                    },
                    "firedtimes": 3,
                    "mail": false,
                    "groups": [
                        "windows",
                        "windows_security",
                        "authentication_failed"
                    ],
                    "pci_dss": [
                        "10.2.4",
                        "10.2.5"
                    ],
                    "gpg13": [
                        "7.1"
                    ],
                    "gdpr": [
                        "IV_35.7.d",
                        "IV_32.2"
                    ],
                    "hipaa": [
                        "164.312.b"
                    ],
                    "nist_800_53": [
                        "AU.14",
                        "AC.7"
                    ],
                    "tsc": [
                        "CC6.1",
                        "CC6.8",
                        "CC7.2",
                        "CC7.3"
                    ]
                },
                "agent": {
                    "id": "004",
                    "name": "win-server",
                    "ip": "192.168.10.145"
                },
                "manager": {
                    "name": "alwin"
                },
                "id": "1777886729.6191288",
                "decoder": {
                    "name": "windows_eventchannel"
                },
                "data": {
                    "win": {
                        "system": {
                            "providerName": "Microsoft-Windows-Security-Auditing",
                            "providerGuid": "{54849625-5478-4994-a5ba-3e3b0328c30d}",
                            "eventID": "4625",
                            "version": "0",
                            "level": "0",
                            "task": "12544",
                            "opcode": "0",
                            "keywords": "0x8010000000000000",
                            "systemTime": "2026-05-04T09:25:28.192999300Z",
                            "eventRecordID": "1367",
                            "processID": "632",
                            "threadID": "4392",
                            "channel": "Security",
                            "computer": "WIN-KMSGSH5FS1F",
                            "severityValue": "AUDIT_FAILURE",
                            "message": "\"An account failed to log on.\r\n\r\nSubject:\r\n\tSecurity ID:\t\tS-1-5-18\r\n\tAccount Name:\t\tWIN-KMSGSH5FS1F$\r\n\tAccount Domain:\t\tWORKGROUP\r\n\tLogon ID:\t\t0x3E7\r\n\r\nLogon Type:\t\t\t7\r\n\r\nAccount For Which Logon Failed:\r\n\tSecurity ID:\t\tS-1-0-0\r\n\tAccount Name:\t\tAdministrator\r\n\tAccount Domain:\t\tWIN-KMSGSH5FS1F\r\n\r\nFailure Information:\r\n\tFailure Reason:\t\tUnknown user name or bad password.\r\n\tStatus:\t\t\t0xC000006D\r\n\tSub Status:\t\t0xC000006A\r\n\r\nProcess Information:\r\n\tCaller Process ID:\t0x438\r\n\tCaller Process Name:\tC:\\Windows\\System32\\svchost.exe\r\n\r\nNetwork Information:\r\n\tWorkstation Name:\tWIN-KMSGSH5FS1F\r\n\tSource Network Address:\t127.0.0.1\r\n\tSource Port:\t\t0\r\n\r\nDetailed Authentication Information:\r\n\tLogon Process:\t\tUser32 \r\n\tAuthentication Package:\tNegotiate\r\n\tTransited Services:\t-\r\n\tPackage Name (NTLM only):\t-\r\n\tKey Length:\t\t0\r\n\r\nThis event is generated when a logon request fails. It is generated on the computer where access was attempted.\r\n\r\nThe Subject fields indicate the account on the local system which requested the logon. This is most commonly a service such as the Server service, or a local process such as Winlogon.exe or Services.exe.\r\n\r\nThe Logon Type field indicates the kind of logon that was requested. The most common types are 2 (interactive) and 3 (network).\r\n\r\nThe Process Information fields indicate which account and process on the system requested the logon.\r\n\r\nThe Network Information fields indicate where a remote logon request originated. Workstation name is not always available and may be left blank in some cases.\r\n\r\nThe authentication information fields provide detailed information about this specific logon request.\r\n\t- Transited services indicate which intermediate services have participated in this logon request.\r\n\t- Package name indicates which sub-protocol was used among the NTLM protocols.\r\n\t- Key length indicates the length of the generated session key. This will be 0 if no session key was requested.\""
                        },
                        "eventdata": {
                            "subjectUserSid": "S-1-5-18",
                            "subjectUserName": "WIN-KMSGSH5FS1F$",
                            "subjectDomainName": "WORKGROUP",
                            "subjectLogonId": "0x3e7",
                            "targetUserSid": "S-1-0-0",
                            "targetUserName": "Administrator",
                            "targetDomainName": "WIN-KMSGSH5FS1F",
                            "status": "0xc000006d",
                            "failureReason": "%%2313",
                            "subStatus": "0xc000006a",
                            "logonType": "7",
                            "logonProcessName": "User32",
                            "authenticationPackageName": "Negotiate",
                            "workstationName": "WIN-KMSGSH5FS1F",
                            "keyLength": "0",
                            "processId": "0x438",
                            "processName": "C:\\\\Windows\\\\System32\\\\svchost.exe",
                            "ipAddress": "127.0.0.1",
                            "ipPort": "0"
                        }
                    }
                },
                "location": "EventChannel"
            }
        }
    },
    {
        "alert_id": "CSA-00014",
        "time": "2026-05-04T17:54:59.508+0800",
        "host": "win-server",
        "user": "anonymous logon",
        "source_ip": "192.168.10.144",
        "destination_ip": "unknown",
        "event_id": "4624",
        "rule_id": "92652",
        "rule_description": "Successful Remote Logon Detected - User:\\ANONYMOUS LOGON - NTLM authentication, possible pass-the-hash attack.",
        "process": "",
        "parent_process": "",
        "command_line": "",
        "pack": "pass_the_hash",
        "rule_name": "Pass-the-Hash Attack",
        "title": "\ud83d\udc80 Pass-the-Hash Attack Detected",
        "summary": "NTLM anonymous logon detected \u2014 possible credential relay attack | Host: win-server",
        "severity": "CRITICAL",
        "mitre": [
            "T1550.002"
        ],
        "kill_chain_phase": "Lateral Movement",
        "recommended_actions": [
            "Isolate host immediately",
            "Check for lateral movement from this host",
            "Reset credentials for all accounts on this host",
            "Escalate to L2/L3 immediately",
            "Check for Mimikatz or credential dumping tools"
        ],
        "fp_notes": "Near-zero FP \u2014 NTLM anonymous logon is highly suspicious",
        "status": "OPEN",
        "raw": {
            "id": "1777888499.6291595",
            "timestamp": "2026-05-04T17:54:59.508+0800",
            "host": "win-server",
            "user": "anonymous logon",
            "event_id": "4624",
            "rule_id": "92652",
            "rule_level": 6,
            "rule_description": "Successful Remote Logon Detected - User:\\ANONYMOUS LOGON - NTLM authentication, possible pass-the-hash attack.",
            "source_ip": "192.168.10.144",
            "process": "",
            "parent_process": "",
            "command_line": "",
            "provider": "Microsoft-Windows-Security-Auditing",
            "raw_json": "{\"timestamp\": \"2026-05-04T17:54:59.508+0800\", \"rule\": {\"level\": 6, \"description\": \"Successful Remote Logon Detected - User:\\\\ANONYMOUS LOGON - NTLM authentication, possible pass-the-hash attack.\", \"id\": \"92652\", \"mitre\": {\"id\": [\"T1550.002\", \"T1078.002\"], \"tactic\": [\"Defense Evasion\", \"Lateral Movement\", \"Persistence\", \"Privilege Escalation\", \"Initial Access\"], \"technique\": [\"Pass the Hash\", \"Domain Accounts\"]}, \"firedtimes\": 1, \"mail\": false, \"groups\": [\"win_evt_channel\", \"windows\", \"authentication_success\"], \"gdpr\": [\"IV_32.2\"], \"gpg13\": [\"7.1\", \"7.2\"], \"hipaa\": [\"164.312.b\"], \"nist_800_53\": [\"AC.7\", \"AU.14\"], \"pci_dss\": [\"10.2.5\"], \"tsc\": [\"CC6.8\", \"CC7.2\", \"CC7.3\"]}, \"agent\": {\"id\": \"004\", \"name\": \"win-server\", \"ip\": \"192.168.10.145\"}, \"manager\": {\"name\": \"alwin\"}, \"id\": \"1777888499.6291595\", \"full_log\": \"{\\\"win\\\":{\\\"system\\\":{\\\"providerName\\\":\\\"Microsoft-Windows-Security-Auditing\\\",\\\"providerGuid\\\":\\\"{54849625-5478-4994-a5ba-3e3b0328c30d}\\\",\\\"eventID\\\":\\\"4624\\\",\\\"version\\\":\\\"2\\\",\\\"level\\\":\\\"0\\\",\\\"task\\\":\\\"12544\\\",\\\"opcode\\\":\\\"0\\\",\\\"keywords\\\":\\\"0x8020000000000000\\\",\\\"systemTime\\\":\\\"2026-05-04T09:54:58.416779400Z\\\",\\\"eventRecordID\\\":\\\"1402\\\",\\\"processID\\\":\\\"632\\\",\\\"threadID\\\":\\\"3320\\\",\\\"channel\\\":\\\"Security\\\",\\\"computer\\\":\\\"WIN-KMSGSH5FS1F\\\",\\\"severityValue\\\":\\\"AUDIT_SUCCESS\\\",\\\"message\\\":\\\"\\\\\\\"An account was successfully logged on.\\\\r\\\\n\\\\r\\\\nSubject:\\\\r\\\\n\\\\tSecurity ID:\\\\t\\\\tS-1-0-0\\\\r\\\\n\\\\tAccount Name:\\\\t\\\\t-\\\\r\\\\n\\\\tAccount Domain:\\\\t\\\\t-\\\\r\\\\n\\\\tLogon ID:\\\\t\\\\t0x0\\\\r\\\\n\\\\r\\\\nLogon Information:\\\\r\\\\n\\\\tLogon Type:\\\\t\\\\t3\\\\r\\\\n\\\\tRestricted Admin Mode:\\\\t-\\\\r\\\\n\\\\tVirtual Account:\\\\t\\\\tNo\\\\r\\\\n\\\\tElevated Token:\\\\t\\\\tNo\\\\r\\\\n\\\\r\\\\nImpersonation Level:\\\\t\\\\tImpersonation\\\\r\\\\n\\\\r\\\\nNew Logon:\\\\r\\\\n\\\\tSecurity ID:\\\\t\\\\tS-1-5-7\\\\r\\\\n\\\\tAccount Name:\\\\t\\\\tANONYMOUS LOGON\\\\r\\\\n\\\\tAccount Domain:\\\\t\\\\tNT AUTHORITY\\\\r\\\\n\\\\tLogon ID:\\\\t\\\\t0x4A0C19\\\\r\\\\n\\\\tLinked Logon ID:\\\\t\\\\t0x0\\\\r\\\\n\\\\tNetwork Account Name:\\\\t-\\\\r\\\\n\\\\tNetwork Account Domain:\\\\t-\\\\r\\\\n\\\\tLogon GUID:\\\\t\\\\t{00000000-0000-0000-0000-000000000000}\\\\r\\\\n\\\\r\\\\nProcess Information:\\\\r\\\\n\\\\tProcess ID:\\\\t\\\\t0x0\\\\r\\\\n\\\\tProcess Name:\\\\t\\\\t-\\\\r\\\\n\\\\r\\\\nNetwork Information:\\\\r\\\\n\\\\tWorkstation Name:\\\\t-\\\\r\\\\n\\\\tSource Network Address:\\\\t192.168.10.144\\\\r\\\\n\\\\tSource Port:\\\\t\\\\t50420\\\\r\\\\n\\\\r\\\\nDetailed Authentication Information:\\\\r\\\\n\\\\tLogon Process:\\\\t\\\\tNtLmSsp \\\\r\\\\n\\\\tAuthentication Package:\\\\tNTLM\\\\r\\\\n\\\\tTransited Services:\\\\t-\\\\r\\\\n\\\\tPackage Name (NTLM only):\\\\tNTLM V1\\\\r\\\\n\\\\tKey Length:\\\\t\\\\t0\\\\r\\\\n\\\\r\\\\nThis event is generated when a logon session is created. It is generated on the computer that was accessed.\\\\r\\\\n\\\\r\\\\nThe subject fields indicate the account on the local system which requested the logon. This is most commonly a service such as the Server service, or a local process such as Winlogon.exe or Services.exe.\\\\r\\\\n\\\\r\\\\nThe logon type field indicates the kind of logon that occurred. The most common types are 2 (interactive) and 3 (network).\\\\r\\\\n\\\\r\\\\nThe New Logon fields indicate the account for whom the new logon was created, i.e. the account that was logged on.\\\\r\\\\n\\\\r\\\\nThe network fields indicate where a remote logon request originated. Workstation name is not always available and may be left blank in some cases.\\\\r\\\\n\\\\r\\\\nThe impersonation level field indicates the extent to which a process in the logon session can impersonate.\\\\r\\\\n\\\\r\\\\nThe authentication information fields provide detailed information about this specific logon request.\\\\r\\\\n\\\\t- Logon GUID is a unique identifier that can be used to correlate this event with a KDC event.\\\\r\\\\n\\\\t- Transited services indicate which intermediate services have participated in this logon request.\\\\r\\\\n\\\\t- Package name indicates which sub-protocol was used among the NTLM protocols.\\\\r\\\\n\\\\t- Key length indicates the length of the generated session key. This will be 0 if no session key was requested.\\\\\\\"\\\"},\\\"eventdata\\\":{\\\"subjectUserSid\\\":\\\"S-1-0-0\\\",\\\"subjectLogonId\\\":\\\"0x0\\\",\\\"targetUserSid\\\":\\\"S-1-5-7\\\",\\\"targetUserName\\\":\\\"ANONYMOUS LOGON\\\",\\\"targetDomainName\\\":\\\"NT AUTHORITY\\\",\\\"targetLogonId\\\":\\\"0x4a0c19\\\",\\\"logonType\\\":\\\"3\\\",\\\"logonProcessName\\\":\\\"NtLmSsp\\\",\\\"authenticationPackageName\\\":\\\"NTLM\\\",\\\"logonGuid\\\":\\\"{00000000-0000-0000-0000-000000000000}\\\",\\\"lmPackageName\\\":\\\"NTLM V1\\\",\\\"keyLength\\\":\\\"0\\\",\\\"processId\\\":\\\"0x0\\\",\\\"ipAddress\\\":\\\"192.168.10.144\\\",\\\"ipPort\\\":\\\"50420\\\",\\\"impersonationLevel\\\":\\\"%%1833\\\",\\\"virtualAccount\\\":\\\"%%1843\\\",\\\"targetLinkedLogonId\\\":\\\"0x0\\\",\\\"elevatedToken\\\":\\\"%%1843\\\"}}}\", \"decoder\": {\"name\": \"windows_eventchannel\"}, \"data\": {\"win\": {\"system\": {\"providerName\": \"Microsoft-Windows-Security-Auditing\", \"providerGuid\": \"{54849625-5478-4994-a5ba-3e3b0328c30d}\", \"eventID\": \"4624\", \"version\": \"2\", \"level\": \"0\", \"task\": \"12544\", \"opcode\": \"0\", \"keywords\": \"0x8020000000000000\", \"systemTime\": \"2026-05-04T09:54:58.416779400Z\", \"eventRecordID\": \"1402\", \"processID\": \"632\", \"threadID\": \"3320\", \"channel\": \"Security\", \"computer\": \"WIN-KMSGSH5FS1F\", \"severityValue\": \"AUDIT_SUCCESS\", \"message\": \"\\\"An account was successfully logged on.\\r\\n\\r\\nSubject:\\r\\n\\tSecurity ID:\\t\\tS-1-0-0\\r\\n\\tAccount Name:\\t\\t-\\r\\n\\tAccount Domain:\\t\\t-\\r\\n\\tLogon ID:\\t\\t0x0\\r\\n\\r\\nLogon Information:\\r\\n\\tLogon Type:\\t\\t3\\r\\n\\tRestricted Admin Mode:\\t-\\r\\n\\tVirtual Account:\\t\\tNo\\r\\n\\tElevated Token:\\t\\tNo\\r\\n\\r\\nImpersonation Level:\\t\\tImpersonation\\r\\n\\r\\nNew Logon:\\r\\n\\tSecurity ID:\\t\\tS-1-5-7\\r\\n\\tAccount Name:\\t\\tANONYMOUS LOGON\\r\\n\\tAccount Domain:\\t\\tNT AUTHORITY\\r\\n\\tLogon ID:\\t\\t0x4A0C19\\r\\n\\tLinked Logon ID:\\t\\t0x0\\r\\n\\tNetwork Account Name:\\t-\\r\\n\\tNetwork Account Domain:\\t-\\r\\n\\tLogon GUID:\\t\\t{00000000-0000-0000-0000-000000000000}\\r\\n\\r\\nProcess Information:\\r\\n\\tProcess ID:\\t\\t0x0\\r\\n\\tProcess Name:\\t\\t-\\r\\n\\r\\nNetwork Information:\\r\\n\\tWorkstation Name:\\t-\\r\\n\\tSource Network Address:\\t192.168.10.144\\r\\n\\tSource Port:\\t\\t50420\\r\\n\\r\\nDetailed Authentication Information:\\r\\n\\tLogon Process:\\t\\tNtLmSsp \\r\\n\\tAuthentication Package:\\tNTLM\\r\\n\\tTransited Services:\\t-\\r\\n\\tPackage Name (NTLM only):\\tNTLM V1\\r\\n\\tKey Length:\\t\\t0\\r\\n\\r\\nThis event is generated when a logon session is created. It is generated on the computer that was accessed.\\r\\n\\r\\nThe subject fields indicate the account on the local system which requested the logon. This is most commonly a service such as the Server service, or a local process such as Winlogon.exe or Services.exe.\\r\\n\\r\\nThe logon type field indicates the kind of logon that occurred. The most common types are 2 (interactive) and 3 (network).\\r\\n\\r\\nThe New Logon fields indicate the account for whom the new logon was created, i.e. the account that was logged on.\\r\\n\\r\\nThe network fields indicate where a remote logon request originated. Workstation name is not always available and may be left blank in some cases.\\r\\n\\r\\nThe impersonation level field indicates the extent to which a process in the logon session can impersonate.\\r\\n\\r\\nThe authentication information fields provide detailed information about this specific logon request.\\r\\n\\t- Logon GUID is a unique identifier that can be used to correlate this event with a KDC event.\\r\\n\\t- Transited services indicate which intermediate services have participated in this logon request.\\r\\n\\t- Package name indicates which sub-protocol was used among the NTLM protocols.\\r\\n\\t- Key length indicates the length of the generated session key. This will be 0 if no session key was requested.\\\"\"}, \"eventdata\": {\"subjectUserSid\": \"S-1-0-0\", \"subjectLogonId\": \"0x0\", \"targetUserSid\": \"S-1-5-7\", \"targetUserName\": \"ANONYMOUS LOGON\", \"targetDomainName\": \"NT AUTHORITY\", \"targetLogonId\": \"0x4a0c19\", \"logonType\": \"3\", \"logonProcessName\": \"NtLmSsp\", \"authenticationPackageName\": \"NTLM\", \"logonGuid\": \"{00000000-0000-0000-0000-000000000000}\", \"lmPackageName\": \"NTLM V1\", \"keyLength\": \"0\", \"processId\": \"0x0\", \"ipAddress\": \"192.168.10.144\", \"ipPort\": \"50420\", \"impersonationLevel\": \"%%1833\", \"virtualAccount\": \"%%1843\", \"targetLinkedLogonId\": \"0x0\", \"elevatedToken\": \"%%1843\"}}}, \"location\": \"EventChannel\"}",
            "inserted_at": "2026-06-07T19:24:38.921594",
            "raw": {
                "timestamp": "2026-05-04T17:54:59.508+0800",
                "rule": {
                    "level": 6,
                    "description": "Successful Remote Logon Detected - User:\\ANONYMOUS LOGON - NTLM authentication, possible pass-the-hash attack.",
                    "id": "92652",
                    "mitre": {
                        "id": [
                            "T1550.002",
                            "T1078.002"
                        ],
                        "tactic": [
                            "Defense Evasion",
                            "Lateral Movement",
                            "Persistence",
                            "Privilege Escalation",
                            "Initial Access"
                        ],
                        "technique": [
                            "Pass the Hash",
                            "Domain Accounts"
                        ]
                    },
                    "firedtimes": 1,
                    "mail": false,
                    "groups": [
                        "win_evt_channel",
                        "windows",
                        "authentication_success"
                    ],
                    "gdpr": [
                        "IV_32.2"
                    ],
                    "gpg13": [
                        "7.1",
                        "7.2"
                    ],
                    "hipaa": [
                        "164.312.b"
                    ],
                    "nist_800_53": [
                        "AC.7",
                        "AU.14"
                    ],
                    "pci_dss": [
                        "10.2.5"
                    ],
                    "tsc": [
                        "CC6.8",
                        "CC7.2",
                        "CC7.3"
                    ]
                },
                "agent": {
                    "id": "004",
                    "name": "win-server",
                    "ip": "192.168.10.145"
                },
                "manager": {
                    "name": "alwin"
                },
                "id": "1777888499.6291595",
                "full_log": "{\"win\":{\"system\":{\"providerName\":\"Microsoft-Windows-Security-Auditing\",\"providerGuid\":\"{54849625-5478-4994-a5ba-3e3b0328c30d}\",\"eventID\":\"4624\",\"version\":\"2\",\"level\":\"0\",\"task\":\"12544\",\"opcode\":\"0\",\"keywords\":\"0x8020000000000000\",\"systemTime\":\"2026-05-04T09:54:58.416779400Z\",\"eventRecordID\":\"1402\",\"processID\":\"632\",\"threadID\":\"3320\",\"channel\":\"Security\",\"computer\":\"WIN-KMSGSH5FS1F\",\"severityValue\":\"AUDIT_SUCCESS\",\"message\":\"\\\"An account was successfully logged on.\\r\\n\\r\\nSubject:\\r\\n\\tSecurity ID:\\t\\tS-1-0-0\\r\\n\\tAccount Name:\\t\\t-\\r\\n\\tAccount Domain:\\t\\t-\\r\\n\\tLogon ID:\\t\\t0x0\\r\\n\\r\\nLogon Information:\\r\\n\\tLogon Type:\\t\\t3\\r\\n\\tRestricted Admin Mode:\\t-\\r\\n\\tVirtual Account:\\t\\tNo\\r\\n\\tElevated Token:\\t\\tNo\\r\\n\\r\\nImpersonation Level:\\t\\tImpersonation\\r\\n\\r\\nNew Logon:\\r\\n\\tSecurity ID:\\t\\tS-1-5-7\\r\\n\\tAccount Name:\\t\\tANONYMOUS LOGON\\r\\n\\tAccount Domain:\\t\\tNT AUTHORITY\\r\\n\\tLogon ID:\\t\\t0x4A0C19\\r\\n\\tLinked Logon ID:\\t\\t0x0\\r\\n\\tNetwork Account Name:\\t-\\r\\n\\tNetwork Account Domain:\\t-\\r\\n\\tLogon GUID:\\t\\t{00000000-0000-0000-0000-000000000000}\\r\\n\\r\\nProcess Information:\\r\\n\\tProcess ID:\\t\\t0x0\\r\\n\\tProcess Name:\\t\\t-\\r\\n\\r\\nNetwork Information:\\r\\n\\tWorkstation Name:\\t-\\r\\n\\tSource Network Address:\\t192.168.10.144\\r\\n\\tSource Port:\\t\\t50420\\r\\n\\r\\nDetailed Authentication Information:\\r\\n\\tLogon Process:\\t\\tNtLmSsp \\r\\n\\tAuthentication Package:\\tNTLM\\r\\n\\tTransited Services:\\t-\\r\\n\\tPackage Name (NTLM only):\\tNTLM V1\\r\\n\\tKey Length:\\t\\t0\\r\\n\\r\\nThis event is generated when a logon session is created. It is generated on the computer that was accessed.\\r\\n\\r\\nThe subject fields indicate the account on the local system which requested the logon. This is most commonly a service such as the Server service, or a local process such as Winlogon.exe or Services.exe.\\r\\n\\r\\nThe logon type field indicates the kind of logon that occurred. The most common types are 2 (interactive) and 3 (network).\\r\\n\\r\\nThe New Logon fields indicate the account for whom the new logon was created, i.e. the account that was logged on.\\r\\n\\r\\nThe network fields indicate where a remote logon request originated. Workstation name is not always available and may be left blank in some cases.\\r\\n\\r\\nThe impersonation level field indicates the extent to which a process in the logon session can impersonate.\\r\\n\\r\\nThe authentication information fields provide detailed information about this specific logon request.\\r\\n\\t- Logon GUID is a unique identifier that can be used to correlate this event with a KDC event.\\r\\n\\t- Transited services indicate which intermediate services have participated in this logon request.\\r\\n\\t- Package name indicates which sub-protocol was used among the NTLM protocols.\\r\\n\\t- Key length indicates the length of the generated session key. This will be 0 if no session key was requested.\\\"\"},\"eventdata\":{\"subjectUserSid\":\"S-1-0-0\",\"subjectLogonId\":\"0x0\",\"targetUserSid\":\"S-1-5-7\",\"targetUserName\":\"ANONYMOUS LOGON\",\"targetDomainName\":\"NT AUTHORITY\",\"targetLogonId\":\"0x4a0c19\",\"logonType\":\"3\",\"logonProcessName\":\"NtLmSsp\",\"authenticationPackageName\":\"NTLM\",\"logonGuid\":\"{00000000-0000-0000-0000-000000000000}\",\"lmPackageName\":\"NTLM V1\",\"keyLength\":\"0\",\"processId\":\"0x0\",\"ipAddress\":\"192.168.10.144\",\"ipPort\":\"50420\",\"impersonationLevel\":\"%%1833\",\"virtualAccount\":\"%%1843\",\"targetLinkedLogonId\":\"0x0\",\"elevatedToken\":\"%%1843\"}}}",
                "decoder": {
                    "name": "windows_eventchannel"
                },
                "data": {
                    "win": {
                        "system": {
                            "providerName": "Microsoft-Windows-Security-Auditing",
                            "providerGuid": "{54849625-5478-4994-a5ba-3e3b0328c30d}",
