    {
        "alert_id": "CSA-00023",
        "time": "2026-05-15T16:43:43.942+0800",
        "host": "windows10",
        "user": "unknown",
        "source_ip": "unknown",
        "destination_ip": "unknown",
        "event_id": "1",
        "rule_id": "92027",
        "rule_description": "Powershell process spawned powershell instance",
        "process": "C:\\\\Windows\\\\System32\\\\WindowsPowerShell\\\\v1.0\\\\powershell.exe",
        "parent_process": "C:\\\\Windows\\\\System32\\\\WindowsPowerShell\\\\v1.0\\\\powershell.exe",
        "command_line": "\\\"C:\\\\Windows\\\\System32\\\\WindowsPowerShell\\\\v1.0\\\\powershell.exe\\\" -ExecutionPolicy Bypass -enc SGVsbG8=",
        "pack": "malicious_powershell",
        "rule_name": "Malicious PowerShell",
        "title": "\u26a1 Suspicious PowerShell Execution (score:60)",
        "summary": "Encoded command (-enc) | Execution policy bypass",
        "severity": "HIGH",
        "mitre": [
            "T1059.001"
        ],
        "kill_chain_phase": "Execution",
        "recommended_actions": [
            "Decode base64 command if encoded",
            "Check parent process context",
            "Look for file drops or network connections after execution",
            "Correlate with login events on same host"
        ],
        "fp_notes": "Verify command \u2014 check if admin script or scheduled task",
        "status": "OPEN",
        "raw": {
            "id": "1778834623.619663",
            "timestamp": "2026-05-15T16:43:43.942+0800",
            "host": "windows10",
            "user": "",
            "event_id": "1",
            "rule_id": "92027",
            "rule_level": 4,
            "rule_description": "Powershell process spawned powershell instance",
            "source_ip": "",
            "process": "C:\\\\Windows\\\\System32\\\\WindowsPowerShell\\\\v1.0\\\\powershell.exe",
            "parent_process": "C:\\\\Windows\\\\System32\\\\WindowsPowerShell\\\\v1.0\\\\powershell.exe",
            "command_line": "\\\"C:\\\\Windows\\\\System32\\\\WindowsPowerShell\\\\v1.0\\\\powershell.exe\\\" -ExecutionPolicy Bypass -enc SGVsbG8=",
            "provider": "Microsoft-Windows-Sysmon",
            "raw_json": "{\"timestamp\": \"2026-05-15T16:43:43.942+0800\", \"rule\": {\"level\": 4, \"description\": \"Powershell process spawned powershell instance\", \"id\": \"92027\", \"mitre\": {\"id\": [\"T1059.001\"], \"tactic\": [\"Execution\"], \"technique\": [\"PowerShell\"]}, \"firedtimes\": 1, \"mail\": false, \"groups\": [\"sysmon\", \"sysmon_eid1_detections\", \"windows\"]}, \"agent\": {\"id\": \"003\", \"name\": \"windows10\", \"ip\": \"192.168.10.120\"}, \"manager\": {\"name\": \"alwin\"}, \"id\": \"1778834623.619663\", \"decoder\": {\"name\": \"windows_eventchannel\"}, \"data\": {\"win\": {\"system\": {\"providerName\": \"Microsoft-Windows-Sysmon\", \"providerGuid\": \"{5770385f-c22a-43e0-bf4c-06f5698ffbd9}\", \"eventID\": \"1\", \"version\": \"5\", \"level\": \"4\", \"task\": \"1\", \"opcode\": \"0\", \"keywords\": \"0x8000000000000000\", \"systemTime\": \"2026-05-15T08:43:43.1172046Z\", \"eventRecordID\": \"11892\", \"processID\": \"2244\", \"threadID\": \"4308\", \"channel\": \"Microsoft-Windows-Sysmon/Operational\", \"computer\": \"DESKTOP-G0LLA16\", \"severityValue\": \"INFORMATION\", \"message\": \"\\\"Process Create:\\r\\nRuleName: -\\r\\nUtcTime: 2026-05-15 08:43:43.102\\r\\nProcessGuid: {32e96954-dcbf-6a06-7e03-000000000a00}\\r\\nProcessId: 8884\\r\\nImage: C:\\\\Windows\\\\System32\\\\WindowsPowerShell\\\\v1.0\\\\powershell.exe\\r\\nFileVersion: 10.0.19041.3996 (WinBuild.160101.0800)\\r\\nDescription: Windows PowerShell\\r\\nProduct: Microsoft\\u00ae Windows\\u00ae Operating System\\r\\nCompany: Microsoft Corporation\\r\\nOriginalFileName: PowerShell.EXE\\r\\nCommandLine: \\\"C:\\\\Windows\\\\System32\\\\WindowsPowerShell\\\\v1.0\\\\powershell.exe\\\" -ExecutionPolicy Bypass -enc SGVsbG8=\\r\\nCurrentDirectory: C:\\\\Windows\\\\system32\\\\\\r\\nUser: DESKTOP-G0LLA16\\\\leo\\r\\nLogonGuid: {32e96954-3bde-6a04-fd7c-0d0000000000}\\r\\nLogonId: 0xD7CFD\\r\\nTerminalSessionId: 1\\r\\nIntegrityLevel: High\\r\\nHashes: SHA256=9785001B0DCF755EDDB8AF294A373C0B87B2498660F724E76C4D53F9C217C7A3\\r\\nParentProcessGuid: {32e96954-5663-6a04-6602-000000000a00}\\r\\nParentProcessId: 7072\\r\\nParentImage: C:\\\\Windows\\\\System32\\\\WindowsPowerShell\\\\v1.0\\\\powershell.exe\\r\\nParentCommandLine: \\\"C:\\\\Windows\\\\System32\\\\WindowsPowerShell\\\\v1.0\\\\powershell.exe\\\" \\r\\nParentUser: DESKTOP-G0LLA16\\\\leo\\\"\"}, \"eventdata\": {\"utcTime\": \"2026-05-15 08:43:43.102\", \"processGuid\": \"{32e96954-dcbf-6a06-7e03-000000000a00}\", \"processId\": \"8884\", \"image\": \"C:\\\\\\\\Windows\\\\\\\\System32\\\\\\\\WindowsPowerShell\\\\\\\\v1.0\\\\\\\\powershell.exe\", \"fileVersion\": \"10.0.19041.3996 (WinBuild.160101.0800)\", \"description\": \"Windows PowerShell\", \"product\": \"Microsoft\\u00ae Windows\\u00ae Operating System\", \"company\": \"Microsoft Corporation\", \"originalFileName\": \"PowerShell.EXE\", \"commandLine\": \"\\\\\\\"C:\\\\\\\\Windows\\\\\\\\System32\\\\\\\\WindowsPowerShell\\\\\\\\v1.0\\\\\\\\powershell.exe\\\\\\\" -ExecutionPolicy Bypass -enc SGVsbG8=\", \"currentDirectory\": \"C:\\\\\\\\Windows\\\\\\\\system32\\\\\\\\\", \"user\": \"DESKTOP-G0LLA16\\\\\\\\leo\", \"logonGuid\": \"{32e96954-3bde-6a04-fd7c-0d0000000000}\", \"logonId\": \"0xd7cfd\", \"terminalSessionId\": \"1\", \"integrityLevel\": \"High\", \"hashes\": \"SHA256=9785001B0DCF755EDDB8AF294A373C0B87B2498660F724E76C4D53F9C217C7A3\", \"parentProcessGuid\": \"{32e96954-5663-6a04-6602-000000000a00}\", \"parentProcessId\": \"7072\", \"parentImage\": \"C:\\\\\\\\Windows\\\\\\\\System32\\\\\\\\WindowsPowerShell\\\\\\\\v1.0\\\\\\\\powershell.exe\", \"parentCommandLine\": \"\\\\\\\"C:\\\\\\\\Windows\\\\\\\\System32\\\\\\\\WindowsPowerShell\\\\\\\\v1.0\\\\\\\\powershell.exe\\\\\\\"\", \"parentUser\": \"DESKTOP-G0LLA16\\\\\\\\leo\"}}}, \"location\": \"EventChannel\"}",
            "inserted_at": "2026-06-07T19:24:38.921594",
            "raw": {
                "timestamp": "2026-05-15T16:43:43.942+0800",
                "rule": {
                    "level": 4,
                    "description": "Powershell process spawned powershell instance",
                    "id": "92027",
                    "mitre": {
                        "id": [
                            "T1059.001"
                        ],
                        "tactic": [
                            "Execution"
                        ],
                        "technique": [
                            "PowerShell"
                        ]
                    },
                    "firedtimes": 1,
                    "mail": false,
                    "groups": [
                        "sysmon",
                        "sysmon_eid1_detections",
                        "windows"
                    ]
                },
                "agent": {
                    "id": "003",
                    "name": "windows10",
                    "ip": "192.168.10.120"
                },
                "manager": {
                    "name": "alwin"
                },
                "id": "1778834623.619663",
                "decoder": {
                    "name": "windows_eventchannel"
                },
                "data": {
                    "win": {
                        "system": {
                            "providerName": "Microsoft-Windows-Sysmon",
                            "providerGuid": "{5770385f-c22a-43e0-bf4c-06f5698ffbd9}",
                            "eventID": "1",
                            "version": "5",
                            "level": "4",
                            "task": "1",
                            "opcode": "0",
                            "keywords": "0x8000000000000000",
                            "systemTime": "2026-05-15T08:43:43.1172046Z",
                            "eventRecordID": "11892",
                            "processID": "2244",
                            "threadID": "4308",
                            "channel": "Microsoft-Windows-Sysmon/Operational",
                            "computer": "DESKTOP-G0LLA16",
                            "severityValue": "INFORMATION",
                            "message": "\"Process Create:\r\nRuleName: -\r\nUtcTime: 2026-05-15 08:43:43.102\r\nProcessGuid: {32e96954-dcbf-6a06-7e03-000000000a00}\r\nProcessId: 8884\r\nImage: C:\\Windows\\System32\\WindowsPowerShell\\v1.0\\powershell.exe\r\nFileVersion: 10.0.19041.3996 (WinBuild.160101.0800)\r\nDescription: Windows PowerShell\r\nProduct: Microsoft\u00ae Windows\u00ae Operating System\r\nCompany: Microsoft Corporation\r\nOriginalFileName: PowerShell.EXE\r\nCommandLine: \"C:\\Windows\\System32\\WindowsPowerShell\\v1.0\\powershell.exe\" -ExecutionPolicy Bypass -enc SGVsbG8=\r\nCurrentDirectory: C:\\Windows\\system32\\\r\nUser: DESKTOP-G0LLA16\\leo\r\nLogonGuid: {32e96954-3bde-6a04-fd7c-0d0000000000}\r\nLogonId: 0xD7CFD\r\nTerminalSessionId: 1\r\nIntegrityLevel: High\r\nHashes: SHA256=9785001B0DCF755EDDB8AF294A373C0B87B2498660F724E76C4D53F9C217C7A3\r\nParentProcessGuid: {32e96954-5663-6a04-6602-000000000a00}\r\nParentProcessId: 7072\r\nParentImage: C:\\Windows\\System32\\WindowsPowerShell\\v1.0\\powershell.exe\r\nParentCommandLine: \"C:\\Windows\\System32\\WindowsPowerShell\\v1.0\\powershell.exe\" \r\nParentUser: DESKTOP-G0LLA16\\leo\""
                        },
                        "eventdata": {
                            "utcTime": "2026-05-15 08:43:43.102",
                            "processGuid": "{32e96954-dcbf-6a06-7e03-000000000a00}",
                            "processId": "8884",
                            "image": "C:\\\\Windows\\\\System32\\\\WindowsPowerShell\\\\v1.0\\\\powershell.exe",
                            "fileVersion": "10.0.19041.3996 (WinBuild.160101.0800)",
                            "description": "Windows PowerShell",
                            "product": "Microsoft\u00ae Windows\u00ae Operating System",
                            "company": "Microsoft Corporation",
                            "originalFileName": "PowerShell.EXE",
                            "commandLine": "\\\"C:\\\\Windows\\\\System32\\\\WindowsPowerShell\\\\v1.0\\\\powershell.exe\\\" -ExecutionPolicy Bypass -enc SGVsbG8=",
                            "currentDirectory": "C:\\\\Windows\\\\system32\\\\",
                            "user": "DESKTOP-G0LLA16\\\\leo",
                            "logonGuid": "{32e96954-3bde-6a04-fd7c-0d0000000000}",
                            "logonId": "0xd7cfd",
                            "terminalSessionId": "1",
                            "integrityLevel": "High",
                            "hashes": "SHA256=9785001B0DCF755EDDB8AF294A373C0B87B2498660F724E76C4D53F9C217C7A3",
                            "parentProcessGuid": "{32e96954-5663-6a04-6602-000000000a00}",
                            "parentProcessId": "7072",
                            "parentImage": "C:\\\\Windows\\\\System32\\\\WindowsPowerShell\\\\v1.0\\\\powershell.exe",
                            "parentCommandLine": "\\\"C:\\\\Windows\\\\System32\\\\WindowsPowerShell\\\\v1.0\\\\powershell.exe\\\"",
                            "parentUser": "DESKTOP-G0LLA16\\\\leo"
                        }
                    }
                },
                "location": "EventChannel"
            }
        }
    },
    {
        "alert_id": "CSA-00024",
        "time": "2026-05-15T18:29:26.524+0800",
        "host": "windows10",
        "user": "unknown",
        "source_ip": "unknown",
        "destination_ip": "unknown",
        "event_id": "11",
        "rule_id": "92213",
        "rule_description": "Executable file dropped in folder commonly used by malware",
        "process": "C:\\\\Windows\\\\System32\\\\WindowsPowerShell\\\\v1.0\\\\powershell.exe",
        "parent_process": "",
        "command_line": "",
        "pack": "malware_drop",
        "rule_name": "Executable Dropped in Suspicious Location",
        "title": "\ud83e\udda0 Suspicious Executable Dropped",
        "summary": "Executable file created in suspicious location | Host: windows10 | Rule: Executable file dropped in folder commonly used by malware",
        "severity": "HIGH",
        "mitre": [
            "T1105"
        ],
        "kill_chain_phase": "Persistence",
        "recommended_actions": [
            "Identify the process that dropped the file",
            "Check file hash against VirusTotal",
            "Verify if software installation was authorized",
            "Check for follow-up execution of the dropped file"
        ],
        "fp_notes": "Check if software installation was planned \u2014 verify with change management",
        "status": "OPEN",
        "raw": {
            "id": "1778840966.962393",
            "timestamp": "2026-05-15T18:29:26.524+0800",
            "host": "windows10",
            "user": "",
            "event_id": "11",
            "rule_id": "92213",
            "rule_level": 15,
            "rule_description": "Executable file dropped in folder commonly used by malware",
            "source_ip": "",
            "process": "C:\\\\Windows\\\\System32\\\\WindowsPowerShell\\\\v1.0\\\\powershell.exe",
            "parent_process": "",
            "command_line": "",
            "provider": "Microsoft-Windows-Sysmon",
            "raw_json": "{\"timestamp\": \"2026-05-15T18:29:26.524+0800\", \"rule\": {\"level\": 15, \"description\": \"Executable file dropped in folder commonly used by malware\", \"id\": \"92213\", \"mitre\": {\"id\": [\"T1105\"], \"tactic\": [\"Command and Control\"], \"technique\": [\"Ingress Tool Transfer\"]}, \"firedtimes\": 1, \"mail\": true, \"groups\": [\"sysmon\", \"sysmon_eid11_detections\", \"windows\"]}, \"agent\": {\"id\": \"003\", \"name\": \"windows10\", \"ip\": \"192.168.10.120\"}, \"manager\": {\"name\": \"alwin\"}, \"id\": \"1778840966.962393\", \"decoder\": {\"name\": \"windows_eventchannel\"}, \"data\": {\"win\": {\"system\": {\"providerName\": \"Microsoft-Windows-Sysmon\", \"providerGuid\": \"{5770385f-c22a-43e0-bf4c-06f5698ffbd9}\", \"eventID\": \"11\", \"version\": \"2\", \"level\": \"4\", \"task\": \"11\", \"opcode\": \"0\", \"keywords\": \"0x8000000000000000\", \"systemTime\": \"2026-05-15T10:29:25.8723465Z\", \"eventRecordID\": \"13302\", \"processID\": \"2180\", \"threadID\": \"3216\", \"channel\": \"Microsoft-Windows-Sysmon/Operational\", \"computer\": \"DESKTOP-G0LLA16\", \"severityValue\": \"INFORMATION\", \"message\": \"\\\"File created:\\r\\nRuleName: -\\r\\nUtcTime: 2026-05-15 10:29:25.858\\r\\nProcessGuid: {32e96954-f585-6a06-f901-000000000b00}\\r\\nProcessId: 3780\\r\\nImage: C:\\\\Windows\\\\System32\\\\WindowsPowerShell\\\\v1.0\\\\powershell.exe\\r\\nTargetFilename: C:\\\\Users\\\\leo\\\\AppData\\\\Local\\\\Temp\\\\__PSScriptPolicyTest_xflx4j0m.juu.ps1\\r\\nCreationUtcTime: 2026-05-15 10:29:25.858\\r\\nUser: DESKTOP-G0LLA16\\\\leo\\\"\"}, \"eventdata\": {\"utcTime\": \"2026-05-15 10:29:25.858\", \"processGuid\": \"{32e96954-f585-6a06-f901-000000000b00}\", \"processId\": \"3780\", \"image\": \"C:\\\\\\\\Windows\\\\\\\\System32\\\\\\\\WindowsPowerShell\\\\\\\\v1.0\\\\\\\\powershell.exe\", \"targetFilename\": \"C:\\\\\\\\Users\\\\\\\\leo\\\\\\\\AppData\\\\\\\\Local\\\\\\\\Temp\\\\\\\\__PSScriptPolicyTest_xflx4j0m.juu.ps1\", \"creationUtcTime\": \"2026-05-15 10:29:25.858\", \"user\": \"DESKTOP-G0LLA16\\\\\\\\leo\"}}}, \"location\": \"EventChannel\"}",
            "inserted_at": "2026-06-07T19:24:38.921594",
            "raw": {
                "timestamp": "2026-05-15T18:29:26.524+0800",
                "rule": {
                    "level": 15,
                    "description": "Executable file dropped in folder commonly used by malware",
                    "id": "92213",
                    "mitre": {
                        "id": [
                            "T1105"
                        ],
                        "tactic": [
                            "Command and Control"
                        ],
                        "technique": [
                            "Ingress Tool Transfer"
                        ]
                    },
                    "firedtimes": 1,
                    "mail": true,
                    "groups": [
                        "sysmon",
                        "sysmon_eid11_detections",
                        "windows"
                    ]
                },
                "agent": {
                    "id": "003",
                    "name": "windows10",
                    "ip": "192.168.10.120"
                },
                "manager": {
                    "name": "alwin"
                },
                "id": "1778840966.962393",
                "decoder": {
                    "name": "windows_eventchannel"
                },
                "data": {
                    "win": {
                        "system": {
                            "providerName": "Microsoft-Windows-Sysmon",
                            "providerGuid": "{5770385f-c22a-43e0-bf4c-06f5698ffbd9}",
                            "eventID": "11",
                            "version": "2",
                            "level": "4",
                            "task": "11",
                            "opcode": "0",
                            "keywords": "0x8000000000000000",
                            "systemTime": "2026-05-15T10:29:25.8723465Z",
                            "eventRecordID": "13302",
                            "processID": "2180",
                            "threadID": "3216",
                            "channel": "Microsoft-Windows-Sysmon/Operational",
                            "computer": "DESKTOP-G0LLA16",
                            "severityValue": "INFORMATION",
                            "message": "\"File created:\r\nRuleName: -\r\nUtcTime: 2026-05-15 10:29:25.858\r\nProcessGuid: {32e96954-f585-6a06-f901-000000000b00}\r\nProcessId: 3780\r\nImage: C:\\Windows\\System32\\WindowsPowerShell\\v1.0\\powershell.exe\r\nTargetFilename: C:\\Users\\leo\\AppData\\Local\\Temp\\__PSScriptPolicyTest_xflx4j0m.juu.ps1\r\nCreationUtcTime: 2026-05-15 10:29:25.858\r\nUser: DESKTOP-G0LLA16\\leo\""
                        },
                        "eventdata": {
                            "utcTime": "2026-05-15 10:29:25.858",
                            "processGuid": "{32e96954-f585-6a06-f901-000000000b00}",
                            "processId": "3780",
                            "image": "C:\\\\Windows\\\\System32\\\\WindowsPowerShell\\\\v1.0\\\\powershell.exe",
                            "targetFilename": "C:\\\\Users\\\\leo\\\\AppData\\\\Local\\\\Temp\\\\__PSScriptPolicyTest_xflx4j0m.juu.ps1",
                            "creationUtcTime": "2026-05-15 10:29:25.858",
                            "user": "DESKTOP-G0LLA16\\\\leo"
                        }
                    }
                },
                "location": "EventChannel"
            }
        }
    },
    {
        "alert_id": "CSA-00025",
        "time": "2026-05-15T18:33:33.546+0800",
        "host": "windows10",
        "user": "unknown",
        "source_ip": "unknown",
        "destination_ip": "unknown",
        "event_id": "11",
        "rule_id": "92205",
        "rule_description": "Powershell process created an executable file in Windows root folder",
        "process": "C:\\\\Windows\\\\SysWOW64\\\\WindowsPowerShell\\\\v1.0\\\\powershell.exe",
        "parent_process": "",
        "command_line": "",
        "pack": "malware_drop",
        "rule_name": "Executable Dropped in Suspicious Location",
        "title": "\ud83e\udda0 Suspicious Executable Dropped",
        "summary": "Executable file created in suspicious location | Host: windows10 | Rule: Powershell process created an executable file in Windows root folder",
        "severity": "HIGH",
        "mitre": [
            "T1105"
        ],
        "kill_chain_phase": "Persistence",
        "recommended_actions": [
            "Identify the process that dropped the file",
            "Check file hash against VirusTotal",
            "Verify if software installation was authorized",
            "Check for follow-up execution of the dropped file"
        ],
        "fp_notes": "Check if software installation was planned \u2014 verify with change management",
        "status": "OPEN",
        "raw": {
            "id": "1778841213.974000",
            "timestamp": "2026-05-15T18:33:33.546+0800",
            "host": "windows10",
            "user": "",
            "event_id": "11",
            "rule_id": "92205",
            "rule_level": 9,
            "rule_description": "Powershell process created an executable file in Windows root folder",
            "source_ip": "",
            "process": "C:\\\\Windows\\\\SysWOW64\\\\WindowsPowerShell\\\\v1.0\\\\powershell.exe",
            "parent_process": "",
            "command_line": "",
            "provider": "Microsoft-Windows-Sysmon",
            "raw_json": "{\"timestamp\": \"2026-05-15T18:33:33.546+0800\", \"rule\": {\"level\": 9, \"description\": \"Powershell process created an executable file in Windows root folder\", \"id\": \"92205\", \"mitre\": {\"id\": [\"T1105\"], \"tactic\": [\"Command and Control\"], \"technique\": [\"Ingress Tool Transfer\"]}, \"firedtimes\": 1, \"mail\": false, \"groups\": [\"sysmon\", \"sysmon_eid11_detections\", \"windows\"]}, \"agent\": {\"id\": \"003\", \"name\": \"windows10\", \"ip\": \"192.168.10.120\"}, \"manager\": {\"name\": \"alwin\"}, \"id\": \"1778841213.974000\", \"decoder\": {\"name\": \"windows_eventchannel\"}, \"data\": {\"win\": {\"system\": {\"providerName\": \"Microsoft-Windows-Sysmon\", \"providerGuid\": \"{5770385f-c22a-43e0-bf4c-06f5698ffbd9}\", \"eventID\": \"11\", \"version\": \"2\", \"level\": \"4\", \"task\": \"11\", \"opcode\": \"0\", \"keywords\": \"0x8000000000000000\", \"systemTime\": \"2026-05-15T10:33:32.8569810Z\", \"eventRecordID\": \"13329\", \"processID\": \"2180\", \"threadID\": \"3216\", \"channel\": \"Microsoft-Windows-Sysmon/Operational\", \"computer\": \"DESKTOP-G0LLA16\", \"severityValue\": \"INFORMATION\", \"message\": \"\\\"File created:\\r\\nRuleName: -\\r\\nUtcTime: 2026-05-15 10:33:32.842\\r\\nProcessGuid: {32e96954-f67a-6a06-0c02-000000000b00}\\r\\nProcessId: 8020\\r\\nImage: C:\\\\Windows\\\\SysWOW64\\\\WindowsPowerShell\\\\v1.0\\\\powershell.exe\\r\\nTargetFilename: C:\\\\Windows\\\\SystemTemp\\\\__PSScriptPolicyTest_zf5hvx1s.blz.ps1\\r\\nCreationUtcTime: 2026-05-15 10:33:32.842\\r\\nUser: NT AUTHORITY\\\\SYSTEM\\\"\"}, \"eventdata\": {\"utcTime\": \"2026-05-15 10:33:32.842\", \"processGuid\": \"{32e96954-f67a-6a06-0c02-000000000b00}\", \"processId\": \"8020\", \"image\": \"C:\\\\\\\\Windows\\\\\\\\SysWOW64\\\\\\\\WindowsPowerShell\\\\\\\\v1.0\\\\\\\\powershell.exe\", \"targetFilename\": \"C:\\\\\\\\Windows\\\\\\\\SystemTemp\\\\\\\\__PSScriptPolicyTest_zf5hvx1s.blz.ps1\", \"creationUtcTime\": \"2026-05-15 10:33:32.842\", \"user\": \"NT AUTHORITY\\\\\\\\SYSTEM\"}}}, \"location\": \"EventChannel\"}",
            "inserted_at": "2026-06-07T19:24:38.921594",
            "raw": {
                "timestamp": "2026-05-15T18:33:33.546+0800",
                "rule": {
                    "level": 9,
                    "description": "Powershell process created an executable file in Windows root folder",
                    "id": "92205",
                    "mitre": {
                        "id": [
                            "T1105"
                        ],
                        "tactic": [
                            "Command and Control"
                        ],
                        "technique": [
                            "Ingress Tool Transfer"
                        ]
                    },
                    "firedtimes": 1,
                    "mail": false,
                    "groups": [
                        "sysmon",
                        "sysmon_eid11_detections",
                        "windows"
                    ]
                },
                "agent": {
                    "id": "003",
                    "name": "windows10",
                    "ip": "192.168.10.120"
                },
                "manager": {
                    "name": "alwin"
                },
                "id": "1778841213.974000",
                "decoder": {
                    "name": "windows_eventchannel"
                },
                "data": {
                    "win": {
                        "system": {
                            "providerName": "Microsoft-Windows-Sysmon",
                            "providerGuid": "{5770385f-c22a-43e0-bf4c-06f5698ffbd9}",
                            "eventID": "11",
                            "version": "2",
                            "level": "4",
                            "task": "11",
                            "opcode": "0",
                            "keywords": "0x8000000000000000",
                            "systemTime": "2026-05-15T10:33:32.8569810Z",
                            "eventRecordID": "13329",
                            "processID": "2180",
                            "threadID": "3216",
                            "channel": "Microsoft-Windows-Sysmon/Operational",
                            "computer": "DESKTOP-G0LLA16",
                            "severityValue": "INFORMATION",
                            "message": "\"File created:\r\nRuleName: -\r\nUtcTime: 2026-05-15 10:33:32.842\r\nProcessGuid: {32e96954-f67a-6a06-0c02-000000000b00}\r\nProcessId: 8020\r\nImage: C:\\Windows\\SysWOW64\\WindowsPowerShell\\v1.0\\powershell.exe\r\nTargetFilename: C:\\Windows\\SystemTemp\\__PSScriptPolicyTest_zf5hvx1s.blz.ps1\r\nCreationUtcTime: 2026-05-15 10:33:32.842\r\nUser: NT AUTHORITY\\SYSTEM\""
                        },
                        "eventdata": {
                            "utcTime": "2026-05-15 10:33:32.842",
                            "processGuid": "{32e96954-f67a-6a06-0c02-000000000b00}",
                            "processId": "8020",
                            "image": "C:\\\\Windows\\\\SysWOW64\\\\WindowsPowerShell\\\\v1.0\\\\powershell.exe",
                            "targetFilename": "C:\\\\Windows\\\\SystemTemp\\\\__PSScriptPolicyTest_zf5hvx1s.blz.ps1",
                            "creationUtcTime": "2026-05-15 10:33:32.842",
                            "user": "NT AUTHORITY\\\\SYSTEM"
                        }
                    }
                },
                "location": "EventChannel"
            }
        }
    },
    {
        "alert_id": "CSA-00026",
        "time": "2026-05-19T13:47:04.271+0800",
        "host": "windows10",
        "user": "leo",
        "source_ip": "127.0.0.1",
        "destination_ip": "unknown",
        "event_id": "4625",
        "rule_id": "60122",
        "rule_description": "Logon Failure - Unknown user or bad password",
        "process": "C:\\\\Windows\\\\System32\\\\svchost.exe",
        "parent_process": "",
        "command_line": "",
        "pack": "authentication_failure",
        "rule_name": "Repeated Authentication Failures",
        "title": "Authentication Failure Spike",
        "summary": "3 failed logins in 5 min | User: leo | Host: windows10",
        "severity": "MEDIUM",
        "mitre": [
            "T1110"
        ],
        "kill_chain_phase": "Initial Access",
        "recommended_actions": [
            "Verify if the user mistyped password",
            "Check source IP and logon type",
            "Monitor for successful login after failures"
        ],
        "fp_notes": "3-9 failures may be user error. Do not call it brute force unless volume increases.",
        "status": "OPEN",
        "raw": {
            "id": "1779169624.33295",
            "timestamp": "2026-05-19T13:47:04.271+0800",
            "host": "windows10",
            "user": "leo",
            "event_id": "4625",
            "rule_id": "60122",
            "rule_level": 5,
            "rule_description": "Logon Failure - Unknown user or bad password",
            "source_ip": "127.0.0.1",
            "process": "C:\\\\Windows\\\\System32\\\\svchost.exe",
            "parent_process": "",
            "command_line": "",
            "provider": "Microsoft-Windows-Security-Auditing",
            "raw_json": "{\"timestamp\": \"2026-05-19T13:47:04.271+0800\", \"rule\": {\"level\": 5, \"description\": \"Logon Failure - Unknown user or bad password\", \"id\": \"60122\", \"mitre\": {\"id\": [\"T1531\"], \"tactic\": [\"Impact\"], \"technique\": [\"Account Access Removal\"]}, \"firedtimes\": 3, \"mail\": false, \"groups\": [\"windows\", \"windows_security\", \"authentication_failed\"], \"pci_dss\": [\"10.2.4\", \"10.2.5\"], \"gpg13\": [\"7.1\"], \"gdpr\": [\"IV_35.7.d\", \"IV_32.2\"], \"hipaa\": [\"164.312.b\"], \"nist_800_53\": [\"AU.14\", \"AC.7\"], \"tsc\": [\"CC6.1\", \"CC6.8\", \"CC7.2\", \"CC7.3\"]}, \"agent\": {\"id\": \"003\", \"name\": \"windows10\", \"ip\": \"192.168.10.120\"}, \"manager\": {\"name\": \"alwin\"}, \"id\": \"1779169624.33295\", \"decoder\": {\"name\": \"windows_eventchannel\"}, \"data\": {\"win\": {\"system\": {\"providerName\": \"Microsoft-Windows-Security-Auditing\", \"providerGuid\": \"{54849625-5478-4994-a5ba-3e3b0328c30d}\", \"eventID\": \"4625\", \"version\": \"0\", \"level\": \"0\", \"task\": \"12544\", \"opcode\": \"0\", \"keywords\": \"0x8010000000000000\", \"systemTime\": \"2026-05-19T05:47:03.8287704Z\", \"eventRecordID\": \"21886\", \"processID\": \"708\", \"threadID\": \"752\", \"channel\": \"Security\", \"computer\": \"DESKTOP-G0LLA16\", \"severityValue\": \"AUDIT_FAILURE\", \"message\": \"\\\"An account failed to log on.\\r\\n\\r\\nSubject:\\r\\n\\tSecurity ID:\\t\\tS-1-5-18\\r\\n\\tAccount Name:\\t\\tDESKTOP-G0LLA16$\\r\\n\\tAccount Domain:\\t\\tWORKGROUP\\r\\n\\tLogon ID:\\t\\t0x3E7\\r\\n\\r\\nLogon Type:\\t\\t\\t2\\r\\n\\r\\nAccount For Which Logon Failed:\\r\\n\\tSecurity ID:\\t\\tS-1-0-0\\r\\n\\tAccount Name:\\t\\tleo\\r\\n\\tAccount Domain:\\t\\tDESKTOP-G0LLA16\\r\\n\\r\\nFailure Information:\\r\\n\\tFailure Reason:\\t\\tUnknown user name or bad password.\\r\\n\\tStatus:\\t\\t\\t0xC000006D\\r\\n\\tSub Status:\\t\\t0xC000006A\\r\\n\\r\\nProcess Information:\\r\\n\\tCaller Process ID:\\t0x1c4\\r\\n\\tCaller Process Name:\\tC:\\\\Windows\\\\System32\\\\svchost.exe\\r\\n\\r\\nNetwork Information:\\r\\n\\tWorkstation Name:\\tDESKTOP-G0LLA16\\r\\n\\tSource Network Address:\\t127.0.0.1\\r\\n\\tSource Port:\\t\\t0\\r\\n\\r\\nDetailed Authentication Information:\\r\\n\\tLogon Process:\\t\\tUser32 \\r\\n\\tAuthentication Package:\\tNegotiate\\r\\n\\tTransited Services:\\t-\\r\\n\\tPackage Name (NTLM only):\\t-\\r\\n\\tKey Length:\\t\\t0\\r\\n\\r\\nThis event is generated when a logon request fails. It is generated on the computer where access was attempted.\\r\\n\\r\\nThe Subject fields indicate the account on the local system which requested the logon. This is most commonly a service such as the Server service, or a local process such as Winlogon.exe or Services.exe.\\r\\n\\r\\nThe Logon Type field indicates the kind of logon that was requested. The most common types are 2 (interactive) and 3 (network).\\r\\n\\r\\nThe Process Information fields indicate which account and process on the system requested the logon.\\r\\n\\r\\nThe Network Information fields indicate where a remote logon request originated. Workstation name is not always available and may be left blank in some cases.\\r\\n\\r\\nThe authentication information fields provide detailed information about this specific logon request.\\r\\n\\t- Transited services indicate which intermediate services have participated in this logon request.\\r\\n\\t- Package name indicates which sub-protocol was used among the NTLM protocols.\\r\\n\\t- Key length indicates the length of the generated session key. This will be 0 if no session key was requested.\\\"\"}, \"eventdata\": {\"subjectUserSid\": \"S-1-5-18\", \"subjectUserName\": \"DESKTOP-G0LLA16$\", \"subjectDomainName\": \"WORKGROUP\", \"subjectLogonId\": \"0x3e7\", \"targetUserSid\": \"S-1-0-0\", \"targetUserName\": \"leo\", \"targetDomainName\": \"DESKTOP-G0LLA16\", \"status\": \"0xc000006d\", \"failureReason\": \"%%2313\", \"subStatus\": \"0xc000006a\", \"logonType\": \"2\", \"logonProcessName\": \"User32\", \"authenticationPackageName\": \"Negotiate\", \"workstationName\": \"DESKTOP-G0LLA16\", \"keyLength\": \"0\", \"processId\": \"0x1c4\", \"processName\": \"C:\\\\\\\\Windows\\\\\\\\System32\\\\\\\\svchost.exe\", \"ipAddress\": \"127.0.0.1\", \"ipPort\": \"0\"}}}, \"location\": \"EventChannel\"}",
            "inserted_at": "2026-06-07T19:24:38.921594",
            "raw": {
                "timestamp": "2026-05-19T13:47:04.271+0800",
                "rule": {
                    "level": 5,
                    "description": "Logon Failure - Unknown user or bad password",
                    "id": "60122",
                    "mitre": {
                        "id": [
                            "T1531"
                        ],
                        "tactic": [
                            "Impact"
                        ],
                        "technique": [
                            "Account Access Removal"
                        ]
                    },
                    "firedtimes": 3,
                    "mail": false,
                    "groups": [
                        "windows",
                        "windows_security",
                        "authentication_failed"
                    ],
                    "pci_dss": [
                        "10.2.4",
                        "10.2.5"
                    ],
                    "gpg13": [
                        "7.1"
                    ],
                    "gdpr": [
                        "IV_35.7.d",
                        "IV_32.2"
                    ],
                    "hipaa": [
                        "164.312.b"
                    ],
                    "nist_800_53": [
                        "AU.14",
                        "AC.7"
                    ],
                    "tsc": [
                        "CC6.1",
                        "CC6.8",
                        "CC7.2",
                        "CC7.3"
                    ]
                },
                "agent": {
                    "id": "003",
                    "name": "windows10",
                    "ip": "192.168.10.120"
                },
                "manager": {
                    "name": "alwin"
                },
                "id": "1779169624.33295",
                "decoder": {
                    "name": "windows_eventchannel"
                },
                "data": {
                    "win": {
                        "system": {
                            "providerName": "Microsoft-Windows-Security-Auditing",
                            "providerGuid": "{54849625-5478-4994-a5ba-3e3b0328c30d}",
                            "eventID": "4625",
                            "version": "0",
                            "level": "0",
                            "task": "12544",
                            "opcode": "0",
                            "keywords": "0x8010000000000000",
                            "systemTime": "2026-05-19T05:47:03.8287704Z",
                            "eventRecordID": "21886",
                            "processID": "708",
                            "threadID": "752",
                            "channel": "Security",
                            "computer": "DESKTOP-G0LLA16",
                            "severityValue": "AUDIT_FAILURE",
                            "message": "\"An account failed to log on.\r\n\r\nSubject:\r\n\tSecurity ID:\t\tS-1-5-18\r\n\tAccount Name:\t\tDESKTOP-G0LLA16$\r\n\tAccount Domain:\t\tWORKGROUP\r\n\tLogon ID:\t\t0x3E7\r\n\r\nLogon Type:\t\t\t2\r\n\r\nAccount For Which Logon Failed:\r\n\tSecurity ID:\t\tS-1-0-0\r\n\tAccount Name:\t\tleo\r\n\tAccount Domain:\t\tDESKTOP-G0LLA16\r\n\r\nFailure Information:\r\n\tFailure Reason:\t\tUnknown user name or bad password.\r\n\tStatus:\t\t\t0xC000006D\r\n\tSub Status:\t\t0xC000006A\r\n\r\nProcess Information:\r\n\tCaller Process ID:\t0x1c4\r\n\tCaller Process Name:\tC:\\Windows\\System32\\svchost.exe\r\n\r\nNetwork Information:\r\n\tWorkstation Name:\tDESKTOP-G0LLA16\r\n\tSource Network Address:\t127.0.0.1\r\n\tSource Port:\t\t0\r\n\r\nDetailed Authentication Information:\r\n\tLogon Process:\t\tUser32 \r\n\tAuthentication Package:\tNegotiate\r\n\tTransited Services:\t-\r\n\tPackage Name (NTLM only):\t-\r\n\tKey Length:\t\t0\r\n\r\nThis event is generated when a logon request fails. It is generated on the computer where access was attempted.\r\n\r\nThe Subject fields indicate the account on the local system which requested the logon. This is most commonly a service such as the Server service, or a local process such as Winlogon.exe or Services.exe.\r\n\r\nThe Logon Type field indicates the kind of logon that was requested. The most common types are 2 (interactive) and 3 (network).\r\n\r\nThe Process Information fields indicate which account and process on the system requested the logon.\r\n\r\nThe Network Information fields indicate where a remote logon request originated. Workstation name is not always available and may be left blank in some cases.\r\n\r\nThe authentication information fields provide detailed information about this specific logon request.\r\n\t- Transited services indicate which intermediate services have participated in this logon request.\r\n\t- Package name indicates which sub-protocol was used among the NTLM protocols.\r\n\t- Key length indicates the length of the generated session key. This will be 0 if no session key was requested.\""
                        },
                        "eventdata": {
                            "subjectUserSid": "S-1-5-18",
                            "subjectUserName": "DESKTOP-G0LLA16$",
                            "subjectDomainName": "WORKGROUP",
                            "subjectLogonId": "0x3e7",
                            "targetUserSid": "S-1-0-0",
                            "targetUserName": "leo",
                            "targetDomainName": "DESKTOP-G0LLA16",
                            "status": "0xc000006d",
                            "failureReason": "%%2313",
                            "subStatus": "0xc000006a",
                            "logonType": "2",
                            "logonProcessName": "User32",
                            "authenticationPackageName": "Negotiate",
                            "workstationName": "DESKTOP-G0LLA16",
                            "keyLength": "0",
                            "processId": "0x1c4",
                            "processName": "C:\\\\Windows\\\\System32\\\\svchost.exe",
                            "ipAddress": "127.0.0.1",
                            "ipPort": "0"
                        }
                    }
                },
                "location": "EventChannel"
            }
        }
    },
    {
        "alert_id": "CSA-00027",
        "time": "2026-05-19T13:49:00.901+0800",
        "host": "windows10",
        "user": "unknown",
        "source_ip": "unknown",
        "destination_ip": "unknown",
        "event_id": "11",
        "rule_id": "92217",
        "rule_description": "Executable dropped in Windows root folder",
        "process": "C:\\\\Windows\\\\system32\\\\svchost.exe",
        "parent_process": "",
        "command_line": "",
        "pack": "malware_drop",
        "rule_name": "Executable Dropped in Suspicious Location",
        "title": "\ud83e\udda0 Suspicious Executable Dropped",
        "summary": "Executable file created in suspicious location | Host: windows10 | Rule: Executable dropped in Windows root folder",
        "severity": "HIGH",
        "mitre": [
            "T1105"
        ],
        "kill_chain_phase": "Persistence",
        "recommended_actions": [
            "Identify the process that dropped the file",
            "Check file hash against VirusTotal",
            "Verify if software installation was authorized",
            "Check for follow-up execution of the dropped file"
        ],
        "fp_notes": "Check if software installation was planned \u2014 verify with change management",
        "status": "OPEN",
        "raw": {
            "id": "1779169740.292391",
            "timestamp": "2026-05-19T13:49:00.901+0800",
            "host": "windows10",
            "user": "",
            "event_id": "11",
            "rule_id": "92217",
            "rule_level": 6,
            "rule_description": "Executable dropped in Windows root folder",
            "source_ip": "",
            "process": "C:\\\\Windows\\\\system32\\\\svchost.exe",
            "parent_process": "",
            "command_line": "",
            "provider": "Microsoft-Windows-Sysmon",
            "raw_json": "{\"timestamp\": \"2026-05-19T13:49:00.901+0800\", \"rule\": {\"level\": 6, \"description\": \"Executable dropped in Windows root folder\", \"id\": \"92217\", \"mitre\": {\"id\": [\"T1570\"], \"tactic\": [\"Lateral Movement\"], \"technique\": [\"Lateral Tool Transfer\"]}, \"firedtimes\": 1, \"mail\": false, \"groups\": [\"sysmon\", \"sysmon_eid11_detections\", \"windows\"]}, \"agent\": {\"id\": \"003\", \"name\": \"windows10\", \"ip\": \"192.168.10.120\"}, \"manager\": {\"name\": \"alwin\"}, \"id\": \"1779169740.292391\", \"decoder\": {\"name\": \"windows_eventchannel\"}, \"data\": {\"win\": {\"system\": {\"providerName\": \"Microsoft-Windows-Sysmon\", \"providerGuid\": \"{5770385f-c22a-43e0-bf4c-06f5698ffbd9}\", \"eventID\": \"11\", \"version\": \"2\", \"level\": \"4\", \"task\": \"11\", \"opcode\": \"0\", \"keywords\": \"0x8000000000000000\", \"systemTime\": \"2026-05-19T05:49:00.6570331Z\", \"eventRecordID\": \"15432\", \"processID\": \"2380\", \"threadID\": \"4324\", \"channel\": \"Microsoft-Windows-Sysmon/Operational\", \"computer\": \"DESKTOP-G0LLA16\", \"severityValue\": \"INFORMATION\", \"message\": \"\\\"File created:\\r\\nRuleName: EXE\\r\\nUtcTime: 2026-05-19 05:49:00.652\\r\\nProcessGuid: {32e96954-f94e-6a0b-1400-000000000c00}\\r\\nProcessId: 452\\r\\nImage: C:\\\\Windows\\\\system32\\\\svchost.exe\\r\\nTargetFilename: C:\\\\Windows\\\\SoftwareDistribution\\\\Download\\\\Install\\\\AM_Delta.exe\\r\\nCreationUtcTime: 2026-05-19 05:49:00.652\\r\\nUser: NT AUTHORITY\\\\SYSTEM\\\"\"}, \"eventdata\": {\"ruleName\": \"EXE\", \"utcTime\": \"2026-05-19 05:49:00.652\", \"processGuid\": \"{32e96954-f94e-6a0b-1400-000000000c00}\", \"processId\": \"452\", \"image\": \"C:\\\\\\\\Windows\\\\\\\\system32\\\\\\\\svchost.exe\", \"targetFilename\": \"C:\\\\\\\\Windows\\\\\\\\SoftwareDistribution\\\\\\\\Download\\\\\\\\Install\\\\\\\\AM_Delta.exe\", \"creationUtcTime\": \"2026-05-19 05:49:00.652\", \"user\": \"NT AUTHORITY\\\\\\\\SYSTEM\"}}}, \"location\": \"EventChannel\"}",
            "inserted_at": "2026-06-07T19:24:38.921594",
            "raw": {
                "timestamp": "2026-05-19T13:49:00.901+0800",
                "rule": {
                    "level": 6,
                    "description": "Executable dropped in Windows root folder",
                    "id": "92217",
                    "mitre": {
                        "id": [
                            "T1570"
                        ],
                        "tactic": [
                            "Lateral Movement"
                        ],
                        "technique": [
                            "Lateral Tool Transfer"
                        ]
                    },
                    "firedtimes": 1,
                    "mail": false,
                    "groups": [
                        "sysmon",
                        "sysmon_eid11_detections",
                        "windows"
                    ]
                },
                "agent": {
                    "id": "003",
                    "name": "windows10",
                    "ip": "192.168.10.120"
                },
                "manager": {
                    "name": "alwin"
                },
                "id": "1779169740.292391",
                "decoder": {
                    "name": "windows_eventchannel"
                },
                "data": {
                    "win": {
                        "system": {
                            "providerName": "Microsoft-Windows-Sysmon",
                            "providerGuid": "{5770385f-c22a-43e0-bf4c-06f5698ffbd9}",
                            "eventID": "11",
                            "version": "2",
                            "level": "4",
                            "task": "11",
                            "opcode": "0",
                            "keywords": "0x8000000000000000",
                            "systemTime": "2026-05-19T05:49:00.6570331Z",
                            "eventRecordID": "15432",
                            "processID": "2380",
                            "threadID": "4324",
                            "channel": "Microsoft-Windows-Sysmon/Operational",
                            "computer": "DESKTOP-G0LLA16",
                            "severityValue": "INFORMATION",
                            "message": "\"File created:\r\nRuleName: EXE\r\nUtcTime: 2026-05-19 05:49:00.652\r\nProcessGuid: {32e96954-f94e-6a0b-1400-000000000c00}\r\nProcessId: 452\r\nImage: C:\\Windows\\system32\\svchost.exe\r\nTargetFilename: C:\\Windows\\SoftwareDistribution\\Download\\Install\\AM_Delta.exe\r\nCreationUtcTime: 2026-05-19 05:49:00.652\r\nUser: NT AUTHORITY\\SYSTEM\""
                        },
                        "eventdata": {
                            "ruleName": "EXE",
                            "utcTime": "2026-05-19 05:49:00.652",
                            "processGuid": "{32e96954-f94e-6a0b-1400-000000000c00}",
                            "processId": "452",
                            "image": "C:\\\\Windows\\\\system32\\\\svchost.exe",
                            "targetFilename": "C:\\\\Windows\\\\SoftwareDistribution\\\\Download\\\\Install\\\\AM_Delta.exe",
                            "creationUtcTime": "2026-05-19 05:49:00.652",
                            "user": "NT AUTHORITY\\\\SYSTEM"
                        }
                    }
                },
                "location": "EventChannel"
            }
        }
    },
