[
    {
        "investigation_id": "INV-00001",
        "alert": {
            "alert_id": "CSA-00001",
            "time": "2026-05-04T14:02:59.924+0800",
            "host": "windows10",
            "user": "leo",
            "source_ip": "127.0.0.1",
            "destination_ip": "unknown",
            "event_id": "4624",
            "process": "C:\\\\Windows\\\\System32\\\\svchost.exe",
            "parent_process": "",
            "command_line": "",
            "pack": "successful_login",
            "rule_name": "Successful Login",
            "title": "\u2705 Successful Windows Login",
            "summary": "User leo successfully logged in on host windows10",
            "severity": "INFO",
            "mitre": [
                "T1078"
            ],
            "recommended_actions": [
                "Check whether failed logins happened before this login",
                "Verify source IP and logon type",
                "Check for privilege escalation or PowerShell after login"
            ],
            "status": "OPEN",
            "raw": {
                "id": "1777874579.2516804",
                "source_file": "/var/ossec/logs/alerts/2026/May/ossec-alerts-04.json",
                "timestamp": "2026-05-04T14:02:59.924+0800",
                "agent_name": "windows10",
                "host": "windows10",
                "agent_id": "003",
                "manager_name": "alwin",
                "rule_id": "60118",
                "rule_level": 3,
                "rule_description": "Windows Workstation Logon Success",
                "groups": [
                    "windows",
                    "windows_security",
                    "authentication_success"
                ],
                "location": "EventChannel",
                "event_id": "4624",
                "provider": "Microsoft-Windows-Security-Auditing",
                "computer": "DESKTOP-G0LLA16",
                "user": "leo",
                "source_ip": "127.0.0.1",
                "destination_ip": "",
                "process": "C:\\\\Windows\\\\System32\\\\svchost.exe",
                "parent_process": "",
                "command_line": "",
                "logon_type": "2",
                "logon_id": "0x33f1a9",
                "full_log": "",
                "raw": {
                    "timestamp": "2026-05-04T14:02:59.924+0800",
                    "rule": {
                        "level": 3,
                        "description": "Windows Workstation Logon Success",
                        "id": "60118",
                        "mitre": {
                            "id": [
                                "T1078"
                            ],
                            "tactic": [
                                "Defense Evasion",
                                "Persistence",
                                "Privilege Escalation",
                                "Initial Access"
                            ],
                            "technique": [
                                "Valid Accounts"
                            ]
                        },
                        "firedtimes": 1,
                        "mail": false,
                        "groups": [
                            "windows",
                            "windows_security",
                            "authentication_success"
                        ],
                        "pci_dss": [
                            "10.2.5"
                        ],
                        "gpg13": [
                            "7.1",
                            "7.2"
                        ],
                        "gdpr": [
                            "IV_32.2"
                        ],
                        "hipaa": [
                            "164.312.b"
                        ],
                        "nist_800_53": [
                            "AU.14",
                            "AC.9"
                        ],
                        "tsc": [
                            "CC6.8",
                            "CC7.2",
                            "CC7.3"
                        ]
                    },
                    "agent": {
                        "id": "003",
                        "name": "windows10",
                        "ip": "192.168.10.120"
                    },
                    "manager": {
                        "name": "alwin"
                    },
                    "id": "1777874579.2516804",
                    "decoder": {
                        "name": "windows_eventchannel"
                    },
                    "data": {
                        "win": {
                            "system": {
                                "providerName": "Microsoft-Windows-Security-Auditing",
                                "providerGuid": "{54849625-5478-4994-a5ba-3e3b0328c30d}",
                                "eventID": "4624",
                                "version": "2",
                                "level": "0",
                                "task": "12544",
                                "opcode": "0",
                                "keywords": "0x8020000000000000",
                                "systemTime": "2026-05-04T06:02:58.6341822Z",
                                "eventRecordID": "19162",
                                "processID": "668",
                                "threadID": "792",
                                "channel": "Security",
                                "computer": "DESKTOP-G0LLA16",
                                "severityValue": "AUDIT_SUCCESS",
                                "message": "\"An account was successfully logged on.\r\n\r\nSubject:\r\n\tSecurity ID:\t\tS-1-5-18\r\n\tAccount Name:\t\tDESKTOP-G0LLA16$\r\n\tAccount Domain:\t\tWORKGROUP\r\n\tLogon ID:\t\t0x3E7\r\n\r\nLogon Information:\r\n\tLogon Type:\t\t2\r\n\tRestricted Admin Mode:\t-\r\n\tVirtual Account:\t\tNo\r\n\tElevated Token:\t\tYes\r\n\r\nImpersonation Level:\t\tImpersonation\r\n\r\nNew Logon:\r\n\tSecurity ID:\t\tS-1-5-21-4138275471-3107049867-993298588-1001\r\n\tAccount Name:\t\tleo\r\n\tAccount Domain:\t\tDESKTOP-G0LLA16\r\n\tLogon ID:\t\t0x33F1A9\r\n\tLinked Logon ID:\t\t0x33F1D8\r\n\tNetwork Account Name:\t-\r\n\tNetwork Account Domain:\t-\r\n\tLogon GUID:\t\t{00000000-0000-0000-0000-000000000000}\r\n\r\nProcess Information:\r\n\tProcess ID:\t\t0x178\r\n\tProcess Name:\t\tC:\\Windows\\System32\\svchost.exe\r\n\r\nNetwork Information:\r\n\tWorkstation Name:\tDESKTOP-G0LLA16\r\n\tSource Network Address:\t127.0.0.1\r\n\tSource Port:\t\t0\r\n\r\nDetailed Authentication Information:\r\n\tLogon Process:\t\tUser32 \r\n\tAuthentication Package:\tNegotiate\r\n\tTransited Services:\t-\r\n\tPackage Name (NTLM only):\t-\r\n\tKey Length:\t\t0\r\n\r\nThis event is generated when a logon session is created. It is generated on the computer that was accessed.\r\n\r\nThe subject fields indicate the account on the local system which requested the logon. This is most commonly a service such as the Server service, or a local process such as Winlogon.exe or Services.exe.\r\n\r\nThe logon type field indicates the kind of logon that occurred. The most common types are 2 (interactive) and 3 (network).\r\n\r\nThe New Logon fields indicate the account for whom the new logon was created, i.e. the account that was logged on.\r\n\r\nThe network fields indicate where a remote logon request originated. Workstation name is not always available and may be left blank in some cases.\r\n\r\nThe impersonation level field indicates the extent to which a process in the logon session can impersonate.\r\n\r\nThe authentication information fields provide detailed information about this specific logon request.\r\n\t- Logon GUID is a unique identifier that can be used to correlate this event with a KDC event.\r\n\t- Transited services indicate which intermediate services have participated in this logon request.\r\n\t- Package name indicates which sub-protocol was used among the NTLM protocols.\r\n\t- Key length indicates the length of the generated session key. This will be 0 if no session key was requested.\""
                            },
                            "eventdata": {
                                "subjectUserSid": "S-1-5-18",
                                "subjectUserName": "DESKTOP-G0LLA16$",
                                "subjectDomainName": "WORKGROUP",
                                "subjectLogonId": "0x3e7",
                                "targetUserSid": "S-1-5-21-4138275471-3107049867-993298588-1001",
                                "targetUserName": "leo",
                                "targetDomainName": "DESKTOP-G0LLA16",
                                "targetLogonId": "0x33f1a9",
                                "logonType": "2",
                                "logonProcessName": "User32",
                                "authenticationPackageName": "Negotiate",
                                "workstationName": "DESKTOP-G0LLA16",
                                "logonGuid": "{00000000-0000-0000-0000-000000000000}",
                                "keyLength": "0",
                                "processId": "0x178",
                                "processName": "C:\\\\Windows\\\\System32\\\\svchost.exe",
                                "ipAddress": "127.0.0.1",
                                "ipPort": "0",
                                "impersonationLevel": "%%1833",
                                "virtualAccount": "%%1843",
                                "targetLinkedLogonId": "0x33f1d8",
                                "elevatedToken": "%%1842"
                            }
                        }
                    },
                    "location": "EventChannel"
                }
            }
        },
        "related_chain": null,
        "validation_status": {
            "raw_alert_fields": "FOUND",
            "same_user_activity": "NOT FOUND",
            "same_source_ip_activity": "NOT FOUND",
            "same_host_activity": "NOT FOUND",
            "network_evidence": "PENDING",
            "suricata_evidence": "PENDING",
            "zeek_evidence": "PENDING",
            "firewall_evidence": "PENDING",
            "pcap_evidence": "PENDING"
        },
        "analyst_verdict": "PENDING",
        "confidence": "LOW",
        "recommended_decision": "MONITOR",
        "recommended_actions": [
            "Check whether failed logins happened before this login",
            "Verify source IP and logon type",
            "Check for privilege escalation or PowerShell after login"
        ]
    },
    {
        "investigation_id": "INV-00002",
        "alert": {
            "alert_id": "CSA-00002",
            "time": "2026-05-04T14:02:59.996+0800",
            "host": "windows10",
            "user": "leo",
            "source_ip": "127.0.0.1",
            "destination_ip": "unknown",
            "event_id": "4624",
            "process": "C:\\\\Windows\\\\System32\\\\svchost.exe",
            "parent_process": "",
            "command_line": "",
            "pack": "successful_login",
            "rule_name": "Successful Login",
            "title": "\u2705 Successful Windows Login",
            "summary": "User leo successfully logged in on host windows10",
            "severity": "INFO",
            "mitre": [
                "T1078"
            ],
            "recommended_actions": [
                "Check whether failed logins happened before this login",
                "Verify source IP and logon type",
                "Check for privilege escalation or PowerShell after login"
            ],
            "status": "OPEN",
            "raw": {
                "id": "1777874579.2524528",
                "source_file": "/var/ossec/logs/alerts/2026/May/ossec-alerts-04.json",
                "timestamp": "2026-05-04T14:02:59.996+0800",
                "agent_name": "windows10",
                "host": "windows10",
                "agent_id": "003",
                "manager_name": "alwin",
                "rule_id": "60118",
                "rule_level": 3,
                "rule_description": "Windows Workstation Logon Success",
                "groups": [
                    "windows",
                    "windows_security",
                    "authentication_success"
                ],
                "location": "EventChannel",
                "event_id": "4624",
                "provider": "Microsoft-Windows-Security-Auditing",
                "computer": "DESKTOP-G0LLA16",
                "user": "leo",
                "source_ip": "127.0.0.1",
                "destination_ip": "",
                "process": "C:\\\\Windows\\\\System32\\\\svchost.exe",
                "parent_process": "",
                "command_line": "",
                "logon_type": "2",
                "logon_id": "0x33f1d8",
                "full_log": "",
                "raw": {
                    "timestamp": "2026-05-04T14:02:59.996+0800",
                    "rule": {
                        "level": 3,
                        "description": "Windows Workstation Logon Success",
                        "id": "60118",
                        "mitre": {
                            "id": [
                                "T1078"
                            ],
                            "tactic": [
                                "Defense Evasion",
                                "Persistence",
                                "Privilege Escalation",
                                "Initial Access"
                            ],
                            "technique": [
                                "Valid Accounts"
                            ]
                        },
                        "firedtimes": 2,
                        "mail": false,
                        "groups": [
                            "windows",
                            "windows_security",
                            "authentication_success"
                        ],
                        "pci_dss": [
                            "10.2.5"
                        ],
                        "gpg13": [
                            "7.1",
                            "7.2"
                        ],
                        "gdpr": [
                            "IV_32.2"
                        ],
                        "hipaa": [
                            "164.312.b"
                        ],
                        "nist_800_53": [
                            "AU.14",
                            "AC.9"
                        ],
                        "tsc": [
                            "CC6.8",
                            "CC7.2",
                            "CC7.3"
                        ]
                    },
                    "agent": {
                        "id": "003",
                        "name": "windows10",
                        "ip": "192.168.10.120"
                    },
                    "manager": {
                        "name": "alwin"
                    },
                    "id": "1777874579.2524528",
                    "decoder": {
                        "name": "windows_eventchannel"
                    },
                    "data": {
                        "win": {
                            "system": {
                                "providerName": "Microsoft-Windows-Security-Auditing",
                                "providerGuid": "{54849625-5478-4994-a5ba-3e3b0328c30d}",
                                "eventID": "4624",
                                "version": "2",
                                "level": "0",
                                "task": "12544",
                                "opcode": "0",
                                "keywords": "0x8020000000000000",
                                "systemTime": "2026-05-04T06:02:58.6342119Z",
                                "eventRecordID": "19163",
                                "processID": "668",
                                "threadID": "792",
                                "channel": "Security",
                                "computer": "DESKTOP-G0LLA16",
                                "severityValue": "AUDIT_SUCCESS",
                                "message": "\"An account was successfully logged on.\r\n\r\nSubject:\r\n\tSecurity ID:\t\tS-1-5-18\r\n\tAccount Name:\t\tDESKTOP-G0LLA16$\r\n\tAccount Domain:\t\tWORKGROUP\r\n\tLogon ID:\t\t0x3E7\r\n\r\nLogon Information:\r\n\tLogon Type:\t\t2\r\n\tRestricted Admin Mode:\t-\r\n\tVirtual Account:\t\tNo\r\n\tElevated Token:\t\tNo\r\n\r\nImpersonation Level:\t\tImpersonation\r\n\r\nNew Logon:\r\n\tSecurity ID:\t\tS-1-5-21-4138275471-3107049867-993298588-1001\r\n\tAccount Name:\t\tleo\r\n\tAccount Domain:\t\tDESKTOP-G0LLA16\r\n\tLogon ID:\t\t0x33F1D8\r\n\tLinked Logon ID:\t\t0x33F1A9\r\n\tNetwork Account Name:\t-\r\n\tNetwork Account Domain:\t-\r\n\tLogon GUID:\t\t{00000000-0000-0000-0000-000000000000}\r\n\r\nProcess Information:\r\n\tProcess ID:\t\t0x178\r\n\tProcess Name:\t\tC:\\Windows\\System32\\svchost.exe\r\n\r\nNetwork Information:\r\n\tWorkstation Name:\tDESKTOP-G0LLA16\r\n\tSource Network Address:\t127.0.0.1\r\n\tSource Port:\t\t0\r\n\r\nDetailed Authentication Information:\r\n\tLogon Process:\t\tUser32 \r\n\tAuthentication Package:\tNegotiate\r\n\tTransited Services:\t-\r\n\tPackage Name (NTLM only):\t-\r\n\tKey Length:\t\t0\r\n\r\nThis event is generated when a logon session is created. It is generated on the computer that was accessed.\r\n\r\nThe subject fields indicate the account on the local system which requested the logon. This is most commonly a service such as the Server service, or a local process such as Winlogon.exe or Services.exe.\r\n\r\nThe logon type field indicates the kind of logon that occurred. The most common types are 2 (interactive) and 3 (network).\r\n\r\nThe New Logon fields indicate the account for whom the new logon was created, i.e. the account that was logged on.\r\n\r\nThe network fields indicate where a remote logon request originated. Workstation name is not always available and may be left blank in some cases.\r\n\r\nThe impersonation level field indicates the extent to which a process in the logon session can impersonate.\r\n\r\nThe authentication information fields provide detailed information about this specific logon request.\r\n\t- Logon GUID is a unique identifier that can be used to correlate this event with a KDC event.\r\n\t- Transited services indicate which intermediate services have participated in this logon request.\r\n\t- Package name indicates which sub-protocol was used among the NTLM protocols.\r\n\t- Key length indicates the length of the generated session key. This will be 0 if no session key was requested.\""
                            },
                            "eventdata": {
                                "subjectUserSid": "S-1-5-18",
                                "subjectUserName": "DESKTOP-G0LLA16$",
                                "subjectDomainName": "WORKGROUP",
                                "subjectLogonId": "0x3e7",
                                "targetUserSid": "S-1-5-21-4138275471-3107049867-993298588-1001",
                                "targetUserName": "leo",
                                "targetDomainName": "DESKTOP-G0LLA16",
                                "targetLogonId": "0x33f1d8",
                                "logonType": "2",
                                "logonProcessName": "User32",
                                "authenticationPackageName": "Negotiate",
                                "workstationName": "DESKTOP-G0LLA16",
                                "logonGuid": "{00000000-0000-0000-0000-000000000000}",
                                "keyLength": "0",
                                "processId": "0x178",
                                "processName": "C:\\\\Windows\\\\System32\\\\svchost.exe",
                                "ipAddress": "127.0.0.1",
                                "ipPort": "0",
                                "impersonationLevel": "%%1833",
                                "virtualAccount": "%%1843",
                                "targetLinkedLogonId": "0x33f1a9",
                                "elevatedToken": "%%1843"
                            }
                        }
                    },
                    "location": "EventChannel"
                }
            }
        },
        "related_chain": null,
        "validation_status": {
            "raw_alert_fields": "FOUND",
            "same_user_activity": "NOT FOUND",
            "same_source_ip_activity": "NOT FOUND",
            "same_host_activity": "NOT FOUND",
            "network_evidence": "PENDING",
            "suricata_evidence": "PENDING",
            "zeek_evidence": "PENDING",
            "firewall_evidence": "PENDING",
            "pcap_evidence": "PENDING"
        },
        "analyst_verdict": "PENDING",
        "confidence": "LOW",
        "recommended_decision": "MONITOR",
        "recommended_actions": [
            "Check whether failed logins happened before this login",
            "Verify source IP and logon type",
            "Check for privilege escalation or PowerShell after login"
        ]
    },
    {
        "investigation_id": "INV-00003",
        "alert": {
            "alert_id": "CSA-00003",
            "time": "2026-05-04T14:02:59.996+0800",
            "host": "windows10",
            "user": "leo",
            "source_ip": "192.168.10.120",
            "destination_ip": "unknown",
            "event_id": "4672",
            "process": "",
            "parent_process": "",
            "command_line": "",
            "pack": "privilege_escalation",
            "rule_name": "Privilege Escalation",
            "title": "\ud83d\udc51 Unexpected Admin Privileges",
            "summary": "Non-admin user 'leo' received special privileges on windows10",
            "severity": "HIGH",
            "mitre": [
                "T1078.002"
            ],
            "recommended_actions": [
                "Verify if user normally has admin rights",
                "Check what was run immediately after this event",
                "Correlate with brute force or lateral movement alerts"
            ],
            "status": "OPEN",
            "raw": {
                "id": "1777874579.2532250",
                "source_file": "/var/ossec/logs/alerts/2026/May/ossec-alerts-04.json",
                "timestamp": "2026-05-04T14:02:59.996+0800",
                "agent_name": "windows10",
                "host": "windows10",
                "agent_id": "003",
                "manager_name": "alwin",
                "rule_id": "67028",
                "rule_level": 3,
                "rule_description": "Special privileges assigned to new logon.",
                "groups": [
                    "windows",
                    " WEF"
                ],
                "location": "EventChannel",
                "event_id": "4672",
                "provider": "Microsoft-Windows-Security-Auditing",
                "computer": "DESKTOP-G0LLA16",
                "user": "leo",
                "source_ip": "192.168.10.120",
                "destination_ip": "",
                "process": "",
                "parent_process": "",
                "command_line": "",
                "logon_type": "",
                "logon_id": "0x33f1a9",
                "full_log": "",
                "raw": {
                    "timestamp": "2026-05-04T14:02:59.996+0800",
                    "rule": {
                        "level": 3,
                        "description": "Special privileges assigned to new logon.",
                        "id": "67028",
                        "mitre": {
                            "id": [
                                "T1484"
                            ],
                            "tactic": [
                                "Defense Evasion",
                                "Privilege Escalation"
                            ],
                            "technique": [
                                "Domain Policy Modification"
                            ]
                        },
                        "firedtimes": 1,
                        "mail": false,
                        "groups": [
                            "windows",
                            " WEF"
                        ]
                    },
                    "agent": {
                        "id": "003",
                        "name": "windows10",
                        "ip": "192.168.10.120"
                    },
                    "manager": {
                        "name": "alwin"
                    },
                    "id": "1777874579.2532250",
                    "decoder": {
                        "name": "windows_eventchannel"
                    },
                    "data": {
                        "win": {
                            "system": {
                                "providerName": "Microsoft-Windows-Security-Auditing",
                                "providerGuid": "{54849625-5478-4994-a5ba-3e3b0328c30d}",
                                "eventID": "4672",
                                "version": "0",
                                "level": "0",
                                "task": "12548",
                                "opcode": "0",
                                "keywords": "0x8020000000000000",
                                "systemTime": "2026-05-04T06:02:58.6342336Z",
                                "eventRecordID": "19164",
                                "processID": "668",
                                "threadID": "792",
                                "channel": "Security",
                                "computer": "DESKTOP-G0LLA16",
                                "severityValue": "AUDIT_SUCCESS",
                                "message": "\"Special privileges assigned to new logon.\r\n\r\nSubject:\r\n\tSecurity ID:\t\tS-1-5-21-4138275471-3107049867-993298588-1001\r\n\tAccount Name:\t\tleo\r\n\tAccount Domain:\t\tDESKTOP-G0LLA16\r\n\tLogon ID:\t\t0x33F1A9\r\n\r\nPrivileges:\t\tSeSecurityPrivilege\r\n\t\t\tSeTakeOwnershipPrivilege\r\n\t\t\tSeLoadDriverPrivilege\r\n\t\t\tSeBackupPrivilege\r\n\t\t\tSeRestorePrivilege\r\n\t\t\tSeDebugPrivilege\r\n\t\t\tSeSystemEnvironmentPrivilege\r\n\t\t\tSeImpersonatePrivilege\r\n\t\t\tSeDelegateSessionUserImpersonatePrivilege\""
                            },
                            "eventdata": {
                                "subjectUserSid": "S-1-5-21-4138275471-3107049867-993298588-1001",
                                "subjectUserName": "leo",
                                "subjectDomainName": "DESKTOP-G0LLA16",
                                "subjectLogonId": "0x33f1a9",
                                "privilegeList": "SeSecurityPrivilege     SeTakeOwnershipPrivilege     SeLoadDriverPrivilege     SeBackupPrivilege     SeRestorePrivilege     SeDebugPrivilege     SeSystemEnvironmentPrivilege     SeImpersonatePrivilege     SeDelegateSessionUserImpersonatePrivilege"
                            }
                        }
                    },
                    "location": "EventChannel"
                }
            }
        },
        "related_chain": null,
        "validation_status": {
            "raw_alert_fields": "FOUND",
            "same_user_activity": "NOT FOUND",
            "same_source_ip_activity": "NOT FOUND",
            "same_host_activity": "NOT FOUND",
            "network_evidence": "PENDING",
            "suricata_evidence": "PENDING",
            "zeek_evidence": "PENDING",
            "firewall_evidence": "PENDING",
            "pcap_evidence": "PENDING"
        },
        "analyst_verdict": "PENDING",
        "confidence": "LOW",
        "recommended_decision": "MONITOR",
        "recommended_actions": [
            "Verify if user normally has admin rights",
            "Check what was run immediately after this event",
            "Correlate with brute force or lateral movement alerts"
        ]
    },
    {
        "investigation_id": "INV-00004",
        "alert": {
            "alert_id": "CSA-00004",
            "time": "2026-05-04T16:04:23.971+0800",
            "host": "windows10",
            "user": "leo",
            "source_ip": "127.0.0.1",
            "destination_ip": "unknown",
            "event_id": "4624",
            "process": "C:\\\\Windows\\\\System32\\\\svchost.exe",
            "parent_process": "",
            "command_line": "",
            "pack": "successful_login",
            "rule_name": "Successful Login",
            "title": "\u2705 Successful Windows Login",
            "summary": "User leo successfully logged in on host windows10",
            "severity": "INFO",
            "mitre": [
                "T1078"
            ],
            "recommended_actions": [
                "Check whether failed logins happened before this login",
                "Verify source IP and logon type",
                "Check for privilege escalation or PowerShell after login"
            ],
            "status": "OPEN",
            "raw": {
                "id": "1777881863.4165016",
                "source_file": "/var/ossec/logs/alerts/2026/May/ossec-alerts-04.json",
                "timestamp": "2026-05-04T16:04:23.971+0800",
                "agent_name": "windows10",
                "host": "windows10",
                "agent_id": "003",
                "manager_name": "alwin",
                "rule_id": "60118",
                "rule_level": 3,
                "rule_description": "Windows Workstation Logon Success",
                "groups": [
                    "windows",
                    "windows_security",
                    "authentication_success"
                ],
                "location": "EventChannel",
                "event_id": "4624",
                "provider": "Microsoft-Windows-Security-Auditing",
                "computer": "DESKTOP-G0LLA16",
                "user": "leo",
                "source_ip": "127.0.0.1",
                "destination_ip": "",
                "process": "C:\\\\Windows\\\\System32\\\\svchost.exe",
                "parent_process": "",
                "command_line": "",
                "logon_type": "2",
                "logon_id": "0xd3f3c2",
                "full_log": "",
                "raw": {
                    "timestamp": "2026-05-04T16:04:23.971+0800",
                    "rule": {
                        "level": 3,
                        "description": "Windows Workstation Logon Success",
                        "id": "60118",
                        "mitre": {
                            "id": [
                                "T1078"
                            ],
                            "tactic": [
                                "Defense Evasion",
                                "Persistence",
                                "Privilege Escalation",
                                "Initial Access"
                            ],
                            "technique": [
                                "Valid Accounts"
                            ]
                        },
                        "firedtimes": 1,
                        "mail": false,
                        "groups": [
                            "windows",
                            "windows_security",
                            "authentication_success"
                        ],
                        "pci_dss": [
                            "10.2.5"
                        ],
                        "gpg13": [
                            "7.1",
                            "7.2"
                        ],
                        "gdpr": [
                            "IV_32.2"
                        ],
                        "hipaa": [
                            "164.312.b"
                        ],
                        "nist_800_53": [
                            "AU.14",
                            "AC.9"
                        ],
                        "tsc": [
                            "CC6.8",
                            "CC7.2",
                            "CC7.3"
                        ]
                    },
                    "agent": {
                        "id": "003",
                        "name": "windows10",
                        "ip": "192.168.10.120"
                    },
                    "manager": {
                        "name": "alwin"
                    },
                    "id": "1777881863.4165016",
                    "decoder": {
                        "name": "windows_eventchannel"
                    },
                    "data": {
                        "win": {
                            "system": {
                                "providerName": "Microsoft-Windows-Security-Auditing",
                                "providerGuid": "{54849625-5478-4994-a5ba-3e3b0328c30d}",
                                "eventID": "4624",
                                "version": "2",
                                "level": "0",
                                "task": "12544",
                                "opcode": "0",
                                "keywords": "0x8020000000000000",
                                "systemTime": "2026-05-04T08:04:22.6310784Z",
                                "eventRecordID": "19387",
                                "processID": "668",
                                "threadID": "5068",
                                "channel": "Security",
                                "computer": "DESKTOP-G0LLA16",
                                "severityValue": "AUDIT_SUCCESS",
                                "message": "\"An account was successfully logged on.\r\n\r\nSubject:\r\n\tSecurity ID:\t\tS-1-5-18\r\n\tAccount Name:\t\tDESKTOP-G0LLA16$\r\n\tAccount Domain:\t\tWORKGROUP\r\n\tLogon ID:\t\t0x3E7\r\n\r\nLogon Information:\r\n\tLogon Type:\t\t2\r\n\tRestricted Admin Mode:\t-\r\n\tVirtual Account:\t\tNo\r\n\tElevated Token:\t\tYes\r\n\r\nImpersonation Level:\t\tImpersonation\r\n\r\nNew Logon:\r\n\tSecurity ID:\t\tS-1-5-21-4138275471-3107049867-993298588-1001\r\n\tAccount Name:\t\tleo\r\n\tAccount Domain:\t\tDESKTOP-G0LLA16\r\n\tLogon ID:\t\t0xD3F3C2\r\n\tLinked Logon ID:\t\t0xD3F3E7\r\n\tNetwork Account Name:\t-\r\n\tNetwork Account Domain:\t-\r\n\tLogon GUID:\t\t{00000000-0000-0000-0000-000000000000}\r\n\r\nProcess Information:\r\n\tProcess ID:\t\t0x178\r\n\tProcess Name:\t\tC:\\Windows\\System32\\svchost.exe\r\n\r\nNetwork Information:\r\n\tWorkstation Name:\tDESKTOP-G0LLA16\r\n\tSource Network Address:\t127.0.0.1\r\n\tSource Port:\t\t0\r\n\r\nDetailed Authentication Information:\r\n\tLogon Process:\t\tUser32 \r\n\tAuthentication Package:\tNegotiate\r\n\tTransited Services:\t-\r\n\tPackage Name (NTLM only):\t-\r\n\tKey Length:\t\t0\r\n\r\nThis event is generated when a logon session is created. It is generated on the computer that was accessed.\r\n\r\nThe subject fields indicate the account on the local system which requested the logon. This is most commonly a service such as the Server service, or a local process such as Winlogon.exe or Services.exe.\r\n\r\nThe logon type field indicates the kind of logon that occurred. The most common types are 2 (interactive) and 3 (network).\r\n\r\nThe New Logon fields indicate the account for whom the new logon was created, i.e. the account that was logged on.\r\n\r\nThe network fields indicate where a remote logon request originated. Workstation name is not always available and may be left blank in some cases.\r\n\r\nThe impersonation level field indicates the extent to which a process in the logon session can impersonate.\r\n\r\nThe authentication information fields provide detailed information about this specific logon request.\r\n\t- Logon GUID is a unique identifier that can be used to correlate this event with a KDC event.\r\n\t- Transited services indicate which intermediate services have participated in this logon request.\r\n\t- Package name indicates which sub-protocol was used among the NTLM protocols.\r\n\t- Key length indicates the length of the generated session key. This will be 0 if no session key was requested.\""
                            },
                            "eventdata": {
                                "subjectUserSid": "S-1-5-18",
                                "subjectUserName": "DESKTOP-G0LLA16$",
                                "subjectDomainName": "WORKGROUP",
                                "subjectLogonId": "0x3e7",
                                "targetUserSid": "S-1-5-21-4138275471-3107049867-993298588-1001",
                                "targetUserName": "leo",
                                "targetDomainName": "DESKTOP-G0LLA16",
                                "targetLogonId": "0xd3f3c2",
                                "logonType": "2",
                                "logonProcessName": "User32",
                                "authenticationPackageName": "Negotiate",
                                "workstationName": "DESKTOP-G0LLA16",
                                "logonGuid": "{00000000-0000-0000-0000-000000000000}",
                                "keyLength": "0",
                                "processId": "0x178",
                                "processName": "C:\\\\Windows\\\\System32\\\\svchost.exe",
                                "ipAddress": "127.0.0.1",
                                "ipPort": "0",
                                "impersonationLevel": "%%1833",
                                "virtualAccount": "%%1843",
                                "targetLinkedLogonId": "0xd3f3e7",
                                "elevatedToken": "%%1842"
                            }
                        }
                    },
                    "location": "EventChannel"
                }
            }
        },
        "related_chain": null,
        "validation_status": {
            "raw_alert_fields": "FOUND",
            "same_user_activity": "NOT FOUND",
            "same_source_ip_activity": "NOT FOUND",
            "same_host_activity": "NOT FOUND",
            "network_evidence": "PENDING",
            "suricata_evidence": "PENDING",
            "zeek_evidence": "PENDING",
            "firewall_evidence": "PENDING",
            "pcap_evidence": "PENDING"
        },
        "analyst_verdict": "PENDING",
        "confidence": "LOW",
        "recommended_decision": "MONITOR",
        "recommended_actions": [
            "Check whether failed logins happened before this login",
            "Verify source IP and logon type",
            "Check for privilege escalation or PowerShell after login"
        ]
    },
    {
        "investigation_id": "INV-00005",
        "alert": {
            "alert_id": "CSA-00005",
            "time": "2026-05-04T16:04:23.977+0800",
            "host": "windows10",
            "user": "leo",
            "source_ip": "127.0.0.1",
            "destination_ip": "unknown",
            "event_id": "4624",
            "process": "C:\\\\Windows\\\\System32\\\\svchost.exe",
            "parent_process": "",
            "command_line": "",
            "pack": "successful_login",
            "rule_name": "Successful Login",
            "title": "\u2705 Successful Windows Login",
            "summary": "User leo successfully logged in on host windows10",
            "severity": "INFO",
            "mitre": [
                "T1078"
            ],
            "recommended_actions": [
                "Check whether failed logins happened before this login",
                "Verify source IP and logon type",
                "Check for privilege escalation or PowerShell after login"
            ],
            "status": "OPEN",
            "raw": {
                "id": "1777881863.4172742",
                "source_file": "/var/ossec/logs/alerts/2026/May/ossec-alerts-04.json",
                "timestamp": "2026-05-04T16:04:23.977+0800",
                "agent_name": "windows10",
                "host": "windows10",
                "agent_id": "003",
                "manager_name": "alwin",
                "rule_id": "60118",
                "rule_level": 3,
                "rule_description": "Windows Workstation Logon Success",
                "groups": [
                    "windows",
                    "windows_security",
                    "authentication_success"
                ],
                "location": "EventChannel",
                "event_id": "4624",
                "provider": "Microsoft-Windows-Security-Auditing",
                "computer": "DESKTOP-G0LLA16",
                "user": "leo",
                "source_ip": "127.0.0.1",
                "destination_ip": "",
                "process": "C:\\\\Windows\\\\System32\\\\svchost.exe",
                "parent_process": "",
                "command_line": "",
                "logon_type": "2",
                "logon_id": "0xd3f3e7",
                "full_log": "",
                "raw": {
                    "timestamp": "2026-05-04T16:04:23.977+0800",
                    "rule": {
                        "level": 3,
                        "description": "Windows Workstation Logon Success",
                        "id": "60118",
                        "mitre": {
                            "id": [
                                "T1078"
                            ],
                            "tactic": [
                                "Defense Evasion",
                                "Persistence",
                                "Privilege Escalation",
                                "Initial Access"
                            ],
                            "technique": [
                                "Valid Accounts"
                            ]
                        },
                        "firedtimes": 2,
                        "mail": false,
                        "groups": [
                            "windows",
                            "windows_security",
                            "authentication_success"
                        ],
                        "pci_dss": [
                            "10.2.5"
                        ],
                        "gpg13": [
                            "7.1",
                            "7.2"
                        ],
                        "gdpr": [
                            "IV_32.2"
                        ],
                        "hipaa": [
                            "164.312.b"
                        ],
                        "nist_800_53": [
                            "AU.14",
                            "AC.9"
                        ],
                        "tsc": [
                            "CC6.8",
                            "CC7.2",
                            "CC7.3"
                        ]
                    },
                    "agent": {
                        "id": "003",
                        "name": "windows10",
                        "ip": "192.168.10.120"
                    },
                    "manager": {
                        "name": "alwin"
                    },
                    "id": "1777881863.4172742",
                    "decoder": {
                        "name": "windows_eventchannel"
                    },
                    "data": {
                        "win": {
                            "system": {
                                "providerName": "Microsoft-Windows-Security-Auditing",
                                "providerGuid": "{54849625-5478-4994-a5ba-3e3b0328c30d}",
                                "eventID": "4624",
                                "version": "2",
                                "level": "0",
                                "task": "12544",
                                "opcode": "0",
                                "keywords": "0x8020000000000000",
                                "systemTime": "2026-05-04T08:04:22.6311153Z",
                                "eventRecordID": "19388",
                                "processID": "668",
                                "threadID": "5068",
                                "channel": "Security",
                                "computer": "DESKTOP-G0LLA16",
                                "severityValue": "AUDIT_SUCCESS",
                                "message": "\"An account was successfully logged on.\r\n\r\nSubject:\r\n\tSecurity ID:\t\tS-1-5-18\r\n\tAccount Name:\t\tDESKTOP-G0LLA16$\r\n\tAccount Domain:\t\tWORKGROUP\r\n\tLogon ID:\t\t0x3E7\r\n\r\nLogon Information:\r\n\tLogon Type:\t\t2\r\n\tRestricted Admin Mode:\t-\r\n\tVirtual Account:\t\tNo\r\n\tElevated Token:\t\tNo\r\n\r\nImpersonation Level:\t\tImpersonation\r\n\r\nNew Logon:\r\n\tSecurity ID:\t\tS-1-5-21-4138275471-3107049867-993298588-1001\r\n\tAccount Name:\t\tleo\r\n\tAccount Domain:\t\tDESKTOP-G0LLA16\r\n\tLogon ID:\t\t0xD3F3E7\r\n\tLinked Logon ID:\t\t0xD3F3C2\r\n\tNetwork Account Name:\t-\r\n\tNetwork Account Domain:\t-\r\n\tLogon GUID:\t\t{00000000-0000-0000-0000-000000000000}\r\n\r\nProcess Information:\r\n\tProcess ID:\t\t0x178\r\n\tProcess Name:\t\tC:\\Windows\\System32\\svchost.exe\r\n\r\nNetwork Information:\r\n\tWorkstation Name:\tDESKTOP-G0LLA16\r\n\tSource Network Address:\t127.0.0.1\r\n\tSource Port:\t\t0\r\n\r\nDetailed Authentication Information:\r\n\tLogon Process:\t\tUser32 \r\n\tAuthentication Package:\tNegotiate\r\n\tTransited Services:\t-\r\n\tPackage Name (NTLM only):\t-\r\n\tKey Length:\t\t0\r\n\r\nThis event is generated when a logon session is created. It is generated on the computer that was accessed.\r\n\r\nThe subject fields indicate the account on the local system which requested the logon. This is most commonly a service such as the Server service, or a local process such as Winlogon.exe or Services.exe.\r\n\r\nThe logon type field indicates the kind of logon that occurred. The most common types are 2 (interactive) and 3 (network).\r\n\r\nThe New Logon fields indicate the account for whom the new logon was created, i.e. the account that was logged on.\r\n\r\nThe network fields indicate where a remote logon request originated. Workstation name is not always available and may be left blank in some cases.\r\n\r\nThe impersonation level field indicates the extent to which a process in the logon session can impersonate.\r\n\r\nThe authentication information fields provide detailed information about this specific logon request.\r\n\t- Logon GUID is a unique identifier that can be used to correlate this event with a KDC event.\r\n\t- Transited services indicate which intermediate services have participated in this logon request.\r\n\t- Package name indicates which sub-protocol was used among the NTLM protocols.\r\n\t- Key length indicates the length of the generated session key. This will be 0 if no session key was requested.\""
                            },
                            "eventdata": {
                                "subjectUserSid": "S-1-5-18",
                                "subjectUserName": "DESKTOP-G0LLA16$",
                                "subjectDomainName": "WORKGROUP",
                                "subjectLogonId": "0x3e7",
                                "targetUserSid": "S-1-5-21-4138275471-3107049867-993298588-1001",
                                "targetUserName": "leo",
                                "targetDomainName": "DESKTOP-G0LLA16",
                                "targetLogonId": "0xd3f3e7",
                                "logonType": "2",
                                "logonProcessName": "User32",
                                "authenticationPackageName": "Negotiate",
                                "workstationName": "DESKTOP-G0LLA16",
                                "logonGuid": "{00000000-0000-0000-0000-000000000000}",
                                "keyLength": "0",
                                "processId": "0x178",
                                "processName": "C:\\\\Windows\\\\System32\\\\svchost.exe",
                                "ipAddress": "127.0.0.1",
                                "ipPort": "0",
                                "impersonationLevel": "%%1833",
                                "virtualAccount": "%%1843",
                                "targetLinkedLogonId": "0xd3f3c2",
                                "elevatedToken": "%%1843"
                            }
                        }
                    },
                    "location": "EventChannel"
                }
            }
        },
        "related_chain": null,
        "validation_status": {
            "raw_alert_fields": "FOUND",
            "same_user_activity": "NOT FOUND",
            "same_source_ip_activity": "NOT FOUND",
            "same_host_activity": "NOT FOUND",
            "network_evidence": "PENDING",
            "suricata_evidence": "PENDING",
            "zeek_evidence": "PENDING",
            "firewall_evidence": "PENDING",
            "pcap_evidence": "PENDING"
        },
        "analyst_verdict": "PENDING",
        "confidence": "LOW",
        "recommended_decision": "MONITOR",
        "recommended_actions": [
            "Check whether failed logins happened before this login",
            "Verify source IP and logon type",
            "Check for privilege escalation or PowerShell after login"
        ]
    },
