    {
        "investigation_id": "INV-00026",
        "alert": {
            "alert_id": "CSA-00026",
            "time": "2026-05-19T16:56:51.443+0800",
            "host": "windows10",
            "user": "leo",
            "source_ip": "127.0.0.1",
            "destination_ip": "unknown",
            "event_id": "4624",
            "process": "C:\\\\Windows\\\\System32\\\\svchost.exe",
            "parent_process": "",
            "command_line": "",
            "pack": "successful_login",
            "rule_name": "Successful Login",
            "title": "\u2705 Successful Windows Login",
            "summary": "User leo successfully logged in on host windows10",
            "severity": "INFO",
            "mitre": [
                "T1078"
            ],
            "recommended_actions": [
                "Check whether failed logins happened before this login",
                "Verify source IP and logon type",
                "Check for privilege escalation or PowerShell after login"
            ],
            "status": "OPEN",
            "raw": {
                "id": "1779181011.568898",
                "source_file": "/var/ossec/logs/alerts/2026/May/ossec-alerts-19.json",
                "timestamp": "2026-05-19T16:56:51.443+0800",
                "agent_name": "windows10",
                "host": "windows10",
                "agent_id": "003",
                "manager_name": "alwin",
                "rule_id": "60118",
                "rule_level": 3,
                "rule_description": "Windows Workstation Logon Success",
                "groups": [
                    "windows",
                    "windows_security",
                    "authentication_success"
                ],
                "location": "EventChannel",
                "event_id": "4624",
                "provider": "Microsoft-Windows-Security-Auditing",
                "computer": "DESKTOP-G0LLA16",
                "user": "leo",
                "source_ip": "127.0.0.1",
                "destination_ip": "",
                "process": "C:\\\\Windows\\\\System32\\\\svchost.exe",
                "parent_process": "",
                "command_line": "",
                "logon_type": "2",
                "logon_id": "0x733051",
                "full_log": "",
                "raw": {
                    "timestamp": "2026-05-19T16:56:51.443+0800",
                    "rule": {
                        "level": 3,
                        "description": "Windows Workstation Logon Success",
                        "id": "60118",
                        "mitre": {
                            "id": [
                                "T1078"
                            ],
                            "tactic": [
                                "Defense Evasion",
                                "Persistence",
                                "Privilege Escalation",
                                "Initial Access"
                            ],
                            "technique": [
                                "Valid Accounts"
                            ]
                        },
                        "firedtimes": 2,
                        "mail": false,
                        "groups": [
                            "windows",
                            "windows_security",
                            "authentication_success"
                        ],
                        "pci_dss": [
                            "10.2.5"
                        ],
                        "gpg13": [
                            "7.1",
                            "7.2"
                        ],
                        "gdpr": [
                            "IV_32.2"
                        ],
                        "hipaa": [
                            "164.312.b"
                        ],
                        "nist_800_53": [
                            "AU.14",
                            "AC.9"
                        ],
                        "tsc": [
                            "CC6.8",
                            "CC7.2",
                            "CC7.3"
                        ]
                    },
                    "agent": {
                        "id": "003",
                        "name": "windows10",
                        "ip": "192.168.10.120"
                    },
                    "manager": {
                        "name": "alwin"
                    },
                    "id": "1779181011.568898",
                    "decoder": {
                        "name": "windows_eventchannel"
                    },
                    "data": {
                        "win": {
                            "system": {
                                "providerName": "Microsoft-Windows-Security-Auditing",
                                "providerGuid": "{54849625-5478-4994-a5ba-3e3b0328c30d}",
                                "eventID": "4624",
                                "version": "2",
                                "level": "0",
                                "task": "12544",
                                "opcode": "0",
                                "keywords": "0x8020000000000000",
                                "systemTime": "2026-05-19T08:56:50.2126570Z",
                                "eventRecordID": "22141",
                                "processID": "708",
                                "threadID": "752",
                                "channel": "Security",
                                "computer": "DESKTOP-G0LLA16",
                                "severityValue": "AUDIT_SUCCESS",
                                "message": "\"An account was successfully logged on.\r\n\r\nSubject:\r\n\tSecurity ID:\t\tS-1-5-18\r\n\tAccount Name:\t\tDESKTOP-G0LLA16$\r\n\tAccount Domain:\t\tWORKGROUP\r\n\tLogon ID:\t\t0x3E7\r\n\r\nLogon Information:\r\n\tLogon Type:\t\t2\r\n\tRestricted Admin Mode:\t-\r\n\tVirtual Account:\t\tNo\r\n\tElevated Token:\t\tNo\r\n\r\nImpersonation Level:\t\tImpersonation\r\n\r\nNew Logon:\r\n\tSecurity ID:\t\tS-1-5-21-4138275471-3107049867-993298588-1001\r\n\tAccount Name:\t\tleo\r\n\tAccount Domain:\t\tDESKTOP-G0LLA16\r\n\tLogon ID:\t\t0x733051\r\n\tLinked Logon ID:\t\t0x73302D\r\n\tNetwork Account Name:\t-\r\n\tNetwork Account Domain:\t-\r\n\tLogon GUID:\t\t{00000000-0000-0000-0000-000000000000}\r\n\r\nProcess Information:\r\n\tProcess ID:\t\t0x1c4\r\n\tProcess Name:\t\tC:\\Windows\\System32\\svchost.exe\r\n\r\nNetwork Information:\r\n\tWorkstation Name:\tDESKTOP-G0LLA16\r\n\tSource Network Address:\t127.0.0.1\r\n\tSource Port:\t\t0\r\n\r\nDetailed Authentication Information:\r\n\tLogon Process:\t\tUser32 \r\n\tAuthentication Package:\tNegotiate\r\n\tTransited Services:\t-\r\n\tPackage Name (NTLM only):\t-\r\n\tKey Length:\t\t0\r\n\r\nThis event is generated when a logon session is created. It is generated on the computer that was accessed.\r\n\r\nThe subject fields indicate the account on the local system which requested the logon. This is most commonly a service such as the Server service, or a local process such as Winlogon.exe or Services.exe.\r\n\r\nThe logon type field indicates the kind of logon that occurred. The most common types are 2 (interactive) and 3 (network).\r\n\r\nThe New Logon fields indicate the account for whom the new logon was created, i.e. the account that was logged on.\r\n\r\nThe network fields indicate where a remote logon request originated. Workstation name is not always available and may be left blank in some cases.\r\n\r\nThe impersonation level field indicates the extent to which a process in the logon session can impersonate.\r\n\r\nThe authentication information fields provide detailed information about this specific logon request.\r\n\t- Logon GUID is a unique identifier that can be used to correlate this event with a KDC event.\r\n\t- Transited services indicate which intermediate services have participated in this logon request.\r\n\t- Package name indicates which sub-protocol was used among the NTLM protocols.\r\n\t- Key length indicates the length of the generated session key. This will be 0 if no session key was requested.\""
                            },
                            "eventdata": {
                                "subjectUserSid": "S-1-5-18",
                                "subjectUserName": "DESKTOP-G0LLA16$",
                                "subjectDomainName": "WORKGROUP",
                                "subjectLogonId": "0x3e7",
                                "targetUserSid": "S-1-5-21-4138275471-3107049867-993298588-1001",
                                "targetUserName": "leo",
                                "targetDomainName": "DESKTOP-G0LLA16",
                                "targetLogonId": "0x733051",
                                "logonType": "2",
                                "logonProcessName": "User32",
                                "authenticationPackageName": "Negotiate",
                                "workstationName": "DESKTOP-G0LLA16",
                                "logonGuid": "{00000000-0000-0000-0000-000000000000}",
                                "keyLength": "0",
                                "processId": "0x1c4",
                                "processName": "C:\\\\Windows\\\\System32\\\\svchost.exe",
                                "ipAddress": "127.0.0.1",
                                "ipPort": "0",
                                "impersonationLevel": "%%1833",
                                "virtualAccount": "%%1843",
                                "targetLinkedLogonId": "0x73302d",
                                "elevatedToken": "%%1843"
                            }
                        }
                    },
                    "location": "EventChannel"
                }
            }
        },
        "related_chain": null,
        "validation_status": {
            "raw_alert_fields": "FOUND",
            "same_user_activity": "NOT FOUND",
            "same_source_ip_activity": "NOT FOUND",
            "same_host_activity": "NOT FOUND",
            "network_evidence": "PENDING",
            "suricata_evidence": "PENDING",
            "zeek_evidence": "PENDING",
            "firewall_evidence": "PENDING",
            "pcap_evidence": "PENDING"
        },
        "analyst_verdict": "PENDING",
        "confidence": "LOW",
        "recommended_decision": "MONITOR",
        "recommended_actions": [
            "Check whether failed logins happened before this login",
            "Verify source IP and logon type",
            "Check for privilege escalation or PowerShell after login"
        ]
    },
    {
        "investigation_id": "INV-00027",
        "alert": {
            "alert_id": "CSA-00027",
            "time": "2026-05-19T17:44:44.822+0800",
            "host": "windows10",
            "user": "leo",
            "source_ip": "127.0.0.1",
            "destination_ip": "unknown",
            "event_id": "4624",
            "process": "C:\\\\Windows\\\\System32\\\\svchost.exe",
            "parent_process": "",
            "command_line": "",
            "pack": "successful_login",
            "rule_name": "Successful Login",
            "title": "\u2705 Successful Windows Login",
            "summary": "User leo successfully logged in on host windows10",
            "severity": "INFO",
            "mitre": [
                "T1078"
            ],
            "recommended_actions": [
                "Check whether failed logins happened before this login",
                "Verify source IP and logon type",
                "Check for privilege escalation or PowerShell after login"
            ],
            "status": "OPEN",
            "raw": {
                "id": "1779183884.639928",
                "source_file": "/var/ossec/logs/alerts/2026/May/ossec-alerts-19.json",
                "timestamp": "2026-05-19T17:44:44.822+0800",
                "agent_name": "windows10",
                "host": "windows10",
                "agent_id": "003",
                "manager_name": "alwin",
                "rule_id": "60118",
                "rule_level": 3,
                "rule_description": "Windows Workstation Logon Success",
                "groups": [
                    "windows",
                    "windows_security",
                    "authentication_success"
                ],
                "location": "EventChannel",
                "event_id": "4624",
                "provider": "Microsoft-Windows-Security-Auditing",
                "computer": "DESKTOP-G0LLA16",
                "user": "leo",
                "source_ip": "127.0.0.1",
                "destination_ip": "",
                "process": "C:\\\\Windows\\\\System32\\\\svchost.exe",
                "parent_process": "",
                "command_line": "",
                "logon_type": "2",
                "logon_id": "0x7e98f6",
                "full_log": "",
                "raw": {
                    "timestamp": "2026-05-19T17:44:44.822+0800",
                    "rule": {
                        "level": 3,
                        "description": "Windows Workstation Logon Success",
                        "id": "60118",
                        "mitre": {
                            "id": [
                                "T1078"
                            ],
                            "tactic": [
                                "Defense Evasion",
                                "Persistence",
                                "Privilege Escalation",
                                "Initial Access"
                            ],
                            "technique": [
                                "Valid Accounts"
                            ]
                        },
                        "firedtimes": 1,
                        "mail": false,
                        "groups": [
                            "windows",
                            "windows_security",
                            "authentication_success"
                        ],
                        "pci_dss": [
                            "10.2.5"
                        ],
                        "gpg13": [
                            "7.1",
                            "7.2"
                        ],
                        "gdpr": [
                            "IV_32.2"
                        ],
                        "hipaa": [
                            "164.312.b"
                        ],
                        "nist_800_53": [
                            "AU.14",
                            "AC.9"
                        ],
                        "tsc": [
                            "CC6.8",
                            "CC7.2",
                            "CC7.3"
                        ]
                    },
                    "agent": {
                        "id": "003",
                        "name": "windows10",
                        "ip": "192.168.10.120"
                    },
                    "manager": {
                        "name": "alwin"
                    },
                    "id": "1779183884.639928",
                    "decoder": {
                        "name": "windows_eventchannel"
                    },
                    "data": {
                        "win": {
                            "system": {
                                "providerName": "Microsoft-Windows-Security-Auditing",
                                "providerGuid": "{54849625-5478-4994-a5ba-3e3b0328c30d}",
                                "eventID": "4624",
                                "version": "2",
                                "level": "0",
                                "task": "12544",
                                "opcode": "0",
                                "keywords": "0x8020000000000000",
                                "systemTime": "2026-05-19T09:44:43.6340983Z",
                                "eventRecordID": "22187",
                                "processID": "708",
                                "threadID": "7356",
                                "channel": "Security",
                                "computer": "DESKTOP-G0LLA16",
                                "severityValue": "AUDIT_SUCCESS",
                                "message": "\"An account was successfully logged on.\r\n\r\nSubject:\r\n\tSecurity ID:\t\tS-1-5-18\r\n\tAccount Name:\t\tDESKTOP-G0LLA16$\r\n\tAccount Domain:\t\tWORKGROUP\r\n\tLogon ID:\t\t0x3E7\r\n\r\nLogon Information:\r\n\tLogon Type:\t\t2\r\n\tRestricted Admin Mode:\t-\r\n\tVirtual Account:\t\tNo\r\n\tElevated Token:\t\tYes\r\n\r\nImpersonation Level:\t\tImpersonation\r\n\r\nNew Logon:\r\n\tSecurity ID:\t\tS-1-5-21-4138275471-3107049867-993298588-1001\r\n\tAccount Name:\t\tleo\r\n\tAccount Domain:\t\tDESKTOP-G0LLA16\r\n\tLogon ID:\t\t0x7E98F6\r\n\tLinked Logon ID:\t\t0x7E9916\r\n\tNetwork Account Name:\t-\r\n\tNetwork Account Domain:\t-\r\n\tLogon GUID:\t\t{00000000-0000-0000-0000-000000000000}\r\n\r\nProcess Information:\r\n\tProcess ID:\t\t0x1c4\r\n\tProcess Name:\t\tC:\\Windows\\System32\\svchost.exe\r\n\r\nNetwork Information:\r\n\tWorkstation Name:\tDESKTOP-G0LLA16\r\n\tSource Network Address:\t127.0.0.1\r\n\tSource Port:\t\t0\r\n\r\nDetailed Authentication Information:\r\n\tLogon Process:\t\tUser32 \r\n\tAuthentication Package:\tNegotiate\r\n\tTransited Services:\t-\r\n\tPackage Name (NTLM only):\t-\r\n\tKey Length:\t\t0\r\n\r\nThis event is generated when a logon session is created. It is generated on the computer that was accessed.\r\n\r\nThe subject fields indicate the account on the local system which requested the logon. This is most commonly a service such as the Server service, or a local process such as Winlogon.exe or Services.exe.\r\n\r\nThe logon type field indicates the kind of logon that occurred. The most common types are 2 (interactive) and 3 (network).\r\n\r\nThe New Logon fields indicate the account for whom the new logon was created, i.e. the account that was logged on.\r\n\r\nThe network fields indicate where a remote logon request originated. Workstation name is not always available and may be left blank in some cases.\r\n\r\nThe impersonation level field indicates the extent to which a process in the logon session can impersonate.\r\n\r\nThe authentication information fields provide detailed information about this specific logon request.\r\n\t- Logon GUID is a unique identifier that can be used to correlate this event with a KDC event.\r\n\t- Transited services indicate which intermediate services have participated in this logon request.\r\n\t- Package name indicates which sub-protocol was used among the NTLM protocols.\r\n\t- Key length indicates the length of the generated session key. This will be 0 if no session key was requested.\""
                            },
                            "eventdata": {
                                "subjectUserSid": "S-1-5-18",
                                "subjectUserName": "DESKTOP-G0LLA16$",
                                "subjectDomainName": "WORKGROUP",
                                "subjectLogonId": "0x3e7",
                                "targetUserSid": "S-1-5-21-4138275471-3107049867-993298588-1001",
                                "targetUserName": "leo",
                                "targetDomainName": "DESKTOP-G0LLA16",
                                "targetLogonId": "0x7e98f6",
                                "logonType": "2",
                                "logonProcessName": "User32",
                                "authenticationPackageName": "Negotiate",
                                "workstationName": "DESKTOP-G0LLA16",
                                "logonGuid": "{00000000-0000-0000-0000-000000000000}",
                                "keyLength": "0",
                                "processId": "0x1c4",
                                "processName": "C:\\\\Windows\\\\System32\\\\svchost.exe",
                                "ipAddress": "127.0.0.1",
                                "ipPort": "0",
                                "impersonationLevel": "%%1833",
                                "virtualAccount": "%%1843",
                                "targetLinkedLogonId": "0x7e9916",
                                "elevatedToken": "%%1842"
                            }
                        }
                    },
                    "location": "EventChannel"
                }
            }
        },
        "related_chain": null,
        "validation_status": {
            "raw_alert_fields": "FOUND",
            "same_user_activity": "NOT FOUND",
            "same_source_ip_activity": "NOT FOUND",
            "same_host_activity": "NOT FOUND",
            "network_evidence": "PENDING",
            "suricata_evidence": "PENDING",
            "zeek_evidence": "PENDING",
            "firewall_evidence": "PENDING",
            "pcap_evidence": "PENDING"
        },
        "analyst_verdict": "PENDING",
        "confidence": "LOW",
        "recommended_decision": "MONITOR",
        "recommended_actions": [
            "Check whether failed logins happened before this login",
            "Verify source IP and logon type",
            "Check for privilege escalation or PowerShell after login"
        ]
    },
    {
        "investigation_id": "INV-00028",
        "alert": {
            "alert_id": "CSA-00028",
            "time": "2026-05-19T17:44:44.848+0800",
            "host": "windows10",
            "user": "leo",
            "source_ip": "127.0.0.1",
            "destination_ip": "unknown",
            "event_id": "4624",
            "process": "C:\\\\Windows\\\\System32\\\\svchost.exe",
            "parent_process": "",
            "command_line": "",
            "pack": "successful_login",
            "rule_name": "Successful Login",
            "title": "\u2705 Successful Windows Login",
            "summary": "User leo successfully logged in on host windows10",
            "severity": "INFO",
            "mitre": [
                "T1078"
            ],
            "recommended_actions": [
                "Check whether failed logins happened before this login",
                "Verify source IP and logon type",
                "Check for privilege escalation or PowerShell after login"
            ],
            "status": "OPEN",
            "raw": {
                "id": "1779183884.647653",
                "source_file": "/var/ossec/logs/alerts/2026/May/ossec-alerts-19.json",
                "timestamp": "2026-05-19T17:44:44.848+0800",
                "agent_name": "windows10",
                "host": "windows10",
                "agent_id": "003",
                "manager_name": "alwin",
                "rule_id": "60118",
                "rule_level": 3,
                "rule_description": "Windows Workstation Logon Success",
                "groups": [
                    "windows",
                    "windows_security",
                    "authentication_success"
                ],
                "location": "EventChannel",
                "event_id": "4624",
                "provider": "Microsoft-Windows-Security-Auditing",
                "computer": "DESKTOP-G0LLA16",
                "user": "leo",
                "source_ip": "127.0.0.1",
                "destination_ip": "",
                "process": "C:\\\\Windows\\\\System32\\\\svchost.exe",
                "parent_process": "",
                "command_line": "",
                "logon_type": "2",
                "logon_id": "0x7e9916",
                "full_log": "",
                "raw": {
                    "timestamp": "2026-05-19T17:44:44.848+0800",
                    "rule": {
                        "level": 3,
                        "description": "Windows Workstation Logon Success",
                        "id": "60118",
                        "mitre": {
                            "id": [
                                "T1078"
                            ],
                            "tactic": [
                                "Defense Evasion",
                                "Persistence",
                                "Privilege Escalation",
                                "Initial Access"
                            ],
                            "technique": [
                                "Valid Accounts"
                            ]
                        },
                        "firedtimes": 2,
                        "mail": false,
                        "groups": [
                            "windows",
                            "windows_security",
                            "authentication_success"
                        ],
                        "pci_dss": [
                            "10.2.5"
                        ],
                        "gpg13": [
                            "7.1",
                            "7.2"
                        ],
                        "gdpr": [
                            "IV_32.2"
                        ],
                        "hipaa": [
                            "164.312.b"
                        ],
                        "nist_800_53": [
                            "AU.14",
                            "AC.9"
                        ],
                        "tsc": [
                            "CC6.8",
                            "CC7.2",
                            "CC7.3"
                        ]
                    },
                    "agent": {
                        "id": "003",
                        "name": "windows10",
                        "ip": "192.168.10.120"
                    },
                    "manager": {
                        "name": "alwin"
                    },
                    "id": "1779183884.647653",
                    "decoder": {
                        "name": "windows_eventchannel"
                    },
                    "data": {
                        "win": {
                            "system": {
                                "providerName": "Microsoft-Windows-Security-Auditing",
                                "providerGuid": "{54849625-5478-4994-a5ba-3e3b0328c30d}",
                                "eventID": "4624",
                                "version": "2",
                                "level": "0",
                                "task": "12544",
                                "opcode": "0",
                                "keywords": "0x8020000000000000",
                                "systemTime": "2026-05-19T09:44:43.6341094Z",
                                "eventRecordID": "22188",
                                "processID": "708",
                                "threadID": "7356",
                                "channel": "Security",
                                "computer": "DESKTOP-G0LLA16",
                                "severityValue": "AUDIT_SUCCESS",
                                "message": "\"An account was successfully logged on.\r\n\r\nSubject:\r\n\tSecurity ID:\t\tS-1-5-18\r\n\tAccount Name:\t\tDESKTOP-G0LLA16$\r\n\tAccount Domain:\t\tWORKGROUP\r\n\tLogon ID:\t\t0x3E7\r\n\r\nLogon Information:\r\n\tLogon Type:\t\t2\r\n\tRestricted Admin Mode:\t-\r\n\tVirtual Account:\t\tNo\r\n\tElevated Token:\t\tNo\r\n\r\nImpersonation Level:\t\tImpersonation\r\n\r\nNew Logon:\r\n\tSecurity ID:\t\tS-1-5-21-4138275471-3107049867-993298588-1001\r\n\tAccount Name:\t\tleo\r\n\tAccount Domain:\t\tDESKTOP-G0LLA16\r\n\tLogon ID:\t\t0x7E9916\r\n\tLinked Logon ID:\t\t0x7E98F6\r\n\tNetwork Account Name:\t-\r\n\tNetwork Account Domain:\t-\r\n\tLogon GUID:\t\t{00000000-0000-0000-0000-000000000000}\r\n\r\nProcess Information:\r\n\tProcess ID:\t\t0x1c4\r\n\tProcess Name:\t\tC:\\Windows\\System32\\svchost.exe\r\n\r\nNetwork Information:\r\n\tWorkstation Name:\tDESKTOP-G0LLA16\r\n\tSource Network Address:\t127.0.0.1\r\n\tSource Port:\t\t0\r\n\r\nDetailed Authentication Information:\r\n\tLogon Process:\t\tUser32 \r\n\tAuthentication Package:\tNegotiate\r\n\tTransited Services:\t-\r\n\tPackage Name (NTLM only):\t-\r\n\tKey Length:\t\t0\r\n\r\nThis event is generated when a logon session is created. It is generated on the computer that was accessed.\r\n\r\nThe subject fields indicate the account on the local system which requested the logon. This is most commonly a service such as the Server service, or a local process such as Winlogon.exe or Services.exe.\r\n\r\nThe logon type field indicates the kind of logon that occurred. The most common types are 2 (interactive) and 3 (network).\r\n\r\nThe New Logon fields indicate the account for whom the new logon was created, i.e. the account that was logged on.\r\n\r\nThe network fields indicate where a remote logon request originated. Workstation name is not always available and may be left blank in some cases.\r\n\r\nThe impersonation level field indicates the extent to which a process in the logon session can impersonate.\r\n\r\nThe authentication information fields provide detailed information about this specific logon request.\r\n\t- Logon GUID is a unique identifier that can be used to correlate this event with a KDC event.\r\n\t- Transited services indicate which intermediate services have participated in this logon request.\r\n\t- Package name indicates which sub-protocol was used among the NTLM protocols.\r\n\t- Key length indicates the length of the generated session key. This will be 0 if no session key was requested.\""
                            },
                            "eventdata": {
                                "subjectUserSid": "S-1-5-18",
                                "subjectUserName": "DESKTOP-G0LLA16$",
                                "subjectDomainName": "WORKGROUP",
                                "subjectLogonId": "0x3e7",
                                "targetUserSid": "S-1-5-21-4138275471-3107049867-993298588-1001",
                                "targetUserName": "leo",
                                "targetDomainName": "DESKTOP-G0LLA16",
                                "targetLogonId": "0x7e9916",
                                "logonType": "2",
                                "logonProcessName": "User32",
                                "authenticationPackageName": "Negotiate",
                                "workstationName": "DESKTOP-G0LLA16",
                                "logonGuid": "{00000000-0000-0000-0000-000000000000}",
                                "keyLength": "0",
                                "processId": "0x1c4",
                                "processName": "C:\\\\Windows\\\\System32\\\\svchost.exe",
                                "ipAddress": "127.0.0.1",
                                "ipPort": "0",
                                "impersonationLevel": "%%1833",
                                "virtualAccount": "%%1843",
                                "targetLinkedLogonId": "0x7e98f6",
                                "elevatedToken": "%%1843"
                            }
                        }
                    },
                    "location": "EventChannel"
                }
            }
        },
        "related_chain": null,
        "validation_status": {
            "raw_alert_fields": "FOUND",
            "same_user_activity": "NOT FOUND",
            "same_source_ip_activity": "NOT FOUND",
            "same_host_activity": "NOT FOUND",
            "network_evidence": "PENDING",
            "suricata_evidence": "PENDING",
            "zeek_evidence": "PENDING",
            "firewall_evidence": "PENDING",
            "pcap_evidence": "PENDING"
        },
        "analyst_verdict": "PENDING",
        "confidence": "LOW",
        "recommended_decision": "MONITOR",
        "recommended_actions": [
            "Check whether failed logins happened before this login",
            "Verify source IP and logon type",
            "Check for privilege escalation or PowerShell after login"
        ]
    },
    {
        "investigation_id": "INV-00029",
        "alert": {
            "alert_id": "CSA-00029",
            "time": "2026-05-19T18:44:44.044+0800",
            "host": "windows10",
            "user": "leo",
            "source_ip": "127.0.0.1",
            "destination_ip": "unknown",
            "event_id": "4625",
            "process": "C:\\\\Windows\\\\System32\\\\svchost.exe",
            "parent_process": "",
            "command_line": "",
            "pack": "brute_force",
            "rule_name": "Brute Force Detected",
            "title": "\ud83d\udd28 Brute Force Login Attempt",
            "summary": "5 failed logins in 2 min | User: leo | Host: windows10",
            "severity": "HIGH",
            "mitre": [
                "T1110"
            ],
            "recommended_actions": [
                "Check if account is now locked",
                "Verify source IP is internal or external",
                "Check if followed by successful login (4624)"
            ],
            "status": "OPEN",
            "raw": {
                "id": "1779187484.726511",
                "source_file": "/var/ossec/logs/alerts/2026/May/ossec-alerts-19.json",
                "timestamp": "2026-05-19T18:44:44.044+0800",
                "agent_name": "windows10",
                "host": "windows10",
                "agent_id": "003",
                "manager_name": "alwin",
                "rule_id": "60122",
                "rule_level": 5,
                "rule_description": "Logon Failure - Unknown user or bad password",
                "groups": [
                    "windows",
                    "windows_security",
                    "authentication_failed"
                ],
                "location": "EventChannel",
                "event_id": "4625",
                "provider": "Microsoft-Windows-Security-Auditing",
                "computer": "DESKTOP-G0LLA16",
                "user": "leo",
                "source_ip": "127.0.0.1",
                "destination_ip": "",
                "process": "C:\\\\Windows\\\\System32\\\\svchost.exe",
                "parent_process": "",
                "command_line": "",
                "logon_type": "2",
                "logon_id": "0x3e7",
                "full_log": "",
                "raw": {
                    "timestamp": "2026-05-19T18:44:44.044+0800",
                    "rule": {
                        "level": 5,
                        "description": "Logon Failure - Unknown user or bad password",
                        "id": "60122",
                        "mitre": {
                            "id": [
                                "T1531"
                            ],
                            "tactic": [
                                "Impact"
                            ],
                            "technique": [
                                "Account Access Removal"
                            ]
                        },
                        "firedtimes": 5,
                        "mail": false,
                        "groups": [
                            "windows",
                            "windows_security",
                            "authentication_failed"
                        ],
                        "pci_dss": [
                            "10.2.4",
                            "10.2.5"
                        ],
                        "gpg13": [
                            "7.1"
                        ],
                        "gdpr": [
                            "IV_35.7.d",
                            "IV_32.2"
                        ],
                        "hipaa": [
                            "164.312.b"
                        ],
                        "nist_800_53": [
                            "AU.14",
                            "AC.7"
                        ],
                        "tsc": [
                            "CC6.1",
                            "CC6.8",
                            "CC7.2",
                            "CC7.3"
                        ]
                    },
                    "agent": {
                        "id": "003",
                        "name": "windows10",
                        "ip": "192.168.10.120"
                    },
                    "manager": {
                        "name": "alwin"
                    },
                    "id": "1779187484.726511",
                    "decoder": {
                        "name": "windows_eventchannel"
                    },
                    "data": {
                        "win": {
                            "system": {
                                "providerName": "Microsoft-Windows-Security-Auditing",
                                "providerGuid": "{54849625-5478-4994-a5ba-3e3b0328c30d}",
                                "eventID": "4625",
                                "version": "0",
                                "level": "0",
                                "task": "12544",
                                "opcode": "0",
                                "keywords": "0x8010000000000000",
                                "systemTime": "2026-05-19T10:44:44.1001174Z",
                                "eventRecordID": "22221",
                                "processID": "708",
                                "threadID": "7404",
                                "channel": "Security",
                                "computer": "DESKTOP-G0LLA16",
                                "severityValue": "AUDIT_FAILURE",
                                "message": "\"An account failed to log on.\r\n\r\nSubject:\r\n\tSecurity ID:\t\tS-1-5-18\r\n\tAccount Name:\t\tDESKTOP-G0LLA16$\r\n\tAccount Domain:\t\tWORKGROUP\r\n\tLogon ID:\t\t0x3E7\r\n\r\nLogon Type:\t\t\t2\r\n\r\nAccount For Which Logon Failed:\r\n\tSecurity ID:\t\tS-1-0-0\r\n\tAccount Name:\t\tleo\r\n\tAccount Domain:\t\tDESKTOP-G0LLA16\r\n\r\nFailure Information:\r\n\tFailure Reason:\t\tUnknown user name or bad password.\r\n\tStatus:\t\t\t0xC000006D\r\n\tSub Status:\t\t0xC000006A\r\n\r\nProcess Information:\r\n\tCaller Process ID:\t0x1c4\r\n\tCaller Process Name:\tC:\\Windows\\System32\\svchost.exe\r\n\r\nNetwork Information:\r\n\tWorkstation Name:\tDESKTOP-G0LLA16\r\n\tSource Network Address:\t127.0.0.1\r\n\tSource Port:\t\t0\r\n\r\nDetailed Authentication Information:\r\n\tLogon Process:\t\tUser32 \r\n\tAuthentication Package:\tNegotiate\r\n\tTransited Services:\t-\r\n\tPackage Name (NTLM only):\t-\r\n\tKey Length:\t\t0\r\n\r\nThis event is generated when a logon request fails. It is generated on the computer where access was attempted.\r\n\r\nThe Subject fields indicate the account on the local system which requested the logon. This is most commonly a service such as the Server service, or a local process such as Winlogon.exe or Services.exe.\r\n\r\nThe Logon Type field indicates the kind of logon that was requested. The most common types are 2 (interactive) and 3 (network).\r\n\r\nThe Process Information fields indicate which account and process on the system requested the logon.\r\n\r\nThe Network Information fields indicate where a remote logon request originated. Workstation name is not always available and may be left blank in some cases.\r\n\r\nThe authentication information fields provide detailed information about this specific logon request.\r\n\t- Transited services indicate which intermediate services have participated in this logon request.\r\n\t- Package name indicates which sub-protocol was used among the NTLM protocols.\r\n\t- Key length indicates the length of the generated session key. This will be 0 if no session key was requested.\""
                            },
                            "eventdata": {
                                "subjectUserSid": "S-1-5-18",
                                "subjectUserName": "DESKTOP-G0LLA16$",
                                "subjectDomainName": "WORKGROUP",
                                "subjectLogonId": "0x3e7",
                                "targetUserSid": "S-1-0-0",
                                "targetUserName": "leo",
                                "targetDomainName": "DESKTOP-G0LLA16",
                                "status": "0xc000006d",
                                "failureReason": "%%2313",
                                "subStatus": "0xc000006a",
                                "logonType": "2",
                                "logonProcessName": "User32",
                                "authenticationPackageName": "Negotiate",
                                "workstationName": "DESKTOP-G0LLA16",
                                "keyLength": "0",
                                "processId": "0x1c4",
                                "processName": "C:\\\\Windows\\\\System32\\\\svchost.exe",
                                "ipAddress": "127.0.0.1",
                                "ipPort": "0"
                            }
                        }
                    },
                    "location": "EventChannel"
                }
            }
        },
        "related_chain": null,
        "validation_status": {
            "raw_alert_fields": "FOUND",
            "same_user_activity": "NOT FOUND",
            "same_source_ip_activity": "NOT FOUND",
            "same_host_activity": "NOT FOUND",
            "network_evidence": "PENDING",
            "suricata_evidence": "PENDING",
            "zeek_evidence": "PENDING",
            "firewall_evidence": "PENDING",
            "pcap_evidence": "PENDING"
        },
        "analyst_verdict": "PENDING",
        "confidence": "LOW",
        "recommended_decision": "MONITOR",
        "recommended_actions": [
            "Check if account is now locked",
            "Verify source IP is internal or external",
            "Check if followed by successful login (4624)"
        ]
    },
