    {
        "investigation_id": "INV-00014",
        "alert": {
            "alert_id": "CSA-00014",
            "time": "2026-05-15T16:38:41.171+0800",
            "host": "windows10",
            "user": "leo",
            "source_ip": "127.0.0.1",
            "destination_ip": "unknown",
            "event_id": "4624",
            "process": "C:\\\\Windows\\\\System32\\\\svchost.exe",
            "parent_process": "",
            "command_line": "",
            "pack": "successful_login",
            "rule_name": "Successful Login",
            "title": "\u2705 Successful Windows Login",
            "summary": "User leo successfully logged in on host windows10",
            "severity": "INFO",
            "mitre": [
                "T1078"
            ],
            "recommended_actions": [
                "Check whether failed logins happened before this login",
                "Verify source IP and logon type",
                "Check for privilege escalation or PowerShell after login"
            ],
            "status": "OPEN",
            "raw": {
                "id": "1778834321.47102",
                "source_file": "/var/ossec/logs/alerts/2026/May/ossec-alerts-15.json",
                "timestamp": "2026-05-15T16:38:41.171+0800",
                "agent_name": "windows10",
                "host": "windows10",
                "agent_id": "003",
                "manager_name": "alwin",
                "rule_id": "60118",
                "rule_level": 3,
                "rule_description": "Windows Workstation Logon Success",
                "groups": [
                    "windows",
                    "windows_security",
                    "authentication_success"
                ],
                "location": "EventChannel",
                "event_id": "4624",
                "provider": "Microsoft-Windows-Security-Auditing",
                "computer": "DESKTOP-G0LLA16",
                "user": "leo",
                "source_ip": "127.0.0.1",
                "destination_ip": "",
                "process": "C:\\\\Windows\\\\System32\\\\svchost.exe",
                "parent_process": "",
                "command_line": "",
                "logon_type": "2",
                "logon_id": "0x57184e",
                "full_log": "",
                "raw": {
                    "timestamp": "2026-05-15T16:38:41.171+0800",
                    "rule": {
                        "level": 3,
                        "description": "Windows Workstation Logon Success",
                        "id": "60118",
                        "mitre": {
                            "id": [
                                "T1078"
                            ],
                            "tactic": [
                                "Defense Evasion",
                                "Persistence",
                                "Privilege Escalation",
                                "Initial Access"
                            ],
                            "technique": [
                                "Valid Accounts"
                            ]
                        },
                        "firedtimes": 1,
                        "mail": false,
                        "groups": [
                            "windows",
                            "windows_security",
                            "authentication_success"
                        ],
                        "pci_dss": [
                            "10.2.5"
                        ],
                        "gpg13": [
                            "7.1",
                            "7.2"
                        ],
                        "gdpr": [
                            "IV_32.2"
                        ],
                        "hipaa": [
                            "164.312.b"
                        ],
                        "nist_800_53": [
                            "AU.14",
                            "AC.9"
                        ],
                        "tsc": [
                            "CC6.8",
                            "CC7.2",
                            "CC7.3"
                        ]
                    },
                    "agent": {
                        "id": "003",
                        "name": "windows10",
                        "ip": "192.168.10.120"
                    },
                    "manager": {
                        "name": "alwin"
                    },
                    "id": "1778834321.47102",
                    "decoder": {
                        "name": "windows_eventchannel"
                    },
                    "data": {
                        "win": {
                            "system": {
                                "providerName": "Microsoft-Windows-Security-Auditing",
                                "providerGuid": "{54849625-5478-4994-a5ba-3e3b0328c30d}",
                                "eventID": "4624",
                                "version": "2",
                                "level": "0",
                                "task": "12544",
                                "opcode": "0",
                                "keywords": "0x8020000000000000",
                                "systemTime": "2026-05-15T08:38:19.9052773Z",
                                "eventRecordID": "20636",
                                "processID": "692",
                                "threadID": "5820",
                                "channel": "Security",
                                "computer": "DESKTOP-G0LLA16",
                                "severityValue": "AUDIT_SUCCESS",
                                "message": "\"An account was successfully logged on.\r\n\r\nSubject:\r\n\tSecurity ID:\t\tS-1-5-18\r\n\tAccount Name:\t\tDESKTOP-G0LLA16$\r\n\tAccount Domain:\t\tWORKGROUP\r\n\tLogon ID:\t\t0x3E7\r\n\r\nLogon Information:\r\n\tLogon Type:\t\t2\r\n\tRestricted Admin Mode:\t-\r\n\tVirtual Account:\t\tNo\r\n\tElevated Token:\t\tYes\r\n\r\nImpersonation Level:\t\tImpersonation\r\n\r\nNew Logon:\r\n\tSecurity ID:\t\tS-1-5-21-4138275471-3107049867-993298588-1001\r\n\tAccount Name:\t\tleo\r\n\tAccount Domain:\t\tDESKTOP-G0LLA16\r\n\tLogon ID:\t\t0x57184E\r\n\tLinked Logon ID:\t\t0x571870\r\n\tNetwork Account Name:\t-\r\n\tNetwork Account Domain:\t-\r\n\tLogon GUID:\t\t{00000000-0000-0000-0000-000000000000}\r\n\r\nProcess Information:\r\n\tProcess ID:\t\t0x17c\r\n\tProcess Name:\t\tC:\\Windows\\System32\\svchost.exe\r\n\r\nNetwork Information:\r\n\tWorkstation Name:\tDESKTOP-G0LLA16\r\n\tSource Network Address:\t127.0.0.1\r\n\tSource Port:\t\t0\r\n\r\nDetailed Authentication Information:\r\n\tLogon Process:\t\tUser32 \r\n\tAuthentication Package:\tNegotiate\r\n\tTransited Services:\t-\r\n\tPackage Name (NTLM only):\t-\r\n\tKey Length:\t\t0\r\n\r\nThis event is generated when a logon session is created. It is generated on the computer that was accessed.\r\n\r\nThe subject fields indicate the account on the local system which requested the logon. This is most commonly a service such as the Server service, or a local process such as Winlogon.exe or Services.exe.\r\n\r\nThe logon type field indicates the kind of logon that occurred. The most common types are 2 (interactive) and 3 (network).\r\n\r\nThe New Logon fields indicate the account for whom the new logon was created, i.e. the account that was logged on.\r\n\r\nThe network fields indicate where a remote logon request originated. Workstation name is not always available and may be left blank in some cases.\r\n\r\nThe impersonation level field indicates the extent to which a process in the logon session can impersonate.\r\n\r\nThe authentication information fields provide detailed information about this specific logon request.\r\n\t- Logon GUID is a unique identifier that can be used to correlate this event with a KDC event.\r\n\t- Transited services indicate which intermediate services have participated in this logon request.\r\n\t- Package name indicates which sub-protocol was used among the NTLM protocols.\r\n\t- Key length indicates the length of the generated session key. This will be 0 if no session key was requested.\""
                            },
                            "eventdata": {
                                "subjectUserSid": "S-1-5-18",
                                "subjectUserName": "DESKTOP-G0LLA16$",
                                "subjectDomainName": "WORKGROUP",
                                "subjectLogonId": "0x3e7",
                                "targetUserSid": "S-1-5-21-4138275471-3107049867-993298588-1001",
                                "targetUserName": "leo",
                                "targetDomainName": "DESKTOP-G0LLA16",
                                "targetLogonId": "0x57184e",
                                "logonType": "2",
                                "logonProcessName": "User32",
                                "authenticationPackageName": "Negotiate",
                                "workstationName": "DESKTOP-G0LLA16",
                                "logonGuid": "{00000000-0000-0000-0000-000000000000}",
                                "keyLength": "0",
                                "processId": "0x17c",
                                "processName": "C:\\\\Windows\\\\System32\\\\svchost.exe",
                                "ipAddress": "127.0.0.1",
                                "ipPort": "0",
                                "impersonationLevel": "%%1833",
                                "virtualAccount": "%%1843",
                                "targetLinkedLogonId": "0x571870",
                                "elevatedToken": "%%1842"
                            }
                        }
                    },
                    "location": "EventChannel"
                }
            }
        },
        "related_chain": null,
        "validation_status": {
            "raw_alert_fields": "FOUND",
            "same_user_activity": "NOT FOUND",
            "same_source_ip_activity": "NOT FOUND",
            "same_host_activity": "NOT FOUND",
            "network_evidence": "PENDING",
            "suricata_evidence": "PENDING",
            "zeek_evidence": "PENDING",
            "firewall_evidence": "PENDING",
            "pcap_evidence": "PENDING"
        },
        "analyst_verdict": "PENDING",
        "confidence": "LOW",
        "recommended_decision": "MONITOR",
        "recommended_actions": [
            "Check whether failed logins happened before this login",
            "Verify source IP and logon type",
            "Check for privilege escalation or PowerShell after login"
        ]
    },
    {
        "investigation_id": "INV-00015",
        "alert": {
            "alert_id": "CSA-00015",
            "time": "2026-05-15T16:38:41.188+0800",
            "host": "windows10",
            "user": "leo",
            "source_ip": "127.0.0.1",
            "destination_ip": "unknown",
            "event_id": "4624",
            "process": "C:\\\\Windows\\\\System32\\\\svchost.exe",
            "parent_process": "",
            "command_line": "",
            "pack": "successful_login",
            "rule_name": "Successful Login",
            "title": "\u2705 Successful Windows Login",
            "summary": "User leo successfully logged in on host windows10",
            "severity": "INFO",
            "mitre": [
                "T1078"
            ],
            "recommended_actions": [
                "Check whether failed logins happened before this login",
                "Verify source IP and logon type",
                "Check for privilege escalation or PowerShell after login"
            ],
            "status": "OPEN",
            "raw": {
                "id": "1778834321.54826",
                "source_file": "/var/ossec/logs/alerts/2026/May/ossec-alerts-15.json",
                "timestamp": "2026-05-15T16:38:41.188+0800",
                "agent_name": "windows10",
                "host": "windows10",
                "agent_id": "003",
                "manager_name": "alwin",
                "rule_id": "60118",
                "rule_level": 3,
                "rule_description": "Windows Workstation Logon Success",
                "groups": [
                    "windows",
                    "windows_security",
                    "authentication_success"
                ],
                "location": "EventChannel",
                "event_id": "4624",
                "provider": "Microsoft-Windows-Security-Auditing",
                "computer": "DESKTOP-G0LLA16",
                "user": "leo",
                "source_ip": "127.0.0.1",
                "destination_ip": "",
                "process": "C:\\\\Windows\\\\System32\\\\svchost.exe",
                "parent_process": "",
                "command_line": "",
                "logon_type": "2",
                "logon_id": "0x571870",
                "full_log": "",
                "raw": {
                    "timestamp": "2026-05-15T16:38:41.188+0800",
                    "rule": {
                        "level": 3,
                        "description": "Windows Workstation Logon Success",
                        "id": "60118",
                        "mitre": {
                            "id": [
                                "T1078"
                            ],
                            "tactic": [
                                "Defense Evasion",
                                "Persistence",
                                "Privilege Escalation",
                                "Initial Access"
                            ],
                            "technique": [
                                "Valid Accounts"
                            ]
                        },
                        "firedtimes": 2,
                        "mail": false,
                        "groups": [
                            "windows",
                            "windows_security",
                            "authentication_success"
                        ],
                        "pci_dss": [
                            "10.2.5"
                        ],
                        "gpg13": [
                            "7.1",
                            "7.2"
                        ],
                        "gdpr": [
                            "IV_32.2"
                        ],
                        "hipaa": [
                            "164.312.b"
                        ],
                        "nist_800_53": [
                            "AU.14",
                            "AC.9"
                        ],
                        "tsc": [
                            "CC6.8",
                            "CC7.2",
                            "CC7.3"
                        ]
                    },
                    "agent": {
                        "id": "003",
                        "name": "windows10",
                        "ip": "192.168.10.120"
                    },
                    "manager": {
                        "name": "alwin"
                    },
                    "id": "1778834321.54826",
                    "decoder": {
                        "name": "windows_eventchannel"
                    },
                    "data": {
                        "win": {
                            "system": {
                                "providerName": "Microsoft-Windows-Security-Auditing",
                                "providerGuid": "{54849625-5478-4994-a5ba-3e3b0328c30d}",
                                "eventID": "4624",
                                "version": "2",
                                "level": "0",
                                "task": "12544",
                                "opcode": "0",
                                "keywords": "0x8020000000000000",
                                "systemTime": "2026-05-15T08:38:19.9053177Z",
                                "eventRecordID": "20637",
                                "processID": "692",
                                "threadID": "5820",
                                "channel": "Security",
                                "computer": "DESKTOP-G0LLA16",
                                "severityValue": "AUDIT_SUCCESS",
                                "message": "\"An account was successfully logged on.\r\n\r\nSubject:\r\n\tSecurity ID:\t\tS-1-5-18\r\n\tAccount Name:\t\tDESKTOP-G0LLA16$\r\n\tAccount Domain:\t\tWORKGROUP\r\n\tLogon ID:\t\t0x3E7\r\n\r\nLogon Information:\r\n\tLogon Type:\t\t2\r\n\tRestricted Admin Mode:\t-\r\n\tVirtual Account:\t\tNo\r\n\tElevated Token:\t\tNo\r\n\r\nImpersonation Level:\t\tImpersonation\r\n\r\nNew Logon:\r\n\tSecurity ID:\t\tS-1-5-21-4138275471-3107049867-993298588-1001\r\n\tAccount Name:\t\tleo\r\n\tAccount Domain:\t\tDESKTOP-G0LLA16\r\n\tLogon ID:\t\t0x571870\r\n\tLinked Logon ID:\t\t0x57184E\r\n\tNetwork Account Name:\t-\r\n\tNetwork Account Domain:\t-\r\n\tLogon GUID:\t\t{00000000-0000-0000-0000-000000000000}\r\n\r\nProcess Information:\r\n\tProcess ID:\t\t0x17c\r\n\tProcess Name:\t\tC:\\Windows\\System32\\svchost.exe\r\n\r\nNetwork Information:\r\n\tWorkstation Name:\tDESKTOP-G0LLA16\r\n\tSource Network Address:\t127.0.0.1\r\n\tSource Port:\t\t0\r\n\r\nDetailed Authentication Information:\r\n\tLogon Process:\t\tUser32 \r\n\tAuthentication Package:\tNegotiate\r\n\tTransited Services:\t-\r\n\tPackage Name (NTLM only):\t-\r\n\tKey Length:\t\t0\r\n\r\nThis event is generated when a logon session is created. It is generated on the computer that was accessed.\r\n\r\nThe subject fields indicate the account on the local system which requested the logon. This is most commonly a service such as the Server service, or a local process such as Winlogon.exe or Services.exe.\r\n\r\nThe logon type field indicates the kind of logon that occurred. The most common types are 2 (interactive) and 3 (network).\r\n\r\nThe New Logon fields indicate the account for whom the new logon was created, i.e. the account that was logged on.\r\n\r\nThe network fields indicate where a remote logon request originated. Workstation name is not always available and may be left blank in some cases.\r\n\r\nThe impersonation level field indicates the extent to which a process in the logon session can impersonate.\r\n\r\nThe authentication information fields provide detailed information about this specific logon request.\r\n\t- Logon GUID is a unique identifier that can be used to correlate this event with a KDC event.\r\n\t- Transited services indicate which intermediate services have participated in this logon request.\r\n\t- Package name indicates which sub-protocol was used among the NTLM protocols.\r\n\t- Key length indicates the length of the generated session key. This will be 0 if no session key was requested.\""
                            },
                            "eventdata": {
                                "subjectUserSid": "S-1-5-18",
                                "subjectUserName": "DESKTOP-G0LLA16$",
                                "subjectDomainName": "WORKGROUP",
                                "subjectLogonId": "0x3e7",
                                "targetUserSid": "S-1-5-21-4138275471-3107049867-993298588-1001",
                                "targetUserName": "leo",
                                "targetDomainName": "DESKTOP-G0LLA16",
                                "targetLogonId": "0x571870",
                                "logonType": "2",
                                "logonProcessName": "User32",
                                "authenticationPackageName": "Negotiate",
                                "workstationName": "DESKTOP-G0LLA16",
                                "logonGuid": "{00000000-0000-0000-0000-000000000000}",
                                "keyLength": "0",
                                "processId": "0x17c",
                                "processName": "C:\\\\Windows\\\\System32\\\\svchost.exe",
                                "ipAddress": "127.0.0.1",
                                "ipPort": "0",
                                "impersonationLevel": "%%1833",
                                "virtualAccount": "%%1843",
                                "targetLinkedLogonId": "0x57184e",
                                "elevatedToken": "%%1843"
                            }
                        }
                    },
                    "location": "EventChannel"
                }
            }
        },
        "related_chain": null,
        "validation_status": {
            "raw_alert_fields": "FOUND",
            "same_user_activity": "NOT FOUND",
            "same_source_ip_activity": "NOT FOUND",
            "same_host_activity": "NOT FOUND",
            "network_evidence": "PENDING",
            "suricata_evidence": "PENDING",
            "zeek_evidence": "PENDING",
            "firewall_evidence": "PENDING",
            "pcap_evidence": "PENDING"
        },
        "analyst_verdict": "PENDING",
        "confidence": "LOW",
        "recommended_decision": "MONITOR",
        "recommended_actions": [
            "Check whether failed logins happened before this login",
            "Verify source IP and logon type",
            "Check for privilege escalation or PowerShell after login"
        ]
    },
    {
        "investigation_id": "INV-00016",
        "alert": {
            "alert_id": "CSA-00016",
            "time": "2026-05-15T16:43:43.942+0800",
            "host": "windows10",
            "user": "DESKTOP-G0LLA16\\\\leo",
            "source_ip": "192.168.10.120",
            "destination_ip": "unknown",
            "event_id": "1",
            "process": "C:\\\\Windows\\\\System32\\\\WindowsPowerShell\\\\v1.0\\\\powershell.exe",
            "parent_process": "C:\\\\Windows\\\\System32\\\\WindowsPowerShell\\\\v1.0\\\\powershell.exe",
            "command_line": "\\\"C:\\\\Windows\\\\System32\\\\WindowsPowerShell\\\\v1.0\\\\powershell.exe\\\" -ExecutionPolicy Bypass -enc SGVsbG8=",
            "pack": "malicious_powershell",
            "rule_name": "Malicious PowerShell",
            "title": "\u26a0\ufe0f Malicious PowerShell Detected (score: 60)",
            "summary": "Encoded command (-enc) | Execution policy bypass",
            "severity": "HIGH",
            "mitre": [
                "T1059.001"
            ],
            "recommended_actions": [
                "Decode the base64 command if encoded",
                "Check what process spawned PowerShell",
                "Look for file drops or network connections after this"
            ],
            "status": "OPEN",
            "raw": {
                "id": "1778834623.619663",
                "source_file": "/var/ossec/logs/alerts/2026/May/ossec-alerts-15.json",
                "timestamp": "2026-05-15T16:43:43.942+0800",
                "agent_name": "windows10",
                "host": "windows10",
                "agent_id": "003",
                "manager_name": "alwin",
                "rule_id": "92027",
                "rule_level": 4,
                "rule_description": "Powershell process spawned powershell instance",
                "groups": [
                    "sysmon",
                    "sysmon_eid1_detections",
                    "windows"
                ],
                "location": "EventChannel",
                "event_id": "1",
                "provider": "Microsoft-Windows-Sysmon",
                "computer": "DESKTOP-G0LLA16",
                "user": "DESKTOP-G0LLA16\\\\leo",
                "source_ip": "192.168.10.120",
                "destination_ip": "",
                "process": "C:\\\\Windows\\\\System32\\\\WindowsPowerShell\\\\v1.0\\\\powershell.exe",
                "parent_process": "C:\\\\Windows\\\\System32\\\\WindowsPowerShell\\\\v1.0\\\\powershell.exe",
                "command_line": "\\\"C:\\\\Windows\\\\System32\\\\WindowsPowerShell\\\\v1.0\\\\powershell.exe\\\" -ExecutionPolicy Bypass -enc SGVsbG8=",
                "logon_type": "",
                "logon_id": "",
                "full_log": "",
                "raw": {
                    "timestamp": "2026-05-15T16:43:43.942+0800",
                    "rule": {
                        "level": 4,
                        "description": "Powershell process spawned powershell instance",
                        "id": "92027",
                        "mitre": {
                            "id": [
                                "T1059.001"
                            ],
                            "tactic": [
                                "Execution"
                            ],
                            "technique": [
                                "PowerShell"
                            ]
                        },
                        "firedtimes": 1,
                        "mail": false,
                        "groups": [
                            "sysmon",
                            "sysmon_eid1_detections",
                            "windows"
                        ]
                    },
                    "agent": {
                        "id": "003",
                        "name": "windows10",
                        "ip": "192.168.10.120"
                    },
                    "manager": {
                        "name": "alwin"
                    },
                    "id": "1778834623.619663",
                    "decoder": {
                        "name": "windows_eventchannel"
                    },
                    "data": {
                        "win": {
                            "system": {
                                "providerName": "Microsoft-Windows-Sysmon",
                                "providerGuid": "{5770385f-c22a-43e0-bf4c-06f5698ffbd9}",
                                "eventID": "1",
                                "version": "5",
                                "level": "4",
                                "task": "1",
                                "opcode": "0",
                                "keywords": "0x8000000000000000",
                                "systemTime": "2026-05-15T08:43:43.1172046Z",
                                "eventRecordID": "11892",
                                "processID": "2244",
                                "threadID": "4308",
                                "channel": "Microsoft-Windows-Sysmon/Operational",
                                "computer": "DESKTOP-G0LLA16",
                                "severityValue": "INFORMATION",
                                "message": "\"Process Create:\r\nRuleName: -\r\nUtcTime: 2026-05-15 08:43:43.102\r\nProcessGuid: {32e96954-dcbf-6a06-7e03-000000000a00}\r\nProcessId: 8884\r\nImage: C:\\Windows\\System32\\WindowsPowerShell\\v1.0\\powershell.exe\r\nFileVersion: 10.0.19041.3996 (WinBuild.160101.0800)\r\nDescription: Windows PowerShell\r\nProduct: Microsoft\u00ae Windows\u00ae Operating System\r\nCompany: Microsoft Corporation\r\nOriginalFileName: PowerShell.EXE\r\nCommandLine: \"C:\\Windows\\System32\\WindowsPowerShell\\v1.0\\powershell.exe\" -ExecutionPolicy Bypass -enc SGVsbG8=\r\nCurrentDirectory: C:\\Windows\\system32\\\r\nUser: DESKTOP-G0LLA16\\leo\r\nLogonGuid: {32e96954-3bde-6a04-fd7c-0d0000000000}\r\nLogonId: 0xD7CFD\r\nTerminalSessionId: 1\r\nIntegrityLevel: High\r\nHashes: SHA256=9785001B0DCF755EDDB8AF294A373C0B87B2498660F724E76C4D53F9C217C7A3\r\nParentProcessGuid: {32e96954-5663-6a04-6602-000000000a00}\r\nParentProcessId: 7072\r\nParentImage: C:\\Windows\\System32\\WindowsPowerShell\\v1.0\\powershell.exe\r\nParentCommandLine: \"C:\\Windows\\System32\\WindowsPowerShell\\v1.0\\powershell.exe\" \r\nParentUser: DESKTOP-G0LLA16\\leo\""
                            },
                            "eventdata": {
                                "utcTime": "2026-05-15 08:43:43.102",
                                "processGuid": "{32e96954-dcbf-6a06-7e03-000000000a00}",
                                "processId": "8884",
                                "image": "C:\\\\Windows\\\\System32\\\\WindowsPowerShell\\\\v1.0\\\\powershell.exe",
                                "fileVersion": "10.0.19041.3996 (WinBuild.160101.0800)",
                                "description": "Windows PowerShell",
                                "product": "Microsoft\u00ae Windows\u00ae Operating System",
                                "company": "Microsoft Corporation",
                                "originalFileName": "PowerShell.EXE",
                                "commandLine": "\\\"C:\\\\Windows\\\\System32\\\\WindowsPowerShell\\\\v1.0\\\\powershell.exe\\\" -ExecutionPolicy Bypass -enc SGVsbG8=",
                                "currentDirectory": "C:\\\\Windows\\\\system32\\\\",
                                "user": "DESKTOP-G0LLA16\\\\leo",
                                "logonGuid": "{32e96954-3bde-6a04-fd7c-0d0000000000}",
                                "logonId": "0xd7cfd",
                                "terminalSessionId": "1",
                                "integrityLevel": "High",
                                "hashes": "SHA256=9785001B0DCF755EDDB8AF294A373C0B87B2498660F724E76C4D53F9C217C7A3",
                                "parentProcessGuid": "{32e96954-5663-6a04-6602-000000000a00}",
                                "parentProcessId": "7072",
                                "parentImage": "C:\\\\Windows\\\\System32\\\\WindowsPowerShell\\\\v1.0\\\\powershell.exe",
                                "parentCommandLine": "\\\"C:\\\\Windows\\\\System32\\\\WindowsPowerShell\\\\v1.0\\\\powershell.exe\\\"",
                                "parentUser": "DESKTOP-G0LLA16\\\\leo"
                            }
                        }
                    },
                    "location": "EventChannel"
                }
            }
        },
        "related_chain": null,
        "validation_status": {
            "raw_alert_fields": "FOUND",
            "same_user_activity": "NOT FOUND",
            "same_source_ip_activity": "NOT FOUND",
            "same_host_activity": "NOT FOUND",
            "network_evidence": "PENDING",
            "suricata_evidence": "PENDING",
            "zeek_evidence": "PENDING",
            "firewall_evidence": "PENDING",
            "pcap_evidence": "PENDING"
        },
        "analyst_verdict": "PENDING",
        "confidence": "LOW",
        "recommended_decision": "MONITOR",
        "recommended_actions": [
            "Decode the base64 command if encoded",
            "Check what process spawned PowerShell",
            "Look for file drops or network connections after this"
        ]
    },
    {
        "investigation_id": "INV-00017",
        "alert": {
            "alert_id": "CSA-00017",
            "time": "2026-05-15T17:58:27.603+0800",
            "host": "windows10",
            "user": "leo",
            "source_ip": "127.0.0.1",
            "destination_ip": "unknown",
            "event_id": "4624",
            "process": "C:\\\\Windows\\\\System32\\\\svchost.exe",
            "parent_process": "",
            "command_line": "",
            "pack": "successful_login",
            "rule_name": "Successful Login",
            "title": "\u2705 Successful Windows Login",
            "summary": "User leo successfully logged in on host windows10",
            "severity": "INFO",
            "mitre": [
                "T1078"
            ],
            "recommended_actions": [
                "Check whether failed logins happened before this login",
                "Verify source IP and logon type",
                "Check for privilege escalation or PowerShell after login"
            ],
            "status": "OPEN",
            "raw": {
                "id": "1778839107.660816",
                "source_file": "/var/ossec/logs/alerts/2026/May/ossec-alerts-15.json",
                "timestamp": "2026-05-15T17:58:27.603+0800",
                "agent_name": "windows10",
                "host": "windows10",
                "agent_id": "003",
                "manager_name": "alwin",
                "rule_id": "60118",
                "rule_level": 3,
                "rule_description": "Windows Workstation Logon Success",
                "groups": [
                    "windows",
                    "windows_security",
                    "authentication_success"
                ],
                "location": "EventChannel",
                "event_id": "4624",
                "provider": "Microsoft-Windows-Security-Auditing",
                "computer": "DESKTOP-G0LLA16",
                "user": "leo",
                "source_ip": "127.0.0.1",
                "destination_ip": "",
                "process": "C:\\\\Windows\\\\System32\\\\svchost.exe",
                "parent_process": "",
                "command_line": "",
                "logon_type": "2",
                "logon_id": "0x7bc21f",
                "full_log": "",
                "raw": {
                    "timestamp": "2026-05-15T17:58:27.603+0800",
                    "rule": {
                        "level": 3,
                        "description": "Windows Workstation Logon Success",
                        "id": "60118",
                        "mitre": {
                            "id": [
                                "T1078"
                            ],
                            "tactic": [
                                "Defense Evasion",
                                "Persistence",
                                "Privilege Escalation",
                                "Initial Access"
                            ],
                            "technique": [
                                "Valid Accounts"
                            ]
                        },
                        "firedtimes": 1,
                        "mail": false,
                        "groups": [
                            "windows",
                            "windows_security",
                            "authentication_success"
                        ],
                        "pci_dss": [
                            "10.2.5"
                        ],
                        "gpg13": [
                            "7.1",
                            "7.2"
                        ],
                        "gdpr": [
                            "IV_32.2"
                        ],
                        "hipaa": [
                            "164.312.b"
                        ],
                        "nist_800_53": [
                            "AU.14",
                            "AC.9"
                        ],
                        "tsc": [
                            "CC6.8",
                            "CC7.2",
                            "CC7.3"
                        ]
                    },
                    "agent": {
                        "id": "003",
                        "name": "windows10",
                        "ip": "192.168.10.120"
                    },
                    "manager": {
                        "name": "alwin"
                    },
                    "id": "1778839107.660816",
                    "decoder": {
                        "name": "windows_eventchannel"
                    },
                    "data": {
                        "win": {
                            "system": {
                                "providerName": "Microsoft-Windows-Security-Auditing",
                                "providerGuid": "{54849625-5478-4994-a5ba-3e3b0328c30d}",
                                "eventID": "4624",
                                "version": "2",
                                "level": "0",
                                "task": "12544",
                                "opcode": "0",
                                "keywords": "0x8020000000000000",
                                "systemTime": "2026-05-15T09:58:23.7768240Z",
                                "eventRecordID": "21004",
                                "processID": "692",
                                "threadID": "764",
                                "channel": "Security",
                                "computer": "DESKTOP-G0LLA16",
                                "severityValue": "AUDIT_SUCCESS",
                                "message": "\"An account was successfully logged on.\r\n\r\nSubject:\r\n\tSecurity ID:\t\tS-1-5-18\r\n\tAccount Name:\t\tDESKTOP-G0LLA16$\r\n\tAccount Domain:\t\tWORKGROUP\r\n\tLogon ID:\t\t0x3E7\r\n\r\nLogon Information:\r\n\tLogon Type:\t\t2\r\n\tRestricted Admin Mode:\t-\r\n\tVirtual Account:\t\tNo\r\n\tElevated Token:\t\tYes\r\n\r\nImpersonation Level:\t\tImpersonation\r\n\r\nNew Logon:\r\n\tSecurity ID:\t\tS-1-5-21-4138275471-3107049867-993298588-1001\r\n\tAccount Name:\t\tleo\r\n\tAccount Domain:\t\tDESKTOP-G0LLA16\r\n\tLogon ID:\t\t0x7BC21F\r\n\tLinked Logon ID:\t\t0x7BC23D\r\n\tNetwork Account Name:\t-\r\n\tNetwork Account Domain:\t-\r\n\tLogon GUID:\t\t{00000000-0000-0000-0000-000000000000}\r\n\r\nProcess Information:\r\n\tProcess ID:\t\t0x17c\r\n\tProcess Name:\t\tC:\\Windows\\System32\\svchost.exe\r\n\r\nNetwork Information:\r\n\tWorkstation Name:\tDESKTOP-G0LLA16\r\n\tSource Network Address:\t127.0.0.1\r\n\tSource Port:\t\t0\r\n\r\nDetailed Authentication Information:\r\n\tLogon Process:\t\tUser32 \r\n\tAuthentication Package:\tNegotiate\r\n\tTransited Services:\t-\r\n\tPackage Name (NTLM only):\t-\r\n\tKey Length:\t\t0\r\n\r\nThis event is generated when a logon session is created. It is generated on the computer that was accessed.\r\n\r\nThe subject fields indicate the account on the local system which requested the logon. This is most commonly a service such as the Server service, or a local process such as Winlogon.exe or Services.exe.\r\n\r\nThe logon type field indicates the kind of logon that occurred. The most common types are 2 (interactive) and 3 (network).\r\n\r\nThe New Logon fields indicate the account for whom the new logon was created, i.e. the account that was logged on.\r\n\r\nThe network fields indicate where a remote logon request originated. Workstation name is not always available and may be left blank in some cases.\r\n\r\nThe impersonation level field indicates the extent to which a process in the logon session can impersonate.\r\n\r\nThe authentication information fields provide detailed information about this specific logon request.\r\n\t- Logon GUID is a unique identifier that can be used to correlate this event with a KDC event.\r\n\t- Transited services indicate which intermediate services have participated in this logon request.\r\n\t- Package name indicates which sub-protocol was used among the NTLM protocols.\r\n\t- Key length indicates the length of the generated session key. This will be 0 if no session key was requested.\""
                            },
                            "eventdata": {
                                "subjectUserSid": "S-1-5-18",
                                "subjectUserName": "DESKTOP-G0LLA16$",
                                "subjectDomainName": "WORKGROUP",
                                "subjectLogonId": "0x3e7",
                                "targetUserSid": "S-1-5-21-4138275471-3107049867-993298588-1001",
                                "targetUserName": "leo",
                                "targetDomainName": "DESKTOP-G0LLA16",
                                "targetLogonId": "0x7bc21f",
                                "logonType": "2",
                                "logonProcessName": "User32",
                                "authenticationPackageName": "Negotiate",
                                "workstationName": "DESKTOP-G0LLA16",
                                "logonGuid": "{00000000-0000-0000-0000-000000000000}",
                                "keyLength": "0",
                                "processId": "0x17c",
                                "processName": "C:\\\\Windows\\\\System32\\\\svchost.exe",
                                "ipAddress": "127.0.0.1",
                                "ipPort": "0",
                                "impersonationLevel": "%%1833",
                                "virtualAccount": "%%1843",
                                "targetLinkedLogonId": "0x7bc23d",
                                "elevatedToken": "%%1842"
                            }
                        }
                    },
                    "location": "EventChannel"
                }
            }
        },
        "related_chain": null,
        "validation_status": {
            "raw_alert_fields": "FOUND",
            "same_user_activity": "NOT FOUND",
            "same_source_ip_activity": "NOT FOUND",
            "same_host_activity": "NOT FOUND",
            "network_evidence": "PENDING",
            "suricata_evidence": "PENDING",
            "zeek_evidence": "PENDING",
            "firewall_evidence": "PENDING",
            "pcap_evidence": "PENDING"
        },
        "analyst_verdict": "PENDING",
        "confidence": "LOW",
        "recommended_decision": "MONITOR",
        "recommended_actions": [
            "Check whether failed logins happened before this login",
            "Verify source IP and logon type",
            "Check for privilege escalation or PowerShell after login"
        ]
    },
